CRITICAL - 2023-07-26 17:11:58 --> Undefined index: pembayaran
in APPPATH\Views\dataregistrasi.php on line 79.
 1 APPPATH\Views\dataregistrasi.php(79): CodeIgniter\Debug\Exceptions->errorHandler(8, 'Undefined index: pembayaran', 'C:\\xampp\\htdocs\\web_deperkasa\\app\\Views\\dataregistrasi.php', 79, [...])
 2 SYSTEMPATH\View\View.php(213): include('C:\\xampp\\htdocs\\web_deperkasa\\app\\Views\\dataregistrasi.php')
 3 SYSTEMPATH\View\View.php(216): CodeIgniter\View\View->CodeIgniter\View\{closure}()
 4 SYSTEMPATH\Common.php(1184): CodeIgniter\View\View->render('dataregistrasi', [], true)
 5 APPPATH\Controllers\Registrasi.php(17): view('dataregistrasi', [...])
 6 SYSTEMPATH\CodeIgniter.php(934): App\Controllers\Registrasi->index()
 7 SYSTEMPATH\CodeIgniter.php(499): CodeIgniter\CodeIgniter->runController(Object(App\Controllers\Registrasi))
 8 SYSTEMPATH\CodeIgniter.php(368): CodeIgniter\CodeIgniter->handleRequest(null, Object(Config\Cache), false)
 9 FCPATH\index.php(67): CodeIgniter\CodeIgniter->run()
10 SYSTEMPATH\Commands\Server\rewrite.php(47): require_once('C:\\xampp\\htdocs\\web_deperkasa\\public\\index.php')
CRITICAL - 2023-07-26 17:12:57 --> Undefined index: pembayaran
in APPPATH\Views\dataregistrasi.php on line 79.
 1 APPPATH\Views\dataregistrasi.php(79): CodeIgniter\Debug\Exceptions->errorHandler(8, 'Undefined index: pembayaran', 'C:\\xampp\\htdocs\\web_deperkasa\\app\\Views\\dataregistrasi.php', 79, [...])
 2 SYSTEMPATH\View\View.php(213): include('C:\\xampp\\htdocs\\web_deperkasa\\app\\Views\\dataregistrasi.php')
 3 SYSTEMPATH\View\View.php(216): CodeIgniter\View\View->CodeIgniter\View\{closure}()
 4 SYSTEMPATH\Common.php(1184): CodeIgniter\View\View->render('dataregistrasi', [], true)
 5 APPPATH\Controllers\Registrasi.php(17): view('dataregistrasi', [...])
 6 SYSTEMPATH\CodeIgniter.php(934): App\Controllers\Registrasi->index()
 7 SYSTEMPATH\CodeIgniter.php(499): CodeIgniter\CodeIgniter->runController(Object(App\Controllers\Registrasi))
 8 SYSTEMPATH\CodeIgniter.php(368): CodeIgniter\CodeIgniter->handleRequest(null, Object(Config\Cache), false)
 9 FCPATH\index.php(67): CodeIgniter\CodeIgniter->run()
10 SYSTEMPATH\Commands\Server\rewrite.php(47): require_once('C:\\xampp\\htdocs\\web_deperkasa\\public\\index.php')
CRITICAL - 2023-07-26 17:19:41 --> Undefined variable: no
in APPPATH\Views\home.php on line 20.
 1 APPPATH\Views\home.php(20): CodeIgniter\Debug\Exceptions->errorHandler(8, 'Undefined variable: no', 'C:\\xampp\\htdocs\\web_deperkasa\\app\\Views\\home.php', 20, [])
 2 SYSTEMPATH\View\View.php(213): include('C:\\xampp\\htdocs\\web_deperkasa\\app\\Views\\home.php')
 3 SYSTEMPATH\View\View.php(216): CodeIgniter\View\View->CodeIgniter\View\{closure}()
 4 SYSTEMPATH\Common.php(1184): CodeIgniter\View\View->render('home', [], true)
 5 APPPATH\Controllers\Home.php(9): view('home')
 6 SYSTEMPATH\CodeIgniter.php(934): App\Controllers\Home->index()
 7 SYSTEMPATH\CodeIgniter.php(499): CodeIgniter\CodeIgniter->runController(Object(App\Controllers\Home))
 8 SYSTEMPATH\CodeIgniter.php(368): CodeIgniter\CodeIgniter->handleRequest(null, Object(Config\Cache), false)
 9 FCPATH\index.php(67): CodeIgniter\CodeIgniter->run()
10 SYSTEMPATH\Commands\Server\rewrite.php(47): require_once('C:\\xampp\\htdocs\\web_deperkasa\\public\\index.php')
CRITICAL - 2023-07-26 17:20:08 --> Undefined variable: no
in APPPATH\Views\home.php on line 20.
 1 APPPATH\Views\home.php(20): CodeIgniter\Debug\Exceptions->errorHandler(8, 'Undefined variable: no', 'C:\\xampp\\htdocs\\web_deperkasa\\app\\Views\\home.php', 20, [])
 2 SYSTEMPATH\View\View.php(213): include('C:\\xampp\\htdocs\\web_deperkasa\\app\\Views\\home.php')
 3 SYSTEMPATH\View\View.php(216): CodeIgniter\View\View->CodeIgniter\View\{closure}()
 4 SYSTEMPATH\Common.php(1184): CodeIgniter\View\View->render('home', [], true)
 5 APPPATH\Controllers\Home.php(9): view('home')
 6 SYSTEMPATH\CodeIgniter.php(934): App\Controllers\Home->index()
 7 SYSTEMPATH\CodeIgniter.php(499): CodeIgniter\CodeIgniter->runController(Object(App\Controllers\Home))
 8 SYSTEMPATH\CodeIgniter.php(368): CodeIgniter\CodeIgniter->handleRequest(null, Object(Config\Cache), false)
 9 FCPATH\index.php(67): CodeIgniter\CodeIgniter->run()
10 SYSTEMPATH\Commands\Server\rewrite.php(47): require_once('C:\\xampp\\htdocs\\web_deperkasa\\public\\index.php')
CRITICAL - 2023-07-26 17:20:09 --> Undefined variable: no
in APPPATH\Views\home.php on line 20.
 1 APPPATH\Views\home.php(20): CodeIgniter\Debug\Exceptions->errorHandler(8, 'Undefined variable: no', 'C:\\xampp\\htdocs\\web_deperkasa\\app\\Views\\home.php', 20, [])
 2 SYSTEMPATH\View\View.php(213): include('C:\\xampp\\htdocs\\web_deperkasa\\app\\Views\\home.php')
 3 SYSTEMPATH\View\View.php(216): CodeIgniter\View\View->CodeIgniter\View\{closure}()
 4 SYSTEMPATH\Common.php(1184): CodeIgniter\View\View->render('home', [], true)
 5 APPPATH\Controllers\Home.php(9): view('home')
 6 SYSTEMPATH\CodeIgniter.php(934): App\Controllers\Home->index()
 7 SYSTEMPATH\CodeIgniter.php(499): CodeIgniter\CodeIgniter->runController(Object(App\Controllers\Home))
 8 SYSTEMPATH\CodeIgniter.php(368): CodeIgniter\CodeIgniter->handleRequest(null, Object(Config\Cache), false)
 9 FCPATH\index.php(67): CodeIgniter\CodeIgniter->run()
10 SYSTEMPATH\Commands\Server\rewrite.php(47): require_once('C:\\xampp\\htdocs\\web_deperkasa\\public\\index.php')
CRITICAL - 2023-07-26 17:20:46 --> Undefined variable: minumans
in APPPATH\Views\home.php on line 20.
 1 APPPATH\Views\home.php(20): CodeIgniter\Debug\Exceptions->errorHandler(8, 'Undefined variable: minumans', 'C:\\xampp\\htdocs\\web_deperkasa\\app\\Views\\home.php', 20, [])
 2 SYSTEMPATH\View\View.php(213): include('C:\\xampp\\htdocs\\web_deperkasa\\app\\Views\\home.php')
 3 SYSTEMPATH\View\View.php(216): CodeIgniter\View\View->CodeIgniter\View\{closure}()
 4 SYSTEMPATH\Common.php(1184): CodeIgniter\View\View->render('home', [], true)
 5 APPPATH\Controllers\Home.php(9): view('home')
 6 SYSTEMPATH\CodeIgniter.php(934): App\Controllers\Home->index()
 7 SYSTEMPATH\CodeIgniter.php(499): CodeIgniter\CodeIgniter->runController(Object(App\Controllers\Home))
 8 SYSTEMPATH\CodeIgniter.php(368): CodeIgniter\CodeIgniter->handleRequest(null, Object(Config\Cache), false)
 9 FCPATH\index.php(67): CodeIgniter\CodeIgniter->run()
10 SYSTEMPATH\Commands\Server\rewrite.php(47): require_once('C:\\xampp\\htdocs\\web_deperkasa\\public\\index.php')
CRITICAL - 2023-07-26 17:20:51 --> Undefined variable: minuman
in APPPATH\Views\home.php on line 20.
 1 APPPATH\Views\home.php(20): CodeIgniter\Debug\Exceptions->errorHandler(8, 'Undefined variable: minuman', 'C:\\xampp\\htdocs\\web_deperkasa\\app\\Views\\home.php', 20, [])
 2 SYSTEMPATH\View\View.php(213): include('C:\\xampp\\htdocs\\web_deperkasa\\app\\Views\\home.php')
 3 SYSTEMPATH\View\View.php(216): CodeIgniter\View\View->CodeIgniter\View\{closure}()
 4 SYSTEMPATH\Common.php(1184): CodeIgniter\View\View->render('home', [], true)
 5 APPPATH\Controllers\Home.php(9): view('home')
 6 SYSTEMPATH\CodeIgniter.php(934): App\Controllers\Home->index()
 7 SYSTEMPATH\CodeIgniter.php(499): CodeIgniter\CodeIgniter->runController(Object(App\Controllers\Home))
 8 SYSTEMPATH\CodeIgniter.php(368): CodeIgniter\CodeIgniter->handleRequest(null, Object(Config\Cache), false)
 9 FCPATH\index.php(67): CodeIgniter\CodeIgniter->run()
10 SYSTEMPATH\Commands\Server\rewrite.php(47): require_once('C:\\xampp\\htdocs\\web_deperkasa\\public\\index.php')
CRITICAL - 2023-07-26 17:21:15 --> Undefined variable: no
in APPPATH\Views\home.php on line 20.
 1 APPPATH\Views\home.php(20): CodeIgniter\Debug\Exceptions->errorHandler(8, 'Undefined variable: no', 'C:\\xampp\\htdocs\\web_deperkasa\\app\\Views\\home.php', 20, [...])
 2 SYSTEMPATH\View\View.php(213): include('C:\\xampp\\htdocs\\web_deperkasa\\app\\Views\\home.php')
 3 SYSTEMPATH\View\View.php(216): CodeIgniter\View\View->CodeIgniter\View\{closure}()
 4 SYSTEMPATH\Common.php(1184): CodeIgniter\View\View->render('home', [], true)
 5 APPPATH\Controllers\Home.php(9): view('home')
 6 SYSTEMPATH\CodeIgniter.php(934): App\Controllers\Home->index()
 7 SYSTEMPATH\CodeIgniter.php(499): CodeIgniter\CodeIgniter->runController(Object(App\Controllers\Home))
 8 SYSTEMPATH\CodeIgniter.php(368): CodeIgniter\CodeIgniter->handleRequest(null, Object(Config\Cache), false)
 9 FCPATH\index.php(67): CodeIgniter\CodeIgniter->run()
10 SYSTEMPATH\Commands\Server\rewrite.php(47): require_once('C:\\xampp\\htdocs\\web_deperkasa\\public\\index.php')
CRITICAL - 2023-07-26 17:21:34 --> Undefined variable: minumans
in APPPATH\Views\home.php on line 20.
 1 APPPATH\Views\home.php(20): CodeIgniter\Debug\Exceptions->errorHandler(8, 'Undefined variable: minumans', 'C:\\xampp\\htdocs\\web_deperkasa\\app\\Views\\home.php', 20, [])
 2 SYSTEMPATH\View\View.php(213): include('C:\\xampp\\htdocs\\web_deperkasa\\app\\Views\\home.php')
 3 SYSTEMPATH\View\View.php(216): CodeIgniter\View\View->CodeIgniter\View\{closure}()
 4 SYSTEMPATH\Common.php(1184): CodeIgniter\View\View->render('home', [], true)
 5 APPPATH\Controllers\Home.php(9): view('home')
 6 SYSTEMPATH\CodeIgniter.php(934): App\Controllers\Home->index()
 7 SYSTEMPATH\CodeIgniter.php(499): CodeIgniter\CodeIgniter->runController(Object(App\Controllers\Home))
 8 SYSTEMPATH\CodeIgniter.php(368): CodeIgniter\CodeIgniter->handleRequest(null, Object(Config\Cache), false)
 9 FCPATH\index.php(67): CodeIgniter\CodeIgniter->run()
10 SYSTEMPATH\Commands\Server\rewrite.php(47): require_once('C:\\xampp\\htdocs\\web_deperkasa\\public\\index.php')
CRITICAL - 2023-07-26 17:21:58 --> Undefined variable: minuman
in APPPATH\Views\home.php on line 20.
 1 APPPATH\Views\home.php(20): CodeIgniter\Debug\Exceptions->errorHandler(8, 'Undefined variable: minuman', 'C:\\xampp\\htdocs\\web_deperkasa\\app\\Views\\home.php', 20, [])
 2 SYSTEMPATH\View\View.php(213): include('C:\\xampp\\htdocs\\web_deperkasa\\app\\Views\\home.php')
 3 SYSTEMPATH\View\View.php(216): CodeIgniter\View\View->CodeIgniter\View\{closure}()
 4 SYSTEMPATH\Common.php(1184): CodeIgniter\View\View->render('home', [], true)
 5 APPPATH\Controllers\Home.php(9): view('home')
 6 SYSTEMPATH\CodeIgniter.php(934): App\Controllers\Home->index()
 7 SYSTEMPATH\CodeIgniter.php(499): CodeIgniter\CodeIgniter->runController(Object(App\Controllers\Home))
 8 SYSTEMPATH\CodeIgniter.php(368): CodeIgniter\CodeIgniter->handleRequest(null, Object(Config\Cache), false)
 9 FCPATH\index.php(67): CodeIgniter\CodeIgniter->run()
10 SYSTEMPATH\Commands\Server\rewrite.php(47): require_once('C:\\xampp\\htdocs\\web_deperkasa\\public\\index.php')
CRITICAL - 2023-07-26 17:22:08 --> Undefined variable: minuman
in APPPATH\Views\home.php on line 20.
 1 APPPATH\Views\home.php(20): CodeIgniter\Debug\Exceptions->errorHandler(8, 'Undefined variable: minuman', 'C:\\xampp\\htdocs\\web_deperkasa\\app\\Views\\home.php', 20, [])
 2 SYSTEMPATH\View\View.php(213): include('C:\\xampp\\htdocs\\web_deperkasa\\app\\Views\\home.php')
 3 SYSTEMPATH\View\View.php(216): CodeIgniter\View\View->CodeIgniter\View\{closure}()
 4 SYSTEMPATH\Common.php(1184): CodeIgniter\View\View->render('home', [], true)
 5 APPPATH\Controllers\Home.php(9): view('home')
 6 SYSTEMPATH\CodeIgniter.php(934): App\Controllers\Home->index()
 7 SYSTEMPATH\CodeIgniter.php(499): CodeIgniter\CodeIgniter->runController(Object(App\Controllers\Home))
 8 SYSTEMPATH\CodeIgniter.php(368): CodeIgniter\CodeIgniter->handleRequest(null, Object(Config\Cache), false)
 9 FCPATH\index.php(67): CodeIgniter\CodeIgniter->run()
10 SYSTEMPATH\Commands\Server\rewrite.php(47): require_once('C:\\xampp\\htdocs\\web_deperkasa\\public\\index.php')
CRITICAL - 2023-07-26 17:22:09 --> Undefined variable: minuman
in APPPATH\Views\home.php on line 20.
 1 APPPATH\Views\home.php(20): CodeIgniter\Debug\Exceptions->errorHandler(8, 'Undefined variable: minuman', 'C:\\xampp\\htdocs\\web_deperkasa\\app\\Views\\home.php', 20, [])
 2 SYSTEMPATH\View\View.php(213): include('C:\\xampp\\htdocs\\web_deperkasa\\app\\Views\\home.php')
 3 SYSTEMPATH\View\View.php(216): CodeIgniter\View\View->CodeIgniter\View\{closure}()
 4 SYSTEMPATH\Common.php(1184): CodeIgniter\View\View->render('home', [], true)
 5 APPPATH\Controllers\Home.php(9): view('home')
 6 SYSTEMPATH\CodeIgniter.php(934): App\Controllers\Home->index()
 7 SYSTEMPATH\CodeIgniter.php(499): CodeIgniter\CodeIgniter->runController(Object(App\Controllers\Home))
 8 SYSTEMPATH\CodeIgniter.php(368): CodeIgniter\CodeIgniter->handleRequest(null, Object(Config\Cache), false)
 9 FCPATH\index.php(67): CodeIgniter\CodeIgniter->run()
10 SYSTEMPATH\Commands\Server\rewrite.php(47): require_once('C:\\xampp\\htdocs\\web_deperkasa\\public\\index.php')
CRITICAL - 2023-07-26 17:22:29 --> Undefined variable: no
in APPPATH\Views\home.php on line 20.
 1 APPPATH\Views\home.php(20): CodeIgniter\Debug\Exceptions->errorHandler(8, 'Undefined variable: no', 'C:\\xampp\\htdocs\\web_deperkasa\\app\\Views\\home.php', 20, [])
 2 SYSTEMPATH\View\View.php(213): include('C:\\xampp\\htdocs\\web_deperkasa\\app\\Views\\home.php')
 3 SYSTEMPATH\View\View.php(216): CodeIgniter\View\View->CodeIgniter\View\{closure}()
 4 SYSTEMPATH\Common.php(1184): CodeIgniter\View\View->render('home', [], true)
 5 APPPATH\Controllers\Home.php(9): view('home')
 6 SYSTEMPATH\CodeIgniter.php(934): App\Controllers\Home->index()
 7 SYSTEMPATH\CodeIgniter.php(499): CodeIgniter\CodeIgniter->runController(Object(App\Controllers\Home))
 8 SYSTEMPATH\CodeIgniter.php(368): CodeIgniter\CodeIgniter->handleRequest(null, Object(Config\Cache), false)
 9 FCPATH\index.php(67): CodeIgniter\CodeIgniter->run()
10 SYSTEMPATH\Commands\Server\rewrite.php(47): require_once('C:\\xampp\\htdocs\\web_deperkasa\\public\\index.php')
CRITICAL - 2023-07-26 17:22:30 --> Undefined variable: no
in APPPATH\Views\home.php on line 20.
 1 APPPATH\Views\home.php(20): CodeIgniter\Debug\Exceptions->errorHandler(8, 'Undefined variable: no', 'C:\\xampp\\htdocs\\web_deperkasa\\app\\Views\\home.php', 20, [])
 2 SYSTEMPATH\View\View.php(213): include('C:\\xampp\\htdocs\\web_deperkasa\\app\\Views\\home.php')
 3 SYSTEMPATH\View\View.php(216): CodeIgniter\View\View->CodeIgniter\View\{closure}()
 4 SYSTEMPATH\Common.php(1184): CodeIgniter\View\View->render('home', [], true)
 5 APPPATH\Controllers\Home.php(9): view('home')
 6 SYSTEMPATH\CodeIgniter.php(934): App\Controllers\Home->index()
 7 SYSTEMPATH\CodeIgniter.php(499): CodeIgniter\CodeIgniter->runController(Object(App\Controllers\Home))
 8 SYSTEMPATH\CodeIgniter.php(368): CodeIgniter\CodeIgniter->handleRequest(null, Object(Config\Cache), false)
 9 FCPATH\index.php(67): CodeIgniter\CodeIgniter->run()
10 SYSTEMPATH\Commands\Server\rewrite.php(47): require_once('C:\\xampp\\htdocs\\web_deperkasa\\public\\index.php')
CRITICAL - 2023-07-26 17:22:35 --> Undefined variable: no
in APPPATH\Views\home.php on line 20.
 1 APPPATH\Views\home.php(20): CodeIgniter\Debug\Exceptions->errorHandler(8, 'Undefined variable: no', 'C:\\xampp\\htdocs\\web_deperkasa\\app\\Views\\home.php', 20, [])
 2 SYSTEMPATH\View\View.php(213): include('C:\\xampp\\htdocs\\web_deperkasa\\app\\Views\\home.php')
 3 SYSTEMPATH\View\View.php(216): CodeIgniter\View\View->CodeIgniter\View\{closure}()
 4 SYSTEMPATH\Common.php(1184): CodeIgniter\View\View->render('home', [], true)
 5 APPPATH\Controllers\Home.php(9): view('home')
 6 SYSTEMPATH\CodeIgniter.php(934): App\Controllers\Home->index()
 7 SYSTEMPATH\CodeIgniter.php(499): CodeIgniter\CodeIgniter->runController(Object(App\Controllers\Home))
 8 SYSTEMPATH\CodeIgniter.php(368): CodeIgniter\CodeIgniter->handleRequest(null, Object(Config\Cache), false)
 9 FCPATH\index.php(67): CodeIgniter\CodeIgniter->run()
10 SYSTEMPATH\Commands\Server\rewrite.php(47): require_once('C:\\xampp\\htdocs\\web_deperkasa\\public\\index.php')
CRITICAL - 2023-07-26 17:23:57 --> Undefined variable: minuman
in APPPATH\Views\home.php on line 20.
 1 APPPATH\Views\home.php(20): CodeIgniter\Debug\Exceptions->errorHandler(8, 'Undefined variable: minuman', 'C:\\xampp\\htdocs\\web_deperkasa\\app\\Views\\home.php', 20, [])
 2 SYSTEMPATH\View\View.php(213): include('C:\\xampp\\htdocs\\web_deperkasa\\app\\Views\\home.php')
 3 SYSTEMPATH\View\View.php(216): CodeIgniter\View\View->CodeIgniter\View\{closure}()
 4 SYSTEMPATH\Common.php(1184): CodeIgniter\View\View->render('home', [], true)
 5 APPPATH\Controllers\Home.php(9): view('home')
 6 SYSTEMPATH\CodeIgniter.php(934): App\Controllers\Home->index()
 7 SYSTEMPATH\CodeIgniter.php(499): CodeIgniter\CodeIgniter->runController(Object(App\Controllers\Home))
 8 SYSTEMPATH\CodeIgniter.php(368): CodeIgniter\CodeIgniter->handleRequest(null, Object(Config\Cache), false)
 9 FCPATH\index.php(67): CodeIgniter\CodeIgniter->run()
10 SYSTEMPATH\Commands\Server\rewrite.php(47): require_once('C:\\xampp\\htdocs\\web_deperkasa\\public\\index.php')
CRITICAL - 2023-07-26 17:23:59 --> Undefined variable: minuman
in APPPATH\Views\home.php on line 20.
 1 APPPATH\Views\home.php(20): CodeIgniter\Debug\Exceptions->errorHandler(8, 'Undefined variable: minuman', 'C:\\xampp\\htdocs\\web_deperkasa\\app\\Views\\home.php', 20, [])
 2 SYSTEMPATH\View\View.php(213): include('C:\\xampp\\htdocs\\web_deperkasa\\app\\Views\\home.php')
 3 SYSTEMPATH\View\View.php(216): CodeIgniter\View\View->CodeIgniter\View\{closure}()
 4 SYSTEMPATH\Common.php(1184): CodeIgniter\View\View->render('home', [], true)
 5 APPPATH\Controllers\Home.php(9): view('home')
 6 SYSTEMPATH\CodeIgniter.php(934): App\Controllers\Home->index()
 7 SYSTEMPATH\CodeIgniter.php(499): CodeIgniter\CodeIgniter->runController(Object(App\Controllers\Home))
 8 SYSTEMPATH\CodeIgniter.php(368): CodeIgniter\CodeIgniter->handleRequest(null, Object(Config\Cache), false)
 9 FCPATH\index.php(67): CodeIgniter\CodeIgniter->run()
10 SYSTEMPATH\Commands\Server\rewrite.php(47): require_once('C:\\xampp\\htdocs\\web_deperkasa\\public\\index.php')
CRITICAL - 2023-07-26 17:23:59 --> Undefined variable: minuman
in APPPATH\Views\home.php on line 20.
 1 APPPATH\Views\home.php(20): CodeIgniter\Debug\Exceptions->errorHandler(8, 'Undefined variable: minuman', 'C:\\xampp\\htdocs\\web_deperkasa\\app\\Views\\home.php', 20, [])
 2 SYSTEMPATH\View\View.php(213): include('C:\\xampp\\htdocs\\web_deperkasa\\app\\Views\\home.php')
 3 SYSTEMPATH\View\View.php(216): CodeIgniter\View\View->CodeIgniter\View\{closure}()
 4 SYSTEMPATH\Common.php(1184): CodeIgniter\View\View->render('home', [], true)
 5 APPPATH\Controllers\Home.php(9): view('home')
 6 SYSTEMPATH\CodeIgniter.php(934): App\Controllers\Home->index()
 7 SYSTEMPATH\CodeIgniter.php(499): CodeIgniter\CodeIgniter->runController(Object(App\Controllers\Home))
 8 SYSTEMPATH\CodeIgniter.php(368): CodeIgniter\CodeIgniter->handleRequest(null, Object(Config\Cache), false)
 9 FCPATH\index.php(67): CodeIgniter\CodeIgniter->run()
10 SYSTEMPATH\Commands\Server\rewrite.php(47): require_once('C:\\xampp\\htdocs\\web_deperkasa\\public\\index.php')
CRITICAL - 2023-07-26 17:24:22 --> Undefined variable: data_minuman
in APPPATH\Views\home.php on line 20.
 1 APPPATH\Views\home.php(20): CodeIgniter\Debug\Exceptions->errorHandler(8, 'Undefined variable: data_minuman', 'C:\\xampp\\htdocs\\web_deperkasa\\app\\Views\\home.php', 20, [])
 2 SYSTEMPATH\View\View.php(213): include('C:\\xampp\\htdocs\\web_deperkasa\\app\\Views\\home.php')
 3 SYSTEMPATH\View\View.php(216): CodeIgniter\View\View->CodeIgniter\View\{closure}()
 4 SYSTEMPATH\Common.php(1184): CodeIgniter\View\View->render('home', [], true)
 5 APPPATH\Controllers\Home.php(9): view('home')
 6 SYSTEMPATH\CodeIgniter.php(934): App\Controllers\Home->index()
 7 SYSTEMPATH\CodeIgniter.php(499): CodeIgniter\CodeIgniter->runController(Object(App\Controllers\Home))
 8 SYSTEMPATH\CodeIgniter.php(368): CodeIgniter\CodeIgniter->handleRequest(null, Object(Config\Cache), false)
 9 FCPATH\index.php(67): CodeIgniter\CodeIgniter->run()
10 SYSTEMPATH\Commands\Server\rewrite.php(47): require_once('C:\\xampp\\htdocs\\web_deperkasa\\public\\index.php')
CRITICAL - 2023-07-26 17:24:57 --> Undefined variable: data
in APPPATH\Views\home.php on line 20.
 1 APPPATH\Views\home.php(20): CodeIgniter\Debug\Exceptions->errorHandler(8, 'Undefined variable: data', 'C:\\xampp\\htdocs\\web_deperkasa\\app\\Views\\home.php', 20, [])
 2 SYSTEMPATH\View\View.php(213): include('C:\\xampp\\htdocs\\web_deperkasa\\app\\Views\\home.php')
 3 SYSTEMPATH\View\View.php(216): CodeIgniter\View\View->CodeIgniter\View\{closure}()
 4 SYSTEMPATH\Common.php(1184): CodeIgniter\View\View->render('home', [], true)
 5 APPPATH\Controllers\Home.php(9): view('home')
 6 SYSTEMPATH\CodeIgniter.php(934): App\Controllers\Home->index()
 7 SYSTEMPATH\CodeIgniter.php(499): CodeIgniter\CodeIgniter->runController(Object(App\Controllers\Home))
 8 SYSTEMPATH\CodeIgniter.php(368): CodeIgniter\CodeIgniter->handleRequest(null, Object(Config\Cache), false)
 9 FCPATH\index.php(67): CodeIgniter\CodeIgniter->run()
10 SYSTEMPATH\Commands\Server\rewrite.php(47): require_once('C:\\xampp\\htdocs\\web_deperkasa\\public\\index.php')
CRITICAL - 2023-07-26 17:25:10 --> Undefined variable: data
in APPPATH\Views\home.php on line 20.
 1 APPPATH\Views\home.php(20): CodeIgniter\Debug\Exceptions->errorHandler(8, 'Undefined variable: data', 'C:\\xampp\\htdocs\\web_deperkasa\\app\\Views\\home.php', 20, [])
 2 SYSTEMPATH\View\View.php(213): include('C:\\xampp\\htdocs\\web_deperkasa\\app\\Views\\home.php')
 3 SYSTEMPATH\View\View.php(216): CodeIgniter\View\View->CodeIgniter\View\{closure}()
 4 SYSTEMPATH\Common.php(1184): CodeIgniter\View\View->render('home', [], true)
 5 APPPATH\Controllers\Home.php(9): view('home')
 6 SYSTEMPATH\CodeIgniter.php(934): App\Controllers\Home->index()
 7 SYSTEMPATH\CodeIgniter.php(499): CodeIgniter\CodeIgniter->runController(Object(App\Controllers\Home))
 8 SYSTEMPATH\CodeIgniter.php(368): CodeIgniter\CodeIgniter->handleRequest(null, Object(Config\Cache), false)
 9 FCPATH\index.php(67): CodeIgniter\CodeIgniter->run()
10 SYSTEMPATH\Commands\Server\rewrite.php(47): require_once('C:\\xampp\\htdocs\\web_deperkasa\\public\\index.php')
CRITICAL - 2023-07-26 17:25:16 --> Undefined variable: data
in APPPATH\Views\home.php on line 20.
 1 APPPATH\Views\home.php(20): CodeIgniter\Debug\Exceptions->errorHandler(8, 'Undefined variable: data', 'C:\\xampp\\htdocs\\web_deperkasa\\app\\Views\\home.php', 20, [])
 2 SYSTEMPATH\View\View.php(213): include('C:\\xampp\\htdocs\\web_deperkasa\\app\\Views\\home.php')
 3 SYSTEMPATH\View\View.php(216): CodeIgniter\View\View->CodeIgniter\View\{closure}()
 4 SYSTEMPATH\Common.php(1184): CodeIgniter\View\View->render('home', [], true)
 5 APPPATH\Controllers\Home.php(9): view('home')
 6 SYSTEMPATH\CodeIgniter.php(934): App\Controllers\Home->index()
 7 SYSTEMPATH\CodeIgniter.php(499): CodeIgniter\CodeIgniter->runController(Object(App\Controllers\Home))
 8 SYSTEMPATH\CodeIgniter.php(368): CodeIgniter\CodeIgniter->handleRequest(null, Object(Config\Cache), false)
 9 FCPATH\index.php(67): CodeIgniter\CodeIgniter->run()
10 SYSTEMPATH\Commands\Server\rewrite.php(47): require_once('C:\\xampp\\htdocs\\web_deperkasa\\public\\index.php')
CRITICAL - 2023-07-26 23:44:32 --> Call to undefined method PhpOffice\PhpSpreadsheet\Reader\Xlsx::save()
in APPPATH\Controllers\Minuman.php on line 92.
 1 SYSTEMPATH\CodeIgniter.php(934): App\Controllers\Minuman->export()
 2 SYSTEMPATH\CodeIgniter.php(499): CodeIgniter\CodeIgniter->runController(Object(App\Controllers\Minuman))
 3 SYSTEMPATH\CodeIgniter.php(368): CodeIgniter\CodeIgniter->handleRequest(null, Object(Config\Cache), false)
 4 FCPATH\index.php(67): CodeIgniter\CodeIgniter->run()
 5 SYSTEMPATH\Commands\Server\rewrite.php(47): require_once('C:\\xampp\\htdocs\\web_deperkasa\\public\\index.php')
CRITICAL - 2023-07-26 23:44:37 --> Call to undefined method PhpOffice\PhpSpreadsheet\Reader\Xlsx::save()
in APPPATH\Controllers\Minuman.php on line 92.
 1 SYSTEMPATH\CodeIgniter.php(934): App\Controllers\Minuman->export()
 2 SYSTEMPATH\CodeIgniter.php(499): CodeIgniter\CodeIgniter->runController(Object(App\Controllers\Minuman))
 3 SYSTEMPATH\CodeIgniter.php(368): CodeIgniter\CodeIgniter->handleRequest(null, Object(Config\Cache), false)
 4 FCPATH\index.php(67): CodeIgniter\CodeIgniter->run()
 5 SYSTEMPATH\Commands\Server\rewrite.php(47): require_once('C:\\xampp\\htdocs\\web_deperkasa\\public\\index.php')
CRITICAL - 2023-07-26 23:48:41 --> Call to undefined method PhpOffice\PhpSpreadsheet\Reader\Xlsx::save()
in APPPATH\Controllers\Minuman.php on line 92.
 1 SYSTEMPATH\CodeIgniter.php(934): App\Controllers\Minuman->export()
 2 SYSTEMPATH\CodeIgniter.php(499): CodeIgniter\CodeIgniter->runController(Object(App\Controllers\Minuman))
 3 SYSTEMPATH\CodeIgniter.php(368): CodeIgniter\CodeIgniter->handleRequest(null, Object(Config\Cache), false)
 4 FCPATH\index.php(67): CodeIgniter\CodeIgniter->run()
 5 SYSTEMPATH\Commands\Server\rewrite.php(47): require_once('C:\\xampp\\htdocs\\web_deperkasa\\public\\index.php')
