INFO - 2023-08-15 06:42:47 --> Session: Class initialized using 'CodeIgniter\Session\Handlers\FileHandler' driver.
CRITICAL - 2023-08-15 07:25:44 --> Undefined variable: registrasi
in APPPATH\Views\rekap\rekapregistrasi.php on line 19.
 1 APPPATH\Views\rekap\rekapregistrasi.php(19): CodeIgniter\Debug\Exceptions->errorHandler(8, 'Undefined variable: registrasi', 'C:\\xampp\\htdocs\\web_deperkasa\\app\\Views\\rekap\\rekapregistrasi.php', 19, [])
 2 SYSTEMPATH\View\View.php(213): include('C:\\xampp\\htdocs\\web_deperkasa\\app\\Views\\rekap\\rekapregistrasi.php')
 3 SYSTEMPATH\View\View.php(216): CodeIgniter\View\View->CodeIgniter\View\{closure}()
 4 SYSTEMPATH\Common.php(1184): CodeIgniter\View\View->render('rekap/rekapregistrasi', [], true)
 5 APPPATH\Controllers\Rekap.php(33): view('rekap/rekapregistrasi')
 6 SYSTEMPATH\CodeIgniter.php(934): App\Controllers\Rekap->rekapregistrasi()
 7 SYSTEMPATH\CodeIgniter.php(499): CodeIgniter\CodeIgniter->runController(Object(App\Controllers\Rekap))
 8 SYSTEMPATH\CodeIgniter.php(368): CodeIgniter\CodeIgniter->handleRequest(null, Object(Config\Cache), false)
 9 FCPATH\index.php(67): CodeIgniter\CodeIgniter->run()
10 SYSTEMPATH\Commands\Server\rewrite.php(47): require_once('C:\\xampp\\htdocs\\web_deperkasa\\public\\index.php')
CRITICAL - 2023-08-15 07:27:34 --> Undefined variable: registrasi
in APPPATH\Views\rekap\rekapregistrasi.php on line 19.
 1 APPPATH\Views\rekap\rekapregistrasi.php(19): CodeIgniter\Debug\Exceptions->errorHandler(8, 'Undefined variable: registrasi', 'C:\\xampp\\htdocs\\web_deperkasa\\app\\Views\\rekap\\rekapregistrasi.php', 19, [])
 2 SYSTEMPATH\View\View.php(213): include('C:\\xampp\\htdocs\\web_deperkasa\\app\\Views\\rekap\\rekapregistrasi.php')
 3 SYSTEMPATH\View\View.php(216): CodeIgniter\View\View->CodeIgniter\View\{closure}()
 4 SYSTEMPATH\Common.php(1184): CodeIgniter\View\View->render('rekap/rekapregistrasi', [], true)
 5 APPPATH\Controllers\Rekap.php(50): view('rekap/rekapregistrasi')
 6 SYSTEMPATH\CodeIgniter.php(934): App\Controllers\Rekap->rekapregistrasi()
 7 SYSTEMPATH\CodeIgniter.php(499): CodeIgniter\CodeIgniter->runController(Object(App\Controllers\Rekap))
 8 SYSTEMPATH\CodeIgniter.php(368): CodeIgniter\CodeIgniter->handleRequest(null, Object(Config\Cache), false)
 9 FCPATH\index.php(67): CodeIgniter\CodeIgniter->run()
10 SYSTEMPATH\Commands\Server\rewrite.php(47): require_once('C:\\xampp\\htdocs\\web_deperkasa\\public\\index.php')
CRITICAL - 2023-08-15 07:27:37 --> Undefined variable: registrasi
in APPPATH\Views\rekap\rekapregistrasi.php on line 19.
 1 APPPATH\Views\rekap\rekapregistrasi.php(19): CodeIgniter\Debug\Exceptions->errorHandler(8, 'Undefined variable: registrasi', 'C:\\xampp\\htdocs\\web_deperkasa\\app\\Views\\rekap\\rekapregistrasi.php', 19, [])
 2 SYSTEMPATH\View\View.php(213): include('C:\\xampp\\htdocs\\web_deperkasa\\app\\Views\\rekap\\rekapregistrasi.php')
 3 SYSTEMPATH\View\View.php(216): CodeIgniter\View\View->CodeIgniter\View\{closure}()
 4 SYSTEMPATH\Common.php(1184): CodeIgniter\View\View->render('rekap/rekapregistrasi', [], true)
 5 APPPATH\Controllers\Rekap.php(50): view('rekap/rekapregistrasi')
 6 SYSTEMPATH\CodeIgniter.php(934): App\Controllers\Rekap->rekapregistrasi()
 7 SYSTEMPATH\CodeIgniter.php(499): CodeIgniter\CodeIgniter->runController(Object(App\Controllers\Rekap))
 8 SYSTEMPATH\CodeIgniter.php(368): CodeIgniter\CodeIgniter->handleRequest(null, Object(Config\Cache), false)
 9 FCPATH\index.php(67): CodeIgniter\CodeIgniter->run()
10 SYSTEMPATH\Commands\Server\rewrite.php(47): require_once('C:\\xampp\\htdocs\\web_deperkasa\\public\\index.php')
CRITICAL - 2023-08-15 07:27:58 --> Undefined variable: registrasi
in APPPATH\Views\rekap\rekapregistrasi.php on line 19.
 1 APPPATH\Views\rekap\rekapregistrasi.php(19): CodeIgniter\Debug\Exceptions->errorHandler(8, 'Undefined variable: registrasi', 'C:\\xampp\\htdocs\\web_deperkasa\\app\\Views\\rekap\\rekapregistrasi.php', 19, [])
 2 SYSTEMPATH\View\View.php(213): include('C:\\xampp\\htdocs\\web_deperkasa\\app\\Views\\rekap\\rekapregistrasi.php')
 3 SYSTEMPATH\View\View.php(216): CodeIgniter\View\View->CodeIgniter\View\{closure}()
 4 SYSTEMPATH\Common.php(1184): CodeIgniter\View\View->render('rekap/rekapregistrasi', [], true)
 5 APPPATH\Controllers\Rekap.php(50): view('rekap/rekapregistrasi')
 6 SYSTEMPATH\CodeIgniter.php(934): App\Controllers\Rekap->rekapregistrasi()
 7 SYSTEMPATH\CodeIgniter.php(499): CodeIgniter\CodeIgniter->runController(Object(App\Controllers\Rekap))
 8 SYSTEMPATH\CodeIgniter.php(368): CodeIgniter\CodeIgniter->handleRequest(null, Object(Config\Cache), false)
 9 FCPATH\index.php(67): CodeIgniter\CodeIgniter->run()
10 SYSTEMPATH\Commands\Server\rewrite.php(47): require_once('C:\\xampp\\htdocs\\web_deperkasa\\public\\index.php')
CRITICAL - 2023-08-15 07:28:02 --> Undefined variable: registrasi
in APPPATH\Views\rekap\rekapregistrasi.php on line 19.
 1 APPPATH\Views\rekap\rekapregistrasi.php(19): CodeIgniter\Debug\Exceptions->errorHandler(8, 'Undefined variable: registrasi', 'C:\\xampp\\htdocs\\web_deperkasa\\app\\Views\\rekap\\rekapregistrasi.php', 19, [])
 2 SYSTEMPATH\View\View.php(213): include('C:\\xampp\\htdocs\\web_deperkasa\\app\\Views\\rekap\\rekapregistrasi.php')
 3 SYSTEMPATH\View\View.php(216): CodeIgniter\View\View->CodeIgniter\View\{closure}()
 4 SYSTEMPATH\Common.php(1184): CodeIgniter\View\View->render('rekap/rekapregistrasi', [], true)
 5 APPPATH\Controllers\Rekap.php(50): view('rekap/rekapregistrasi')
 6 SYSTEMPATH\CodeIgniter.php(934): App\Controllers\Rekap->rekapregistrasi()
 7 SYSTEMPATH\CodeIgniter.php(499): CodeIgniter\CodeIgniter->runController(Object(App\Controllers\Rekap))
 8 SYSTEMPATH\CodeIgniter.php(368): CodeIgniter\CodeIgniter->handleRequest(null, Object(Config\Cache), false)
 9 FCPATH\index.php(67): CodeIgniter\CodeIgniter->run()
10 SYSTEMPATH\Commands\Server\rewrite.php(47): require_once('C:\\xampp\\htdocs\\web_deperkasa\\public\\index.php')
CRITICAL - 2023-08-15 07:30:26 --> Undefined variable: registrasi
in APPPATH\Views\rekap\rekapregistrasi.php on line 19.
 1 APPPATH\Views\rekap\rekapregistrasi.php(19): CodeIgniter\Debug\Exceptions->errorHandler(8, 'Undefined variable: registrasi', 'C:\\xampp\\htdocs\\web_deperkasa\\app\\Views\\rekap\\rekapregistrasi.php', 19, [])
 2 SYSTEMPATH\View\View.php(213): include('C:\\xampp\\htdocs\\web_deperkasa\\app\\Views\\rekap\\rekapregistrasi.php')
 3 SYSTEMPATH\View\View.php(216): CodeIgniter\View\View->CodeIgniter\View\{closure}()
 4 SYSTEMPATH\Common.php(1184): CodeIgniter\View\View->render('rekap/rekapregistrasi', [], true)
 5 APPPATH\Controllers\Rekap.php(50): view('rekap/rekapregistrasi')
 6 SYSTEMPATH\CodeIgniter.php(934): App\Controllers\Rekap->rekapregistrasi()
 7 SYSTEMPATH\CodeIgniter.php(499): CodeIgniter\CodeIgniter->runController(Object(App\Controllers\Rekap))
 8 SYSTEMPATH\CodeIgniter.php(368): CodeIgniter\CodeIgniter->handleRequest(null, Object(Config\Cache), false)
 9 FCPATH\index.php(67): CodeIgniter\CodeIgniter->run()
10 SYSTEMPATH\Commands\Server\rewrite.php(47): require_once('C:\\xampp\\htdocs\\web_deperkasa\\public\\index.php')
CRITICAL - 2023-08-15 07:30:27 --> Undefined variable: registrasi
in APPPATH\Views\rekap\rekapregistrasi.php on line 19.
 1 APPPATH\Views\rekap\rekapregistrasi.php(19): CodeIgniter\Debug\Exceptions->errorHandler(8, 'Undefined variable: registrasi', 'C:\\xampp\\htdocs\\web_deperkasa\\app\\Views\\rekap\\rekapregistrasi.php', 19, [])
 2 SYSTEMPATH\View\View.php(213): include('C:\\xampp\\htdocs\\web_deperkasa\\app\\Views\\rekap\\rekapregistrasi.php')
 3 SYSTEMPATH\View\View.php(216): CodeIgniter\View\View->CodeIgniter\View\{closure}()
 4 SYSTEMPATH\Common.php(1184): CodeIgniter\View\View->render('rekap/rekapregistrasi', [], true)
 5 APPPATH\Controllers\Rekap.php(50): view('rekap/rekapregistrasi')
 6 SYSTEMPATH\CodeIgniter.php(934): App\Controllers\Rekap->rekapregistrasi()
 7 SYSTEMPATH\CodeIgniter.php(499): CodeIgniter\CodeIgniter->runController(Object(App\Controllers\Rekap))
 8 SYSTEMPATH\CodeIgniter.php(368): CodeIgniter\CodeIgniter->handleRequest(null, Object(Config\Cache), false)
 9 FCPATH\index.php(67): CodeIgniter\CodeIgniter->run()
10 SYSTEMPATH\Commands\Server\rewrite.php(47): require_once('C:\\xampp\\htdocs\\web_deperkasa\\public\\index.php')
CRITICAL - 2023-08-15 07:30:28 --> Undefined variable: registrasi
in APPPATH\Views\rekap\rekapregistrasi.php on line 19.
 1 APPPATH\Views\rekap\rekapregistrasi.php(19): CodeIgniter\Debug\Exceptions->errorHandler(8, 'Undefined variable: registrasi', 'C:\\xampp\\htdocs\\web_deperkasa\\app\\Views\\rekap\\rekapregistrasi.php', 19, [])
 2 SYSTEMPATH\View\View.php(213): include('C:\\xampp\\htdocs\\web_deperkasa\\app\\Views\\rekap\\rekapregistrasi.php')
 3 SYSTEMPATH\View\View.php(216): CodeIgniter\View\View->CodeIgniter\View\{closure}()
 4 SYSTEMPATH\Common.php(1184): CodeIgniter\View\View->render('rekap/rekapregistrasi', [], true)
 5 APPPATH\Controllers\Rekap.php(50): view('rekap/rekapregistrasi')
 6 SYSTEMPATH\CodeIgniter.php(934): App\Controllers\Rekap->rekapregistrasi()
 7 SYSTEMPATH\CodeIgniter.php(499): CodeIgniter\CodeIgniter->runController(Object(App\Controllers\Rekap))
 8 SYSTEMPATH\CodeIgniter.php(368): CodeIgniter\CodeIgniter->handleRequest(null, Object(Config\Cache), false)
 9 FCPATH\index.php(67): CodeIgniter\CodeIgniter->run()
10 SYSTEMPATH\Commands\Server\rewrite.php(47): require_once('C:\\xampp\\htdocs\\web_deperkasa\\public\\index.php')
