CRITICAL - 2023-06-26 15:36:47 --> Array to string conversion
in APPPATH\Views\dataharian.php on line 53.
 1 APPPATH\Views\dataharian.php(53): CodeIgniter\Debug\Exceptions->errorHandler(8, 'Array to string conversion', 'C:\\xampp\\htdocs\\web_deperkasa\\app\\Views\\dataharian.php', 53, [...])
 2 SYSTEMPATH\View\View.php(213): include('C:\\xampp\\htdocs\\web_deperkasa\\app\\Views\\dataharian.php')
 3 SYSTEMPATH\View\View.php(216): CodeIgniter\View\View->CodeIgniter\View\{closure}()
 4 SYSTEMPATH\Common.php(1184): CodeIgniter\View\View->render('dataharian', [], true)
 5 APPPATH\Controllers\Harian.php(17): view('dataharian', [...])
 6 SYSTEMPATH\CodeIgniter.php(934): App\Controllers\Harian->index()
 7 SYSTEMPATH\CodeIgniter.php(499): CodeIgniter\CodeIgniter->runController(Object(App\Controllers\Harian))
 8 SYSTEMPATH\CodeIgniter.php(368): CodeIgniter\CodeIgniter->handleRequest(null, Object(Config\Cache), false)
 9 FCPATH\index.php(67): CodeIgniter\CodeIgniter->run()
10 SYSTEMPATH\Commands\Server\rewrite.php(47): require_once('C:\\xampp\\htdocs\\web_deperkasa\\public\\index.php')
CRITICAL - 2023-06-26 15:37:21 --> Array to string conversion
in APPPATH\Views\dataharian.php on line 53.
 1 APPPATH\Views\dataharian.php(53): CodeIgniter\Debug\Exceptions->errorHandler(8, 'Array to string conversion', 'C:\\xampp\\htdocs\\web_deperkasa\\app\\Views\\dataharian.php', 53, [...])
 2 SYSTEMPATH\View\View.php(213): include('C:\\xampp\\htdocs\\web_deperkasa\\app\\Views\\dataharian.php')
 3 SYSTEMPATH\View\View.php(216): CodeIgniter\View\View->CodeIgniter\View\{closure}()
 4 SYSTEMPATH\Common.php(1184): CodeIgniter\View\View->render('dataharian', [], true)
 5 APPPATH\Controllers\Harian.php(17): view('dataharian', [...])
 6 SYSTEMPATH\CodeIgniter.php(934): App\Controllers\Harian->index()
 7 SYSTEMPATH\CodeIgniter.php(499): CodeIgniter\CodeIgniter->runController(Object(App\Controllers\Harian))
 8 SYSTEMPATH\CodeIgniter.php(368): CodeIgniter\CodeIgniter->handleRequest(null, Object(Config\Cache), false)
 9 FCPATH\index.php(67): CodeIgniter\CodeIgniter->run()
10 SYSTEMPATH\Commands\Server\rewrite.php(47): require_once('C:\\xampp\\htdocs\\web_deperkasa\\public\\index.php')
CRITICAL - 2023-06-26 15:41:05 --> Undefined index: ++
in APPPATH\Views\dataharian.php on line 53.
 1 APPPATH\Views\dataharian.php(53): CodeIgniter\Debug\Exceptions->errorHandler(8, 'Undefined index: ++', 'C:\\xampp\\htdocs\\web_deperkasa\\app\\Views\\dataharian.php', 53, [...])
 2 SYSTEMPATH\View\View.php(213): include('C:\\xampp\\htdocs\\web_deperkasa\\app\\Views\\dataharian.php')
 3 SYSTEMPATH\View\View.php(216): CodeIgniter\View\View->CodeIgniter\View\{closure}()
 4 SYSTEMPATH\Common.php(1184): CodeIgniter\View\View->render('dataharian', [], true)
 5 APPPATH\Controllers\Harian.php(17): view('dataharian', [...])
 6 SYSTEMPATH\CodeIgniter.php(934): App\Controllers\Harian->index()
 7 SYSTEMPATH\CodeIgniter.php(499): CodeIgniter\CodeIgniter->runController(Object(App\Controllers\Harian))
 8 SYSTEMPATH\CodeIgniter.php(368): CodeIgniter\CodeIgniter->handleRequest(null, Object(Config\Cache), false)
 9 FCPATH\index.php(67): CodeIgniter\CodeIgniter->run()
10 SYSTEMPATH\Commands\Server\rewrite.php(47): require_once('C:\\xampp\\htdocs\\web_deperkasa\\public\\index.php')
CRITICAL - 2023-06-26 15:41:27 --> Array to string conversion
in APPPATH\Views\dataharian.php on line 53.
 1 APPPATH\Views\dataharian.php(53): CodeIgniter\Debug\Exceptions->errorHandler(8, 'Array to string conversion', 'C:\\xampp\\htdocs\\web_deperkasa\\app\\Views\\dataharian.php', 53, [...])
 2 SYSTEMPATH\View\View.php(213): include('C:\\xampp\\htdocs\\web_deperkasa\\app\\Views\\dataharian.php')
 3 SYSTEMPATH\View\View.php(216): CodeIgniter\View\View->CodeIgniter\View\{closure}()
 4 SYSTEMPATH\Common.php(1184): CodeIgniter\View\View->render('dataharian', [], true)
 5 APPPATH\Controllers\Harian.php(17): view('dataharian', [...])
 6 SYSTEMPATH\CodeIgniter.php(934): App\Controllers\Harian->index()
 7 SYSTEMPATH\CodeIgniter.php(499): CodeIgniter\CodeIgniter->runController(Object(App\Controllers\Harian))
 8 SYSTEMPATH\CodeIgniter.php(368): CodeIgniter\CodeIgniter->handleRequest(null, Object(Config\Cache), false)
 9 FCPATH\index.php(67): CodeIgniter\CodeIgniter->run()
10 SYSTEMPATH\Commands\Server\rewrite.php(47): require_once('C:\\xampp\\htdocs\\web_deperkasa\\public\\index.php')
CRITICAL - 2023-06-26 15:41:28 --> Array to string conversion
in APPPATH\Views\dataharian.php on line 53.
 1 APPPATH\Views\dataharian.php(53): CodeIgniter\Debug\Exceptions->errorHandler(8, 'Array to string conversion', 'C:\\xampp\\htdocs\\web_deperkasa\\app\\Views\\dataharian.php', 53, [...])
 2 SYSTEMPATH\View\View.php(213): include('C:\\xampp\\htdocs\\web_deperkasa\\app\\Views\\dataharian.php')
 3 SYSTEMPATH\View\View.php(216): CodeIgniter\View\View->CodeIgniter\View\{closure}()
 4 SYSTEMPATH\Common.php(1184): CodeIgniter\View\View->render('dataharian', [], true)
 5 APPPATH\Controllers\Harian.php(17): view('dataharian', [...])
 6 SYSTEMPATH\CodeIgniter.php(934): App\Controllers\Harian->index()
 7 SYSTEMPATH\CodeIgniter.php(499): CodeIgniter\CodeIgniter->runController(Object(App\Controllers\Harian))
 8 SYSTEMPATH\CodeIgniter.php(368): CodeIgniter\CodeIgniter->handleRequest(null, Object(Config\Cache), false)
 9 FCPATH\index.php(67): CodeIgniter\CodeIgniter->run()
10 SYSTEMPATH\Commands\Server\rewrite.php(47): require_once('C:\\xampp\\htdocs\\web_deperkasa\\public\\index.php')
CRITICAL - 2023-06-26 15:44:23 --> Array to string conversion
in APPPATH\Views\dataharian.php on line 53.
 1 APPPATH\Views\dataharian.php(53): CodeIgniter\Debug\Exceptions->errorHandler(8, 'Array to string conversion', 'C:\\xampp\\htdocs\\web_deperkasa\\app\\Views\\dataharian.php', 53, [...])
 2 SYSTEMPATH\View\View.php(213): include('C:\\xampp\\htdocs\\web_deperkasa\\app\\Views\\dataharian.php')
 3 SYSTEMPATH\View\View.php(216): CodeIgniter\View\View->CodeIgniter\View\{closure}()
 4 SYSTEMPATH\Common.php(1184): CodeIgniter\View\View->render('dataharian', [], true)
 5 APPPATH\Controllers\Harian.php(17): view('dataharian', [...])
 6 SYSTEMPATH\CodeIgniter.php(934): App\Controllers\Harian->index()
 7 SYSTEMPATH\CodeIgniter.php(499): CodeIgniter\CodeIgniter->runController(Object(App\Controllers\Harian))
 8 SYSTEMPATH\CodeIgniter.php(368): CodeIgniter\CodeIgniter->handleRequest(null, Object(Config\Cache), false)
 9 FCPATH\index.php(67): CodeIgniter\CodeIgniter->run()
10 SYSTEMPATH\Commands\Server\rewrite.php(47): require_once('C:\\xampp\\htdocs\\web_deperkasa\\public\\index.php')
CRITICAL - 2023-06-26 15:44:24 --> Array to string conversion
in APPPATH\Views\dataharian.php on line 53.
 1 APPPATH\Views\dataharian.php(53): CodeIgniter\Debug\Exceptions->errorHandler(8, 'Array to string conversion', 'C:\\xampp\\htdocs\\web_deperkasa\\app\\Views\\dataharian.php', 53, [...])
 2 SYSTEMPATH\View\View.php(213): include('C:\\xampp\\htdocs\\web_deperkasa\\app\\Views\\dataharian.php')
 3 SYSTEMPATH\View\View.php(216): CodeIgniter\View\View->CodeIgniter\View\{closure}()
 4 SYSTEMPATH\Common.php(1184): CodeIgniter\View\View->render('dataharian', [], true)
 5 APPPATH\Controllers\Harian.php(17): view('dataharian', [...])
 6 SYSTEMPATH\CodeIgniter.php(934): App\Controllers\Harian->index()
 7 SYSTEMPATH\CodeIgniter.php(499): CodeIgniter\CodeIgniter->runController(Object(App\Controllers\Harian))
 8 SYSTEMPATH\CodeIgniter.php(368): CodeIgniter\CodeIgniter->handleRequest(null, Object(Config\Cache), false)
 9 FCPATH\index.php(67): CodeIgniter\CodeIgniter->run()
10 SYSTEMPATH\Commands\Server\rewrite.php(47): require_once('C:\\xampp\\htdocs\\web_deperkasa\\public\\index.php')
CRITICAL - 2023-06-26 15:44:42 --> Array to string conversion
in APPPATH\Views\dataharian.php on line 53.
 1 APPPATH\Views\dataharian.php(53): CodeIgniter\Debug\Exceptions->errorHandler(8, 'Array to string conversion', 'C:\\xampp\\htdocs\\web_deperkasa\\app\\Views\\dataharian.php', 53, [...])
 2 SYSTEMPATH\View\View.php(213): include('C:\\xampp\\htdocs\\web_deperkasa\\app\\Views\\dataharian.php')
 3 SYSTEMPATH\View\View.php(216): CodeIgniter\View\View->CodeIgniter\View\{closure}()
 4 SYSTEMPATH\Common.php(1184): CodeIgniter\View\View->render('dataharian', [], true)
 5 APPPATH\Controllers\Harian.php(17): view('dataharian', [...])
 6 SYSTEMPATH\CodeIgniter.php(934): App\Controllers\Harian->index()
 7 SYSTEMPATH\CodeIgniter.php(499): CodeIgniter\CodeIgniter->runController(Object(App\Controllers\Harian))
 8 SYSTEMPATH\CodeIgniter.php(368): CodeIgniter\CodeIgniter->handleRequest(null, Object(Config\Cache), false)
 9 FCPATH\index.php(67): CodeIgniter\CodeIgniter->run()
10 SYSTEMPATH\Commands\Server\rewrite.php(47): require_once('C:\\xampp\\htdocs\\web_deperkasa\\public\\index.php')
CRITICAL - 2023-06-26 15:44:43 --> Array to string conversion
in APPPATH\Views\dataharian.php on line 53.
 1 APPPATH\Views\dataharian.php(53): CodeIgniter\Debug\Exceptions->errorHandler(8, 'Array to string conversion', 'C:\\xampp\\htdocs\\web_deperkasa\\app\\Views\\dataharian.php', 53, [...])
 2 SYSTEMPATH\View\View.php(213): include('C:\\xampp\\htdocs\\web_deperkasa\\app\\Views\\dataharian.php')
 3 SYSTEMPATH\View\View.php(216): CodeIgniter\View\View->CodeIgniter\View\{closure}()
 4 SYSTEMPATH\Common.php(1184): CodeIgniter\View\View->render('dataharian', [], true)
 5 APPPATH\Controllers\Harian.php(17): view('dataharian', [...])
 6 SYSTEMPATH\CodeIgniter.php(934): App\Controllers\Harian->index()
 7 SYSTEMPATH\CodeIgniter.php(499): CodeIgniter\CodeIgniter->runController(Object(App\Controllers\Harian))
 8 SYSTEMPATH\CodeIgniter.php(368): CodeIgniter\CodeIgniter->handleRequest(null, Object(Config\Cache), false)
 9 FCPATH\index.php(67): CodeIgniter\CodeIgniter->run()
10 SYSTEMPATH\Commands\Server\rewrite.php(47): require_once('C:\\xampp\\htdocs\\web_deperkasa\\public\\index.php')
CRITICAL - 2023-06-26 15:48:19 --> Trying to access array offset on value of type int
in APPPATH\Views\dataharian.php on line 55.
 1 APPPATH\Views\dataharian.php(55): CodeIgniter\Debug\Exceptions->errorHandler(8, 'Trying to access array offset on value of type int', 'C:\\xampp\\htdocs\\web_deperkasa\\app\\Views\\dataharian.php', 55, [...])
 2 SYSTEMPATH\View\View.php(213): include('C:\\xampp\\htdocs\\web_deperkasa\\app\\Views\\dataharian.php')
 3 SYSTEMPATH\View\View.php(216): CodeIgniter\View\View->CodeIgniter\View\{closure}()
 4 SYSTEMPATH\Common.php(1184): CodeIgniter\View\View->render('dataharian', [], true)
 5 APPPATH\Controllers\Harian.php(17): view('dataharian', [...])
 6 SYSTEMPATH\CodeIgniter.php(934): App\Controllers\Harian->index()
 7 SYSTEMPATH\CodeIgniter.php(499): CodeIgniter\CodeIgniter->runController(Object(App\Controllers\Harian))
 8 SYSTEMPATH\CodeIgniter.php(368): CodeIgniter\CodeIgniter->handleRequest(null, Object(Config\Cache), false)
 9 FCPATH\index.php(67): CodeIgniter\CodeIgniter->run()
10 SYSTEMPATH\Commands\Server\rewrite.php(47): require_once('C:\\xampp\\htdocs\\web_deperkasa\\public\\index.php')
CRITICAL - 2023-06-26 15:49:48 --> Array to string conversion
in APPPATH\Views\dataharian.php on line 54.
 1 APPPATH\Views\dataharian.php(54): CodeIgniter\Debug\Exceptions->errorHandler(8, 'Array to string conversion', 'C:\\xampp\\htdocs\\web_deperkasa\\app\\Views\\dataharian.php', 54, [...])
 2 SYSTEMPATH\View\View.php(213): include('C:\\xampp\\htdocs\\web_deperkasa\\app\\Views\\dataharian.php')
 3 SYSTEMPATH\View\View.php(216): CodeIgniter\View\View->CodeIgniter\View\{closure}()
 4 SYSTEMPATH\Common.php(1184): CodeIgniter\View\View->render('dataharian', [], true)
 5 APPPATH\Controllers\Harian.php(17): view('dataharian', [...])
 6 SYSTEMPATH\CodeIgniter.php(934): App\Controllers\Harian->index()
 7 SYSTEMPATH\CodeIgniter.php(499): CodeIgniter\CodeIgniter->runController(Object(App\Controllers\Harian))
 8 SYSTEMPATH\CodeIgniter.php(368): CodeIgniter\CodeIgniter->handleRequest(null, Object(Config\Cache), false)
 9 FCPATH\index.php(67): CodeIgniter\CodeIgniter->run()
10 SYSTEMPATH\Commands\Server\rewrite.php(47): require_once('C:\\xampp\\htdocs\\web_deperkasa\\public\\index.php')
CRITICAL - 2023-06-26 15:49:49 --> Array to string conversion
in APPPATH\Views\dataharian.php on line 54.
 1 APPPATH\Views\dataharian.php(54): CodeIgniter\Debug\Exceptions->errorHandler(8, 'Array to string conversion', 'C:\\xampp\\htdocs\\web_deperkasa\\app\\Views\\dataharian.php', 54, [...])
 2 SYSTEMPATH\View\View.php(213): include('C:\\xampp\\htdocs\\web_deperkasa\\app\\Views\\dataharian.php')
 3 SYSTEMPATH\View\View.php(216): CodeIgniter\View\View->CodeIgniter\View\{closure}()
 4 SYSTEMPATH\Common.php(1184): CodeIgniter\View\View->render('dataharian', [], true)
 5 APPPATH\Controllers\Harian.php(17): view('dataharian', [...])
 6 SYSTEMPATH\CodeIgniter.php(934): App\Controllers\Harian->index()
 7 SYSTEMPATH\CodeIgniter.php(499): CodeIgniter\CodeIgniter->runController(Object(App\Controllers\Harian))
 8 SYSTEMPATH\CodeIgniter.php(368): CodeIgniter\CodeIgniter->handleRequest(null, Object(Config\Cache), false)
 9 FCPATH\index.php(67): CodeIgniter\CodeIgniter->run()
10 SYSTEMPATH\Commands\Server\rewrite.php(47): require_once('C:\\xampp\\htdocs\\web_deperkasa\\public\\index.php')
CRITICAL - 2023-06-26 15:49:49 --> Array to string conversion
in APPPATH\Views\dataharian.php on line 54.
 1 APPPATH\Views\dataharian.php(54): CodeIgniter\Debug\Exceptions->errorHandler(8, 'Array to string conversion', 'C:\\xampp\\htdocs\\web_deperkasa\\app\\Views\\dataharian.php', 54, [...])
 2 SYSTEMPATH\View\View.php(213): include('C:\\xampp\\htdocs\\web_deperkasa\\app\\Views\\dataharian.php')
 3 SYSTEMPATH\View\View.php(216): CodeIgniter\View\View->CodeIgniter\View\{closure}()
 4 SYSTEMPATH\Common.php(1184): CodeIgniter\View\View->render('dataharian', [], true)
 5 APPPATH\Controllers\Harian.php(17): view('dataharian', [...])
 6 SYSTEMPATH\CodeIgniter.php(934): App\Controllers\Harian->index()
 7 SYSTEMPATH\CodeIgniter.php(499): CodeIgniter\CodeIgniter->runController(Object(App\Controllers\Harian))
 8 SYSTEMPATH\CodeIgniter.php(368): CodeIgniter\CodeIgniter->handleRequest(null, Object(Config\Cache), false)
 9 FCPATH\index.php(67): CodeIgniter\CodeIgniter->run()
10 SYSTEMPATH\Commands\Server\rewrite.php(47): require_once('C:\\xampp\\htdocs\\web_deperkasa\\public\\index.php')
CRITICAL - 2023-06-26 15:49:50 --> Array to string conversion
in APPPATH\Views\dataharian.php on line 54.
 1 APPPATH\Views\dataharian.php(54): CodeIgniter\Debug\Exceptions->errorHandler(8, 'Array to string conversion', 'C:\\xampp\\htdocs\\web_deperkasa\\app\\Views\\dataharian.php', 54, [...])
 2 SYSTEMPATH\View\View.php(213): include('C:\\xampp\\htdocs\\web_deperkasa\\app\\Views\\dataharian.php')
 3 SYSTEMPATH\View\View.php(216): CodeIgniter\View\View->CodeIgniter\View\{closure}()
 4 SYSTEMPATH\Common.php(1184): CodeIgniter\View\View->render('dataharian', [], true)
 5 APPPATH\Controllers\Harian.php(17): view('dataharian', [...])
 6 SYSTEMPATH\CodeIgniter.php(934): App\Controllers\Harian->index()
 7 SYSTEMPATH\CodeIgniter.php(499): CodeIgniter\CodeIgniter->runController(Object(App\Controllers\Harian))
 8 SYSTEMPATH\CodeIgniter.php(368): CodeIgniter\CodeIgniter->handleRequest(null, Object(Config\Cache), false)
 9 FCPATH\index.php(67): CodeIgniter\CodeIgniter->run()
10 SYSTEMPATH\Commands\Server\rewrite.php(47): require_once('C:\\xampp\\htdocs\\web_deperkasa\\public\\index.php')
CRITICAL - 2023-06-26 15:51:01 --> Array to string conversion
in APPPATH\Views\dataharian.php on line 55.
 1 APPPATH\Views\dataharian.php(55): CodeIgniter\Debug\Exceptions->errorHandler(8, 'Array to string conversion', 'C:\\xampp\\htdocs\\web_deperkasa\\app\\Views\\dataharian.php', 55, [...])
 2 SYSTEMPATH\View\View.php(213): include('C:\\xampp\\htdocs\\web_deperkasa\\app\\Views\\dataharian.php')
 3 SYSTEMPATH\View\View.php(216): CodeIgniter\View\View->CodeIgniter\View\{closure}()
 4 SYSTEMPATH\Common.php(1184): CodeIgniter\View\View->render('dataharian', [], true)
 5 APPPATH\Controllers\Harian.php(17): view('dataharian', [...])
 6 SYSTEMPATH\CodeIgniter.php(934): App\Controllers\Harian->index()
 7 SYSTEMPATH\CodeIgniter.php(499): CodeIgniter\CodeIgniter->runController(Object(App\Controllers\Harian))
 8 SYSTEMPATH\CodeIgniter.php(368): CodeIgniter\CodeIgniter->handleRequest(null, Object(Config\Cache), false)
 9 FCPATH\index.php(67): CodeIgniter\CodeIgniter->run()
10 SYSTEMPATH\Commands\Server\rewrite.php(47): require_once('C:\\xampp\\htdocs\\web_deperkasa\\public\\index.php')
CRITICAL - 2023-06-26 15:51:02 --> Array to string conversion
in APPPATH\Views\dataharian.php on line 55.
 1 APPPATH\Views\dataharian.php(55): CodeIgniter\Debug\Exceptions->errorHandler(8, 'Array to string conversion', 'C:\\xampp\\htdocs\\web_deperkasa\\app\\Views\\dataharian.php', 55, [...])
 2 SYSTEMPATH\View\View.php(213): include('C:\\xampp\\htdocs\\web_deperkasa\\app\\Views\\dataharian.php')
 3 SYSTEMPATH\View\View.php(216): CodeIgniter\View\View->CodeIgniter\View\{closure}()
 4 SYSTEMPATH\Common.php(1184): CodeIgniter\View\View->render('dataharian', [], true)
 5 APPPATH\Controllers\Harian.php(17): view('dataharian', [...])
 6 SYSTEMPATH\CodeIgniter.php(934): App\Controllers\Harian->index()
 7 SYSTEMPATH\CodeIgniter.php(499): CodeIgniter\CodeIgniter->runController(Object(App\Controllers\Harian))
 8 SYSTEMPATH\CodeIgniter.php(368): CodeIgniter\CodeIgniter->handleRequest(null, Object(Config\Cache), false)
 9 FCPATH\index.php(67): CodeIgniter\CodeIgniter->run()
10 SYSTEMPATH\Commands\Server\rewrite.php(47): require_once('C:\\xampp\\htdocs\\web_deperkasa\\public\\index.php')
CRITICAL - 2023-06-26 15:51:56 --> Invalid argument supplied for foreach()
in APPPATH\Views\dataharian.php on line 52.
 1 APPPATH\Views\dataharian.php(52): CodeIgniter\Debug\Exceptions->errorHandler(2, 'Invalid argument supplied for foreach()', 'C:\\xampp\\htdocs\\web_deperkasa\\app\\Views\\dataharian.php', 52, [...])
 2 SYSTEMPATH\View\View.php(213): include('C:\\xampp\\htdocs\\web_deperkasa\\app\\Views\\dataharian.php')
 3 SYSTEMPATH\View\View.php(216): CodeIgniter\View\View->CodeIgniter\View\{closure}()
 4 SYSTEMPATH\Common.php(1184): CodeIgniter\View\View->render('dataharian', [], true)
 5 APPPATH\Controllers\Harian.php(17): view('dataharian', [...])
 6 SYSTEMPATH\CodeIgniter.php(934): App\Controllers\Harian->index()
 7 SYSTEMPATH\CodeIgniter.php(499): CodeIgniter\CodeIgniter->runController(Object(App\Controllers\Harian))
 8 SYSTEMPATH\CodeIgniter.php(368): CodeIgniter\CodeIgniter->handleRequest(null, Object(Config\Cache), false)
 9 FCPATH\index.php(67): CodeIgniter\CodeIgniter->run()
10 SYSTEMPATH\Commands\Server\rewrite.php(47): require_once('C:\\xampp\\htdocs\\web_deperkasa\\public\\index.php')
CRITICAL - 2023-06-26 15:51:56 --> Invalid argument supplied for foreach()
in APPPATH\Views\dataharian.php on line 52.
 1 APPPATH\Views\dataharian.php(52): CodeIgniter\Debug\Exceptions->errorHandler(2, 'Invalid argument supplied for foreach()', 'C:\\xampp\\htdocs\\web_deperkasa\\app\\Views\\dataharian.php', 52, [...])
 2 SYSTEMPATH\View\View.php(213): include('C:\\xampp\\htdocs\\web_deperkasa\\app\\Views\\dataharian.php')
 3 SYSTEMPATH\View\View.php(216): CodeIgniter\View\View->CodeIgniter\View\{closure}()
 4 SYSTEMPATH\Common.php(1184): CodeIgniter\View\View->render('dataharian', [], true)
 5 APPPATH\Controllers\Harian.php(17): view('dataharian', [...])
 6 SYSTEMPATH\CodeIgniter.php(934): App\Controllers\Harian->index()
 7 SYSTEMPATH\CodeIgniter.php(499): CodeIgniter\CodeIgniter->runController(Object(App\Controllers\Harian))
 8 SYSTEMPATH\CodeIgniter.php(368): CodeIgniter\CodeIgniter->handleRequest(null, Object(Config\Cache), false)
 9 FCPATH\index.php(67): CodeIgniter\CodeIgniter->run()
10 SYSTEMPATH\Commands\Server\rewrite.php(47): require_once('C:\\xampp\\htdocs\\web_deperkasa\\public\\index.php')
CRITICAL - 2023-06-26 15:55:46 --> Invalid argument supplied for foreach()
in APPPATH\Views\dataharian.php on line 52.
 1 APPPATH\Views\dataharian.php(52): CodeIgniter\Debug\Exceptions->errorHandler(2, 'Invalid argument supplied for foreach()', 'C:\\xampp\\htdocs\\web_deperkasa\\app\\Views\\dataharian.php', 52, [...])
 2 SYSTEMPATH\View\View.php(213): include('C:\\xampp\\htdocs\\web_deperkasa\\app\\Views\\dataharian.php')
 3 SYSTEMPATH\View\View.php(216): CodeIgniter\View\View->CodeIgniter\View\{closure}()
 4 SYSTEMPATH\Common.php(1184): CodeIgniter\View\View->render('dataharian', [], true)
 5 APPPATH\Controllers\Harian.php(17): view('dataharian', [...])
 6 SYSTEMPATH\CodeIgniter.php(934): App\Controllers\Harian->index()
 7 SYSTEMPATH\CodeIgniter.php(499): CodeIgniter\CodeIgniter->runController(Object(App\Controllers\Harian))
 8 SYSTEMPATH\CodeIgniter.php(368): CodeIgniter\CodeIgniter->handleRequest(null, Object(Config\Cache), false)
 9 FCPATH\index.php(67): CodeIgniter\CodeIgniter->run()
10 SYSTEMPATH\Commands\Server\rewrite.php(47): require_once('C:\\xampp\\htdocs\\web_deperkasa\\public\\index.php')
CRITICAL - 2023-06-26 15:56:56 --> Trying to access array offset on value of type int
in APPPATH\Views\dataharian.php on line 55.
 1 APPPATH\Views\dataharian.php(55): CodeIgniter\Debug\Exceptions->errorHandler(8, 'Trying to access array offset on value of type int', 'C:\\xampp\\htdocs\\web_deperkasa\\app\\Views\\dataharian.php', 55, [...])
 2 SYSTEMPATH\View\View.php(213): include('C:\\xampp\\htdocs\\web_deperkasa\\app\\Views\\dataharian.php')
 3 SYSTEMPATH\View\View.php(216): CodeIgniter\View\View->CodeIgniter\View\{closure}()
 4 SYSTEMPATH\Common.php(1184): CodeIgniter\View\View->render('dataharian', [], true)
 5 APPPATH\Controllers\Harian.php(17): view('dataharian', [...])
 6 SYSTEMPATH\CodeIgniter.php(934): App\Controllers\Harian->index()
 7 SYSTEMPATH\CodeIgniter.php(499): CodeIgniter\CodeIgniter->runController(Object(App\Controllers\Harian))
 8 SYSTEMPATH\CodeIgniter.php(368): CodeIgniter\CodeIgniter->handleRequest(null, Object(Config\Cache), false)
 9 FCPATH\index.php(67): CodeIgniter\CodeIgniter->run()
10 SYSTEMPATH\Commands\Server\rewrite.php(47): require_once('C:\\xampp\\htdocs\\web_deperkasa\\public\\index.php')
CRITICAL - 2023-06-26 15:56:57 --> Trying to access array offset on value of type int
in APPPATH\Views\dataharian.php on line 55.
 1 APPPATH\Views\dataharian.php(55): CodeIgniter\Debug\Exceptions->errorHandler(8, 'Trying to access array offset on value of type int', 'C:\\xampp\\htdocs\\web_deperkasa\\app\\Views\\dataharian.php', 55, [...])
 2 SYSTEMPATH\View\View.php(213): include('C:\\xampp\\htdocs\\web_deperkasa\\app\\Views\\dataharian.php')
 3 SYSTEMPATH\View\View.php(216): CodeIgniter\View\View->CodeIgniter\View\{closure}()
 4 SYSTEMPATH\Common.php(1184): CodeIgniter\View\View->render('dataharian', [], true)
 5 APPPATH\Controllers\Harian.php(17): view('dataharian', [...])
 6 SYSTEMPATH\CodeIgniter.php(934): App\Controllers\Harian->index()
 7 SYSTEMPATH\CodeIgniter.php(499): CodeIgniter\CodeIgniter->runController(Object(App\Controllers\Harian))
 8 SYSTEMPATH\CodeIgniter.php(368): CodeIgniter\CodeIgniter->handleRequest(null, Object(Config\Cache), false)
 9 FCPATH\index.php(67): CodeIgniter\CodeIgniter->run()
10 SYSTEMPATH\Commands\Server\rewrite.php(47): require_once('C:\\xampp\\htdocs\\web_deperkasa\\public\\index.php')
CRITICAL - 2023-06-26 15:58:16 --> Trying to access array offset on value of type int
in APPPATH\Views\dataharian.php on line 55.
 1 APPPATH\Views\dataharian.php(55): CodeIgniter\Debug\Exceptions->errorHandler(8, 'Trying to access array offset on value of type int', 'C:\\xampp\\htdocs\\web_deperkasa\\app\\Views\\dataharian.php', 55, [...])
 2 SYSTEMPATH\View\View.php(213): include('C:\\xampp\\htdocs\\web_deperkasa\\app\\Views\\dataharian.php')
 3 SYSTEMPATH\View\View.php(216): CodeIgniter\View\View->CodeIgniter\View\{closure}()
 4 SYSTEMPATH\Common.php(1184): CodeIgniter\View\View->render('dataharian', [], true)
 5 APPPATH\Controllers\Harian.php(17): view('dataharian', [...])
 6 SYSTEMPATH\CodeIgniter.php(934): App\Controllers\Harian->index()
 7 SYSTEMPATH\CodeIgniter.php(499): CodeIgniter\CodeIgniter->runController(Object(App\Controllers\Harian))
 8 SYSTEMPATH\CodeIgniter.php(368): CodeIgniter\CodeIgniter->handleRequest(null, Object(Config\Cache), false)
 9 FCPATH\index.php(67): CodeIgniter\CodeIgniter->run()
10 SYSTEMPATH\Commands\Server\rewrite.php(47): require_once('C:\\xampp\\htdocs\\web_deperkasa\\public\\index.php')
CRITICAL - 2023-06-26 15:59:33 --> Trying to access array offset on value of type int
in APPPATH\Views\dataharian.php on line 55.
 1 APPPATH\Views\dataharian.php(55): CodeIgniter\Debug\Exceptions->errorHandler(8, 'Trying to access array offset on value of type int', 'C:\\xampp\\htdocs\\web_deperkasa\\app\\Views\\dataharian.php', 55, [...])
 2 SYSTEMPATH\View\View.php(213): include('C:\\xampp\\htdocs\\web_deperkasa\\app\\Views\\dataharian.php')
 3 SYSTEMPATH\View\View.php(216): CodeIgniter\View\View->CodeIgniter\View\{closure}()
 4 SYSTEMPATH\Common.php(1184): CodeIgniter\View\View->render('dataharian', [], true)
 5 APPPATH\Controllers\Harian.php(17): view('dataharian', [...])
 6 SYSTEMPATH\CodeIgniter.php(934): App\Controllers\Harian->index()
 7 SYSTEMPATH\CodeIgniter.php(499): CodeIgniter\CodeIgniter->runController(Object(App\Controllers\Harian))
 8 SYSTEMPATH\CodeIgniter.php(368): CodeIgniter\CodeIgniter->handleRequest(null, Object(Config\Cache), false)
 9 FCPATH\index.php(67): CodeIgniter\CodeIgniter->run()
10 SYSTEMPATH\Commands\Server\rewrite.php(47): require_once('C:\\xampp\\htdocs\\web_deperkasa\\public\\index.php')
CRITICAL - 2023-06-26 15:59:34 --> Trying to access array offset on value of type int
in APPPATH\Views\dataharian.php on line 55.
 1 APPPATH\Views\dataharian.php(55): CodeIgniter\Debug\Exceptions->errorHandler(8, 'Trying to access array offset on value of type int', 'C:\\xampp\\htdocs\\web_deperkasa\\app\\Views\\dataharian.php', 55, [...])
 2 SYSTEMPATH\View\View.php(213): include('C:\\xampp\\htdocs\\web_deperkasa\\app\\Views\\dataharian.php')
 3 SYSTEMPATH\View\View.php(216): CodeIgniter\View\View->CodeIgniter\View\{closure}()
 4 SYSTEMPATH\Common.php(1184): CodeIgniter\View\View->render('dataharian', [], true)
 5 APPPATH\Controllers\Harian.php(17): view('dataharian', [...])
 6 SYSTEMPATH\CodeIgniter.php(934): App\Controllers\Harian->index()
 7 SYSTEMPATH\CodeIgniter.php(499): CodeIgniter\CodeIgniter->runController(Object(App\Controllers\Harian))
 8 SYSTEMPATH\CodeIgniter.php(368): CodeIgniter\CodeIgniter->handleRequest(null, Object(Config\Cache), false)
 9 FCPATH\index.php(67): CodeIgniter\CodeIgniter->run()
10 SYSTEMPATH\Commands\Server\rewrite.php(47): require_once('C:\\xampp\\htdocs\\web_deperkasa\\public\\index.php')
CRITICAL - 2023-06-26 16:01:53 --> Trying to access array offset on value of type int
in APPPATH\Views\dataharian.php on line 54.
 1 APPPATH\Views\dataharian.php(54): CodeIgniter\Debug\Exceptions->errorHandler(8, 'Trying to access array offset on value of type int', 'C:\\xampp\\htdocs\\web_deperkasa\\app\\Views\\dataharian.php', 54, [...])
 2 SYSTEMPATH\View\View.php(213): include('C:\\xampp\\htdocs\\web_deperkasa\\app\\Views\\dataharian.php')
 3 SYSTEMPATH\View\View.php(216): CodeIgniter\View\View->CodeIgniter\View\{closure}()
 4 SYSTEMPATH\Common.php(1184): CodeIgniter\View\View->render('dataharian', [], true)
 5 APPPATH\Controllers\Harian.php(17): view('dataharian', [...])
 6 SYSTEMPATH\CodeIgniter.php(934): App\Controllers\Harian->index()
 7 SYSTEMPATH\CodeIgniter.php(499): CodeIgniter\CodeIgniter->runController(Object(App\Controllers\Harian))
 8 SYSTEMPATH\CodeIgniter.php(368): CodeIgniter\CodeIgniter->handleRequest(null, Object(Config\Cache), false)
 9 FCPATH\index.php(67): CodeIgniter\CodeIgniter->run()
10 SYSTEMPATH\Commands\Server\rewrite.php(47): require_once('C:\\xampp\\htdocs\\web_deperkasa\\public\\index.php')
CRITICAL - 2023-06-26 16:02:36 --> syntax error, unexpected '=', expecting :: (T_PAAMAYIM_NEKUDOTAYIM)
in APPPATH\Views\dataharian.php on line 51.
 1 SYSTEMPATH\View\View.php(216): CodeIgniter\View\View->CodeIgniter\View\{closure}()
 2 SYSTEMPATH\Common.php(1184): CodeIgniter\View\View->render('dataharian', [], true)
 3 APPPATH\Controllers\Harian.php(17): view('dataharian', [...])
 4 SYSTEMPATH\CodeIgniter.php(934): App\Controllers\Harian->index()
 5 SYSTEMPATH\CodeIgniter.php(499): CodeIgniter\CodeIgniter->runController(Object(App\Controllers\Harian))
 6 SYSTEMPATH\CodeIgniter.php(368): CodeIgniter\CodeIgniter->handleRequest(null, Object(Config\Cache), false)
 7 FCPATH\index.php(67): CodeIgniter\CodeIgniter->run()
 8 SYSTEMPATH\Commands\Server\rewrite.php(47): require_once('C:\\xampp\\htdocs\\web_deperkasa\\public\\index.php')
CRITICAL - 2023-06-26 16:02:54 --> Trying to access array offset on value of type int
in APPPATH\Views\dataharian.php on line 55.
 1 APPPATH\Views\dataharian.php(55): CodeIgniter\Debug\Exceptions->errorHandler(8, 'Trying to access array offset on value of type int', 'C:\\xampp\\htdocs\\web_deperkasa\\app\\Views\\dataharian.php', 55, [...])
 2 SYSTEMPATH\View\View.php(213): include('C:\\xampp\\htdocs\\web_deperkasa\\app\\Views\\dataharian.php')
 3 SYSTEMPATH\View\View.php(216): CodeIgniter\View\View->CodeIgniter\View\{closure}()
 4 SYSTEMPATH\Common.php(1184): CodeIgniter\View\View->render('dataharian', [], true)
 5 APPPATH\Controllers\Harian.php(17): view('dataharian', [...])
 6 SYSTEMPATH\CodeIgniter.php(934): App\Controllers\Harian->index()
 7 SYSTEMPATH\CodeIgniter.php(499): CodeIgniter\CodeIgniter->runController(Object(App\Controllers\Harian))
 8 SYSTEMPATH\CodeIgniter.php(368): CodeIgniter\CodeIgniter->handleRequest(null, Object(Config\Cache), false)
 9 FCPATH\index.php(67): CodeIgniter\CodeIgniter->run()
10 SYSTEMPATH\Commands\Server\rewrite.php(47): require_once('C:\\xampp\\htdocs\\web_deperkasa\\public\\index.php')
CRITICAL - 2023-06-26 16:04:19 --> Unsupported operand types
in APPPATH\Views\dataharian.php on line 52.
 1 SYSTEMPATH\View\View.php(213): include()
 2 SYSTEMPATH\View\View.php(216): CodeIgniter\View\View->CodeIgniter\View\{closure}()
 3 SYSTEMPATH\Common.php(1184): CodeIgniter\View\View->render('dataharian', [], true)
 4 APPPATH\Controllers\Harian.php(17): view('dataharian', [...])
 5 SYSTEMPATH\CodeIgniter.php(934): App\Controllers\Harian->index()
 6 SYSTEMPATH\CodeIgniter.php(499): CodeIgniter\CodeIgniter->runController(Object(App\Controllers\Harian))
 7 SYSTEMPATH\CodeIgniter.php(368): CodeIgniter\CodeIgniter->handleRequest(null, Object(Config\Cache), false)
 8 FCPATH\index.php(67): CodeIgniter\CodeIgniter->run()
 9 SYSTEMPATH\Commands\Server\rewrite.php(47): require_once('C:\\xampp\\htdocs\\web_deperkasa\\public\\index.php')
CRITICAL - 2023-06-26 16:04:20 --> Unsupported operand types
in APPPATH\Views\dataharian.php on line 52.
 1 SYSTEMPATH\View\View.php(213): include()
 2 SYSTEMPATH\View\View.php(216): CodeIgniter\View\View->CodeIgniter\View\{closure}()
 3 SYSTEMPATH\Common.php(1184): CodeIgniter\View\View->render('dataharian', [], true)
 4 APPPATH\Controllers\Harian.php(17): view('dataharian', [...])
 5 SYSTEMPATH\CodeIgniter.php(934): App\Controllers\Harian->index()
 6 SYSTEMPATH\CodeIgniter.php(499): CodeIgniter\CodeIgniter->runController(Object(App\Controllers\Harian))
 7 SYSTEMPATH\CodeIgniter.php(368): CodeIgniter\CodeIgniter->handleRequest(null, Object(Config\Cache), false)
 8 FCPATH\index.php(67): CodeIgniter\CodeIgniter->run()
 9 SYSTEMPATH\Commands\Server\rewrite.php(47): require_once('C:\\xampp\\htdocs\\web_deperkasa\\public\\index.php')
CRITICAL - 2023-06-26 16:04:25 --> Unsupported operand types
in APPPATH\Views\dataharian.php on line 52.
 1 SYSTEMPATH\View\View.php(213): include()
 2 SYSTEMPATH\View\View.php(216): CodeIgniter\View\View->CodeIgniter\View\{closure}()
 3 SYSTEMPATH\Common.php(1184): CodeIgniter\View\View->render('dataharian', [], true)
 4 APPPATH\Controllers\Harian.php(17): view('dataharian', [...])
 5 SYSTEMPATH\CodeIgniter.php(934): App\Controllers\Harian->index()
 6 SYSTEMPATH\CodeIgniter.php(499): CodeIgniter\CodeIgniter->runController(Object(App\Controllers\Harian))
 7 SYSTEMPATH\CodeIgniter.php(368): CodeIgniter\CodeIgniter->handleRequest(null, Object(Config\Cache), false)
 8 FCPATH\index.php(67): CodeIgniter\CodeIgniter->run()
 9 SYSTEMPATH\Commands\Server\rewrite.php(47): require_once('C:\\xampp\\htdocs\\web_deperkasa\\public\\index.php')
CRITICAL - 2023-06-26 16:04:26 --> Unsupported operand types
in APPPATH\Views\dataharian.php on line 52.
 1 SYSTEMPATH\View\View.php(213): include()
 2 SYSTEMPATH\View\View.php(216): CodeIgniter\View\View->CodeIgniter\View\{closure}()
 3 SYSTEMPATH\Common.php(1184): CodeIgniter\View\View->render('dataharian', [], true)
 4 APPPATH\Controllers\Harian.php(17): view('dataharian', [...])
 5 SYSTEMPATH\CodeIgniter.php(934): App\Controllers\Harian->index()
 6 SYSTEMPATH\CodeIgniter.php(499): CodeIgniter\CodeIgniter->runController(Object(App\Controllers\Harian))
 7 SYSTEMPATH\CodeIgniter.php(368): CodeIgniter\CodeIgniter->handleRequest(null, Object(Config\Cache), false)
 8 FCPATH\index.php(67): CodeIgniter\CodeIgniter->run()
 9 SYSTEMPATH\Commands\Server\rewrite.php(47): require_once('C:\\xampp\\htdocs\\web_deperkasa\\public\\index.php')
CRITICAL - 2023-06-26 16:04:46 --> Trying to access array offset on value of type int
in APPPATH\Views\dataharian.php on line 55.
 1 APPPATH\Views\dataharian.php(55): CodeIgniter\Debug\Exceptions->errorHandler(8, 'Trying to access array offset on value of type int', 'C:\\xampp\\htdocs\\web_deperkasa\\app\\Views\\dataharian.php', 55, [...])
 2 SYSTEMPATH\View\View.php(213): include('C:\\xampp\\htdocs\\web_deperkasa\\app\\Views\\dataharian.php')
 3 SYSTEMPATH\View\View.php(216): CodeIgniter\View\View->CodeIgniter\View\{closure}()
 4 SYSTEMPATH\Common.php(1184): CodeIgniter\View\View->render('dataharian', [], true)
 5 APPPATH\Controllers\Harian.php(17): view('dataharian', [...])
 6 SYSTEMPATH\CodeIgniter.php(934): App\Controllers\Harian->index()
 7 SYSTEMPATH\CodeIgniter.php(499): CodeIgniter\CodeIgniter->runController(Object(App\Controllers\Harian))
 8 SYSTEMPATH\CodeIgniter.php(368): CodeIgniter\CodeIgniter->handleRequest(null, Object(Config\Cache), false)
 9 FCPATH\index.php(67): CodeIgniter\CodeIgniter->run()
10 SYSTEMPATH\Commands\Server\rewrite.php(47): require_once('C:\\xampp\\htdocs\\web_deperkasa\\public\\index.php')
CRITICAL - 2023-06-26 16:04:47 --> Trying to access array offset on value of type int
in APPPATH\Views\dataharian.php on line 55.
 1 APPPATH\Views\dataharian.php(55): CodeIgniter\Debug\Exceptions->errorHandler(8, 'Trying to access array offset on value of type int', 'C:\\xampp\\htdocs\\web_deperkasa\\app\\Views\\dataharian.php', 55, [...])
 2 SYSTEMPATH\View\View.php(213): include('C:\\xampp\\htdocs\\web_deperkasa\\app\\Views\\dataharian.php')
 3 SYSTEMPATH\View\View.php(216): CodeIgniter\View\View->CodeIgniter\View\{closure}()
 4 SYSTEMPATH\Common.php(1184): CodeIgniter\View\View->render('dataharian', [], true)
 5 APPPATH\Controllers\Harian.php(17): view('dataharian', [...])
 6 SYSTEMPATH\CodeIgniter.php(934): App\Controllers\Harian->index()
 7 SYSTEMPATH\CodeIgniter.php(499): CodeIgniter\CodeIgniter->runController(Object(App\Controllers\Harian))
 8 SYSTEMPATH\CodeIgniter.php(368): CodeIgniter\CodeIgniter->handleRequest(null, Object(Config\Cache), false)
 9 FCPATH\index.php(67): CodeIgniter\CodeIgniter->run()
10 SYSTEMPATH\Commands\Server\rewrite.php(47): require_once('C:\\xampp\\htdocs\\web_deperkasa\\public\\index.php')
CRITICAL - 2023-06-26 16:04:48 --> Trying to access array offset on value of type int
in APPPATH\Views\dataharian.php on line 55.
 1 APPPATH\Views\dataharian.php(55): CodeIgniter\Debug\Exceptions->errorHandler(8, 'Trying to access array offset on value of type int', 'C:\\xampp\\htdocs\\web_deperkasa\\app\\Views\\dataharian.php', 55, [...])
 2 SYSTEMPATH\View\View.php(213): include('C:\\xampp\\htdocs\\web_deperkasa\\app\\Views\\dataharian.php')
 3 SYSTEMPATH\View\View.php(216): CodeIgniter\View\View->CodeIgniter\View\{closure}()
 4 SYSTEMPATH\Common.php(1184): CodeIgniter\View\View->render('dataharian', [], true)
 5 APPPATH\Controllers\Harian.php(17): view('dataharian', [...])
 6 SYSTEMPATH\CodeIgniter.php(934): App\Controllers\Harian->index()
 7 SYSTEMPATH\CodeIgniter.php(499): CodeIgniter\CodeIgniter->runController(Object(App\Controllers\Harian))
 8 SYSTEMPATH\CodeIgniter.php(368): CodeIgniter\CodeIgniter->handleRequest(null, Object(Config\Cache), false)
 9 FCPATH\index.php(67): CodeIgniter\CodeIgniter->run()
10 SYSTEMPATH\Commands\Server\rewrite.php(47): require_once('C:\\xampp\\htdocs\\web_deperkasa\\public\\index.php')
INFO - 2023-06-26 16:05:45 --> Session: Class initialized using 'CodeIgniter\Session\Handlers\FileHandler' driver.
CRITICAL - 2023-06-26 16:06:46 --> Undefined variable: no
in APPPATH\Views\dataharian.php on line 52.
 1 APPPATH\Views\dataharian.php(52): CodeIgniter\Debug\Exceptions->errorHandler(8, 'Undefined variable: no', 'C:\\xampp\\htdocs\\web_deperkasa\\app\\Views\\dataharian.php', 52, [...])
 2 SYSTEMPATH\View\View.php(213): include('C:\\xampp\\htdocs\\web_deperkasa\\app\\Views\\dataharian.php')
 3 SYSTEMPATH\View\View.php(216): CodeIgniter\View\View->CodeIgniter\View\{closure}()
 4 SYSTEMPATH\Common.php(1184): CodeIgniter\View\View->render('dataharian', [], true)
 5 APPPATH\Controllers\Harian.php(17): view('dataharian', [...])
 6 SYSTEMPATH\CodeIgniter.php(934): App\Controllers\Harian->index()
 7 SYSTEMPATH\CodeIgniter.php(499): CodeIgniter\CodeIgniter->runController(Object(App\Controllers\Harian))
 8 SYSTEMPATH\CodeIgniter.php(368): CodeIgniter\CodeIgniter->handleRequest(null, Object(Config\Cache), false)
 9 FCPATH\index.php(67): CodeIgniter\CodeIgniter->run()
10 SYSTEMPATH\Commands\Server\rewrite.php(47): require_once('C:\\xampp\\htdocs\\web_deperkasa\\public\\index.php')
CRITICAL - 2023-06-26 16:07:15 --> Undefined variable: no
in APPPATH\Views\dataharian.php on line 52.
 1 APPPATH\Views\dataharian.php(52): CodeIgniter\Debug\Exceptions->errorHandler(8, 'Undefined variable: no', 'C:\\xampp\\htdocs\\web_deperkasa\\app\\Views\\dataharian.php', 52, [...])
 2 SYSTEMPATH\View\View.php(213): include('C:\\xampp\\htdocs\\web_deperkasa\\app\\Views\\dataharian.php')
 3 SYSTEMPATH\View\View.php(216): CodeIgniter\View\View->CodeIgniter\View\{closure}()
 4 SYSTEMPATH\Common.php(1184): CodeIgniter\View\View->render('dataharian', [], true)
 5 APPPATH\Controllers\Harian.php(17): view('dataharian', [...])
 6 SYSTEMPATH\CodeIgniter.php(934): App\Controllers\Harian->index()
 7 SYSTEMPATH\CodeIgniter.php(499): CodeIgniter\CodeIgniter->runController(Object(App\Controllers\Harian))
 8 SYSTEMPATH\CodeIgniter.php(368): CodeIgniter\CodeIgniter->handleRequest(null, Object(Config\Cache), false)
 9 FCPATH\index.php(67): CodeIgniter\CodeIgniter->run()
10 SYSTEMPATH\Commands\Server\rewrite.php(47): require_once('C:\\xampp\\htdocs\\web_deperkasa\\public\\index.php')
CRITICAL - 2023-06-26 16:07:16 --> Undefined variable: no
in APPPATH\Views\dataharian.php on line 52.
 1 APPPATH\Views\dataharian.php(52): CodeIgniter\Debug\Exceptions->errorHandler(8, 'Undefined variable: no', 'C:\\xampp\\htdocs\\web_deperkasa\\app\\Views\\dataharian.php', 52, [...])
 2 SYSTEMPATH\View\View.php(213): include('C:\\xampp\\htdocs\\web_deperkasa\\app\\Views\\dataharian.php')
 3 SYSTEMPATH\View\View.php(216): CodeIgniter\View\View->CodeIgniter\View\{closure}()
 4 SYSTEMPATH\Common.php(1184): CodeIgniter\View\View->render('dataharian', [], true)
 5 APPPATH\Controllers\Harian.php(17): view('dataharian', [...])
 6 SYSTEMPATH\CodeIgniter.php(934): App\Controllers\Harian->index()
 7 SYSTEMPATH\CodeIgniter.php(499): CodeIgniter\CodeIgniter->runController(Object(App\Controllers\Harian))
 8 SYSTEMPATH\CodeIgniter.php(368): CodeIgniter\CodeIgniter->handleRequest(null, Object(Config\Cache), false)
 9 FCPATH\index.php(67): CodeIgniter\CodeIgniter->run()
10 SYSTEMPATH\Commands\Server\rewrite.php(47): require_once('C:\\xampp\\htdocs\\web_deperkasa\\public\\index.php')
CRITICAL - 2023-06-26 16:07:30 --> Undefined variable: no
in APPPATH\Views\dataharian.php on line 52.
 1 APPPATH\Views\dataharian.php(52): CodeIgniter\Debug\Exceptions->errorHandler(8, 'Undefined variable: no', 'C:\\xampp\\htdocs\\web_deperkasa\\app\\Views\\dataharian.php', 52, [...])
 2 SYSTEMPATH\View\View.php(213): include('C:\\xampp\\htdocs\\web_deperkasa\\app\\Views\\dataharian.php')
 3 SYSTEMPATH\View\View.php(216): CodeIgniter\View\View->CodeIgniter\View\{closure}()
 4 SYSTEMPATH\Common.php(1184): CodeIgniter\View\View->render('dataharian', [], true)
 5 APPPATH\Controllers\Harian.php(17): view('dataharian', [...])
 6 SYSTEMPATH\CodeIgniter.php(934): App\Controllers\Harian->index()
 7 SYSTEMPATH\CodeIgniter.php(499): CodeIgniter\CodeIgniter->runController(Object(App\Controllers\Harian))
 8 SYSTEMPATH\CodeIgniter.php(368): CodeIgniter\CodeIgniter->handleRequest(null, Object(Config\Cache), false)
 9 FCPATH\index.php(67): CodeIgniter\CodeIgniter->run()
10 SYSTEMPATH\Commands\Server\rewrite.php(47): require_once('C:\\xampp\\htdocs\\web_deperkasa\\public\\index.php')
CRITICAL - 2023-06-26 16:07:31 --> Undefined variable: no
in APPPATH\Views\dataharian.php on line 52.
 1 APPPATH\Views\dataharian.php(52): CodeIgniter\Debug\Exceptions->errorHandler(8, 'Undefined variable: no', 'C:\\xampp\\htdocs\\web_deperkasa\\app\\Views\\dataharian.php', 52, [...])
 2 SYSTEMPATH\View\View.php(213): include('C:\\xampp\\htdocs\\web_deperkasa\\app\\Views\\dataharian.php')
 3 SYSTEMPATH\View\View.php(216): CodeIgniter\View\View->CodeIgniter\View\{closure}()
 4 SYSTEMPATH\Common.php(1184): CodeIgniter\View\View->render('dataharian', [], true)
 5 APPPATH\Controllers\Harian.php(17): view('dataharian', [...])
 6 SYSTEMPATH\CodeIgniter.php(934): App\Controllers\Harian->index()
 7 SYSTEMPATH\CodeIgniter.php(499): CodeIgniter\CodeIgniter->runController(Object(App\Controllers\Harian))
 8 SYSTEMPATH\CodeIgniter.php(368): CodeIgniter\CodeIgniter->handleRequest(null, Object(Config\Cache), false)
 9 FCPATH\index.php(67): CodeIgniter\CodeIgniter->run()
10 SYSTEMPATH\Commands\Server\rewrite.php(47): require_once('C:\\xampp\\htdocs\\web_deperkasa\\public\\index.php')
CRITICAL - 2023-06-26 16:08:04 --> Undefined variable: no
in APPPATH\Views\dataharian.php on line 52.
 1 APPPATH\Views\dataharian.php(52): CodeIgniter\Debug\Exceptions->errorHandler(8, 'Undefined variable: no', 'C:\\xampp\\htdocs\\web_deperkasa\\app\\Views\\dataharian.php', 52, [...])
 2 SYSTEMPATH\View\View.php(213): include('C:\\xampp\\htdocs\\web_deperkasa\\app\\Views\\dataharian.php')
 3 SYSTEMPATH\View\View.php(216): CodeIgniter\View\View->CodeIgniter\View\{closure}()
 4 SYSTEMPATH\Common.php(1184): CodeIgniter\View\View->render('dataharian', [], true)
 5 APPPATH\Controllers\Harian.php(17): view('dataharian', [...])
 6 SYSTEMPATH\CodeIgniter.php(934): App\Controllers\Harian->index()
 7 SYSTEMPATH\CodeIgniter.php(499): CodeIgniter\CodeIgniter->runController(Object(App\Controllers\Harian))
 8 SYSTEMPATH\CodeIgniter.php(368): CodeIgniter\CodeIgniter->handleRequest(null, Object(Config\Cache), false)
 9 FCPATH\index.php(67): CodeIgniter\CodeIgniter->run()
10 SYSTEMPATH\Commands\Server\rewrite.php(47): require_once('C:\\xampp\\htdocs\\web_deperkasa\\public\\index.php')
CRITICAL - 2023-06-26 16:14:23 --> syntax error, unexpected ':'
in APPPATH\Views\dataharian.php on line 51.
 1 SYSTEMPATH\View\View.php(216): CodeIgniter\View\View->CodeIgniter\View\{closure}()
 2 SYSTEMPATH\Common.php(1184): CodeIgniter\View\View->render('dataharian', [], true)
 3 APPPATH\Controllers\Harian.php(17): view('dataharian', [...])
 4 SYSTEMPATH\CodeIgniter.php(934): App\Controllers\Harian->index()
 5 SYSTEMPATH\CodeIgniter.php(499): CodeIgniter\CodeIgniter->runController(Object(App\Controllers\Harian))
 6 SYSTEMPATH\CodeIgniter.php(368): CodeIgniter\CodeIgniter->handleRequest(null, Object(Config\Cache), false)
 7 FCPATH\index.php(67): CodeIgniter\CodeIgniter->run()
 8 SYSTEMPATH\Commands\Server\rewrite.php(47): require_once('C:\\xampp\\htdocs\\web_deperkasa\\public\\index.php')
CRITICAL - 2023-06-26 16:14:24 --> syntax error, unexpected ':'
in APPPATH\Views\dataharian.php on line 51.
 1 SYSTEMPATH\View\View.php(216): CodeIgniter\View\View->CodeIgniter\View\{closure}()
 2 SYSTEMPATH\Common.php(1184): CodeIgniter\View\View->render('dataharian', [], true)
 3 APPPATH\Controllers\Harian.php(17): view('dataharian', [...])
 4 SYSTEMPATH\CodeIgniter.php(934): App\Controllers\Harian->index()
 5 SYSTEMPATH\CodeIgniter.php(499): CodeIgniter\CodeIgniter->runController(Object(App\Controllers\Harian))
 6 SYSTEMPATH\CodeIgniter.php(368): CodeIgniter\CodeIgniter->handleRequest(null, Object(Config\Cache), false)
 7 FCPATH\index.php(67): CodeIgniter\CodeIgniter->run()
 8 SYSTEMPATH\Commands\Server\rewrite.php(47): require_once('C:\\xampp\\htdocs\\web_deperkasa\\public\\index.php')
