INFO - 2023-08-24 02:57:25 --> Session: Class initialized using 'CodeIgniter\Session\Handlers\FileHandler' driver.
CRITICAL - 2023-08-24 03:23:56 --> Undefined variable: selectedMonth
in APPPATH\Views\pdf\pdf_harian.php on line 59.
 1 APPPATH\Views\pdf\pdf_harian.php(59): CodeIgniter\Debug\Exceptions->errorHandler(8, 'Undefined variable: selectedMonth', 'C:\\xampp\\htdocs\\web_deperkasa\\app\\Views\\pdf\\pdf_harian.php', 59, [...])
 2 SYSTEMPATH\View\View.php(213): include('C:\\xampp\\htdocs\\web_deperkasa\\app\\Views\\pdf\\pdf_harian.php')
 3 SYSTEMPATH\View\View.php(216): CodeIgniter\View\View->CodeIgniter\View\{closure}()
 4 SYSTEMPATH\Common.php(1184): CodeIgniter\View\View->render('pdf/pdf_harian', [], true)
 5 APPPATH\Controllers\PdfController.php(26): view('pdf/pdf_harian', [...])
 6 APPPATH\Controllers\PdfController.php(36): App\Controllers\PdfController->rekapHariantanggal('2023-08-19')
 7 SYSTEMPATH\CodeIgniter.php(934): App\Controllers\PdfController->rekapHariantgl()
 8 SYSTEMPATH\CodeIgniter.php(499): CodeIgniter\CodeIgniter->runController(Object(App\Controllers\PdfController))
 9 SYSTEMPATH\CodeIgniter.php(368): CodeIgniter\CodeIgniter->handleRequest(null, Object(Config\Cache), false)
10 FCPATH\index.php(67): CodeIgniter\CodeIgniter->run()
11 SYSTEMPATH\Commands\Server\rewrite.php(47): require_once('C:\\xampp\\htdocs\\web_deperkasa\\public\\index.php')
CRITICAL - 2023-08-24 03:24:48 --> Undefined variable: selectedMonth
in APPPATH\Views\pdf\pdf_harian.php on line 59.
 1 APPPATH\Views\pdf\pdf_harian.php(59): CodeIgniter\Debug\Exceptions->errorHandler(8, 'Undefined variable: selectedMonth', 'C:\\xampp\\htdocs\\web_deperkasa\\app\\Views\\pdf\\pdf_harian.php', 59, [...])
 2 SYSTEMPATH\View\View.php(213): include('C:\\xampp\\htdocs\\web_deperkasa\\app\\Views\\pdf\\pdf_harian.php')
 3 SYSTEMPATH\View\View.php(216): CodeIgniter\View\View->CodeIgniter\View\{closure}()
 4 SYSTEMPATH\Common.php(1184): CodeIgniter\View\View->render('pdf/pdf_harian', [], true)
 5 APPPATH\Controllers\PdfController.php(66): view('pdf/pdf_harian', [...])
 6 APPPATH\Controllers\PdfController.php(77): App\Controllers\PdfController->rekapHarianBulan('2023-08')
 7 SYSTEMPATH\CodeIgniter.php(934): App\Controllers\PdfController->rekapHarianBln()
 8 SYSTEMPATH\CodeIgniter.php(499): CodeIgniter\CodeIgniter->runController(Object(App\Controllers\PdfController))
 9 SYSTEMPATH\CodeIgniter.php(368): CodeIgniter\CodeIgniter->handleRequest(null, Object(Config\Cache), false)
10 FCPATH\index.php(67): CodeIgniter\CodeIgniter->run()
11 SYSTEMPATH\Commands\Server\rewrite.php(47): require_once('C:\\xampp\\htdocs\\web_deperkasa\\public\\index.php')
CRITICAL - 2023-08-24 03:26:13 --> Undefined variable: selectedMonth
in APPPATH\Views\pdf\pdf_harian.php on line 59.
 1 APPPATH\Views\pdf\pdf_harian.php(59): CodeIgniter\Debug\Exceptions->errorHandler(8, 'Undefined variable: selectedMonth', 'C:\\xampp\\htdocs\\web_deperkasa\\app\\Views\\pdf\\pdf_harian.php', 59, [...])
 2 SYSTEMPATH\View\View.php(213): include('C:\\xampp\\htdocs\\web_deperkasa\\app\\Views\\pdf\\pdf_harian.php')
 3 SYSTEMPATH\View\View.php(216): CodeIgniter\View\View->CodeIgniter\View\{closure}()
 4 SYSTEMPATH\Common.php(1184): CodeIgniter\View\View->render('pdf/pdf_harian', [], true)
 5 APPPATH\Controllers\PdfController.php(66): view('pdf/pdf_harian', [...])
 6 APPPATH\Controllers\PdfController.php(77): App\Controllers\PdfController->rekapHarianBulan('2023-08')
 7 SYSTEMPATH\CodeIgniter.php(934): App\Controllers\PdfController->rekapHarianBln()
 8 SYSTEMPATH\CodeIgniter.php(499): CodeIgniter\CodeIgniter->runController(Object(App\Controllers\PdfController))
 9 SYSTEMPATH\CodeIgniter.php(368): CodeIgniter\CodeIgniter->handleRequest(null, Object(Config\Cache), false)
10 FCPATH\index.php(67): CodeIgniter\CodeIgniter->run()
11 SYSTEMPATH\Commands\Server\rewrite.php(47): require_once('C:\\xampp\\htdocs\\web_deperkasa\\public\\index.php')
CRITICAL - 2023-08-24 03:26:48 --> Undefined variable: selectedMonth
in APPPATH\Views\pdf\pdf_harian.php on line 59.
 1 APPPATH\Views\pdf\pdf_harian.php(59): CodeIgniter\Debug\Exceptions->errorHandler(8, 'Undefined variable: selectedMonth', 'C:\\xampp\\htdocs\\web_deperkasa\\app\\Views\\pdf\\pdf_harian.php', 59, [...])
 2 SYSTEMPATH\View\View.php(213): include('C:\\xampp\\htdocs\\web_deperkasa\\app\\Views\\pdf\\pdf_harian.php')
 3 SYSTEMPATH\View\View.php(216): CodeIgniter\View\View->CodeIgniter\View\{closure}()
 4 SYSTEMPATH\Common.php(1184): CodeIgniter\View\View->render('pdf/pdf_harian', [], true)
 5 APPPATH\Controllers\PdfController.php(66): view('pdf/pdf_harian', [...])
 6 APPPATH\Controllers\PdfController.php(77): App\Controllers\PdfController->rekapHarianBulan('2023-08')
 7 SYSTEMPATH\CodeIgniter.php(934): App\Controllers\PdfController->rekapHarianBln()
 8 SYSTEMPATH\CodeIgniter.php(499): CodeIgniter\CodeIgniter->runController(Object(App\Controllers\PdfController))
 9 SYSTEMPATH\CodeIgniter.php(368): CodeIgniter\CodeIgniter->handleRequest(null, Object(Config\Cache), false)
10 FCPATH\index.php(67): CodeIgniter\CodeIgniter->run()
11 SYSTEMPATH\Commands\Server\rewrite.php(47): require_once('C:\\xampp\\htdocs\\web_deperkasa\\public\\index.php')
CRITICAL - 2023-08-24 03:27:04 --> Undefined variable: selectedMonth
in APPPATH\Views\pdf\pdf_harian.php on line 59.
 1 APPPATH\Views\pdf\pdf_harian.php(59): CodeIgniter\Debug\Exceptions->errorHandler(8, 'Undefined variable: selectedMonth', 'C:\\xampp\\htdocs\\web_deperkasa\\app\\Views\\pdf\\pdf_harian.php', 59, [...])
 2 SYSTEMPATH\View\View.php(213): include('C:\\xampp\\htdocs\\web_deperkasa\\app\\Views\\pdf\\pdf_harian.php')
 3 SYSTEMPATH\View\View.php(216): CodeIgniter\View\View->CodeIgniter\View\{closure}()
 4 SYSTEMPATH\Common.php(1184): CodeIgniter\View\View->render('pdf/pdf_harian', [], true)
 5 APPPATH\Controllers\PdfController.php(66): view('pdf/pdf_harian', [...])
 6 APPPATH\Controllers\PdfController.php(77): App\Controllers\PdfController->rekapHarianBulan('2023-08')
 7 SYSTEMPATH\CodeIgniter.php(934): App\Controllers\PdfController->rekapHarianBln()
 8 SYSTEMPATH\CodeIgniter.php(499): CodeIgniter\CodeIgniter->runController(Object(App\Controllers\PdfController))
 9 SYSTEMPATH\CodeIgniter.php(368): CodeIgniter\CodeIgniter->handleRequest(null, Object(Config\Cache), false)
10 FCPATH\index.php(67): CodeIgniter\CodeIgniter->run()
11 SYSTEMPATH\Commands\Server\rewrite.php(47): require_once('C:\\xampp\\htdocs\\web_deperkasa\\public\\index.php')
CRITICAL - 2023-08-24 03:28:16 --> Undefined variable: selectedMonth
in APPPATH\Views\pdf\pdf_harian.php on line 59.
 1 APPPATH\Views\pdf\pdf_harian.php(59): CodeIgniter\Debug\Exceptions->errorHandler(8, 'Undefined variable: selectedMonth', 'C:\\xampp\\htdocs\\web_deperkasa\\app\\Views\\pdf\\pdf_harian.php', 59, [...])
 2 SYSTEMPATH\View\View.php(213): include('C:\\xampp\\htdocs\\web_deperkasa\\app\\Views\\pdf\\pdf_harian.php')
 3 SYSTEMPATH\View\View.php(216): CodeIgniter\View\View->CodeIgniter\View\{closure}()
 4 SYSTEMPATH\Common.php(1184): CodeIgniter\View\View->render('pdf/pdf_harian', [], true)
 5 APPPATH\Controllers\PdfController.php(66): view('pdf/pdf_harian', [...])
 6 APPPATH\Controllers\PdfController.php(77): App\Controllers\PdfController->rekapHarianBulan('2023-08')
 7 SYSTEMPATH\CodeIgniter.php(934): App\Controllers\PdfController->rekapHarianBln()
 8 SYSTEMPATH\CodeIgniter.php(499): CodeIgniter\CodeIgniter->runController(Object(App\Controllers\PdfController))
 9 SYSTEMPATH\CodeIgniter.php(368): CodeIgniter\CodeIgniter->handleRequest(null, Object(Config\Cache), false)
10 FCPATH\index.php(67): CodeIgniter\CodeIgniter->run()
11 SYSTEMPATH\Commands\Server\rewrite.php(47): require_once('C:\\xampp\\htdocs\\web_deperkasa\\public\\index.php')
CRITICAL - 2023-08-24 03:29:03 --> Undefined variable: harian
in APPPATH\Views\pdf\pdf_harian.php on line 59.
 1 APPPATH\Views\pdf\pdf_harian.php(59): CodeIgniter\Debug\Exceptions->errorHandler(8, 'Undefined variable: harian', 'C:\\xampp\\htdocs\\web_deperkasa\\app\\Views\\pdf\\pdf_harian.php', 59, [...])
 2 SYSTEMPATH\View\View.php(213): include('C:\\xampp\\htdocs\\web_deperkasa\\app\\Views\\pdf\\pdf_harian.php')
 3 SYSTEMPATH\View\View.php(216): CodeIgniter\View\View->CodeIgniter\View\{closure}()
 4 SYSTEMPATH\Common.php(1184): CodeIgniter\View\View->render('pdf/pdf_harian', [], true)
 5 APPPATH\Controllers\PdfController.php(66): view('pdf/pdf_harian', [...])
 6 APPPATH\Controllers\PdfController.php(77): App\Controllers\PdfController->rekapHarianBulan('2023-08')
 7 SYSTEMPATH\CodeIgniter.php(934): App\Controllers\PdfController->rekapHarianBln()
 8 SYSTEMPATH\CodeIgniter.php(499): CodeIgniter\CodeIgniter->runController(Object(App\Controllers\PdfController))
 9 SYSTEMPATH\CodeIgniter.php(368): CodeIgniter\CodeIgniter->handleRequest(null, Object(Config\Cache), false)
10 FCPATH\index.php(67): CodeIgniter\CodeIgniter->run()
11 SYSTEMPATH\Commands\Server\rewrite.php(47): require_once('C:\\xampp\\htdocs\\web_deperkasa\\public\\index.php')
CRITICAL - 2023-08-24 03:31:47 --> Undefined variable: harian
in APPPATH\Views\pdf\pdf_harian.php on line 59.
 1 APPPATH\Views\pdf\pdf_harian.php(59): CodeIgniter\Debug\Exceptions->errorHandler(8, 'Undefined variable: harian', 'C:\\xampp\\htdocs\\web_deperkasa\\app\\Views\\pdf\\pdf_harian.php', 59, [...])
 2 SYSTEMPATH\View\View.php(213): include('C:\\xampp\\htdocs\\web_deperkasa\\app\\Views\\pdf\\pdf_harian.php')
 3 SYSTEMPATH\View\View.php(216): CodeIgniter\View\View->CodeIgniter\View\{closure}()
 4 SYSTEMPATH\Common.php(1184): CodeIgniter\View\View->render('pdf/pdf_harian', [], true)
 5 APPPATH\Controllers\PdfController.php(66): view('pdf/pdf_harian', [...])
 6 APPPATH\Controllers\PdfController.php(77): App\Controllers\PdfController->rekapHarianBulan('2023-08')
 7 SYSTEMPATH\CodeIgniter.php(934): App\Controllers\PdfController->rekapHarianBln()
 8 SYSTEMPATH\CodeIgniter.php(499): CodeIgniter\CodeIgniter->runController(Object(App\Controllers\PdfController))
 9 SYSTEMPATH\CodeIgniter.php(368): CodeIgniter\CodeIgniter->handleRequest(null, Object(Config\Cache), false)
10 FCPATH\index.php(67): CodeIgniter\CodeIgniter->run()
11 SYSTEMPATH\Commands\Server\rewrite.php(47): require_once('C:\\xampp\\htdocs\\web_deperkasa\\public\\index.php')
CRITICAL - 2023-08-24 03:31:57 --> Undefined variable: selectedMonth
in APPPATH\Views\pdf\pdf_harian.php on line 59.
 1 APPPATH\Views\pdf\pdf_harian.php(59): CodeIgniter\Debug\Exceptions->errorHandler(8, 'Undefined variable: selectedMonth', 'C:\\xampp\\htdocs\\web_deperkasa\\app\\Views\\pdf\\pdf_harian.php', 59, [...])
 2 SYSTEMPATH\View\View.php(213): include('C:\\xampp\\htdocs\\web_deperkasa\\app\\Views\\pdf\\pdf_harian.php')
 3 SYSTEMPATH\View\View.php(216): CodeIgniter\View\View->CodeIgniter\View\{closure}()
 4 SYSTEMPATH\Common.php(1184): CodeIgniter\View\View->render('pdf/pdf_harian', [], true)
 5 APPPATH\Controllers\PdfController.php(66): view('pdf/pdf_harian', [...])
 6 APPPATH\Controllers\PdfController.php(77): App\Controllers\PdfController->rekapHarianBulan('2023-08')
 7 SYSTEMPATH\CodeIgniter.php(934): App\Controllers\PdfController->rekapHarianBln()
 8 SYSTEMPATH\CodeIgniter.php(499): CodeIgniter\CodeIgniter->runController(Object(App\Controllers\PdfController))
 9 SYSTEMPATH\CodeIgniter.php(368): CodeIgniter\CodeIgniter->handleRequest(null, Object(Config\Cache), false)
10 FCPATH\index.php(67): CodeIgniter\CodeIgniter->run()
11 SYSTEMPATH\Commands\Server\rewrite.php(47): require_once('C:\\xampp\\htdocs\\web_deperkasa\\public\\index.php')
CRITICAL - 2023-08-24 03:43:47 --> Undefined variable: startDate
in APPPATH\Views\pdf\pdf_harian.php on line 74.
 1 APPPATH\Views\pdf\pdf_harian.php(74): CodeIgniter\Debug\Exceptions->errorHandler(8, 'Undefined variable: startDate', 'C:\\xampp\\htdocs\\web_deperkasa\\app\\Views\\pdf\\pdf_harian.php', 74, [...])
 2 SYSTEMPATH\View\View.php(213): include('C:\\xampp\\htdocs\\web_deperkasa\\app\\Views\\pdf\\pdf_harian.php')
 3 SYSTEMPATH\View\View.php(216): CodeIgniter\View\View->CodeIgniter\View\{closure}()
 4 SYSTEMPATH\Common.php(1184): CodeIgniter\View\View->render('pdf/pdf_harian', [], true)
 5 APPPATH\Controllers\PdfController.php(67): view('pdf/pdf_harian', [...])
 6 APPPATH\Controllers\PdfController.php(78): App\Controllers\PdfController->rekapHarianBulan('2023-12')
 7 SYSTEMPATH\CodeIgniter.php(934): App\Controllers\PdfController->rekapHarianBln()
 8 SYSTEMPATH\CodeIgniter.php(499): CodeIgniter\CodeIgniter->runController(Object(App\Controllers\PdfController))
 9 SYSTEMPATH\CodeIgniter.php(368): CodeIgniter\CodeIgniter->handleRequest(null, Object(Config\Cache), false)
10 FCPATH\index.php(67): CodeIgniter\CodeIgniter->run()
11 SYSTEMPATH\Commands\Server\rewrite.php(47): require_once('C:\\xampp\\htdocs\\web_deperkasa\\public\\index.php')
CRITICAL - 2023-08-24 03:47:56 --> Undefined variable: selectedMonth
in APPPATH\Views\pdf\pdf_harian.php on line 59.
 1 APPPATH\Views\pdf\pdf_harian.php(59): CodeIgniter\Debug\Exceptions->errorHandler(8, 'Undefined variable: selectedMonth', 'C:\\xampp\\htdocs\\web_deperkasa\\app\\Views\\pdf\\pdf_harian.php', 59, [...])
 2 SYSTEMPATH\View\View.php(213): include('C:\\xampp\\htdocs\\web_deperkasa\\app\\Views\\pdf\\pdf_harian.php')
 3 SYSTEMPATH\View\View.php(216): CodeIgniter\View\View->CodeIgniter\View\{closure}()
 4 SYSTEMPATH\Common.php(1184): CodeIgniter\View\View->render('pdf/pdf_harian', [], true)
 5 APPPATH\Controllers\PdfController.php(67): view('pdf/pdf_harian', [...])
 6 APPPATH\Controllers\PdfController.php(78): App\Controllers\PdfController->rekapHarianBulan('2023-08')
 7 SYSTEMPATH\CodeIgniter.php(934): App\Controllers\PdfController->rekapHarianBln()
 8 SYSTEMPATH\CodeIgniter.php(499): CodeIgniter\CodeIgniter->runController(Object(App\Controllers\PdfController))
 9 SYSTEMPATH\CodeIgniter.php(368): CodeIgniter\CodeIgniter->handleRequest(null, Object(Config\Cache), false)
10 FCPATH\index.php(67): CodeIgniter\CodeIgniter->run()
11 SYSTEMPATH\Commands\Server\rewrite.php(47): require_once('C:\\xampp\\htdocs\\web_deperkasa\\public\\index.php')
CRITICAL - 2023-08-24 03:48:31 --> Undefined variable: selectedMonth
in APPPATH\Views\pdf\pdf_harian.php on line 59.
 1 APPPATH\Views\pdf\pdf_harian.php(59): CodeIgniter\Debug\Exceptions->errorHandler(8, 'Undefined variable: selectedMonth', 'C:\\xampp\\htdocs\\web_deperkasa\\app\\Views\\pdf\\pdf_harian.php', 59, [...])
 2 SYSTEMPATH\View\View.php(213): include('C:\\xampp\\htdocs\\web_deperkasa\\app\\Views\\pdf\\pdf_harian.php')
 3 SYSTEMPATH\View\View.php(216): CodeIgniter\View\View->CodeIgniter\View\{closure}()
 4 SYSTEMPATH\Common.php(1184): CodeIgniter\View\View->render('pdf/pdf_harian', [], true)
 5 APPPATH\Controllers\PdfController.php(67): view('pdf/pdf_harian', [...])
 6 APPPATH\Controllers\PdfController.php(78): App\Controllers\PdfController->rekapHarianBulan('2023-08')
 7 SYSTEMPATH\CodeIgniter.php(934): App\Controllers\PdfController->rekapHarianBln()
 8 SYSTEMPATH\CodeIgniter.php(499): CodeIgniter\CodeIgniter->runController(Object(App\Controllers\PdfController))
 9 SYSTEMPATH\CodeIgniter.php(368): CodeIgniter\CodeIgniter->handleRequest(null, Object(Config\Cache), false)
10 FCPATH\index.php(67): CodeIgniter\CodeIgniter->run()
11 SYSTEMPATH\Commands\Server\rewrite.php(47): require_once('C:\\xampp\\htdocs\\web_deperkasa\\public\\index.php')
CRITICAL - 2023-08-24 03:48:57 --> Undefined variable: selectedMonth
in APPPATH\Views\pdf\pdf_harian.php on line 59.
 1 APPPATH\Views\pdf\pdf_harian.php(59): CodeIgniter\Debug\Exceptions->errorHandler(8, 'Undefined variable: selectedMonth', 'C:\\xampp\\htdocs\\web_deperkasa\\app\\Views\\pdf\\pdf_harian.php', 59, [...])
 2 SYSTEMPATH\View\View.php(213): include('C:\\xampp\\htdocs\\web_deperkasa\\app\\Views\\pdf\\pdf_harian.php')
 3 SYSTEMPATH\View\View.php(216): CodeIgniter\View\View->CodeIgniter\View\{closure}()
 4 SYSTEMPATH\Common.php(1184): CodeIgniter\View\View->render('pdf/pdf_harian', [], true)
 5 APPPATH\Controllers\PdfController.php(67): view('pdf/pdf_harian', [...])
 6 APPPATH\Controllers\PdfController.php(78): App\Controllers\PdfController->rekapHarianBulan('2023-08')
 7 SYSTEMPATH\CodeIgniter.php(934): App\Controllers\PdfController->rekapHarianBln()
 8 SYSTEMPATH\CodeIgniter.php(499): CodeIgniter\CodeIgniter->runController(Object(App\Controllers\PdfController))
 9 SYSTEMPATH\CodeIgniter.php(368): CodeIgniter\CodeIgniter->handleRequest(null, Object(Config\Cache), false)
10 FCPATH\index.php(67): CodeIgniter\CodeIgniter->run()
11 SYSTEMPATH\Commands\Server\rewrite.php(47): require_once('C:\\xampp\\htdocs\\web_deperkasa\\public\\index.php')
CRITICAL - 2023-08-24 03:49:39 --> Undefined variable: harian
in APPPATH\Views\pdf\pdf_harian.php on line 59.
 1 APPPATH\Views\pdf\pdf_harian.php(59): CodeIgniter\Debug\Exceptions->errorHandler(8, 'Undefined variable: harian', 'C:\\xampp\\htdocs\\web_deperkasa\\app\\Views\\pdf\\pdf_harian.php', 59, [...])
 2 SYSTEMPATH\View\View.php(213): include('C:\\xampp\\htdocs\\web_deperkasa\\app\\Views\\pdf\\pdf_harian.php')
 3 SYSTEMPATH\View\View.php(216): CodeIgniter\View\View->CodeIgniter\View\{closure}()
 4 SYSTEMPATH\Common.php(1184): CodeIgniter\View\View->render('pdf/pdf_harian', [], true)
 5 APPPATH\Controllers\PdfController.php(67): view('pdf/pdf_harian', [...])
 6 APPPATH\Controllers\PdfController.php(78): App\Controllers\PdfController->rekapHarianBulan('2023-08')
 7 SYSTEMPATH\CodeIgniter.php(934): App\Controllers\PdfController->rekapHarianBln()
 8 SYSTEMPATH\CodeIgniter.php(499): CodeIgniter\CodeIgniter->runController(Object(App\Controllers\PdfController))
 9 SYSTEMPATH\CodeIgniter.php(368): CodeIgniter\CodeIgniter->handleRequest(null, Object(Config\Cache), false)
10 FCPATH\index.php(67): CodeIgniter\CodeIgniter->run()
11 SYSTEMPATH\Commands\Server\rewrite.php(47): require_once('C:\\xampp\\htdocs\\web_deperkasa\\public\\index.php')
CRITICAL - 2023-08-24 03:53:01 --> Undefined variable: selectedMonth
in APPPATH\Views\pdf\pdf_harian.php on line 59.
 1 APPPATH\Views\pdf\pdf_harian.php(59): CodeIgniter\Debug\Exceptions->errorHandler(8, 'Undefined variable: selectedMonth', 'C:\\xampp\\htdocs\\web_deperkasa\\app\\Views\\pdf\\pdf_harian.php', 59, [...])
 2 SYSTEMPATH\View\View.php(213): include('C:\\xampp\\htdocs\\web_deperkasa\\app\\Views\\pdf\\pdf_harian.php')
 3 SYSTEMPATH\View\View.php(216): CodeIgniter\View\View->CodeIgniter\View\{closure}()
 4 SYSTEMPATH\Common.php(1184): CodeIgniter\View\View->render('pdf/pdf_harian', [], true)
 5 APPPATH\Controllers\PdfController.php(67): view('pdf/pdf_harian', [...])
 6 APPPATH\Controllers\PdfController.php(78): App\Controllers\PdfController->rekapHarianBulan('2023-12')
 7 SYSTEMPATH\CodeIgniter.php(934): App\Controllers\PdfController->rekapHarianBln()
 8 SYSTEMPATH\CodeIgniter.php(499): CodeIgniter\CodeIgniter->runController(Object(App\Controllers\PdfController))
 9 SYSTEMPATH\CodeIgniter.php(368): CodeIgniter\CodeIgniter->handleRequest(null, Object(Config\Cache), false)
10 FCPATH\index.php(67): CodeIgniter\CodeIgniter->run()
11 SYSTEMPATH\Commands\Server\rewrite.php(47): require_once('C:\\xampp\\htdocs\\web_deperkasa\\public\\index.php')
CRITICAL - 2023-08-24 03:53:10 --> Undefined variable: selectedMonth
in APPPATH\Views\pdf\pdf_harian.php on line 59.
 1 APPPATH\Views\pdf\pdf_harian.php(59): CodeIgniter\Debug\Exceptions->errorHandler(8, 'Undefined variable: selectedMonth', 'C:\\xampp\\htdocs\\web_deperkasa\\app\\Views\\pdf\\pdf_harian.php', 59, [...])
 2 SYSTEMPATH\View\View.php(213): include('C:\\xampp\\htdocs\\web_deperkasa\\app\\Views\\pdf\\pdf_harian.php')
 3 SYSTEMPATH\View\View.php(216): CodeIgniter\View\View->CodeIgniter\View\{closure}()
 4 SYSTEMPATH\Common.php(1184): CodeIgniter\View\View->render('pdf/pdf_harian', [], true)
 5 APPPATH\Controllers\PdfController.php(67): view('pdf/pdf_harian', [...])
 6 APPPATH\Controllers\PdfController.php(78): App\Controllers\PdfController->rekapHarianBulan('2023-12')
 7 SYSTEMPATH\CodeIgniter.php(934): App\Controllers\PdfController->rekapHarianBln()
 8 SYSTEMPATH\CodeIgniter.php(499): CodeIgniter\CodeIgniter->runController(Object(App\Controllers\PdfController))
 9 SYSTEMPATH\CodeIgniter.php(368): CodeIgniter\CodeIgniter->handleRequest(null, Object(Config\Cache), false)
10 FCPATH\index.php(67): CodeIgniter\CodeIgniter->run()
11 SYSTEMPATH\Commands\Server\rewrite.php(47): require_once('C:\\xampp\\htdocs\\web_deperkasa\\public\\index.php')
CRITICAL - 2023-08-24 03:55:15 --> Undefined variable: time
in APPPATH\Views\pdf\pdf_harian.php on line 59.
 1 APPPATH\Views\pdf\pdf_harian.php(59): CodeIgniter\Debug\Exceptions->errorHandler(8, 'Undefined variable: time', 'C:\\xampp\\htdocs\\web_deperkasa\\app\\Views\\pdf\\pdf_harian.php', 59, [...])
 2 SYSTEMPATH\View\View.php(213): include('C:\\xampp\\htdocs\\web_deperkasa\\app\\Views\\pdf\\pdf_harian.php')
 3 SYSTEMPATH\View\View.php(216): CodeIgniter\View\View->CodeIgniter\View\{closure}()
 4 SYSTEMPATH\Common.php(1184): CodeIgniter\View\View->render('pdf/pdf_harian', [], true)
 5 APPPATH\Controllers\PdfController.php(67): view('pdf/pdf_harian', [...])
 6 APPPATH\Controllers\PdfController.php(78): App\Controllers\PdfController->rekapHarianBulan('2023-08')
 7 SYSTEMPATH\CodeIgniter.php(934): App\Controllers\PdfController->rekapHarianBln()
 8 SYSTEMPATH\CodeIgniter.php(499): CodeIgniter\CodeIgniter->runController(Object(App\Controllers\PdfController))
 9 SYSTEMPATH\CodeIgniter.php(368): CodeIgniter\CodeIgniter->handleRequest(null, Object(Config\Cache), false)
10 FCPATH\index.php(67): CodeIgniter\CodeIgniter->run()
11 SYSTEMPATH\Commands\Server\rewrite.php(47): require_once('C:\\xampp\\htdocs\\web_deperkasa\\public\\index.php')
CRITICAL - 2023-08-24 03:55:35 --> Undefined variable: harian
in APPPATH\Views\pdf\pdf_harian.php on line 59.
 1 APPPATH\Views\pdf\pdf_harian.php(59): CodeIgniter\Debug\Exceptions->errorHandler(8, 'Undefined variable: harian', 'C:\\xampp\\htdocs\\web_deperkasa\\app\\Views\\pdf\\pdf_harian.php', 59, [...])
 2 SYSTEMPATH\View\View.php(213): include('C:\\xampp\\htdocs\\web_deperkasa\\app\\Views\\pdf\\pdf_harian.php')
 3 SYSTEMPATH\View\View.php(216): CodeIgniter\View\View->CodeIgniter\View\{closure}()
 4 SYSTEMPATH\Common.php(1184): CodeIgniter\View\View->render('pdf/pdf_harian', [], true)
 5 APPPATH\Controllers\PdfController.php(67): view('pdf/pdf_harian', [...])
 6 APPPATH\Controllers\PdfController.php(78): App\Controllers\PdfController->rekapHarianBulan('2023-08')
 7 SYSTEMPATH\CodeIgniter.php(934): App\Controllers\PdfController->rekapHarianBln()
 8 SYSTEMPATH\CodeIgniter.php(499): CodeIgniter\CodeIgniter->runController(Object(App\Controllers\PdfController))
 9 SYSTEMPATH\CodeIgniter.php(368): CodeIgniter\CodeIgniter->handleRequest(null, Object(Config\Cache), false)
10 FCPATH\index.php(67): CodeIgniter\CodeIgniter->run()
11 SYSTEMPATH\Commands\Server\rewrite.php(47): require_once('C:\\xampp\\htdocs\\web_deperkasa\\public\\index.php')
CRITICAL - 2023-08-24 03:55:57 --> Undefined variable: harian
in APPPATH\Views\pdf\pdf_harian.php on line 59.
 1 APPPATH\Views\pdf\pdf_harian.php(59): CodeIgniter\Debug\Exceptions->errorHandler(8, 'Undefined variable: harian', 'C:\\xampp\\htdocs\\web_deperkasa\\app\\Views\\pdf\\pdf_harian.php', 59, [...])
 2 SYSTEMPATH\View\View.php(213): include('C:\\xampp\\htdocs\\web_deperkasa\\app\\Views\\pdf\\pdf_harian.php')
 3 SYSTEMPATH\View\View.php(216): CodeIgniter\View\View->CodeIgniter\View\{closure}()
 4 SYSTEMPATH\Common.php(1184): CodeIgniter\View\View->render('pdf/pdf_harian', [], true)
 5 APPPATH\Controllers\PdfController.php(67): view('pdf/pdf_harian', [...])
 6 APPPATH\Controllers\PdfController.php(78): App\Controllers\PdfController->rekapHarianBulan('2023-08')
 7 SYSTEMPATH\CodeIgniter.php(934): App\Controllers\PdfController->rekapHarianBln()
 8 SYSTEMPATH\CodeIgniter.php(499): CodeIgniter\CodeIgniter->runController(Object(App\Controllers\PdfController))
 9 SYSTEMPATH\CodeIgniter.php(368): CodeIgniter\CodeIgniter->handleRequest(null, Object(Config\Cache), false)
10 FCPATH\index.php(67): CodeIgniter\CodeIgniter->run()
11 SYSTEMPATH\Commands\Server\rewrite.php(47): require_once('C:\\xampp\\htdocs\\web_deperkasa\\public\\index.php')
CRITICAL - 2023-08-24 03:56:29 --> Undefined variable: selectedMonth
in APPPATH\Views\pdf\pdf_harian.php on line 59.
 1 APPPATH\Views\pdf\pdf_harian.php(59): CodeIgniter\Debug\Exceptions->errorHandler(8, 'Undefined variable: selectedMonth', 'C:\\xampp\\htdocs\\web_deperkasa\\app\\Views\\pdf\\pdf_harian.php', 59, [...])
 2 SYSTEMPATH\View\View.php(213): include('C:\\xampp\\htdocs\\web_deperkasa\\app\\Views\\pdf\\pdf_harian.php')
 3 SYSTEMPATH\View\View.php(216): CodeIgniter\View\View->CodeIgniter\View\{closure}()
 4 SYSTEMPATH\Common.php(1184): CodeIgniter\View\View->render('pdf/pdf_harian', [], true)
 5 APPPATH\Controllers\PdfController.php(67): view('pdf/pdf_harian', [...])
 6 APPPATH\Controllers\PdfController.php(78): App\Controllers\PdfController->rekapHarianBulan('2023-08')
 7 SYSTEMPATH\CodeIgniter.php(934): App\Controllers\PdfController->rekapHarianBln()
 8 SYSTEMPATH\CodeIgniter.php(499): CodeIgniter\CodeIgniter->runController(Object(App\Controllers\PdfController))
 9 SYSTEMPATH\CodeIgniter.php(368): CodeIgniter\CodeIgniter->handleRequest(null, Object(Config\Cache), false)
10 FCPATH\index.php(67): CodeIgniter\CodeIgniter->run()
11 SYSTEMPATH\Commands\Server\rewrite.php(47): require_once('C:\\xampp\\htdocs\\web_deperkasa\\public\\index.php')
CRITICAL - 2023-08-24 03:56:36 --> Undefined variable: selectedMonth
in APPPATH\Views\pdf\pdf_harian.php on line 59.
 1 APPPATH\Views\pdf\pdf_harian.php(59): CodeIgniter\Debug\Exceptions->errorHandler(8, 'Undefined variable: selectedMonth', 'C:\\xampp\\htdocs\\web_deperkasa\\app\\Views\\pdf\\pdf_harian.php', 59, [...])
 2 SYSTEMPATH\View\View.php(213): include('C:\\xampp\\htdocs\\web_deperkasa\\app\\Views\\pdf\\pdf_harian.php')
 3 SYSTEMPATH\View\View.php(216): CodeIgniter\View\View->CodeIgniter\View\{closure}()
 4 SYSTEMPATH\Common.php(1184): CodeIgniter\View\View->render('pdf/pdf_harian', [], true)
 5 APPPATH\Controllers\PdfController.php(67): view('pdf/pdf_harian', [...])
 6 APPPATH\Controllers\PdfController.php(78): App\Controllers\PdfController->rekapHarianBulan('2023-08')
 7 SYSTEMPATH\CodeIgniter.php(934): App\Controllers\PdfController->rekapHarianBln()
 8 SYSTEMPATH\CodeIgniter.php(499): CodeIgniter\CodeIgniter->runController(Object(App\Controllers\PdfController))
 9 SYSTEMPATH\CodeIgniter.php(368): CodeIgniter\CodeIgniter->handleRequest(null, Object(Config\Cache), false)
10 FCPATH\index.php(67): CodeIgniter\CodeIgniter->run()
11 SYSTEMPATH\Commands\Server\rewrite.php(47): require_once('C:\\xampp\\htdocs\\web_deperkasa\\public\\index.php')
CRITICAL - 2023-08-24 04:02:23 --> Undefined variable: time
in APPPATH\Views\pdf\pdf_harian.php on line 59.
 1 APPPATH\Views\pdf\pdf_harian.php(59): CodeIgniter\Debug\Exceptions->errorHandler(8, 'Undefined variable: time', 'C:\\xampp\\htdocs\\web_deperkasa\\app\\Views\\pdf\\pdf_harian.php', 59, [...])
 2 SYSTEMPATH\View\View.php(213): include('C:\\xampp\\htdocs\\web_deperkasa\\app\\Views\\pdf\\pdf_harian.php')
 3 SYSTEMPATH\View\View.php(216): CodeIgniter\View\View->CodeIgniter\View\{closure}()
 4 SYSTEMPATH\Common.php(1184): CodeIgniter\View\View->render('pdf/pdf_harian', [], true)
 5 APPPATH\Controllers\PdfController.php(67): view('pdf/pdf_harian', [...])
 6 APPPATH\Controllers\PdfController.php(78): App\Controllers\PdfController->rekapHarianBulan('2023-08')
 7 SYSTEMPATH\CodeIgniter.php(934): App\Controllers\PdfController->rekapHarianBln()
 8 SYSTEMPATH\CodeIgniter.php(499): CodeIgniter\CodeIgniter->runController(Object(App\Controllers\PdfController))
 9 SYSTEMPATH\CodeIgniter.php(368): CodeIgniter\CodeIgniter->handleRequest(null, Object(Config\Cache), false)
10 FCPATH\index.php(67): CodeIgniter\CodeIgniter->run()
11 SYSTEMPATH\Commands\Server\rewrite.php(47): require_once('C:\\xampp\\htdocs\\web_deperkasa\\public\\index.php')
CRITICAL - 2023-08-24 04:02:41 --> Undefined variable: time
in APPPATH\Views\pdf\pdf_harian.php on line 59.
 1 APPPATH\Views\pdf\pdf_harian.php(59): CodeIgniter\Debug\Exceptions->errorHandler(8, 'Undefined variable: time', 'C:\\xampp\\htdocs\\web_deperkasa\\app\\Views\\pdf\\pdf_harian.php', 59, [...])
 2 SYSTEMPATH\View\View.php(213): include('C:\\xampp\\htdocs\\web_deperkasa\\app\\Views\\pdf\\pdf_harian.php')
 3 SYSTEMPATH\View\View.php(216): CodeIgniter\View\View->CodeIgniter\View\{closure}()
 4 SYSTEMPATH\Common.php(1184): CodeIgniter\View\View->render('pdf/pdf_harian', [], true)
 5 APPPATH\Controllers\PdfController.php(67): view('pdf/pdf_harian', [...])
 6 APPPATH\Controllers\PdfController.php(78): App\Controllers\PdfController->rekapHarianBulan('2023-08')
 7 SYSTEMPATH\CodeIgniter.php(934): App\Controllers\PdfController->rekapHarianBln()
 8 SYSTEMPATH\CodeIgniter.php(499): CodeIgniter\CodeIgniter->runController(Object(App\Controllers\PdfController))
 9 SYSTEMPATH\CodeIgniter.php(368): CodeIgniter\CodeIgniter->handleRequest(null, Object(Config\Cache), false)
10 FCPATH\index.php(67): CodeIgniter\CodeIgniter->run()
11 SYSTEMPATH\Commands\Server\rewrite.php(47): require_once('C:\\xampp\\htdocs\\web_deperkasa\\public\\index.php')
CRITICAL - 2023-08-24 04:02:58 --> Undefined variable: time
in APPPATH\Views\pdf\pdf_harian.php on line 59.
 1 APPPATH\Views\pdf\pdf_harian.php(59): CodeIgniter\Debug\Exceptions->errorHandler(8, 'Undefined variable: time', 'C:\\xampp\\htdocs\\web_deperkasa\\app\\Views\\pdf\\pdf_harian.php', 59, [...])
 2 SYSTEMPATH\View\View.php(213): include('C:\\xampp\\htdocs\\web_deperkasa\\app\\Views\\pdf\\pdf_harian.php')
 3 SYSTEMPATH\View\View.php(216): CodeIgniter\View\View->CodeIgniter\View\{closure}()
 4 SYSTEMPATH\Common.php(1184): CodeIgniter\View\View->render('pdf/pdf_harian', [], true)
 5 APPPATH\Controllers\PdfController.php(67): view('pdf/pdf_harian', [...])
 6 APPPATH\Controllers\PdfController.php(78): App\Controllers\PdfController->rekapHarianBulan('2023-08')
 7 SYSTEMPATH\CodeIgniter.php(934): App\Controllers\PdfController->rekapHarianBln()
 8 SYSTEMPATH\CodeIgniter.php(499): CodeIgniter\CodeIgniter->runController(Object(App\Controllers\PdfController))
 9 SYSTEMPATH\CodeIgniter.php(368): CodeIgniter\CodeIgniter->handleRequest(null, Object(Config\Cache), false)
10 FCPATH\index.php(67): CodeIgniter\CodeIgniter->run()
11 SYSTEMPATH\Commands\Server\rewrite.php(47): require_once('C:\\xampp\\htdocs\\web_deperkasa\\public\\index.php')
CRITICAL - 2023-08-24 04:03:10 --> Undefined variable: harian
in APPPATH\Views\pdf\pdf_harian.php on line 59.
 1 APPPATH\Views\pdf\pdf_harian.php(59): CodeIgniter\Debug\Exceptions->errorHandler(8, 'Undefined variable: harian', 'C:\\xampp\\htdocs\\web_deperkasa\\app\\Views\\pdf\\pdf_harian.php', 59, [...])
 2 SYSTEMPATH\View\View.php(213): include('C:\\xampp\\htdocs\\web_deperkasa\\app\\Views\\pdf\\pdf_harian.php')
 3 SYSTEMPATH\View\View.php(216): CodeIgniter\View\View->CodeIgniter\View\{closure}()
 4 SYSTEMPATH\Common.php(1184): CodeIgniter\View\View->render('pdf/pdf_harian', [], true)
 5 APPPATH\Controllers\PdfController.php(67): view('pdf/pdf_harian', [...])
 6 APPPATH\Controllers\PdfController.php(78): App\Controllers\PdfController->rekapHarianBulan('2023-08')
 7 SYSTEMPATH\CodeIgniter.php(934): App\Controllers\PdfController->rekapHarianBln()
 8 SYSTEMPATH\CodeIgniter.php(499): CodeIgniter\CodeIgniter->runController(Object(App\Controllers\PdfController))
 9 SYSTEMPATH\CodeIgniter.php(368): CodeIgniter\CodeIgniter->handleRequest(null, Object(Config\Cache), false)
10 FCPATH\index.php(67): CodeIgniter\CodeIgniter->run()
11 SYSTEMPATH\Commands\Server\rewrite.php(47): require_once('C:\\xampp\\htdocs\\web_deperkasa\\public\\index.php')
CRITICAL - 2023-08-24 04:03:18 --> Undefined variable: tanggal
in APPPATH\Views\pdf\pdf_harian.php on line 59.
 1 APPPATH\Views\pdf\pdf_harian.php(59): CodeIgniter\Debug\Exceptions->errorHandler(8, 'Undefined variable: tanggal', 'C:\\xampp\\htdocs\\web_deperkasa\\app\\Views\\pdf\\pdf_harian.php', 59, [...])
 2 SYSTEMPATH\View\View.php(213): include('C:\\xampp\\htdocs\\web_deperkasa\\app\\Views\\pdf\\pdf_harian.php')
 3 SYSTEMPATH\View\View.php(216): CodeIgniter\View\View->CodeIgniter\View\{closure}()
 4 SYSTEMPATH\Common.php(1184): CodeIgniter\View\View->render('pdf/pdf_harian', [], true)
 5 APPPATH\Controllers\PdfController.php(67): view('pdf/pdf_harian', [...])
 6 APPPATH\Controllers\PdfController.php(78): App\Controllers\PdfController->rekapHarianBulan('2023-08')
 7 SYSTEMPATH\CodeIgniter.php(934): App\Controllers\PdfController->rekapHarianBln()
 8 SYSTEMPATH\CodeIgniter.php(499): CodeIgniter\CodeIgniter->runController(Object(App\Controllers\PdfController))
 9 SYSTEMPATH\CodeIgniter.php(368): CodeIgniter\CodeIgniter->handleRequest(null, Object(Config\Cache), false)
10 FCPATH\index.php(67): CodeIgniter\CodeIgniter->run()
11 SYSTEMPATH\Commands\Server\rewrite.php(47): require_once('C:\\xampp\\htdocs\\web_deperkasa\\public\\index.php')
CRITICAL - 2023-08-24 04:03:41 --> Undefined variable: tanggal
in APPPATH\Views\pdf\pdf_harian.php on line 59.
 1 APPPATH\Views\pdf\pdf_harian.php(59): CodeIgniter\Debug\Exceptions->errorHandler(8, 'Undefined variable: tanggal', 'C:\\xampp\\htdocs\\web_deperkasa\\app\\Views\\pdf\\pdf_harian.php', 59, [...])
 2 SYSTEMPATH\View\View.php(213): include('C:\\xampp\\htdocs\\web_deperkasa\\app\\Views\\pdf\\pdf_harian.php')
 3 SYSTEMPATH\View\View.php(216): CodeIgniter\View\View->CodeIgniter\View\{closure}()
 4 SYSTEMPATH\Common.php(1184): CodeIgniter\View\View->render('pdf/pdf_harian', [], true)
 5 APPPATH\Controllers\PdfController.php(67): view('pdf/pdf_harian', [...])
 6 APPPATH\Controllers\PdfController.php(78): App\Controllers\PdfController->rekapHarianBulan('2023-08')
 7 SYSTEMPATH\CodeIgniter.php(934): App\Controllers\PdfController->rekapHarianBln()
 8 SYSTEMPATH\CodeIgniter.php(499): CodeIgniter\CodeIgniter->runController(Object(App\Controllers\PdfController))
 9 SYSTEMPATH\CodeIgniter.php(368): CodeIgniter\CodeIgniter->handleRequest(null, Object(Config\Cache), false)
10 FCPATH\index.php(67): CodeIgniter\CodeIgniter->run()
11 SYSTEMPATH\Commands\Server\rewrite.php(47): require_once('C:\\xampp\\htdocs\\web_deperkasa\\public\\index.php')
CRITICAL - 2023-08-24 04:03:46 --> Undefined variable: tanggal
in APPPATH\Views\pdf\pdf_harian.php on line 59.
 1 APPPATH\Views\pdf\pdf_harian.php(59): CodeIgniter\Debug\Exceptions->errorHandler(8, 'Undefined variable: tanggal', 'C:\\xampp\\htdocs\\web_deperkasa\\app\\Views\\pdf\\pdf_harian.php', 59, [...])
 2 SYSTEMPATH\View\View.php(213): include('C:\\xampp\\htdocs\\web_deperkasa\\app\\Views\\pdf\\pdf_harian.php')
 3 SYSTEMPATH\View\View.php(216): CodeIgniter\View\View->CodeIgniter\View\{closure}()
 4 SYSTEMPATH\Common.php(1184): CodeIgniter\View\View->render('pdf/pdf_harian', [], true)
 5 APPPATH\Controllers\PdfController.php(67): view('pdf/pdf_harian', [...])
 6 APPPATH\Controllers\PdfController.php(78): App\Controllers\PdfController->rekapHarianBulan('2023-08')
 7 SYSTEMPATH\CodeIgniter.php(934): App\Controllers\PdfController->rekapHarianBln()
 8 SYSTEMPATH\CodeIgniter.php(499): CodeIgniter\CodeIgniter->runController(Object(App\Controllers\PdfController))
 9 SYSTEMPATH\CodeIgniter.php(368): CodeIgniter\CodeIgniter->handleRequest(null, Object(Config\Cache), false)
10 FCPATH\index.php(67): CodeIgniter\CodeIgniter->run()
11 SYSTEMPATH\Commands\Server\rewrite.php(47): require_once('C:\\xampp\\htdocs\\web_deperkasa\\public\\index.php')
CRITICAL - 2023-08-24 04:04:03 --> Undefined variable: tanggal
in APPPATH\Views\pdf\pdf_harian.php on line 59.
 1 APPPATH\Views\pdf\pdf_harian.php(59): CodeIgniter\Debug\Exceptions->errorHandler(8, 'Undefined variable: tanggal', 'C:\\xampp\\htdocs\\web_deperkasa\\app\\Views\\pdf\\pdf_harian.php', 59, [...])
 2 SYSTEMPATH\View\View.php(213): include('C:\\xampp\\htdocs\\web_deperkasa\\app\\Views\\pdf\\pdf_harian.php')
 3 SYSTEMPATH\View\View.php(216): CodeIgniter\View\View->CodeIgniter\View\{closure}()
 4 SYSTEMPATH\Common.php(1184): CodeIgniter\View\View->render('pdf/pdf_harian', [], true)
 5 APPPATH\Controllers\PdfController.php(67): view('pdf/pdf_harian', [...])
 6 APPPATH\Controllers\PdfController.php(78): App\Controllers\PdfController->rekapHarianBulan('2023-08')
 7 SYSTEMPATH\CodeIgniter.php(934): App\Controllers\PdfController->rekapHarianBln()
 8 SYSTEMPATH\CodeIgniter.php(499): CodeIgniter\CodeIgniter->runController(Object(App\Controllers\PdfController))
 9 SYSTEMPATH\CodeIgniter.php(368): CodeIgniter\CodeIgniter->handleRequest(null, Object(Config\Cache), false)
10 FCPATH\index.php(67): CodeIgniter\CodeIgniter->run()
11 SYSTEMPATH\Commands\Server\rewrite.php(47): require_once('C:\\xampp\\htdocs\\web_deperkasa\\public\\index.php')
CRITICAL - 2023-08-24 04:04:05 --> Undefined variable: tanggal
in APPPATH\Views\pdf\pdf_harian.php on line 59.
 1 APPPATH\Views\pdf\pdf_harian.php(59): CodeIgniter\Debug\Exceptions->errorHandler(8, 'Undefined variable: tanggal', 'C:\\xampp\\htdocs\\web_deperkasa\\app\\Views\\pdf\\pdf_harian.php', 59, [...])
 2 SYSTEMPATH\View\View.php(213): include('C:\\xampp\\htdocs\\web_deperkasa\\app\\Views\\pdf\\pdf_harian.php')
 3 SYSTEMPATH\View\View.php(216): CodeIgniter\View\View->CodeIgniter\View\{closure}()
 4 SYSTEMPATH\Common.php(1184): CodeIgniter\View\View->render('pdf/pdf_harian', [], true)
 5 APPPATH\Controllers\PdfController.php(67): view('pdf/pdf_harian', [...])
 6 APPPATH\Controllers\PdfController.php(78): App\Controllers\PdfController->rekapHarianBulan('2023-08')
 7 SYSTEMPATH\CodeIgniter.php(934): App\Controllers\PdfController->rekapHarianBln()
 8 SYSTEMPATH\CodeIgniter.php(499): CodeIgniter\CodeIgniter->runController(Object(App\Controllers\PdfController))
 9 SYSTEMPATH\CodeIgniter.php(368): CodeIgniter\CodeIgniter->handleRequest(null, Object(Config\Cache), false)
10 FCPATH\index.php(67): CodeIgniter\CodeIgniter->run()
11 SYSTEMPATH\Commands\Server\rewrite.php(47): require_once('C:\\xampp\\htdocs\\web_deperkasa\\public\\index.php')
CRITICAL - 2023-08-24 04:04:58 --> Undefined variable: tanggal
in APPPATH\Views\pdf\pdf_harian.php on line 59.
 1 APPPATH\Views\pdf\pdf_harian.php(59): CodeIgniter\Debug\Exceptions->errorHandler(8, 'Undefined variable: tanggal', 'C:\\xampp\\htdocs\\web_deperkasa\\app\\Views\\pdf\\pdf_harian.php', 59, [...])
 2 SYSTEMPATH\View\View.php(213): include('C:\\xampp\\htdocs\\web_deperkasa\\app\\Views\\pdf\\pdf_harian.php')
 3 SYSTEMPATH\View\View.php(216): CodeIgniter\View\View->CodeIgniter\View\{closure}()
 4 SYSTEMPATH\Common.php(1184): CodeIgniter\View\View->render('pdf/pdf_harian', [], true)
 5 APPPATH\Controllers\PdfController.php(67): view('pdf/pdf_harian', [...])
 6 APPPATH\Controllers\PdfController.php(78): App\Controllers\PdfController->rekapHarianBulan('2023-08')
 7 SYSTEMPATH\CodeIgniter.php(934): App\Controllers\PdfController->rekapHarianBln()
 8 SYSTEMPATH\CodeIgniter.php(499): CodeIgniter\CodeIgniter->runController(Object(App\Controllers\PdfController))
 9 SYSTEMPATH\CodeIgniter.php(368): CodeIgniter\CodeIgniter->handleRequest(null, Object(Config\Cache), false)
10 FCPATH\index.php(67): CodeIgniter\CodeIgniter->run()
11 SYSTEMPATH\Commands\Server\rewrite.php(47): require_once('C:\\xampp\\htdocs\\web_deperkasa\\public\\index.php')
CRITICAL - 2023-08-24 04:05:26 --> Undefined variable: selectedMonth
in APPPATH\Views\pdf\pdf_harian.php on line 59.
 1 APPPATH\Views\pdf\pdf_harian.php(59): CodeIgniter\Debug\Exceptions->errorHandler(8, 'Undefined variable: selectedMonth', 'C:\\xampp\\htdocs\\web_deperkasa\\app\\Views\\pdf\\pdf_harian.php', 59, [...])
 2 SYSTEMPATH\View\View.php(213): include('C:\\xampp\\htdocs\\web_deperkasa\\app\\Views\\pdf\\pdf_harian.php')
 3 SYSTEMPATH\View\View.php(216): CodeIgniter\View\View->CodeIgniter\View\{closure}()
 4 SYSTEMPATH\Common.php(1184): CodeIgniter\View\View->render('pdf/pdf_harian', [], true)
 5 APPPATH\Controllers\PdfController.php(67): view('pdf/pdf_harian', [...])
 6 APPPATH\Controllers\PdfController.php(78): App\Controllers\PdfController->rekapHarianBulan('2023-08')
 7 SYSTEMPATH\CodeIgniter.php(934): App\Controllers\PdfController->rekapHarianBln()
 8 SYSTEMPATH\CodeIgniter.php(499): CodeIgniter\CodeIgniter->runController(Object(App\Controllers\PdfController))
 9 SYSTEMPATH\CodeIgniter.php(368): CodeIgniter\CodeIgniter->handleRequest(null, Object(Config\Cache), false)
10 FCPATH\index.php(67): CodeIgniter\CodeIgniter->run()
11 SYSTEMPATH\Commands\Server\rewrite.php(47): require_once('C:\\xampp\\htdocs\\web_deperkasa\\public\\index.php')
CRITICAL - 2023-08-24 04:07:06 --> Undefined variable: time
in APPPATH\Views\pdf\pdf_harian.php on line 59.
 1 APPPATH\Views\pdf\pdf_harian.php(59): CodeIgniter\Debug\Exceptions->errorHandler(8, 'Undefined variable: time', 'C:\\xampp\\htdocs\\web_deperkasa\\app\\Views\\pdf\\pdf_harian.php', 59, [...])
 2 SYSTEMPATH\View\View.php(213): include('C:\\xampp\\htdocs\\web_deperkasa\\app\\Views\\pdf\\pdf_harian.php')
 3 SYSTEMPATH\View\View.php(216): CodeIgniter\View\View->CodeIgniter\View\{closure}()
 4 SYSTEMPATH\Common.php(1184): CodeIgniter\View\View->render('pdf/pdf_harian', [], true)
 5 APPPATH\Controllers\PdfController.php(67): view('pdf/pdf_harian', [...])
 6 APPPATH\Controllers\PdfController.php(78): App\Controllers\PdfController->rekapHarianBulan('2023-08')
 7 SYSTEMPATH\CodeIgniter.php(934): App\Controllers\PdfController->rekapHarianBln()
 8 SYSTEMPATH\CodeIgniter.php(499): CodeIgniter\CodeIgniter->runController(Object(App\Controllers\PdfController))
 9 SYSTEMPATH\CodeIgniter.php(368): CodeIgniter\CodeIgniter->handleRequest(null, Object(Config\Cache), false)
10 FCPATH\index.php(67): CodeIgniter\CodeIgniter->run()
11 SYSTEMPATH\Commands\Server\rewrite.php(47): require_once('C:\\xampp\\htdocs\\web_deperkasa\\public\\index.php')
CRITICAL - 2023-08-24 04:07:37 --> Undefined index: bulan
in APPPATH\Views\pdf\pdf_harian.php on line 59.
 1 APPPATH\Views\pdf\pdf_harian.php(59): CodeIgniter\Debug\Exceptions->errorHandler(8, 'Undefined index: bulan', 'C:\\xampp\\htdocs\\web_deperkasa\\app\\Views\\pdf\\pdf_harian.php', 59, [...])
 2 SYSTEMPATH\View\View.php(213): include('C:\\xampp\\htdocs\\web_deperkasa\\app\\Views\\pdf\\pdf_harian.php')
 3 SYSTEMPATH\View\View.php(216): CodeIgniter\View\View->CodeIgniter\View\{closure}()
 4 SYSTEMPATH\Common.php(1184): CodeIgniter\View\View->render('pdf/pdf_harian', [], true)
 5 APPPATH\Controllers\PdfController.php(67): view('pdf/pdf_harian', [...])
 6 APPPATH\Controllers\PdfController.php(78): App\Controllers\PdfController->rekapHarianBulan('2023-08')
 7 SYSTEMPATH\CodeIgniter.php(934): App\Controllers\PdfController->rekapHarianBln()
 8 SYSTEMPATH\CodeIgniter.php(499): CodeIgniter\CodeIgniter->runController(Object(App\Controllers\PdfController))
 9 SYSTEMPATH\CodeIgniter.php(368): CodeIgniter\CodeIgniter->handleRequest(null, Object(Config\Cache), false)
10 FCPATH\index.php(67): CodeIgniter\CodeIgniter->run()
11 SYSTEMPATH\Commands\Server\rewrite.php(47): require_once('C:\\xampp\\htdocs\\web_deperkasa\\public\\index.php')
CRITICAL - 2023-08-24 04:07:46 --> Undefined index: tanggal
in APPPATH\Views\pdf\pdf_harian.php on line 59.
 1 APPPATH\Views\pdf\pdf_harian.php(59): CodeIgniter\Debug\Exceptions->errorHandler(8, 'Undefined index: tanggal', 'C:\\xampp\\htdocs\\web_deperkasa\\app\\Views\\pdf\\pdf_harian.php', 59, [...])
 2 SYSTEMPATH\View\View.php(213): include('C:\\xampp\\htdocs\\web_deperkasa\\app\\Views\\pdf\\pdf_harian.php')
 3 SYSTEMPATH\View\View.php(216): CodeIgniter\View\View->CodeIgniter\View\{closure}()
 4 SYSTEMPATH\Common.php(1184): CodeIgniter\View\View->render('pdf/pdf_harian', [], true)
 5 APPPATH\Controllers\PdfController.php(67): view('pdf/pdf_harian', [...])
 6 APPPATH\Controllers\PdfController.php(78): App\Controllers\PdfController->rekapHarianBulan('2023-08')
 7 SYSTEMPATH\CodeIgniter.php(934): App\Controllers\PdfController->rekapHarianBln()
 8 SYSTEMPATH\CodeIgniter.php(499): CodeIgniter\CodeIgniter->runController(Object(App\Controllers\PdfController))
 9 SYSTEMPATH\CodeIgniter.php(368): CodeIgniter\CodeIgniter->handleRequest(null, Object(Config\Cache), false)
10 FCPATH\index.php(67): CodeIgniter\CodeIgniter->run()
11 SYSTEMPATH\Commands\Server\rewrite.php(47): require_once('C:\\xampp\\htdocs\\web_deperkasa\\public\\index.php')
CRITICAL - 2023-08-24 04:08:18 --> Undefined variable: harian
in APPPATH\Views\pdf\pdf_harian.php on line 59.
 1 APPPATH\Views\pdf\pdf_harian.php(59): CodeIgniter\Debug\Exceptions->errorHandler(8, 'Undefined variable: harian', 'C:\\xampp\\htdocs\\web_deperkasa\\app\\Views\\pdf\\pdf_harian.php', 59, [...])
 2 SYSTEMPATH\View\View.php(213): include('C:\\xampp\\htdocs\\web_deperkasa\\app\\Views\\pdf\\pdf_harian.php')
 3 SYSTEMPATH\View\View.php(216): CodeIgniter\View\View->CodeIgniter\View\{closure}()
 4 SYSTEMPATH\Common.php(1184): CodeIgniter\View\View->render('pdf/pdf_harian', [], true)
 5 APPPATH\Controllers\PdfController.php(67): view('pdf/pdf_harian', [...])
 6 APPPATH\Controllers\PdfController.php(78): App\Controllers\PdfController->rekapHarianBulan('2023-08')
 7 SYSTEMPATH\CodeIgniter.php(934): App\Controllers\PdfController->rekapHarianBln()
 8 SYSTEMPATH\CodeIgniter.php(499): CodeIgniter\CodeIgniter->runController(Object(App\Controllers\PdfController))
 9 SYSTEMPATH\CodeIgniter.php(368): CodeIgniter\CodeIgniter->handleRequest(null, Object(Config\Cache), false)
10 FCPATH\index.php(67): CodeIgniter\CodeIgniter->run()
11 SYSTEMPATH\Commands\Server\rewrite.php(47): require_once('C:\\xampp\\htdocs\\web_deperkasa\\public\\index.php')
CRITICAL - 2023-08-24 04:08:20 --> Undefined variable: harian
in APPPATH\Views\pdf\pdf_harian.php on line 59.
 1 APPPATH\Views\pdf\pdf_harian.php(59): CodeIgniter\Debug\Exceptions->errorHandler(8, 'Undefined variable: harian', 'C:\\xampp\\htdocs\\web_deperkasa\\app\\Views\\pdf\\pdf_harian.php', 59, [...])
 2 SYSTEMPATH\View\View.php(213): include('C:\\xampp\\htdocs\\web_deperkasa\\app\\Views\\pdf\\pdf_harian.php')
 3 SYSTEMPATH\View\View.php(216): CodeIgniter\View\View->CodeIgniter\View\{closure}()
 4 SYSTEMPATH\Common.php(1184): CodeIgniter\View\View->render('pdf/pdf_harian', [], true)
 5 APPPATH\Controllers\PdfController.php(67): view('pdf/pdf_harian', [...])
 6 APPPATH\Controllers\PdfController.php(78): App\Controllers\PdfController->rekapHarianBulan('2023-08')
 7 SYSTEMPATH\CodeIgniter.php(934): App\Controllers\PdfController->rekapHarianBln()
 8 SYSTEMPATH\CodeIgniter.php(499): CodeIgniter\CodeIgniter->runController(Object(App\Controllers\PdfController))
 9 SYSTEMPATH\CodeIgniter.php(368): CodeIgniter\CodeIgniter->handleRequest(null, Object(Config\Cache), false)
10 FCPATH\index.php(67): CodeIgniter\CodeIgniter->run()
11 SYSTEMPATH\Commands\Server\rewrite.php(47): require_once('C:\\xampp\\htdocs\\web_deperkasa\\public\\index.php')
CRITICAL - 2023-08-24 04:08:41 --> Undefined index: tanggal
in APPPATH\Views\pdf\pdf_harian.php on line 59.
 1 APPPATH\Views\pdf\pdf_harian.php(59): CodeIgniter\Debug\Exceptions->errorHandler(8, 'Undefined index: tanggal', 'C:\\xampp\\htdocs\\web_deperkasa\\app\\Views\\pdf\\pdf_harian.php', 59, [...])
 2 SYSTEMPATH\View\View.php(213): include('C:\\xampp\\htdocs\\web_deperkasa\\app\\Views\\pdf\\pdf_harian.php')
 3 SYSTEMPATH\View\View.php(216): CodeIgniter\View\View->CodeIgniter\View\{closure}()
 4 SYSTEMPATH\Common.php(1184): CodeIgniter\View\View->render('pdf/pdf_harian', [], true)
 5 APPPATH\Controllers\PdfController.php(67): view('pdf/pdf_harian', [...])
 6 APPPATH\Controllers\PdfController.php(78): App\Controllers\PdfController->rekapHarianBulan('2023-08')
 7 SYSTEMPATH\CodeIgniter.php(934): App\Controllers\PdfController->rekapHarianBln()
 8 SYSTEMPATH\CodeIgniter.php(499): CodeIgniter\CodeIgniter->runController(Object(App\Controllers\PdfController))
 9 SYSTEMPATH\CodeIgniter.php(368): CodeIgniter\CodeIgniter->handleRequest(null, Object(Config\Cache), false)
10 FCPATH\index.php(67): CodeIgniter\CodeIgniter->run()
11 SYSTEMPATH\Commands\Server\rewrite.php(47): require_once('C:\\xampp\\htdocs\\web_deperkasa\\public\\index.php')
CRITICAL - 2023-08-24 04:08:59 --> Undefined index: nama
in APPPATH\Views\pdf\pdf_harian.php on line 59.
 1 APPPATH\Views\pdf\pdf_harian.php(59): CodeIgniter\Debug\Exceptions->errorHandler(8, 'Undefined index: nama', 'C:\\xampp\\htdocs\\web_deperkasa\\app\\Views\\pdf\\pdf_harian.php', 59, [...])
 2 SYSTEMPATH\View\View.php(213): include('C:\\xampp\\htdocs\\web_deperkasa\\app\\Views\\pdf\\pdf_harian.php')
 3 SYSTEMPATH\View\View.php(216): CodeIgniter\View\View->CodeIgniter\View\{closure}()
 4 SYSTEMPATH\Common.php(1184): CodeIgniter\View\View->render('pdf/pdf_harian', [], true)
 5 APPPATH\Controllers\PdfController.php(67): view('pdf/pdf_harian', [...])
 6 APPPATH\Controllers\PdfController.php(78): App\Controllers\PdfController->rekapHarianBulan('2023-08')
 7 SYSTEMPATH\CodeIgniter.php(934): App\Controllers\PdfController->rekapHarianBln()
 8 SYSTEMPATH\CodeIgniter.php(499): CodeIgniter\CodeIgniter->runController(Object(App\Controllers\PdfController))
 9 SYSTEMPATH\CodeIgniter.php(368): CodeIgniter\CodeIgniter->handleRequest(null, Object(Config\Cache), false)
10 FCPATH\index.php(67): CodeIgniter\CodeIgniter->run()
11 SYSTEMPATH\Commands\Server\rewrite.php(47): require_once('C:\\xampp\\htdocs\\web_deperkasa\\public\\index.php')
CRITICAL - 2023-08-24 04:09:19 --> Undefined index: n
in APPPATH\Views\pdf\pdf_harian.php on line 59.
 1 APPPATH\Views\pdf\pdf_harian.php(59): CodeIgniter\Debug\Exceptions->errorHandler(8, 'Undefined index: n', 'C:\\xampp\\htdocs\\web_deperkasa\\app\\Views\\pdf\\pdf_harian.php', 59, [...])
 2 SYSTEMPATH\View\View.php(213): include('C:\\xampp\\htdocs\\web_deperkasa\\app\\Views\\pdf\\pdf_harian.php')
 3 SYSTEMPATH\View\View.php(216): CodeIgniter\View\View->CodeIgniter\View\{closure}()
 4 SYSTEMPATH\Common.php(1184): CodeIgniter\View\View->render('pdf/pdf_harian', [], true)
 5 APPPATH\Controllers\PdfController.php(67): view('pdf/pdf_harian', [...])
 6 APPPATH\Controllers\PdfController.php(78): App\Controllers\PdfController->rekapHarianBulan('2023-08')
 7 SYSTEMPATH\CodeIgniter.php(934): App\Controllers\PdfController->rekapHarianBln()
 8 SYSTEMPATH\CodeIgniter.php(499): CodeIgniter\CodeIgniter->runController(Object(App\Controllers\PdfController))
 9 SYSTEMPATH\CodeIgniter.php(368): CodeIgniter\CodeIgniter->handleRequest(null, Object(Config\Cache), false)
10 FCPATH\index.php(67): CodeIgniter\CodeIgniter->run()
11 SYSTEMPATH\Commands\Server\rewrite.php(47): require_once('C:\\xampp\\htdocs\\web_deperkasa\\public\\index.php')
CRITICAL - 2023-08-24 04:10:35 --> Undefined index: tanggal
in APPPATH\Views\pdf\pdf_harian.php on line 59.
 1 APPPATH\Views\pdf\pdf_harian.php(59): CodeIgniter\Debug\Exceptions->errorHandler(8, 'Undefined index: tanggal', 'C:\\xampp\\htdocs\\web_deperkasa\\app\\Views\\pdf\\pdf_harian.php', 59, [...])
 2 SYSTEMPATH\View\View.php(213): include('C:\\xampp\\htdocs\\web_deperkasa\\app\\Views\\pdf\\pdf_harian.php')
 3 SYSTEMPATH\View\View.php(216): CodeIgniter\View\View->CodeIgniter\View\{closure}()
 4 SYSTEMPATH\Common.php(1184): CodeIgniter\View\View->render('pdf/pdf_harian', [], true)
 5 APPPATH\Controllers\PdfController.php(67): view('pdf/pdf_harian', [...])
 6 APPPATH\Controllers\PdfController.php(78): App\Controllers\PdfController->rekapHarianBulan('2023-08')
 7 SYSTEMPATH\CodeIgniter.php(934): App\Controllers\PdfController->rekapHarianBln()
 8 SYSTEMPATH\CodeIgniter.php(499): CodeIgniter\CodeIgniter->runController(Object(App\Controllers\PdfController))
 9 SYSTEMPATH\CodeIgniter.php(368): CodeIgniter\CodeIgniter->handleRequest(null, Object(Config\Cache), false)
10 FCPATH\index.php(67): CodeIgniter\CodeIgniter->run()
11 SYSTEMPATH\Commands\Server\rewrite.php(47): require_once('C:\\xampp\\htdocs\\web_deperkasa\\public\\index.php')
CRITICAL - 2023-08-24 04:10:44 --> Undefined index: tanggal
in APPPATH\Views\pdf\pdf_harian.php on line 59.
 1 APPPATH\Views\pdf\pdf_harian.php(59): CodeIgniter\Debug\Exceptions->errorHandler(8, 'Undefined index: tanggal', 'C:\\xampp\\htdocs\\web_deperkasa\\app\\Views\\pdf\\pdf_harian.php', 59, [...])
 2 SYSTEMPATH\View\View.php(213): include('C:\\xampp\\htdocs\\web_deperkasa\\app\\Views\\pdf\\pdf_harian.php')
 3 SYSTEMPATH\View\View.php(216): CodeIgniter\View\View->CodeIgniter\View\{closure}()
 4 SYSTEMPATH\Common.php(1184): CodeIgniter\View\View->render('pdf/pdf_harian', [], true)
 5 APPPATH\Controllers\PdfController.php(67): view('pdf/pdf_harian', [...])
 6 APPPATH\Controllers\PdfController.php(78): App\Controllers\PdfController->rekapHarianBulan('2023-08')
 7 SYSTEMPATH\CodeIgniter.php(934): App\Controllers\PdfController->rekapHarianBln()
 8 SYSTEMPATH\CodeIgniter.php(499): CodeIgniter\CodeIgniter->runController(Object(App\Controllers\PdfController))
 9 SYSTEMPATH\CodeIgniter.php(368): CodeIgniter\CodeIgniter->handleRequest(null, Object(Config\Cache), false)
10 FCPATH\index.php(67): CodeIgniter\CodeIgniter->run()
11 SYSTEMPATH\Commands\Server\rewrite.php(47): require_once('C:\\xampp\\htdocs\\web_deperkasa\\public\\index.php')
CRITICAL - 2023-08-24 04:10:53 --> Undefined variable: harian
in APPPATH\Views\pdf\pdf_harian.php on line 59.
 1 APPPATH\Views\pdf\pdf_harian.php(59): CodeIgniter\Debug\Exceptions->errorHandler(8, 'Undefined variable: harian', 'C:\\xampp\\htdocs\\web_deperkasa\\app\\Views\\pdf\\pdf_harian.php', 59, [...])
 2 SYSTEMPATH\View\View.php(213): include('C:\\xampp\\htdocs\\web_deperkasa\\app\\Views\\pdf\\pdf_harian.php')
 3 SYSTEMPATH\View\View.php(216): CodeIgniter\View\View->CodeIgniter\View\{closure}()
 4 SYSTEMPATH\Common.php(1184): CodeIgniter\View\View->render('pdf/pdf_harian', [], true)
 5 APPPATH\Controllers\PdfController.php(67): view('pdf/pdf_harian', [...])
 6 APPPATH\Controllers\PdfController.php(78): App\Controllers\PdfController->rekapHarianBulan('2023-08')
 7 SYSTEMPATH\CodeIgniter.php(934): App\Controllers\PdfController->rekapHarianBln()
 8 SYSTEMPATH\CodeIgniter.php(499): CodeIgniter\CodeIgniter->runController(Object(App\Controllers\PdfController))
 9 SYSTEMPATH\CodeIgniter.php(368): CodeIgniter\CodeIgniter->handleRequest(null, Object(Config\Cache), false)
10 FCPATH\index.php(67): CodeIgniter\CodeIgniter->run()
11 SYSTEMPATH\Commands\Server\rewrite.php(47): require_once('C:\\xampp\\htdocs\\web_deperkasa\\public\\index.php')
CRITICAL - 2023-08-24 04:11:12 --> Undefined variable: selectedMonth
in APPPATH\Views\pdf\pdf_harian.php on line 59.
 1 APPPATH\Views\pdf\pdf_harian.php(59): CodeIgniter\Debug\Exceptions->errorHandler(8, 'Undefined variable: selectedMonth', 'C:\\xampp\\htdocs\\web_deperkasa\\app\\Views\\pdf\\pdf_harian.php', 59, [...])
 2 SYSTEMPATH\View\View.php(213): include('C:\\xampp\\htdocs\\web_deperkasa\\app\\Views\\pdf\\pdf_harian.php')
 3 SYSTEMPATH\View\View.php(216): CodeIgniter\View\View->CodeIgniter\View\{closure}()
 4 SYSTEMPATH\Common.php(1184): CodeIgniter\View\View->render('pdf/pdf_harian', [], true)
 5 APPPATH\Controllers\PdfController.php(67): view('pdf/pdf_harian', [...])
 6 APPPATH\Controllers\PdfController.php(78): App\Controllers\PdfController->rekapHarianBulan('2023-08')
 7 SYSTEMPATH\CodeIgniter.php(934): App\Controllers\PdfController->rekapHarianBln()
 8 SYSTEMPATH\CodeIgniter.php(499): CodeIgniter\CodeIgniter->runController(Object(App\Controllers\PdfController))
 9 SYSTEMPATH\CodeIgniter.php(368): CodeIgniter\CodeIgniter->handleRequest(null, Object(Config\Cache), false)
10 FCPATH\index.php(67): CodeIgniter\CodeIgniter->run()
11 SYSTEMPATH\Commands\Server\rewrite.php(47): require_once('C:\\xampp\\htdocs\\web_deperkasa\\public\\index.php')
CRITICAL - 2023-08-24 04:12:29 --> Undefined variable: selectedMonth
in APPPATH\Views\pdf\pdf_harian.php on line 59.
 1 APPPATH\Views\pdf\pdf_harian.php(59): CodeIgniter\Debug\Exceptions->errorHandler(8, 'Undefined variable: selectedMonth', 'C:\\xampp\\htdocs\\web_deperkasa\\app\\Views\\pdf\\pdf_harian.php', 59, [...])
 2 SYSTEMPATH\View\View.php(213): include('C:\\xampp\\htdocs\\web_deperkasa\\app\\Views\\pdf\\pdf_harian.php')
 3 SYSTEMPATH\View\View.php(216): CodeIgniter\View\View->CodeIgniter\View\{closure}()
 4 SYSTEMPATH\Common.php(1184): CodeIgniter\View\View->render('pdf/pdf_harian', [], true)
 5 APPPATH\Controllers\PdfController.php(67): view('pdf/pdf_harian', [...])
 6 APPPATH\Controllers\PdfController.php(78): App\Controllers\PdfController->rekapHarianBulan('2023-08')
 7 SYSTEMPATH\CodeIgniter.php(934): App\Controllers\PdfController->rekapHarianBln()
 8 SYSTEMPATH\CodeIgniter.php(499): CodeIgniter\CodeIgniter->runController(Object(App\Controllers\PdfController))
 9 SYSTEMPATH\CodeIgniter.php(368): CodeIgniter\CodeIgniter->handleRequest(null, Object(Config\Cache), false)
10 FCPATH\index.php(67): CodeIgniter\CodeIgniter->run()
11 SYSTEMPATH\Commands\Server\rewrite.php(47): require_once('C:\\xampp\\htdocs\\web_deperkasa\\public\\index.php')
CRITICAL - 2023-08-24 04:12:54 --> Undefined variable: selectedMonth
in APPPATH\Views\pdf\pdf_harian.php on line 59.
 1 APPPATH\Views\pdf\pdf_harian.php(59): CodeIgniter\Debug\Exceptions->errorHandler(8, 'Undefined variable: selectedMonth', 'C:\\xampp\\htdocs\\web_deperkasa\\app\\Views\\pdf\\pdf_harian.php', 59, [...])
 2 SYSTEMPATH\View\View.php(213): include('C:\\xampp\\htdocs\\web_deperkasa\\app\\Views\\pdf\\pdf_harian.php')
 3 SYSTEMPATH\View\View.php(216): CodeIgniter\View\View->CodeIgniter\View\{closure}()
 4 SYSTEMPATH\Common.php(1184): CodeIgniter\View\View->render('pdf/pdf_harian', [], true)
 5 APPPATH\Controllers\PdfController.php(67): view('pdf/pdf_harian', [...])
 6 APPPATH\Controllers\PdfController.php(78): App\Controllers\PdfController->rekapHarianBulan('2023-08')
 7 SYSTEMPATH\CodeIgniter.php(934): App\Controllers\PdfController->rekapHarianBln()
 8 SYSTEMPATH\CodeIgniter.php(499): CodeIgniter\CodeIgniter->runController(Object(App\Controllers\PdfController))
 9 SYSTEMPATH\CodeIgniter.php(368): CodeIgniter\CodeIgniter->handleRequest(null, Object(Config\Cache), false)
10 FCPATH\index.php(67): CodeIgniter\CodeIgniter->run()
11 SYSTEMPATH\Commands\Server\rewrite.php(47): require_once('C:\\xampp\\htdocs\\web_deperkasa\\public\\index.php')
CRITICAL - 2023-08-24 04:21:53 --> Undefined index: tanggal
in APPPATH\Views\pdf\pdf_harian.php on line 59.
 1 APPPATH\Views\pdf\pdf_harian.php(59): CodeIgniter\Debug\Exceptions->errorHandler(8, 'Undefined index: tanggal', 'C:\\xampp\\htdocs\\web_deperkasa\\app\\Views\\pdf\\pdf_harian.php', 59, [...])
 2 SYSTEMPATH\View\View.php(213): include('C:\\xampp\\htdocs\\web_deperkasa\\app\\Views\\pdf\\pdf_harian.php')
 3 SYSTEMPATH\View\View.php(216): CodeIgniter\View\View->CodeIgniter\View\{closure}()
 4 SYSTEMPATH\Common.php(1184): CodeIgniter\View\View->render('pdf/pdf_harian', [], true)
 5 APPPATH\Controllers\PdfController.php(67): view('pdf/pdf_harian', [...])
 6 APPPATH\Controllers\PdfController.php(78): App\Controllers\PdfController->rekapHarianBulan('2023-08')
 7 SYSTEMPATH\CodeIgniter.php(934): App\Controllers\PdfController->rekapHarianBln()
 8 SYSTEMPATH\CodeIgniter.php(499): CodeIgniter\CodeIgniter->runController(Object(App\Controllers\PdfController))
 9 SYSTEMPATH\CodeIgniter.php(368): CodeIgniter\CodeIgniter->handleRequest(null, Object(Config\Cache), false)
10 FCPATH\index.php(67): CodeIgniter\CodeIgniter->run()
11 SYSTEMPATH\Commands\Server\rewrite.php(47): require_once('C:\\xampp\\htdocs\\web_deperkasa\\public\\index.php')
CRITICAL - 2023-08-24 04:22:00 --> Undefined index: tanggal
in APPPATH\Views\pdf\pdf_harian.php on line 59.
 1 APPPATH\Views\pdf\pdf_harian.php(59): CodeIgniter\Debug\Exceptions->errorHandler(8, 'Undefined index: tanggal', 'C:\\xampp\\htdocs\\web_deperkasa\\app\\Views\\pdf\\pdf_harian.php', 59, [...])
 2 SYSTEMPATH\View\View.php(213): include('C:\\xampp\\htdocs\\web_deperkasa\\app\\Views\\pdf\\pdf_harian.php')
 3 SYSTEMPATH\View\View.php(216): CodeIgniter\View\View->CodeIgniter\View\{closure}()
 4 SYSTEMPATH\Common.php(1184): CodeIgniter\View\View->render('pdf/pdf_harian', [], true)
 5 APPPATH\Controllers\PdfController.php(67): view('pdf/pdf_harian', [...])
 6 APPPATH\Controllers\PdfController.php(78): App\Controllers\PdfController->rekapHarianBulan('2023-08')
 7 SYSTEMPATH\CodeIgniter.php(934): App\Controllers\PdfController->rekapHarianBln()
 8 SYSTEMPATH\CodeIgniter.php(499): CodeIgniter\CodeIgniter->runController(Object(App\Controllers\PdfController))
 9 SYSTEMPATH\CodeIgniter.php(368): CodeIgniter\CodeIgniter->handleRequest(null, Object(Config\Cache), false)
10 FCPATH\index.php(67): CodeIgniter\CodeIgniter->run()
11 SYSTEMPATH\Commands\Server\rewrite.php(47): require_once('C:\\xampp\\htdocs\\web_deperkasa\\public\\index.php')
CRITICAL - 2023-08-24 04:22:51 --> Undefined index: 2023-08-19
in APPPATH\Views\pdf\pdf_harian.php on line 59.
 1 APPPATH\Views\pdf\pdf_harian.php(59): CodeIgniter\Debug\Exceptions->errorHandler(8, 'Undefined index: 2023-08-19', 'C:\\xampp\\htdocs\\web_deperkasa\\app\\Views\\pdf\\pdf_harian.php', 59, [...])
 2 SYSTEMPATH\View\View.php(213): include('C:\\xampp\\htdocs\\web_deperkasa\\app\\Views\\pdf\\pdf_harian.php')
 3 SYSTEMPATH\View\View.php(216): CodeIgniter\View\View->CodeIgniter\View\{closure}()
 4 SYSTEMPATH\Common.php(1184): CodeIgniter\View\View->render('pdf/pdf_harian', [], true)
 5 APPPATH\Controllers\PdfController.php(67): view('pdf/pdf_harian', [...])
 6 APPPATH\Controllers\PdfController.php(78): App\Controllers\PdfController->rekapHarianBulan('2023-08')
 7 SYSTEMPATH\CodeIgniter.php(934): App\Controllers\PdfController->rekapHarianBln()
 8 SYSTEMPATH\CodeIgniter.php(499): CodeIgniter\CodeIgniter->runController(Object(App\Controllers\PdfController))
 9 SYSTEMPATH\CodeIgniter.php(368): CodeIgniter\CodeIgniter->handleRequest(null, Object(Config\Cache), false)
10 FCPATH\index.php(67): CodeIgniter\CodeIgniter->run()
11 SYSTEMPATH\Commands\Server\rewrite.php(47): require_once('C:\\xampp\\htdocs\\web_deperkasa\\public\\index.php')
CRITICAL - 2023-08-24 04:28:46 --> Undefined variable: selectedMonth
in APPPATH\Views\pdf\pdf_harian.php on line 59.
 1 APPPATH\Views\pdf\pdf_harian.php(59): CodeIgniter\Debug\Exceptions->errorHandler(8, 'Undefined variable: selectedMonth', 'C:\\xampp\\htdocs\\web_deperkasa\\app\\Views\\pdf\\pdf_harian.php', 59, [...])
 2 SYSTEMPATH\View\View.php(213): include('C:\\xampp\\htdocs\\web_deperkasa\\app\\Views\\pdf\\pdf_harian.php')
 3 SYSTEMPATH\View\View.php(216): CodeIgniter\View\View->CodeIgniter\View\{closure}()
 4 SYSTEMPATH\Common.php(1184): CodeIgniter\View\View->render('pdf/pdf_harian', [], true)
 5 APPPATH\Controllers\PdfController.php(67): view('pdf/pdf_harian', [...])
 6 APPPATH\Controllers\PdfController.php(78): App\Controllers\PdfController->rekapHarianBulan('2023-08')
 7 SYSTEMPATH\CodeIgniter.php(934): App\Controllers\PdfController->rekapHarianBln()
 8 SYSTEMPATH\CodeIgniter.php(499): CodeIgniter\CodeIgniter->runController(Object(App\Controllers\PdfController))
 9 SYSTEMPATH\CodeIgniter.php(368): CodeIgniter\CodeIgniter->handleRequest(null, Object(Config\Cache), false)
10 FCPATH\index.php(67): CodeIgniter\CodeIgniter->run()
11 SYSTEMPATH\Commands\Server\rewrite.php(47): require_once('C:\\xampp\\htdocs\\web_deperkasa\\public\\index.php')
CRITICAL - 2023-08-24 04:31:27 --> Undefined variable: selectedMonth
in APPPATH\Views\pdf\pdf_harian.php on line 59.
 1 APPPATH\Views\pdf\pdf_harian.php(59): CodeIgniter\Debug\Exceptions->errorHandler(8, 'Undefined variable: selectedMonth', 'C:\\xampp\\htdocs\\web_deperkasa\\app\\Views\\pdf\\pdf_harian.php', 59, [...])
 2 SYSTEMPATH\View\View.php(213): include('C:\\xampp\\htdocs\\web_deperkasa\\app\\Views\\pdf\\pdf_harian.php')
 3 SYSTEMPATH\View\View.php(216): CodeIgniter\View\View->CodeIgniter\View\{closure}()
 4 SYSTEMPATH\Common.php(1184): CodeIgniter\View\View->render('pdf/pdf_harian', [], true)
 5 APPPATH\Controllers\PdfController.php(68): view('pdf/pdf_harian', [...])
 6 APPPATH\Controllers\PdfController.php(81): App\Controllers\PdfController->rekapHarianBulan('2023-08')
 7 SYSTEMPATH\CodeIgniter.php(934): App\Controllers\PdfController->rekapHarianBln()
 8 SYSTEMPATH\CodeIgniter.php(499): CodeIgniter\CodeIgniter->runController(Object(App\Controllers\PdfController))
 9 SYSTEMPATH\CodeIgniter.php(368): CodeIgniter\CodeIgniter->handleRequest(null, Object(Config\Cache), false)
10 FCPATH\index.php(67): CodeIgniter\CodeIgniter->run()
11 SYSTEMPATH\Commands\Server\rewrite.php(47): require_once('C:\\xampp\\htdocs\\web_deperkasa\\public\\index.php')
CRITICAL - 2023-08-24 04:31:29 --> Undefined variable: selectedMonth
in APPPATH\Views\pdf\pdf_harian.php on line 59.
 1 APPPATH\Views\pdf\pdf_harian.php(59): CodeIgniter\Debug\Exceptions->errorHandler(8, 'Undefined variable: selectedMonth', 'C:\\xampp\\htdocs\\web_deperkasa\\app\\Views\\pdf\\pdf_harian.php', 59, [...])
 2 SYSTEMPATH\View\View.php(213): include('C:\\xampp\\htdocs\\web_deperkasa\\app\\Views\\pdf\\pdf_harian.php')
 3 SYSTEMPATH\View\View.php(216): CodeIgniter\View\View->CodeIgniter\View\{closure}()
 4 SYSTEMPATH\Common.php(1184): CodeIgniter\View\View->render('pdf/pdf_harian', [], true)
 5 APPPATH\Controllers\PdfController.php(68): view('pdf/pdf_harian', [...])
 6 APPPATH\Controllers\PdfController.php(81): App\Controllers\PdfController->rekapHarianBulan('2023-08')
 7 SYSTEMPATH\CodeIgniter.php(934): App\Controllers\PdfController->rekapHarianBln()
 8 SYSTEMPATH\CodeIgniter.php(499): CodeIgniter\CodeIgniter->runController(Object(App\Controllers\PdfController))
 9 SYSTEMPATH\CodeIgniter.php(368): CodeIgniter\CodeIgniter->handleRequest(null, Object(Config\Cache), false)
10 FCPATH\index.php(67): CodeIgniter\CodeIgniter->run()
11 SYSTEMPATH\Commands\Server\rewrite.php(47): require_once('C:\\xampp\\htdocs\\web_deperkasa\\public\\index.php')
CRITICAL - 2023-08-24 05:38:50 --> Undefined variable: tanggal_awal
in APPPATH\Controllers\ExcelHarian.php on line 110.
 1 APPPATH\Controllers\ExcelHarian.php(110): CodeIgniter\Debug\Exceptions->errorHandler(8, 'Undefined variable: tanggal_awal', 'C:\\xampp\\htdocs\\web_deperkasa\\app\\Controllers\\ExcelHarian.php', 110, [...])
 2 SYSTEMPATH\CodeIgniter.php(934): App\Controllers\ExcelHarian->exportminggu()
 3 SYSTEMPATH\CodeIgniter.php(499): CodeIgniter\CodeIgniter->runController(Object(App\Controllers\ExcelHarian))
 4 SYSTEMPATH\CodeIgniter.php(368): CodeIgniter\CodeIgniter->handleRequest(null, Object(Config\Cache), false)
 5 FCPATH\index.php(67): CodeIgniter\CodeIgniter->run()
 6 SYSTEMPATH\Commands\Server\rewrite.php(47): require_once('C:\\xampp\\htdocs\\web_deperkasa\\public\\index.php')
CRITICAL - 2023-08-24 05:42:31 --> Undefined variable: tanggal_awal
in APPPATH\Controllers\ExcelHarian.php on line 102.
 1 APPPATH\Controllers\ExcelHarian.php(102): CodeIgniter\Debug\Exceptions->errorHandler(8, 'Undefined variable: tanggal_awal', 'C:\\xampp\\htdocs\\web_deperkasa\\app\\Controllers\\ExcelHarian.php', 102, [])
 2 SYSTEMPATH\CodeIgniter.php(934): App\Controllers\ExcelHarian->exportminggu()
 3 SYSTEMPATH\CodeIgniter.php(499): CodeIgniter\CodeIgniter->runController(Object(App\Controllers\ExcelHarian))
 4 SYSTEMPATH\CodeIgniter.php(368): CodeIgniter\CodeIgniter->handleRequest(null, Object(Config\Cache), false)
 5 FCPATH\index.php(67): CodeIgniter\CodeIgniter->run()
 6 SYSTEMPATH\Commands\Server\rewrite.php(47): require_once('C:\\xampp\\htdocs\\web_deperkasa\\public\\index.php')
CRITICAL - 2023-08-24 05:52:59 --> Undefined variable: tanggala
in APPPATH\Controllers\ExcelHarian.php on line 102.
 1 APPPATH\Controllers\ExcelHarian.php(102): CodeIgniter\Debug\Exceptions->errorHandler(8, 'Undefined variable: tanggala', 'C:\\xampp\\htdocs\\web_deperkasa\\app\\Controllers\\ExcelHarian.php', 102, [])
 2 SYSTEMPATH\CodeIgniter.php(934): App\Controllers\ExcelHarian->exportminggu()
 3 SYSTEMPATH\CodeIgniter.php(499): CodeIgniter\CodeIgniter->runController(Object(App\Controllers\ExcelHarian))
 4 SYSTEMPATH\CodeIgniter.php(368): CodeIgniter\CodeIgniter->handleRequest(null, Object(Config\Cache), false)
 5 FCPATH\index.php(67): CodeIgniter\CodeIgniter->run()
 6 SYSTEMPATH\Commands\Server\rewrite.php(47): require_once('C:\\xampp\\htdocs\\web_deperkasa\\public\\index.php')
CRITICAL - 2023-08-24 16:36:20 --> Undefined variable: minuman
in APPPATH\Views\dataminuman.php on line 99.
 1 APPPATH\Views\dataminuman.php(99): CodeIgniter\Debug\Exceptions->errorHandler(8, 'Undefined variable: minuman', 'C:\\xampp\\htdocs\\web_deperkasa\\app\\Views\\dataminuman.php', 99, [...])
 2 SYSTEMPATH\View\View.php(213): include('C:\\xampp\\htdocs\\web_deperkasa\\app\\Views\\dataminuman.php')
 3 SYSTEMPATH\View\View.php(216): CodeIgniter\View\View->CodeIgniter\View\{closure}()
 4 SYSTEMPATH\Common.php(1184): CodeIgniter\View\View->render('dataminuman', [], true)
 5 APPPATH\Controllers\Minuman.php(24): view('dataminuman')
 6 SYSTEMPATH\CodeIgniter.php(934): App\Controllers\Minuman->add()
 7 SYSTEMPATH\CodeIgniter.php(499): CodeIgniter\CodeIgniter->runController(Object(App\Controllers\Minuman))
 8 SYSTEMPATH\CodeIgniter.php(368): CodeIgniter\CodeIgniter->handleRequest(null, Object(Config\Cache), false)
 9 FCPATH\index.php(67): CodeIgniter\CodeIgniter->run()
10 SYSTEMPATH\Commands\Server\rewrite.php(47): require_once('C:\\xampp\\htdocs\\web_deperkasa\\public\\index.php')
INFO - 2023-08-24 16:37:03 --> Session: Class initialized using 'CodeIgniter\Session\Handlers\FileHandler' driver.
ERROR - 2023-08-24 16:39:34 --> mysqli_sql_exception: Unknown column 'tanggal' in 'where clause' in C:\xampp\htdocs\web_deperkasa\system\Database\MySQLi\Connection.php:295
Stack trace:
#0 C:\xampp\htdocs\web_deperkasa\system\Database\MySQLi\Connection.php(295): mysqli->query('SELECT *\nFROM `...', 0)
#1 C:\xampp\htdocs\web_deperkasa\system\Database\BaseConnection.php(692): CodeIgniter\Database\MySQLi\Connection->execute('SELECT *\nFROM `...')
#2 C:\xampp\htdocs\web_deperkasa\system\Database\BaseConnection.php(606): CodeIgniter\Database\BaseConnection->simpleQuery('SELECT *\nFROM `...')
#3 C:\xampp\htdocs\web_deperkasa\system\Database\BaseBuilder.php(1616): CodeIgniter\Database\BaseConnection->query('SELECT *\nFROM `...', Array, false)
#4 C:\xampp\htdocs\web_deperkasa\system\Model.php(241): CodeIgniter\Database\BaseBuilder->get()
#5 C:\xampp\htdocs\web_deperkasa\system\BaseModel.php(618): CodeIgniter\Model->doFindAll(0, 0)
#6 C:\xampp\htdocs\web_deperkasa\app\Controllers\PdfController.php(167): CodeIgniter\BaseModel->findAll()
#7 C:\xampp\htdocs\web_deperkasa\app\Controllers\PdfController.php(179): App\Controllers\PdfController->rekapRegistrasitanggal('')
#8 C:\xampp\htdocs\web_deperkasa\system\CodeIgniter.php(934): App\Controllers\PdfController->rekapRegistrasitgl()
#9 C:\xampp\htdocs\web_deperkasa\system\CodeIgniter.php(499): CodeIgniter\CodeIgniter->runController(Object(App\Controllers\PdfController))
#10 C:\xampp\htdocs\web_deperkasa\system\CodeIgniter.php(368): CodeIgniter\CodeIgniter->handleRequest(NULL, Object(Config\Cache), false)
#11 C:\xampp\htdocs\web_deperkasa\public\index.php(67): CodeIgniter\CodeIgniter->run()
#12 C:\xampp\htdocs\web_deperkasa\system\Commands\Server\rewrite.php(47): require_once('C:\\xampp\\htdocs...')
#13 {main}
CRITICAL - 2023-08-24 16:39:34 --> Unknown column 'tanggal' in 'where clause'
in SYSTEMPATH\Database\MySQLi\Connection.php on line 295.
 1 SYSTEMPATH\Database\MySQLi\Connection.php(295): mysqli->query('SELECT *
FROM `registrasi`
WHERE `tanggal` = \'1970-01-01\'', 0)
 2 SYSTEMPATH\Database\BaseConnection.php(692): CodeIgniter\Database\MySQLi\Connection->execute('SELECT *
FROM `registrasi`
WHERE `tanggal` = \'1970-01-01\'')
 3 SYSTEMPATH\Database\BaseConnection.php(606): CodeIgniter\Database\BaseConnection->simpleQuery('SELECT *
FROM `registrasi`
WHERE `tanggal` = \'1970-01-01\'')
 4 SYSTEMPATH\Database\BaseBuilder.php(1616): CodeIgniter\Database\BaseConnection->query('SELECT *
FROM `registrasi`
WHERE `tanggal` = :tanggal:', [...], false)
 5 SYSTEMPATH\Model.php(241): CodeIgniter\Database\BaseBuilder->get()
 6 SYSTEMPATH\BaseModel.php(618): CodeIgniter\Model->doFindAll(0, 0)
 7 APPPATH\Controllers\PdfController.php(167): CodeIgniter\BaseModel->findAll()
 8 APPPATH\Controllers\PdfController.php(179): App\Controllers\PdfController->rekapRegistrasitanggal('')
 9 SYSTEMPATH\CodeIgniter.php(934): App\Controllers\PdfController->rekapRegistrasitgl()
10 SYSTEMPATH\CodeIgniter.php(499): CodeIgniter\CodeIgniter->runController(Object(App\Controllers\PdfController))
11 SYSTEMPATH\CodeIgniter.php(368): CodeIgniter\CodeIgniter->handleRequest(null, Object(Config\Cache), false)
12 FCPATH\index.php(67): CodeIgniter\CodeIgniter->run()
13 SYSTEMPATH\Commands\Server\rewrite.php(47): require_once('C:\\xampp\\htdocs\\web_deperkasa\\public\\index.php')
ERROR - 2023-08-24 16:39:42 --> mysqli_sql_exception: Unknown column 'tanggal' in 'where clause' in C:\xampp\htdocs\web_deperkasa\system\Database\MySQLi\Connection.php:295
Stack trace:
#0 C:\xampp\htdocs\web_deperkasa\system\Database\MySQLi\Connection.php(295): mysqli->query('SELECT *\nFROM `...', 0)
#1 C:\xampp\htdocs\web_deperkasa\system\Database\BaseConnection.php(692): CodeIgniter\Database\MySQLi\Connection->execute('SELECT *\nFROM `...')
#2 C:\xampp\htdocs\web_deperkasa\system\Database\BaseConnection.php(606): CodeIgniter\Database\BaseConnection->simpleQuery('SELECT *\nFROM `...')
#3 C:\xampp\htdocs\web_deperkasa\system\Database\BaseBuilder.php(1616): CodeIgniter\Database\BaseConnection->query('SELECT *\nFROM `...', Array, false)
#4 C:\xampp\htdocs\web_deperkasa\system\Model.php(241): CodeIgniter\Database\BaseBuilder->get()
#5 C:\xampp\htdocs\web_deperkasa\system\BaseModel.php(618): CodeIgniter\Model->doFindAll(0, 0)
#6 C:\xampp\htdocs\web_deperkasa\app\Controllers\PdfController.php(211): CodeIgniter\BaseModel->findAll()
#7 C:\xampp\htdocs\web_deperkasa\app\Controllers\PdfController.php(226): App\Controllers\PdfController->rekapRegistrasiBulan('2023-08')
#8 C:\xampp\htdocs\web_deperkasa\system\CodeIgniter.php(934): App\Controllers\PdfController->rekapRegistrasiBln()
#9 C:\xampp\htdocs\web_deperkasa\system\CodeIgniter.php(499): CodeIgniter\CodeIgniter->runController(Object(App\Controllers\PdfController))
#10 C:\xampp\htdocs\web_deperkasa\system\CodeIgniter.php(368): CodeIgniter\CodeIgniter->handleRequest(NULL, Object(Config\Cache), false)
#11 C:\xampp\htdocs\web_deperkasa\public\index.php(67): CodeIgniter\CodeIgniter->run()
#12 C:\xampp\htdocs\web_deperkasa\system\Commands\Server\rewrite.php(47): require_once('C:\\xampp\\htdocs...')
#13 {main}
CRITICAL - 2023-08-24 16:39:42 --> Unknown column 'tanggal' in 'where clause'
in SYSTEMPATH\Database\MySQLi\Connection.php on line 295.
 1 SYSTEMPATH\Database\MySQLi\Connection.php(295): mysqli->query('SELECT *
FROM `registrasi`
WHERE MONTH(tanggal) = \'8\'', 0)
 2 SYSTEMPATH\Database\BaseConnection.php(692): CodeIgniter\Database\MySQLi\Connection->execute('SELECT *
FROM `registrasi`
WHERE MONTH(tanggal) = \'8\'')
 3 SYSTEMPATH\Database\BaseConnection.php(606): CodeIgniter\Database\BaseConnection->simpleQuery('SELECT *
FROM `registrasi`
WHERE MONTH(tanggal) = \'8\'')
 4 SYSTEMPATH\Database\BaseBuilder.php(1616): CodeIgniter\Database\BaseConnection->query('SELECT *
FROM `registrasi`
WHERE MONTH(tanggal) = :MONTH(tanggal):', [...], false)
 5 SYSTEMPATH\Model.php(241): CodeIgniter\Database\BaseBuilder->get()
 6 SYSTEMPATH\BaseModel.php(618): CodeIgniter\Model->doFindAll(0, 0)
 7 APPPATH\Controllers\PdfController.php(211): CodeIgniter\BaseModel->findAll()
 8 APPPATH\Controllers\PdfController.php(226): App\Controllers\PdfController->rekapRegistrasiBulan('2023-08')
 9 SYSTEMPATH\CodeIgniter.php(934): App\Controllers\PdfController->rekapRegistrasiBln()
10 SYSTEMPATH\CodeIgniter.php(499): CodeIgniter\CodeIgniter->runController(Object(App\Controllers\PdfController))
11 SYSTEMPATH\CodeIgniter.php(368): CodeIgniter\CodeIgniter->handleRequest(null, Object(Config\Cache), false)
12 FCPATH\index.php(67): CodeIgniter\CodeIgniter->run()
13 SYSTEMPATH\Commands\Server\rewrite.php(47): require_once('C:\\xampp\\htdocs\\web_deperkasa\\public\\index.php')
ERROR - 2023-08-24 16:42:54 --> mysqli_sql_exception: Unknown column 'tanggal' in 'where clause' in C:\xampp\htdocs\web_deperkasa\system\Database\MySQLi\Connection.php:295
Stack trace:
#0 C:\xampp\htdocs\web_deperkasa\system\Database\MySQLi\Connection.php(295): mysqli->query('SELECT *\nFROM `...', 0)
#1 C:\xampp\htdocs\web_deperkasa\system\Database\BaseConnection.php(692): CodeIgniter\Database\MySQLi\Connection->execute('SELECT *\nFROM `...')
#2 C:\xampp\htdocs\web_deperkasa\system\Database\BaseConnection.php(606): CodeIgniter\Database\BaseConnection->simpleQuery('SELECT *\nFROM `...')
#3 C:\xampp\htdocs\web_deperkasa\system\Database\BaseBuilder.php(1616): CodeIgniter\Database\BaseConnection->query('SELECT *\nFROM `...', Array, false)
#4 C:\xampp\htdocs\web_deperkasa\system\Model.php(241): CodeIgniter\Database\BaseBuilder->get()
#5 C:\xampp\htdocs\web_deperkasa\system\BaseModel.php(618): CodeIgniter\Model->doFindAll(0, 0)
#6 C:\xampp\htdocs\web_deperkasa\app\Controllers\PdfController.php(211): CodeIgniter\BaseModel->findAll()
#7 C:\xampp\htdocs\web_deperkasa\app\Controllers\PdfController.php(226): App\Controllers\PdfController->rekapRegistrasiBulan(NULL)
#8 C:\xampp\htdocs\web_deperkasa\system\CodeIgniter.php(934): App\Controllers\PdfController->rekapRegistrasiBln()
#9 C:\xampp\htdocs\web_deperkasa\system\CodeIgniter.php(499): CodeIgniter\CodeIgniter->runController(Object(App\Controllers\PdfController))
#10 C:\xampp\htdocs\web_deperkasa\system\CodeIgniter.php(368): CodeIgniter\CodeIgniter->handleRequest(NULL, Object(Config\Cache), false)
#11 C:\xampp\htdocs\web_deperkasa\public\index.php(67): CodeIgniter\CodeIgniter->run()
#12 C:\xampp\htdocs\web_deperkasa\system\Commands\Server\rewrite.php(47): require_once('C:\\xampp\\htdocs...')
#13 {main}
CRITICAL - 2023-08-24 16:42:54 --> Unknown column 'tanggal' in 'where clause'
in SYSTEMPATH\Database\MySQLi\Connection.php on line 295.
 1 SYSTEMPATH\Database\MySQLi\Connection.php(295): mysqli->query('SELECT *
FROM `registrasi`
WHERE MONTH(tanggal) = \'1\'', 0)
 2 SYSTEMPATH\Database\BaseConnection.php(692): CodeIgniter\Database\MySQLi\Connection->execute('SELECT *
FROM `registrasi`
WHERE MONTH(tanggal) = \'1\'')
 3 SYSTEMPATH\Database\BaseConnection.php(606): CodeIgniter\Database\BaseConnection->simpleQuery('SELECT *
FROM `registrasi`
WHERE MONTH(tanggal) = \'1\'')
 4 SYSTEMPATH\Database\BaseBuilder.php(1616): CodeIgniter\Database\BaseConnection->query('SELECT *
FROM `registrasi`
WHERE MONTH(tanggal) = :MONTH(tanggal):', [...], false)
 5 SYSTEMPATH\Model.php(241): CodeIgniter\Database\BaseBuilder->get()
 6 SYSTEMPATH\BaseModel.php(618): CodeIgniter\Model->doFindAll(0, 0)
 7 APPPATH\Controllers\PdfController.php(211): CodeIgniter\BaseModel->findAll()
 8 APPPATH\Controllers\PdfController.php(226): App\Controllers\PdfController->rekapRegistrasiBulan(null)
 9 SYSTEMPATH\CodeIgniter.php(934): App\Controllers\PdfController->rekapRegistrasiBln()
10 SYSTEMPATH\CodeIgniter.php(499): CodeIgniter\CodeIgniter->runController(Object(App\Controllers\PdfController))
11 SYSTEMPATH\CodeIgniter.php(368): CodeIgniter\CodeIgniter->handleRequest(null, Object(Config\Cache), false)
12 FCPATH\index.php(67): CodeIgniter\CodeIgniter->run()
13 SYSTEMPATH\Commands\Server\rewrite.php(47): require_once('C:\\xampp\\htdocs\\web_deperkasa\\public\\index.php')
INFO - 2023-08-24 16:58:54 --> Session: Class initialized using 'CodeIgniter\Session\Handlers\FileHandler' driver.
CRITICAL - 2023-08-24 17:00:38 --> Undefined variable: minumans
in APPPATH\Views\pdf\pdf_minuman.php on line 83.
 1 APPPATH\Views\pdf\pdf_minuman.php(83): CodeIgniter\Debug\Exceptions->errorHandler(8, 'Undefined variable: minumans', 'C:\\xampp\\htdocs\\web_deperkasa\\app\\Views\\pdf\\pdf_minuman.php', 83, [...])
 2 SYSTEMPATH\View\View.php(213): include('C:\\xampp\\htdocs\\web_deperkasa\\app\\Views\\pdf\\pdf_minuman.php')
 3 SYSTEMPATH\View\View.php(216): CodeIgniter\View\View->CodeIgniter\View\{closure}()
 4 SYSTEMPATH\Common.php(1184): CodeIgniter\View\View->render('pdf/pdf_minuman', [], true)
 5 APPPATH\Controllers\PdfController.php(144): view('pdf/pdf_minuman', [...])
 6 APPPATH\Controllers\PdfController.php(155): App\Controllers\PdfController->rekapMinumanBulan('2023-08')
 7 SYSTEMPATH\CodeIgniter.php(934): App\Controllers\PdfController->rekapMinumanBln()
 8 SYSTEMPATH\CodeIgniter.php(499): CodeIgniter\CodeIgniter->runController(Object(App\Controllers\PdfController))
 9 SYSTEMPATH\CodeIgniter.php(368): CodeIgniter\CodeIgniter->handleRequest(null, Object(Config\Cache), false)
10 FCPATH\index.php(67): CodeIgniter\CodeIgniter->run()
11 SYSTEMPATH\Commands\Server\rewrite.php(47): require_once('C:\\xampp\\htdocs\\web_deperkasa\\public\\index.php')
