CRITICAL - 2023-08-16 17:42:49 --> Invalid file: "rekap/kelasharian.php"
in SYSTEMPATH\Exceptions\FrameworkException.php on line 33.
 1 SYSTEMPATH\View\View.php(201): CodeIgniter\Exceptions\FrameworkException::forInvalidFile('rekap/kelasharian.php')
 2 SYSTEMPATH\Common.php(1184): CodeIgniter\View\View->render('rekap/kelasharian', [], true)
 3 APPPATH\Controllers\ExcelController.php(85): view('rekap/kelasharian')
 4 SYSTEMPATH\CodeIgniter.php(934): App\Controllers\ExcelController->export()
 5 SYSTEMPATH\CodeIgniter.php(499): CodeIgniter\CodeIgniter->runController(Object(App\Controllers\ExcelController))
 6 SYSTEMPATH\CodeIgniter.php(368): CodeIgniter\CodeIgniter->handleRequest(null, Object(Config\Cache), false)
 7 FCPATH\index.php(67): CodeIgniter\CodeIgniter->run()
 8 SYSTEMPATH\Commands\Server\rewrite.php(47): require_once('C:\\xampp\\htdocs\\web_deperkasa\\public\\index.php')
CRITICAL - 2023-08-16 17:43:52 --> Invalid file: "rekap/kelasharian.php"
in SYSTEMPATH\Exceptions\FrameworkException.php on line 33.
 1 SYSTEMPATH\View\View.php(201): CodeIgniter\Exceptions\FrameworkException::forInvalidFile('rekap/kelasharian.php')
 2 SYSTEMPATH\Common.php(1184): CodeIgniter\View\View->render('rekap/kelasharian', [], true)
 3 APPPATH\Controllers\ExcelController.php(85): view('rekap/kelasharian')
 4 SYSTEMPATH\CodeIgniter.php(934): App\Controllers\ExcelController->export()
 5 SYSTEMPATH\CodeIgniter.php(499): CodeIgniter\CodeIgniter->runController(Object(App\Controllers\ExcelController))
 6 SYSTEMPATH\CodeIgniter.php(368): CodeIgniter\CodeIgniter->handleRequest(null, Object(Config\Cache), false)
 7 FCPATH\index.php(67): CodeIgniter\CodeIgniter->run()
 8 SYSTEMPATH\Commands\Server\rewrite.php(47): require_once('C:\\xampp\\htdocs\\web_deperkasa\\public\\index.php')
CRITICAL - 2023-08-16 17:47:19 --> Invalid file: "kelasharian.php"
in SYSTEMPATH\Exceptions\FrameworkException.php on line 33.
 1 SYSTEMPATH\View\View.php(201): CodeIgniter\Exceptions\FrameworkException::forInvalidFile('kelasharian.php')
 2 SYSTEMPATH\Common.php(1184): CodeIgniter\View\View->render('kelasharian', [], true)
 3 APPPATH\Controllers\ExcelController.php(85): view('kelasharian')
 4 SYSTEMPATH\CodeIgniter.php(934): App\Controllers\ExcelController->export()
 5 SYSTEMPATH\CodeIgniter.php(499): CodeIgniter\CodeIgniter->runController(Object(App\Controllers\ExcelController))
 6 SYSTEMPATH\CodeIgniter.php(368): CodeIgniter\CodeIgniter->handleRequest(null, Object(Config\Cache), false)
 7 FCPATH\index.php(67): CodeIgniter\CodeIgniter->run()
 8 SYSTEMPATH\Commands\Server\rewrite.php(47): require_once('C:\\xampp\\htdocs\\web_deperkasa\\public\\index.php')
CRITICAL - 2023-08-16 18:01:43 --> Invalid file: "kelasharian.php"
in SYSTEMPATH\Exceptions\FrameworkException.php on line 33.
 1 SYSTEMPATH\View\View.php(201): CodeIgniter\Exceptions\FrameworkException::forInvalidFile('kelasharian.php')
 2 SYSTEMPATH\Common.php(1184): CodeIgniter\View\View->render('kelasharian', [], true)
 3 APPPATH\Controllers\ExcelController.php(85): view('kelasharian')
 4 SYSTEMPATH\CodeIgniter.php(934): App\Controllers\ExcelController->export()
 5 SYSTEMPATH\CodeIgniter.php(499): CodeIgniter\CodeIgniter->runController(Object(App\Controllers\ExcelController))
 6 SYSTEMPATH\CodeIgniter.php(368): CodeIgniter\CodeIgniter->handleRequest(null, Object(Config\Cache), false)
 7 FCPATH\index.php(67): CodeIgniter\CodeIgniter->run()
 8 SYSTEMPATH\Commands\Server\rewrite.php(47): require_once('C:\\xampp\\htdocs\\web_deperkasa\\public\\index.php')
CRITICAL - 2023-08-16 18:01:50 --> Invalid file: "kelasharian.php"
in SYSTEMPATH\Exceptions\FrameworkException.php on line 33.
 1 SYSTEMPATH\View\View.php(201): CodeIgniter\Exceptions\FrameworkException::forInvalidFile('kelasharian.php')
 2 SYSTEMPATH\Common.php(1184): CodeIgniter\View\View->render('kelasharian', [], true)
 3 APPPATH\Controllers\ExcelController.php(85): view('kelasharian')
 4 SYSTEMPATH\CodeIgniter.php(934): App\Controllers\ExcelController->export()
 5 SYSTEMPATH\CodeIgniter.php(499): CodeIgniter\CodeIgniter->runController(Object(App\Controllers\ExcelController))
 6 SYSTEMPATH\CodeIgniter.php(368): CodeIgniter\CodeIgniter->handleRequest(null, Object(Config\Cache), false)
 7 FCPATH\index.php(67): CodeIgniter\CodeIgniter->run()
 8 SYSTEMPATH\Commands\Server\rewrite.php(47): require_once('C:\\xampp\\htdocs\\web_deperkasa\\public\\index.php')
CRITICAL - 2023-08-16 18:11:53 --> Invalid file: "kelasharian.php"
in SYSTEMPATH\Exceptions\FrameworkException.php on line 33.
 1 SYSTEMPATH\View\View.php(201): CodeIgniter\Exceptions\FrameworkException::forInvalidFile('kelasharian.php')
 2 SYSTEMPATH\Common.php(1184): CodeIgniter\View\View->render('kelasharian', [], true)
 3 APPPATH\Controllers\ExcelController.php(85): view('kelasharian')
 4 SYSTEMPATH\CodeIgniter.php(934): App\Controllers\ExcelController->export()
 5 SYSTEMPATH\CodeIgniter.php(499): CodeIgniter\CodeIgniter->runController(Object(App\Controllers\ExcelController))
 6 SYSTEMPATH\CodeIgniter.php(368): CodeIgniter\CodeIgniter->handleRequest(null, Object(Config\Cache), false)
 7 FCPATH\index.php(67): CodeIgniter\CodeIgniter->run()
 8 SYSTEMPATH\Commands\Server\rewrite.php(47): require_once('C:\\xampp\\htdocs\\web_deperkasa\\public\\index.php')
CRITICAL - 2023-08-16 18:13:27 --> Invalid file: "kelasharian.php"
in SYSTEMPATH\Exceptions\FrameworkException.php on line 33.
 1 SYSTEMPATH\View\View.php(201): CodeIgniter\Exceptions\FrameworkException::forInvalidFile('kelasharian.php')
 2 SYSTEMPATH\Common.php(1184): CodeIgniter\View\View->render('kelasharian', [], true)
 3 APPPATH\Controllers\ExcelController.php(79): view('kelasharian')
 4 SYSTEMPATH\CodeIgniter.php(934): App\Controllers\ExcelController->export()
 5 SYSTEMPATH\CodeIgniter.php(499): CodeIgniter\CodeIgniter->runController(Object(App\Controllers\ExcelController))
 6 SYSTEMPATH\CodeIgniter.php(368): CodeIgniter\CodeIgniter->handleRequest(null, Object(Config\Cache), false)
 7 FCPATH\index.php(67): CodeIgniter\CodeIgniter->run()
 8 SYSTEMPATH\Commands\Server\rewrite.php(47): require_once('C:\\xampp\\htdocs\\web_deperkasa\\public\\index.php')
CRITICAL - 2023-08-16 18:13:32 --> Invalid file: "kelasharian.php"
in SYSTEMPATH\Exceptions\FrameworkException.php on line 33.
 1 SYSTEMPATH\View\View.php(201): CodeIgniter\Exceptions\FrameworkException::forInvalidFile('kelasharian.php')
 2 SYSTEMPATH\Common.php(1184): CodeIgniter\View\View->render('kelasharian', [], true)
 3 APPPATH\Controllers\ExcelController.php(79): view('kelasharian')
 4 SYSTEMPATH\CodeIgniter.php(934): App\Controllers\ExcelController->export()
 5 SYSTEMPATH\CodeIgniter.php(499): CodeIgniter\CodeIgniter->runController(Object(App\Controllers\ExcelController))
 6 SYSTEMPATH\CodeIgniter.php(368): CodeIgniter\CodeIgniter->handleRequest(null, Object(Config\Cache), false)
 7 FCPATH\index.php(67): CodeIgniter\CodeIgniter->run()
 8 SYSTEMPATH\Commands\Server\rewrite.php(47): require_once('C:\\xampp\\htdocs\\web_deperkasa\\public\\index.php')
