CRITICAL - 2023-06-23 10:25:10 --> Invalid file: "editregistrasi.php"
in SYSTEMPATH\Exceptions\FrameworkException.php on line 33.
 1 SYSTEMPATH\View\View.php(201): CodeIgniter\Exceptions\FrameworkException::forInvalidFile('editregistrasi.php')
 2 SYSTEMPATH\Common.php(1184): CodeIgniter\View\View->render('editregistrasi', [], true)
 3 APPPATH\Controllers\Registrasi.php(65): view('editregistrasi', [...])
 4 SYSTEMPATH\CodeIgniter.php(934): App\Controllers\Registrasi->edit('1')
 5 SYSTEMPATH\CodeIgniter.php(499): CodeIgniter\CodeIgniter->runController(Object(App\Controllers\Registrasi))
 6 SYSTEMPATH\CodeIgniter.php(368): CodeIgniter\CodeIgniter->handleRequest(null, Object(Config\Cache), false)
 7 FCPATH\index.php(67): CodeIgniter\CodeIgniter->run()
 8 SYSTEMPATH\Commands\Server\rewrite.php(47): require_once('C:\\xampp\\htdocs\\web_deperkasa\\public\\index.php')
CRITICAL - 2023-06-23 10:25:17 --> Trying to access array offset on value of type null
in APPPATH\Views\editharian.php on line 45.
 1 APPPATH\Views\editharian.php(45): CodeIgniter\Debug\Exceptions->errorHandler(8, 'Trying to access array offset on value of type null', 'C:\\xampp\\htdocs\\web_deperkasa\\app\\Views\\editharian.php', 45, [...])
 2 SYSTEMPATH\View\View.php(213): include('C:\\xampp\\htdocs\\web_deperkasa\\app\\Views\\editharian.php')
 3 SYSTEMPATH\View\View.php(216): CodeIgniter\View\View->CodeIgniter\View\{closure}()
 4 SYSTEMPATH\Common.php(1184): CodeIgniter\View\View->render('editharian', [], true)
 5 APPPATH\Controllers\Harian.php(60): view('editharian', [...])
 6 SYSTEMPATH\CodeIgniter.php(934): App\Controllers\Harian->edit('assets', 'js', 'main.js')
 7 SYSTEMPATH\CodeIgniter.php(499): CodeIgniter\CodeIgniter->runController(Object(App\Controllers\Harian))
 8 SYSTEMPATH\CodeIgniter.php(368): CodeIgniter\CodeIgniter->handleRequest(null, Object(Config\Cache), false)
 9 FCPATH\index.php(67): CodeIgniter\CodeIgniter->run()
10 SYSTEMPATH\Commands\Server\rewrite.php(47): require_once('C:\\xampp\\htdocs\\web_deperkasa\\public\\index.php')
CRITICAL - 2023-06-23 10:25:17 --> Trying to access array offset on value of type null
in APPPATH\Views\editharian.php on line 45.
 1 APPPATH\Views\editharian.php(45): CodeIgniter\Debug\Exceptions->errorHandler(8, 'Trying to access array offset on value of type null', 'C:\\xampp\\htdocs\\web_deperkasa\\app\\Views\\editharian.php', 45, [...])
 2 SYSTEMPATH\View\View.php(213): include('C:\\xampp\\htdocs\\web_deperkasa\\app\\Views\\editharian.php')
 3 SYSTEMPATH\View\View.php(216): CodeIgniter\View\View->CodeIgniter\View\{closure}()
 4 SYSTEMPATH\Common.php(1184): CodeIgniter\View\View->render('editharian', [], true)
 5 APPPATH\Controllers\Harian.php(60): view('editharian', [...])
 6 SYSTEMPATH\CodeIgniter.php(934): App\Controllers\Harian->edit('assets', 'js', 'init', 'weather-init.js')
 7 SYSTEMPATH\CodeIgniter.php(499): CodeIgniter\CodeIgniter->runController(Object(App\Controllers\Harian))
 8 SYSTEMPATH\CodeIgniter.php(368): CodeIgniter\CodeIgniter->handleRequest(null, Object(Config\Cache), false)
 9 FCPATH\index.php(67): CodeIgniter\CodeIgniter->run()
10 SYSTEMPATH\Commands\Server\rewrite.php(47): require_once('C:\\xampp\\htdocs\\web_deperkasa\\public\\index.php')
CRITICAL - 2023-06-23 10:25:17 --> Trying to access array offset on value of type null
in APPPATH\Views\editharian.php on line 45.
 1 APPPATH\Views\editharian.php(45): CodeIgniter\Debug\Exceptions->errorHandler(8, 'Trying to access array offset on value of type null', 'C:\\xampp\\htdocs\\web_deperkasa\\app\\Views\\editharian.php', 45, [...])
 2 SYSTEMPATH\View\View.php(213): include('C:\\xampp\\htdocs\\web_deperkasa\\app\\Views\\editharian.php')
 3 SYSTEMPATH\View\View.php(216): CodeIgniter\View\View->CodeIgniter\View\{closure}()
 4 SYSTEMPATH\Common.php(1184): CodeIgniter\View\View->render('editharian', [], true)
 5 APPPATH\Controllers\Harian.php(60): view('editharian', [...])
 6 SYSTEMPATH\CodeIgniter.php(934): App\Controllers\Harian->edit('assets', 'js', 'init', 'fullcalendar-init.js')
 7 SYSTEMPATH\CodeIgniter.php(499): CodeIgniter\CodeIgniter->runController(Object(App\Controllers\Harian))
 8 SYSTEMPATH\CodeIgniter.php(368): CodeIgniter\CodeIgniter->handleRequest(null, Object(Config\Cache), false)
 9 FCPATH\index.php(67): CodeIgniter\CodeIgniter->run()
10 SYSTEMPATH\Commands\Server\rewrite.php(47): require_once('C:\\xampp\\htdocs\\web_deperkasa\\public\\index.php')
ERROR - 2023-06-23 10:25:23 --> mysqli_sql_exception: Column 'pembayaran' cannot be null in C:\xampp\htdocs\web_deperkasa\system\Database\MySQLi\Connection.php:295
Stack trace:
#0 C:\xampp\htdocs\web_deperkasa\system\Database\MySQLi\Connection.php(295): mysqli->query('REPLACE INTO `k...', 0)
#1 C:\xampp\htdocs\web_deperkasa\system\Database\BaseConnection.php(692): CodeIgniter\Database\MySQLi\Connection->execute('REPLACE INTO `k...')
#2 C:\xampp\htdocs\web_deperkasa\system\Database\BaseConnection.php(606): CodeIgniter\Database\BaseConnection->simpleQuery('REPLACE INTO `k...')
#3 C:\xampp\htdocs\web_deperkasa\system\Database\BaseBuilder.php(2397): CodeIgniter\Database\BaseConnection->query('REPLACE INTO `k...', Array, false)
#4 C:\xampp\htdocs\web_deperkasa\system\Model.php(494): CodeIgniter\Database\BaseBuilder->replace(Array)
#5 C:\xampp\htdocs\web_deperkasa\system\BaseModel.php(1140): CodeIgniter\Model->doReplace(Array, false)
#6 C:\xampp\htdocs\web_deperkasa\app\Controllers\Harian.php(77): CodeIgniter\BaseModel->replace(Array)
#7 C:\xampp\htdocs\web_deperkasa\system\CodeIgniter.php(934): App\Controllers\Harian->update()
#8 C:\xampp\htdocs\web_deperkasa\system\CodeIgniter.php(499): CodeIgniter\CodeIgniter->runController(Object(App\Controllers\Harian))
#9 C:\xampp\htdocs\web_deperkasa\system\CodeIgniter.php(368): CodeIgniter\CodeIgniter->handleRequest(NULL, Object(Config\Cache), false)
#10 C:\xampp\htdocs\web_deperkasa\public\index.php(67): CodeIgniter\CodeIgniter->run()
#11 C:\xampp\htdocs\web_deperkasa\system\Commands\Server\rewrite.php(47): require_once('C:\\xampp\\htdocs...')
#12 {main}
CRITICAL - 2023-06-23 10:25:23 --> Column 'pembayaran' cannot be null
in SYSTEMPATH\Database\MySQLi\Connection.php on line 295.
 1 SYSTEMPATH\Database\MySQLi\Connection.php(295): mysqli->query('REPLACE INTO `kunjungan_harian` (`id_kh`, `nama`, `no_telp`, `waktu`, `kelas`, `pembayaran`, `harga`) VALUES (\'20\', \'dasdada\', \'0897644099\', \'12:22:00\', \'GYM\', NULL, \'25.000\')', 0)
 2 SYSTEMPATH\Database\BaseConnection.php(692): CodeIgniter\Database\MySQLi\Connection->execute('REPLACE INTO `kunjungan_harian` (`id_kh`, `nama`, `no_telp`, `waktu`, `kelas`, `pembayaran`, `harga`) VALUES (\'20\', \'dasdada\', \'0897644099\', \'12:22:00\', \'GYM\', NULL, \'25.000\')')
 3 SYSTEMPATH\Database\BaseConnection.php(606): CodeIgniter\Database\BaseConnection->simpleQuery('REPLACE INTO `kunjungan_harian` (`id_kh`, `nama`, `no_telp`, `waktu`, `kelas`, `pembayaran`, `harga`) VALUES (\'20\', \'dasdada\', \'0897644099\', \'12:22:00\', \'GYM\', NULL, \'25.000\')')
 4 SYSTEMPATH\Database\BaseBuilder.php(2397): CodeIgniter\Database\BaseConnection->query('REPLACE INTO `kunjungan_harian` (`id_kh`, `nama`, `no_telp`, `waktu`, `kelas`, `pembayaran`, `harga`) VALUES (:id_kh:, :nama:, :no_telp:, :waktu:, :kelas:, :pembayaran:, :harga:)', [...], false)
 5 SYSTEMPATH\Model.php(494): CodeIgniter\Database\BaseBuilder->replace([...])
 6 SYSTEMPATH\BaseModel.php(1140): CodeIgniter\Model->doReplace([...], false)
 7 APPPATH\Controllers\Harian.php(77): CodeIgniter\BaseModel->replace([...])
 8 SYSTEMPATH\CodeIgniter.php(934): App\Controllers\Harian->update()
 9 SYSTEMPATH\CodeIgniter.php(499): CodeIgniter\CodeIgniter->runController(Object(App\Controllers\Harian))
10 SYSTEMPATH\CodeIgniter.php(368): CodeIgniter\CodeIgniter->handleRequest(null, Object(Config\Cache), false)
11 FCPATH\index.php(67): CodeIgniter\CodeIgniter->run()
12 SYSTEMPATH\Commands\Server\rewrite.php(47): require_once('C:\\xampp\\htdocs\\web_deperkasa\\public\\index.php')
CRITICAL - 2023-06-23 10:25:39 --> Trying to access array offset on value of type null
in APPPATH\Views\editharian.php on line 45.
 1 APPPATH\Views\editharian.php(45): CodeIgniter\Debug\Exceptions->errorHandler(8, 'Trying to access array offset on value of type null', 'C:\\xampp\\htdocs\\web_deperkasa\\app\\Views\\editharian.php', 45, [...])
 2 SYSTEMPATH\View\View.php(213): include('C:\\xampp\\htdocs\\web_deperkasa\\app\\Views\\editharian.php')
 3 SYSTEMPATH\View\View.php(216): CodeIgniter\View\View->CodeIgniter\View\{closure}()
 4 SYSTEMPATH\Common.php(1184): CodeIgniter\View\View->render('editharian', [], true)
 5 APPPATH\Controllers\Harian.php(60): view('editharian', [...])
 6 SYSTEMPATH\CodeIgniter.php(934): App\Controllers\Harian->edit('assets', 'js', 'main.js')
 7 SYSTEMPATH\CodeIgniter.php(499): CodeIgniter\CodeIgniter->runController(Object(App\Controllers\Harian))
 8 SYSTEMPATH\CodeIgniter.php(368): CodeIgniter\CodeIgniter->handleRequest(null, Object(Config\Cache), false)
 9 FCPATH\index.php(67): CodeIgniter\CodeIgniter->run()
10 SYSTEMPATH\Commands\Server\rewrite.php(47): require_once('C:\\xampp\\htdocs\\web_deperkasa\\public\\index.php')
CRITICAL - 2023-06-23 10:25:39 --> Trying to access array offset on value of type null
in APPPATH\Views\editharian.php on line 45.
 1 APPPATH\Views\editharian.php(45): CodeIgniter\Debug\Exceptions->errorHandler(8, 'Trying to access array offset on value of type null', 'C:\\xampp\\htdocs\\web_deperkasa\\app\\Views\\editharian.php', 45, [...])
 2 SYSTEMPATH\View\View.php(213): include('C:\\xampp\\htdocs\\web_deperkasa\\app\\Views\\editharian.php')
 3 SYSTEMPATH\View\View.php(216): CodeIgniter\View\View->CodeIgniter\View\{closure}()
 4 SYSTEMPATH\Common.php(1184): CodeIgniter\View\View->render('editharian', [], true)
 5 APPPATH\Controllers\Harian.php(60): view('editharian', [...])
 6 SYSTEMPATH\CodeIgniter.php(934): App\Controllers\Harian->edit('assets', 'js', 'init', 'weather-init.js')
 7 SYSTEMPATH\CodeIgniter.php(499): CodeIgniter\CodeIgniter->runController(Object(App\Controllers\Harian))
 8 SYSTEMPATH\CodeIgniter.php(368): CodeIgniter\CodeIgniter->handleRequest(null, Object(Config\Cache), false)
 9 FCPATH\index.php(67): CodeIgniter\CodeIgniter->run()
10 SYSTEMPATH\Commands\Server\rewrite.php(47): require_once('C:\\xampp\\htdocs\\web_deperkasa\\public\\index.php')
CRITICAL - 2023-06-23 10:25:39 --> Trying to access array offset on value of type null
in APPPATH\Views\editharian.php on line 45.
 1 APPPATH\Views\editharian.php(45): CodeIgniter\Debug\Exceptions->errorHandler(8, 'Trying to access array offset on value of type null', 'C:\\xampp\\htdocs\\web_deperkasa\\app\\Views\\editharian.php', 45, [...])
 2 SYSTEMPATH\View\View.php(213): include('C:\\xampp\\htdocs\\web_deperkasa\\app\\Views\\editharian.php')
 3 SYSTEMPATH\View\View.php(216): CodeIgniter\View\View->CodeIgniter\View\{closure}()
 4 SYSTEMPATH\Common.php(1184): CodeIgniter\View\View->render('editharian', [], true)
 5 APPPATH\Controllers\Harian.php(60): view('editharian', [...])
 6 SYSTEMPATH\CodeIgniter.php(934): App\Controllers\Harian->edit('assets', 'js', 'init', 'fullcalendar-init.js')
 7 SYSTEMPATH\CodeIgniter.php(499): CodeIgniter\CodeIgniter->runController(Object(App\Controllers\Harian))
 8 SYSTEMPATH\CodeIgniter.php(368): CodeIgniter\CodeIgniter->handleRequest(null, Object(Config\Cache), false)
 9 FCPATH\index.php(67): CodeIgniter\CodeIgniter->run()
10 SYSTEMPATH\Commands\Server\rewrite.php(47): require_once('C:\\xampp\\htdocs\\web_deperkasa\\public\\index.php')
ERROR - 2023-06-23 10:25:44 --> mysqli_sql_exception: Column 'pembayaran' cannot be null in C:\xampp\htdocs\web_deperkasa\system\Database\MySQLi\Connection.php:295
Stack trace:
#0 C:\xampp\htdocs\web_deperkasa\system\Database\MySQLi\Connection.php(295): mysqli->query('REPLACE INTO `k...', 0)
#1 C:\xampp\htdocs\web_deperkasa\system\Database\BaseConnection.php(692): CodeIgniter\Database\MySQLi\Connection->execute('REPLACE INTO `k...')
#2 C:\xampp\htdocs\web_deperkasa\system\Database\BaseConnection.php(606): CodeIgniter\Database\BaseConnection->simpleQuery('REPLACE INTO `k...')
#3 C:\xampp\htdocs\web_deperkasa\system\Database\BaseBuilder.php(2397): CodeIgniter\Database\BaseConnection->query('REPLACE INTO `k...', Array, false)
#4 C:\xampp\htdocs\web_deperkasa\system\Model.php(494): CodeIgniter\Database\BaseBuilder->replace(Array)
#5 C:\xampp\htdocs\web_deperkasa\system\BaseModel.php(1140): CodeIgniter\Model->doReplace(Array, false)
#6 C:\xampp\htdocs\web_deperkasa\app\Controllers\Harian.php(77): CodeIgniter\BaseModel->replace(Array)
#7 C:\xampp\htdocs\web_deperkasa\system\CodeIgniter.php(934): App\Controllers\Harian->update()
#8 C:\xampp\htdocs\web_deperkasa\system\CodeIgniter.php(499): CodeIgniter\CodeIgniter->runController(Object(App\Controllers\Harian))
#9 C:\xampp\htdocs\web_deperkasa\system\CodeIgniter.php(368): CodeIgniter\CodeIgniter->handleRequest(NULL, Object(Config\Cache), false)
#10 C:\xampp\htdocs\web_deperkasa\public\index.php(67): CodeIgniter\CodeIgniter->run()
#11 C:\xampp\htdocs\web_deperkasa\system\Commands\Server\rewrite.php(47): require_once('C:\\xampp\\htdocs...')
#12 {main}
CRITICAL - 2023-06-23 10:25:44 --> Column 'pembayaran' cannot be null
in SYSTEMPATH\Database\MySQLi\Connection.php on line 295.
 1 SYSTEMPATH\Database\MySQLi\Connection.php(295): mysqli->query('REPLACE INTO `kunjungan_harian` (`id_kh`, `nama`, `no_telp`, `waktu`, `kelas`, `pembayaran`, `harga`) VALUES (\'20\', \'dasdada\', \'0897644099\', \'12:22\', \'GYM\', NULL, \'25.000\')', 0)
 2 SYSTEMPATH\Database\BaseConnection.php(692): CodeIgniter\Database\MySQLi\Connection->execute('REPLACE INTO `kunjungan_harian` (`id_kh`, `nama`, `no_telp`, `waktu`, `kelas`, `pembayaran`, `harga`) VALUES (\'20\', \'dasdada\', \'0897644099\', \'12:22\', \'GYM\', NULL, \'25.000\')')
 3 SYSTEMPATH\Database\BaseConnection.php(606): CodeIgniter\Database\BaseConnection->simpleQuery('REPLACE INTO `kunjungan_harian` (`id_kh`, `nama`, `no_telp`, `waktu`, `kelas`, `pembayaran`, `harga`) VALUES (\'20\', \'dasdada\', \'0897644099\', \'12:22\', \'GYM\', NULL, \'25.000\')')
 4 SYSTEMPATH\Database\BaseBuilder.php(2397): CodeIgniter\Database\BaseConnection->query('REPLACE INTO `kunjungan_harian` (`id_kh`, `nama`, `no_telp`, `waktu`, `kelas`, `pembayaran`, `harga`) VALUES (:id_kh:, :nama:, :no_telp:, :waktu:, :kelas:, :pembayaran:, :harga:)', [...], false)
 5 SYSTEMPATH\Model.php(494): CodeIgniter\Database\BaseBuilder->replace([...])
 6 SYSTEMPATH\BaseModel.php(1140): CodeIgniter\Model->doReplace([...], false)
 7 APPPATH\Controllers\Harian.php(77): CodeIgniter\BaseModel->replace([...])
 8 SYSTEMPATH\CodeIgniter.php(934): App\Controllers\Harian->update()
 9 SYSTEMPATH\CodeIgniter.php(499): CodeIgniter\CodeIgniter->runController(Object(App\Controllers\Harian))
10 SYSTEMPATH\CodeIgniter.php(368): CodeIgniter\CodeIgniter->handleRequest(null, Object(Config\Cache), false)
11 FCPATH\index.php(67): CodeIgniter\CodeIgniter->run()
12 SYSTEMPATH\Commands\Server\rewrite.php(47): require_once('C:\\xampp\\htdocs\\web_deperkasa\\public\\index.php')
CRITICAL - 2023-06-23 10:26:14 --> Trying to access array offset on value of type null
in APPPATH\Views\editharian.php on line 45.
 1 APPPATH\Views\editharian.php(45): CodeIgniter\Debug\Exceptions->errorHandler(8, 'Trying to access array offset on value of type null', 'C:\\xampp\\htdocs\\web_deperkasa\\app\\Views\\editharian.php', 45, [...])
 2 SYSTEMPATH\View\View.php(213): include('C:\\xampp\\htdocs\\web_deperkasa\\app\\Views\\editharian.php')
 3 SYSTEMPATH\View\View.php(216): CodeIgniter\View\View->CodeIgniter\View\{closure}()
 4 SYSTEMPATH\Common.php(1184): CodeIgniter\View\View->render('editharian', [], true)
 5 APPPATH\Controllers\Harian.php(60): view('editharian', [...])
 6 SYSTEMPATH\CodeIgniter.php(934): App\Controllers\Harian->edit('assets', 'js', 'main.js')
 7 SYSTEMPATH\CodeIgniter.php(499): CodeIgniter\CodeIgniter->runController(Object(App\Controllers\Harian))
 8 SYSTEMPATH\CodeIgniter.php(368): CodeIgniter\CodeIgniter->handleRequest(null, Object(Config\Cache), false)
 9 FCPATH\index.php(67): CodeIgniter\CodeIgniter->run()
10 SYSTEMPATH\Commands\Server\rewrite.php(47): require_once('C:\\xampp\\htdocs\\web_deperkasa\\public\\index.php')
CRITICAL - 2023-06-23 10:26:14 --> Trying to access array offset on value of type null
in APPPATH\Views\editharian.php on line 45.
 1 APPPATH\Views\editharian.php(45): CodeIgniter\Debug\Exceptions->errorHandler(8, 'Trying to access array offset on value of type null', 'C:\\xampp\\htdocs\\web_deperkasa\\app\\Views\\editharian.php', 45, [...])
 2 SYSTEMPATH\View\View.php(213): include('C:\\xampp\\htdocs\\web_deperkasa\\app\\Views\\editharian.php')
 3 SYSTEMPATH\View\View.php(216): CodeIgniter\View\View->CodeIgniter\View\{closure}()
 4 SYSTEMPATH\Common.php(1184): CodeIgniter\View\View->render('editharian', [], true)
 5 APPPATH\Controllers\Harian.php(60): view('editharian', [...])
 6 SYSTEMPATH\CodeIgniter.php(934): App\Controllers\Harian->edit('assets', 'js', 'init', 'weather-init.js')
 7 SYSTEMPATH\CodeIgniter.php(499): CodeIgniter\CodeIgniter->runController(Object(App\Controllers\Harian))
 8 SYSTEMPATH\CodeIgniter.php(368): CodeIgniter\CodeIgniter->handleRequest(null, Object(Config\Cache), false)
 9 FCPATH\index.php(67): CodeIgniter\CodeIgniter->run()
10 SYSTEMPATH\Commands\Server\rewrite.php(47): require_once('C:\\xampp\\htdocs\\web_deperkasa\\public\\index.php')
CRITICAL - 2023-06-23 10:26:14 --> Trying to access array offset on value of type null
in APPPATH\Views\editharian.php on line 45.
 1 APPPATH\Views\editharian.php(45): CodeIgniter\Debug\Exceptions->errorHandler(8, 'Trying to access array offset on value of type null', 'C:\\xampp\\htdocs\\web_deperkasa\\app\\Views\\editharian.php', 45, [...])
 2 SYSTEMPATH\View\View.php(213): include('C:\\xampp\\htdocs\\web_deperkasa\\app\\Views\\editharian.php')
 3 SYSTEMPATH\View\View.php(216): CodeIgniter\View\View->CodeIgniter\View\{closure}()
 4 SYSTEMPATH\Common.php(1184): CodeIgniter\View\View->render('editharian', [], true)
 5 APPPATH\Controllers\Harian.php(60): view('editharian', [...])
 6 SYSTEMPATH\CodeIgniter.php(934): App\Controllers\Harian->edit('assets', 'js', 'init', 'fullcalendar-init.js')
 7 SYSTEMPATH\CodeIgniter.php(499): CodeIgniter\CodeIgniter->runController(Object(App\Controllers\Harian))
 8 SYSTEMPATH\CodeIgniter.php(368): CodeIgniter\CodeIgniter->handleRequest(null, Object(Config\Cache), false)
 9 FCPATH\index.php(67): CodeIgniter\CodeIgniter->run()
10 SYSTEMPATH\Commands\Server\rewrite.php(47): require_once('C:\\xampp\\htdocs\\web_deperkasa\\public\\index.php')
INFO - 2023-06-23 10:27:58 --> Session: Class initialized using 'CodeIgniter\Session\Handlers\FileHandler' driver.
CRITICAL - 2023-06-23 10:28:05 --> Trying to access array offset on value of type null
in APPPATH\Views\editharian.php on line 45.
 1 APPPATH\Views\editharian.php(45): CodeIgniter\Debug\Exceptions->errorHandler(8, 'Trying to access array offset on value of type null', 'C:\\xampp\\htdocs\\web_deperkasa\\app\\Views\\editharian.php', 45, [...])
 2 SYSTEMPATH\View\View.php(213): include('C:\\xampp\\htdocs\\web_deperkasa\\app\\Views\\editharian.php')
 3 SYSTEMPATH\View\View.php(216): CodeIgniter\View\View->CodeIgniter\View\{closure}()
 4 SYSTEMPATH\Common.php(1184): CodeIgniter\View\View->render('editharian', [], true)
 5 APPPATH\Controllers\Harian.php(60): view('editharian', [...])
 6 SYSTEMPATH\CodeIgniter.php(934): App\Controllers\Harian->edit('assets', 'js', 'main.js')
 7 SYSTEMPATH\CodeIgniter.php(499): CodeIgniter\CodeIgniter->runController(Object(App\Controllers\Harian))
 8 SYSTEMPATH\CodeIgniter.php(368): CodeIgniter\CodeIgniter->handleRequest(null, Object(Config\Cache), false)
 9 FCPATH\index.php(67): CodeIgniter\CodeIgniter->run()
10 SYSTEMPATH\Commands\Server\rewrite.php(47): require_once('C:\\xampp\\htdocs\\web_deperkasa\\public\\index.php')
CRITICAL - 2023-06-23 10:28:05 --> Trying to access array offset on value of type null
in APPPATH\Views\editharian.php on line 45.
 1 APPPATH\Views\editharian.php(45): CodeIgniter\Debug\Exceptions->errorHandler(8, 'Trying to access array offset on value of type null', 'C:\\xampp\\htdocs\\web_deperkasa\\app\\Views\\editharian.php', 45, [...])
 2 SYSTEMPATH\View\View.php(213): include('C:\\xampp\\htdocs\\web_deperkasa\\app\\Views\\editharian.php')
 3 SYSTEMPATH\View\View.php(216): CodeIgniter\View\View->CodeIgniter\View\{closure}()
 4 SYSTEMPATH\Common.php(1184): CodeIgniter\View\View->render('editharian', [], true)
 5 APPPATH\Controllers\Harian.php(60): view('editharian', [...])
 6 SYSTEMPATH\CodeIgniter.php(934): App\Controllers\Harian->edit('assets', 'js', 'init', 'weather-init.js')
 7 SYSTEMPATH\CodeIgniter.php(499): CodeIgniter\CodeIgniter->runController(Object(App\Controllers\Harian))
 8 SYSTEMPATH\CodeIgniter.php(368): CodeIgniter\CodeIgniter->handleRequest(null, Object(Config\Cache), false)
 9 FCPATH\index.php(67): CodeIgniter\CodeIgniter->run()
10 SYSTEMPATH\Commands\Server\rewrite.php(47): require_once('C:\\xampp\\htdocs\\web_deperkasa\\public\\index.php')
CRITICAL - 2023-06-23 10:28:05 --> Trying to access array offset on value of type null
in APPPATH\Views\editharian.php on line 45.
 1 APPPATH\Views\editharian.php(45): CodeIgniter\Debug\Exceptions->errorHandler(8, 'Trying to access array offset on value of type null', 'C:\\xampp\\htdocs\\web_deperkasa\\app\\Views\\editharian.php', 45, [...])
 2 SYSTEMPATH\View\View.php(213): include('C:\\xampp\\htdocs\\web_deperkasa\\app\\Views\\editharian.php')
 3 SYSTEMPATH\View\View.php(216): CodeIgniter\View\View->CodeIgniter\View\{closure}()
 4 SYSTEMPATH\Common.php(1184): CodeIgniter\View\View->render('editharian', [], true)
 5 APPPATH\Controllers\Harian.php(60): view('editharian', [...])
 6 SYSTEMPATH\CodeIgniter.php(934): App\Controllers\Harian->edit('assets', 'js', 'init', 'fullcalendar-init.js')
 7 SYSTEMPATH\CodeIgniter.php(499): CodeIgniter\CodeIgniter->runController(Object(App\Controllers\Harian))
 8 SYSTEMPATH\CodeIgniter.php(368): CodeIgniter\CodeIgniter->handleRequest(null, Object(Config\Cache), false)
 9 FCPATH\index.php(67): CodeIgniter\CodeIgniter->run()
10 SYSTEMPATH\Commands\Server\rewrite.php(47): require_once('C:\\xampp\\htdocs\\web_deperkasa\\public\\index.php')
ERROR - 2023-06-23 10:28:09 --> mysqli_sql_exception: Column 'kelas' cannot be null in C:\xampp\htdocs\web_deperkasa\system\Database\MySQLi\Connection.php:295
Stack trace:
#0 C:\xampp\htdocs\web_deperkasa\system\Database\MySQLi\Connection.php(295): mysqli->query('REPLACE INTO `k...', 0)
#1 C:\xampp\htdocs\web_deperkasa\system\Database\BaseConnection.php(692): CodeIgniter\Database\MySQLi\Connection->execute('REPLACE INTO `k...')
#2 C:\xampp\htdocs\web_deperkasa\system\Database\BaseConnection.php(606): CodeIgniter\Database\BaseConnection->simpleQuery('REPLACE INTO `k...')
#3 C:\xampp\htdocs\web_deperkasa\system\Database\BaseBuilder.php(2397): CodeIgniter\Database\BaseConnection->query('REPLACE INTO `k...', Array, false)
#4 C:\xampp\htdocs\web_deperkasa\system\Model.php(494): CodeIgniter\Database\BaseBuilder->replace(Array)
#5 C:\xampp\htdocs\web_deperkasa\system\BaseModel.php(1140): CodeIgniter\Model->doReplace(Array, false)
#6 C:\xampp\htdocs\web_deperkasa\app\Controllers\Harian.php(77): CodeIgniter\BaseModel->replace(Array)
#7 C:\xampp\htdocs\web_deperkasa\system\CodeIgniter.php(934): App\Controllers\Harian->update()
#8 C:\xampp\htdocs\web_deperkasa\system\CodeIgniter.php(499): CodeIgniter\CodeIgniter->runController(Object(App\Controllers\Harian))
#9 C:\xampp\htdocs\web_deperkasa\system\CodeIgniter.php(368): CodeIgniter\CodeIgniter->handleRequest(NULL, Object(Config\Cache), false)
#10 C:\xampp\htdocs\web_deperkasa\public\index.php(67): CodeIgniter\CodeIgniter->run()
#11 C:\xampp\htdocs\web_deperkasa\system\Commands\Server\rewrite.php(47): require_once('C:\\xampp\\htdocs...')
#12 {main}
CRITICAL - 2023-06-23 10:28:09 --> Column 'kelas' cannot be null
in SYSTEMPATH\Database\MySQLi\Connection.php on line 295.
 1 SYSTEMPATH\Database\MySQLi\Connection.php(295): mysqli->query('REPLACE INTO `kunjungan_harian` (`id_kh`, `nama`, `no_telp`, `waktu`, `kelas`, `pembayaran`, `harga`) VALUES (\'21\', \'Reza\', \'0897644099\', \'15:03:00\', NULL, NULL, \'25.000\')', 0)
 2 SYSTEMPATH\Database\BaseConnection.php(692): CodeIgniter\Database\MySQLi\Connection->execute('REPLACE INTO `kunjungan_harian` (`id_kh`, `nama`, `no_telp`, `waktu`, `kelas`, `pembayaran`, `harga`) VALUES (\'21\', \'Reza\', \'0897644099\', \'15:03:00\', NULL, NULL, \'25.000\')')
 3 SYSTEMPATH\Database\BaseConnection.php(606): CodeIgniter\Database\BaseConnection->simpleQuery('REPLACE INTO `kunjungan_harian` (`id_kh`, `nama`, `no_telp`, `waktu`, `kelas`, `pembayaran`, `harga`) VALUES (\'21\', \'Reza\', \'0897644099\', \'15:03:00\', NULL, NULL, \'25.000\')')
 4 SYSTEMPATH\Database\BaseBuilder.php(2397): CodeIgniter\Database\BaseConnection->query('REPLACE INTO `kunjungan_harian` (`id_kh`, `nama`, `no_telp`, `waktu`, `kelas`, `pembayaran`, `harga`) VALUES (:id_kh:, :nama:, :no_telp:, :waktu:, :kelas:, :pembayaran:, :harga:)', [...], false)
 5 SYSTEMPATH\Model.php(494): CodeIgniter\Database\BaseBuilder->replace([...])
 6 SYSTEMPATH\BaseModel.php(1140): CodeIgniter\Model->doReplace([...], false)
 7 APPPATH\Controllers\Harian.php(77): CodeIgniter\BaseModel->replace([...])
 8 SYSTEMPATH\CodeIgniter.php(934): App\Controllers\Harian->update()
 9 SYSTEMPATH\CodeIgniter.php(499): CodeIgniter\CodeIgniter->runController(Object(App\Controllers\Harian))
10 SYSTEMPATH\CodeIgniter.php(368): CodeIgniter\CodeIgniter->handleRequest(null, Object(Config\Cache), false)
11 FCPATH\index.php(67): CodeIgniter\CodeIgniter->run()
12 SYSTEMPATH\Commands\Server\rewrite.php(47): require_once('C:\\xampp\\htdocs\\web_deperkasa\\public\\index.php')
CRITICAL - 2023-06-23 10:28:13 --> Trying to access array offset on value of type null
in APPPATH\Views\editharian.php on line 45.
 1 APPPATH\Views\editharian.php(45): CodeIgniter\Debug\Exceptions->errorHandler(8, 'Trying to access array offset on value of type null', 'C:\\xampp\\htdocs\\web_deperkasa\\app\\Views\\editharian.php', 45, [...])
 2 SYSTEMPATH\View\View.php(213): include('C:\\xampp\\htdocs\\web_deperkasa\\app\\Views\\editharian.php')
 3 SYSTEMPATH\View\View.php(216): CodeIgniter\View\View->CodeIgniter\View\{closure}()
 4 SYSTEMPATH\Common.php(1184): CodeIgniter\View\View->render('editharian', [], true)
 5 APPPATH\Controllers\Harian.php(60): view('editharian', [...])
 6 SYSTEMPATH\CodeIgniter.php(934): App\Controllers\Harian->edit('assets', 'js', 'main.js')
 7 SYSTEMPATH\CodeIgniter.php(499): CodeIgniter\CodeIgniter->runController(Object(App\Controllers\Harian))
 8 SYSTEMPATH\CodeIgniter.php(368): CodeIgniter\CodeIgniter->handleRequest(null, Object(Config\Cache), false)
 9 FCPATH\index.php(67): CodeIgniter\CodeIgniter->run()
10 SYSTEMPATH\Commands\Server\rewrite.php(47): require_once('C:\\xampp\\htdocs\\web_deperkasa\\public\\index.php')
CRITICAL - 2023-06-23 10:28:13 --> Trying to access array offset on value of type null
in APPPATH\Views\editharian.php on line 45.
 1 APPPATH\Views\editharian.php(45): CodeIgniter\Debug\Exceptions->errorHandler(8, 'Trying to access array offset on value of type null', 'C:\\xampp\\htdocs\\web_deperkasa\\app\\Views\\editharian.php', 45, [...])
 2 SYSTEMPATH\View\View.php(213): include('C:\\xampp\\htdocs\\web_deperkasa\\app\\Views\\editharian.php')
 3 SYSTEMPATH\View\View.php(216): CodeIgniter\View\View->CodeIgniter\View\{closure}()
 4 SYSTEMPATH\Common.php(1184): CodeIgniter\View\View->render('editharian', [], true)
 5 APPPATH\Controllers\Harian.php(60): view('editharian', [...])
 6 SYSTEMPATH\CodeIgniter.php(934): App\Controllers\Harian->edit('assets', 'js', 'init', 'weather-init.js')
 7 SYSTEMPATH\CodeIgniter.php(499): CodeIgniter\CodeIgniter->runController(Object(App\Controllers\Harian))
 8 SYSTEMPATH\CodeIgniter.php(368): CodeIgniter\CodeIgniter->handleRequest(null, Object(Config\Cache), false)
 9 FCPATH\index.php(67): CodeIgniter\CodeIgniter->run()
10 SYSTEMPATH\Commands\Server\rewrite.php(47): require_once('C:\\xampp\\htdocs\\web_deperkasa\\public\\index.php')
CRITICAL - 2023-06-23 10:28:13 --> Trying to access array offset on value of type null
in APPPATH\Views\editharian.php on line 45.
 1 APPPATH\Views\editharian.php(45): CodeIgniter\Debug\Exceptions->errorHandler(8, 'Trying to access array offset on value of type null', 'C:\\xampp\\htdocs\\web_deperkasa\\app\\Views\\editharian.php', 45, [...])
 2 SYSTEMPATH\View\View.php(213): include('C:\\xampp\\htdocs\\web_deperkasa\\app\\Views\\editharian.php')
 3 SYSTEMPATH\View\View.php(216): CodeIgniter\View\View->CodeIgniter\View\{closure}()
 4 SYSTEMPATH\Common.php(1184): CodeIgniter\View\View->render('editharian', [], true)
 5 APPPATH\Controllers\Harian.php(60): view('editharian', [...])
 6 SYSTEMPATH\CodeIgniter.php(934): App\Controllers\Harian->edit('assets', 'js', 'init', 'fullcalendar-init.js')
 7 SYSTEMPATH\CodeIgniter.php(499): CodeIgniter\CodeIgniter->runController(Object(App\Controllers\Harian))
 8 SYSTEMPATH\CodeIgniter.php(368): CodeIgniter\CodeIgniter->handleRequest(null, Object(Config\Cache), false)
 9 FCPATH\index.php(67): CodeIgniter\CodeIgniter->run()
10 SYSTEMPATH\Commands\Server\rewrite.php(47): require_once('C:\\xampp\\htdocs\\web_deperkasa\\public\\index.php')
ERROR - 2023-06-23 10:28:18 --> mysqli_sql_exception: Column 'kelas' cannot be null in C:\xampp\htdocs\web_deperkasa\system\Database\MySQLi\Connection.php:295
Stack trace:
#0 C:\xampp\htdocs\web_deperkasa\system\Database\MySQLi\Connection.php(295): mysqli->query('REPLACE INTO `k...', 0)
#1 C:\xampp\htdocs\web_deperkasa\system\Database\BaseConnection.php(692): CodeIgniter\Database\MySQLi\Connection->execute('REPLACE INTO `k...')
#2 C:\xampp\htdocs\web_deperkasa\system\Database\BaseConnection.php(606): CodeIgniter\Database\BaseConnection->simpleQuery('REPLACE INTO `k...')
#3 C:\xampp\htdocs\web_deperkasa\system\Database\BaseBuilder.php(2397): CodeIgniter\Database\BaseConnection->query('REPLACE INTO `k...', Array, false)
#4 C:\xampp\htdocs\web_deperkasa\system\Model.php(494): CodeIgniter\Database\BaseBuilder->replace(Array)
#5 C:\xampp\htdocs\web_deperkasa\system\BaseModel.php(1140): CodeIgniter\Model->doReplace(Array, false)
#6 C:\xampp\htdocs\web_deperkasa\app\Controllers\Harian.php(77): CodeIgniter\BaseModel->replace(Array)
#7 C:\xampp\htdocs\web_deperkasa\system\CodeIgniter.php(934): App\Controllers\Harian->update()
#8 C:\xampp\htdocs\web_deperkasa\system\CodeIgniter.php(499): CodeIgniter\CodeIgniter->runController(Object(App\Controllers\Harian))
#9 C:\xampp\htdocs\web_deperkasa\system\CodeIgniter.php(368): CodeIgniter\CodeIgniter->handleRequest(NULL, Object(Config\Cache), false)
#10 C:\xampp\htdocs\web_deperkasa\public\index.php(67): CodeIgniter\CodeIgniter->run()
#11 C:\xampp\htdocs\web_deperkasa\system\Commands\Server\rewrite.php(47): require_once('C:\\xampp\\htdocs...')
#12 {main}
CRITICAL - 2023-06-23 10:28:18 --> Column 'kelas' cannot be null
in SYSTEMPATH\Database\MySQLi\Connection.php on line 295.
 1 SYSTEMPATH\Database\MySQLi\Connection.php(295): mysqli->query('REPLACE INTO `kunjungan_harian` (`id_kh`, `nama`, `no_telp`, `waktu`, `kelas`, `pembayaran`, `harga`) VALUES (\'21\', \'Reza\', \'0897644099\', \'15:03\', NULL, NULL, \'25.000\')', 0)
 2 SYSTEMPATH\Database\BaseConnection.php(692): CodeIgniter\Database\MySQLi\Connection->execute('REPLACE INTO `kunjungan_harian` (`id_kh`, `nama`, `no_telp`, `waktu`, `kelas`, `pembayaran`, `harga`) VALUES (\'21\', \'Reza\', \'0897644099\', \'15:03\', NULL, NULL, \'25.000\')')
 3 SYSTEMPATH\Database\BaseConnection.php(606): CodeIgniter\Database\BaseConnection->simpleQuery('REPLACE INTO `kunjungan_harian` (`id_kh`, `nama`, `no_telp`, `waktu`, `kelas`, `pembayaran`, `harga`) VALUES (\'21\', \'Reza\', \'0897644099\', \'15:03\', NULL, NULL, \'25.000\')')
 4 SYSTEMPATH\Database\BaseBuilder.php(2397): CodeIgniter\Database\BaseConnection->query('REPLACE INTO `kunjungan_harian` (`id_kh`, `nama`, `no_telp`, `waktu`, `kelas`, `pembayaran`, `harga`) VALUES (:id_kh:, :nama:, :no_telp:, :waktu:, :kelas:, :pembayaran:, :harga:)', [...], false)
 5 SYSTEMPATH\Model.php(494): CodeIgniter\Database\BaseBuilder->replace([...])
 6 SYSTEMPATH\BaseModel.php(1140): CodeIgniter\Model->doReplace([...], false)
 7 APPPATH\Controllers\Harian.php(77): CodeIgniter\BaseModel->replace([...])
 8 SYSTEMPATH\CodeIgniter.php(934): App\Controllers\Harian->update()
 9 SYSTEMPATH\CodeIgniter.php(499): CodeIgniter\CodeIgniter->runController(Object(App\Controllers\Harian))
10 SYSTEMPATH\CodeIgniter.php(368): CodeIgniter\CodeIgniter->handleRequest(null, Object(Config\Cache), false)
11 FCPATH\index.php(67): CodeIgniter\CodeIgniter->run()
12 SYSTEMPATH\Commands\Server\rewrite.php(47): require_once('C:\\xampp\\htdocs\\web_deperkasa\\public\\index.php')
CRITICAL - 2023-06-23 10:28:20 --> Trying to access array offset on value of type null
in APPPATH\Views\editharian.php on line 45.
 1 APPPATH\Views\editharian.php(45): CodeIgniter\Debug\Exceptions->errorHandler(8, 'Trying to access array offset on value of type null', 'C:\\xampp\\htdocs\\web_deperkasa\\app\\Views\\editharian.php', 45, [...])
 2 SYSTEMPATH\View\View.php(213): include('C:\\xampp\\htdocs\\web_deperkasa\\app\\Views\\editharian.php')
 3 SYSTEMPATH\View\View.php(216): CodeIgniter\View\View->CodeIgniter\View\{closure}()
 4 SYSTEMPATH\Common.php(1184): CodeIgniter\View\View->render('editharian', [], true)
 5 APPPATH\Controllers\Harian.php(60): view('editharian', [...])
 6 SYSTEMPATH\CodeIgniter.php(934): App\Controllers\Harian->edit('assets', 'js', 'main.js')
 7 SYSTEMPATH\CodeIgniter.php(499): CodeIgniter\CodeIgniter->runController(Object(App\Controllers\Harian))
 8 SYSTEMPATH\CodeIgniter.php(368): CodeIgniter\CodeIgniter->handleRequest(null, Object(Config\Cache), false)
 9 FCPATH\index.php(67): CodeIgniter\CodeIgniter->run()
10 SYSTEMPATH\Commands\Server\rewrite.php(47): require_once('C:\\xampp\\htdocs\\web_deperkasa\\public\\index.php')
CRITICAL - 2023-06-23 10:28:21 --> Trying to access array offset on value of type null
in APPPATH\Views\editharian.php on line 45.
 1 APPPATH\Views\editharian.php(45): CodeIgniter\Debug\Exceptions->errorHandler(8, 'Trying to access array offset on value of type null', 'C:\\xampp\\htdocs\\web_deperkasa\\app\\Views\\editharian.php', 45, [...])
 2 SYSTEMPATH\View\View.php(213): include('C:\\xampp\\htdocs\\web_deperkasa\\app\\Views\\editharian.php')
 3 SYSTEMPATH\View\View.php(216): CodeIgniter\View\View->CodeIgniter\View\{closure}()
 4 SYSTEMPATH\Common.php(1184): CodeIgniter\View\View->render('editharian', [], true)
 5 APPPATH\Controllers\Harian.php(60): view('editharian', [...])
 6 SYSTEMPATH\CodeIgniter.php(934): App\Controllers\Harian->edit('assets', 'js', 'init', 'weather-init.js')
 7 SYSTEMPATH\CodeIgniter.php(499): CodeIgniter\CodeIgniter->runController(Object(App\Controllers\Harian))
 8 SYSTEMPATH\CodeIgniter.php(368): CodeIgniter\CodeIgniter->handleRequest(null, Object(Config\Cache), false)
 9 FCPATH\index.php(67): CodeIgniter\CodeIgniter->run()
10 SYSTEMPATH\Commands\Server\rewrite.php(47): require_once('C:\\xampp\\htdocs\\web_deperkasa\\public\\index.php')
CRITICAL - 2023-06-23 10:28:21 --> Trying to access array offset on value of type null
in APPPATH\Views\editharian.php on line 45.
 1 APPPATH\Views\editharian.php(45): CodeIgniter\Debug\Exceptions->errorHandler(8, 'Trying to access array offset on value of type null', 'C:\\xampp\\htdocs\\web_deperkasa\\app\\Views\\editharian.php', 45, [...])
 2 SYSTEMPATH\View\View.php(213): include('C:\\xampp\\htdocs\\web_deperkasa\\app\\Views\\editharian.php')
 3 SYSTEMPATH\View\View.php(216): CodeIgniter\View\View->CodeIgniter\View\{closure}()
 4 SYSTEMPATH\Common.php(1184): CodeIgniter\View\View->render('editharian', [], true)
 5 APPPATH\Controllers\Harian.php(60): view('editharian', [...])
 6 SYSTEMPATH\CodeIgniter.php(934): App\Controllers\Harian->edit('assets', 'js', 'init', 'fullcalendar-init.js')
 7 SYSTEMPATH\CodeIgniter.php(499): CodeIgniter\CodeIgniter->runController(Object(App\Controllers\Harian))
 8 SYSTEMPATH\CodeIgniter.php(368): CodeIgniter\CodeIgniter->handleRequest(null, Object(Config\Cache), false)
 9 FCPATH\index.php(67): CodeIgniter\CodeIgniter->run()
10 SYSTEMPATH\Commands\Server\rewrite.php(47): require_once('C:\\xampp\\htdocs\\web_deperkasa\\public\\index.php')
ERROR - 2023-06-23 10:28:24 --> mysqli_sql_exception: Column 'kelas' cannot be null in C:\xampp\htdocs\web_deperkasa\system\Database\MySQLi\Connection.php:295
Stack trace:
#0 C:\xampp\htdocs\web_deperkasa\system\Database\MySQLi\Connection.php(295): mysqli->query('REPLACE INTO `k...', 0)
#1 C:\xampp\htdocs\web_deperkasa\system\Database\BaseConnection.php(692): CodeIgniter\Database\MySQLi\Connection->execute('REPLACE INTO `k...')
#2 C:\xampp\htdocs\web_deperkasa\system\Database\BaseConnection.php(606): CodeIgniter\Database\BaseConnection->simpleQuery('REPLACE INTO `k...')
#3 C:\xampp\htdocs\web_deperkasa\system\Database\BaseBuilder.php(2397): CodeIgniter\Database\BaseConnection->query('REPLACE INTO `k...', Array, false)
#4 C:\xampp\htdocs\web_deperkasa\system\Model.php(494): CodeIgniter\Database\BaseBuilder->replace(Array)
#5 C:\xampp\htdocs\web_deperkasa\system\BaseModel.php(1140): CodeIgniter\Model->doReplace(Array, false)
#6 C:\xampp\htdocs\web_deperkasa\app\Controllers\Harian.php(77): CodeIgniter\BaseModel->replace(Array)
#7 C:\xampp\htdocs\web_deperkasa\system\CodeIgniter.php(934): App\Controllers\Harian->update()
#8 C:\xampp\htdocs\web_deperkasa\system\CodeIgniter.php(499): CodeIgniter\CodeIgniter->runController(Object(App\Controllers\Harian))
#9 C:\xampp\htdocs\web_deperkasa\system\CodeIgniter.php(368): CodeIgniter\CodeIgniter->handleRequest(NULL, Object(Config\Cache), false)
#10 C:\xampp\htdocs\web_deperkasa\public\index.php(67): CodeIgniter\CodeIgniter->run()
#11 C:\xampp\htdocs\web_deperkasa\system\Commands\Server\rewrite.php(47): require_once('C:\\xampp\\htdocs...')
#12 {main}
CRITICAL - 2023-06-23 10:28:24 --> Column 'kelas' cannot be null
in SYSTEMPATH\Database\MySQLi\Connection.php on line 295.
 1 SYSTEMPATH\Database\MySQLi\Connection.php(295): mysqli->query('REPLACE INTO `kunjungan_harian` (`id_kh`, `nama`, `no_telp`, `waktu`, `kelas`, `pembayaran`, `harga`) VALUES (\'21\', \'Reza\', \'0897644099\', \'15:03\', NULL, NULL, \'25.000\')', 0)
 2 SYSTEMPATH\Database\BaseConnection.php(692): CodeIgniter\Database\MySQLi\Connection->execute('REPLACE INTO `kunjungan_harian` (`id_kh`, `nama`, `no_telp`, `waktu`, `kelas`, `pembayaran`, `harga`) VALUES (\'21\', \'Reza\', \'0897644099\', \'15:03\', NULL, NULL, \'25.000\')')
 3 SYSTEMPATH\Database\BaseConnection.php(606): CodeIgniter\Database\BaseConnection->simpleQuery('REPLACE INTO `kunjungan_harian` (`id_kh`, `nama`, `no_telp`, `waktu`, `kelas`, `pembayaran`, `harga`) VALUES (\'21\', \'Reza\', \'0897644099\', \'15:03\', NULL, NULL, \'25.000\')')
 4 SYSTEMPATH\Database\BaseBuilder.php(2397): CodeIgniter\Database\BaseConnection->query('REPLACE INTO `kunjungan_harian` (`id_kh`, `nama`, `no_telp`, `waktu`, `kelas`, `pembayaran`, `harga`) VALUES (:id_kh:, :nama:, :no_telp:, :waktu:, :kelas:, :pembayaran:, :harga:)', [...], false)
 5 SYSTEMPATH\Model.php(494): CodeIgniter\Database\BaseBuilder->replace([...])
 6 SYSTEMPATH\BaseModel.php(1140): CodeIgniter\Model->doReplace([...], false)
 7 APPPATH\Controllers\Harian.php(77): CodeIgniter\BaseModel->replace([...])
 8 SYSTEMPATH\CodeIgniter.php(934): App\Controllers\Harian->update()
 9 SYSTEMPATH\CodeIgniter.php(499): CodeIgniter\CodeIgniter->runController(Object(App\Controllers\Harian))
10 SYSTEMPATH\CodeIgniter.php(368): CodeIgniter\CodeIgniter->handleRequest(null, Object(Config\Cache), false)
11 FCPATH\index.php(67): CodeIgniter\CodeIgniter->run()
12 SYSTEMPATH\Commands\Server\rewrite.php(47): require_once('C:\\xampp\\htdocs\\web_deperkasa\\public\\index.php')
ERROR - 2023-06-23 10:34:19 --> mysqli_sql_exception: Column 'kelas' cannot be null in C:\xampp\htdocs\web_deperkasa\system\Database\MySQLi\Connection.php:295
Stack trace:
#0 C:\xampp\htdocs\web_deperkasa\system\Database\MySQLi\Connection.php(295): mysqli->query('REPLACE INTO `k...', 0)
#1 C:\xampp\htdocs\web_deperkasa\system\Database\BaseConnection.php(692): CodeIgniter\Database\MySQLi\Connection->execute('REPLACE INTO `k...')
#2 C:\xampp\htdocs\web_deperkasa\system\Database\BaseConnection.php(606): CodeIgniter\Database\BaseConnection->simpleQuery('REPLACE INTO `k...')
#3 C:\xampp\htdocs\web_deperkasa\system\Database\BaseBuilder.php(2397): CodeIgniter\Database\BaseConnection->query('REPLACE INTO `k...', Array, false)
#4 C:\xampp\htdocs\web_deperkasa\system\Model.php(494): CodeIgniter\Database\BaseBuilder->replace(Array)
#5 C:\xampp\htdocs\web_deperkasa\system\BaseModel.php(1140): CodeIgniter\Model->doReplace(Array, false)
#6 C:\xampp\htdocs\web_deperkasa\app\Controllers\Harian.php(77): CodeIgniter\BaseModel->replace(Array)
#7 C:\xampp\htdocs\web_deperkasa\system\CodeIgniter.php(934): App\Controllers\Harian->update()
#8 C:\xampp\htdocs\web_deperkasa\system\CodeIgniter.php(499): CodeIgniter\CodeIgniter->runController(Object(App\Controllers\Harian))
#9 C:\xampp\htdocs\web_deperkasa\system\CodeIgniter.php(368): CodeIgniter\CodeIgniter->handleRequest(NULL, Object(Config\Cache), false)
#10 C:\xampp\htdocs\web_deperkasa\public\index.php(67): CodeIgniter\CodeIgniter->run()
#11 C:\xampp\htdocs\web_deperkasa\system\Commands\Server\rewrite.php(47): require_once('C:\\xampp\\htdocs...')
#12 {main}
CRITICAL - 2023-06-23 10:34:19 --> Column 'kelas' cannot be null
in SYSTEMPATH\Database\MySQLi\Connection.php on line 295.
 1 SYSTEMPATH\Database\MySQLi\Connection.php(295): mysqli->query('REPLACE INTO `kunjungan_harian` (`id_kh`, `nama`, `no_telp`, `waktu`, `kelas`, `pembayaran`, `harga`) VALUES (\'21\', \'Reza\', \'0897644099\', \'15:03\', NULL, NULL, \'25.000\')', 0)
 2 SYSTEMPATH\Database\BaseConnection.php(692): CodeIgniter\Database\MySQLi\Connection->execute('REPLACE INTO `kunjungan_harian` (`id_kh`, `nama`, `no_telp`, `waktu`, `kelas`, `pembayaran`, `harga`) VALUES (\'21\', \'Reza\', \'0897644099\', \'15:03\', NULL, NULL, \'25.000\')')
 3 SYSTEMPATH\Database\BaseConnection.php(606): CodeIgniter\Database\BaseConnection->simpleQuery('REPLACE INTO `kunjungan_harian` (`id_kh`, `nama`, `no_telp`, `waktu`, `kelas`, `pembayaran`, `harga`) VALUES (\'21\', \'Reza\', \'0897644099\', \'15:03\', NULL, NULL, \'25.000\')')
 4 SYSTEMPATH\Database\BaseBuilder.php(2397): CodeIgniter\Database\BaseConnection->query('REPLACE INTO `kunjungan_harian` (`id_kh`, `nama`, `no_telp`, `waktu`, `kelas`, `pembayaran`, `harga`) VALUES (:id_kh:, :nama:, :no_telp:, :waktu:, :kelas:, :pembayaran:, :harga:)', [...], false)
 5 SYSTEMPATH\Model.php(494): CodeIgniter\Database\BaseBuilder->replace([...])
 6 SYSTEMPATH\BaseModel.php(1140): CodeIgniter\Model->doReplace([...], false)
 7 APPPATH\Controllers\Harian.php(77): CodeIgniter\BaseModel->replace([...])
 8 SYSTEMPATH\CodeIgniter.php(934): App\Controllers\Harian->update()
 9 SYSTEMPATH\CodeIgniter.php(499): CodeIgniter\CodeIgniter->runController(Object(App\Controllers\Harian))
10 SYSTEMPATH\CodeIgniter.php(368): CodeIgniter\CodeIgniter->handleRequest(null, Object(Config\Cache), false)
11 FCPATH\index.php(67): CodeIgniter\CodeIgniter->run()
12 SYSTEMPATH\Commands\Server\rewrite.php(47): require_once('C:\\xampp\\htdocs\\web_deperkasa\\public\\index.php')
CRITICAL - 2023-06-23 10:34:23 --> Trying to access array offset on value of type null
in APPPATH\Views\editharian.php on line 45.
 1 APPPATH\Views\editharian.php(45): CodeIgniter\Debug\Exceptions->errorHandler(8, 'Trying to access array offset on value of type null', 'C:\\xampp\\htdocs\\web_deperkasa\\app\\Views\\editharian.php', 45, [...])
 2 SYSTEMPATH\View\View.php(213): include('C:\\xampp\\htdocs\\web_deperkasa\\app\\Views\\editharian.php')
 3 SYSTEMPATH\View\View.php(216): CodeIgniter\View\View->CodeIgniter\View\{closure}()
 4 SYSTEMPATH\Common.php(1184): CodeIgniter\View\View->render('editharian', [], true)
 5 APPPATH\Controllers\Harian.php(60): view('editharian', [...])
 6 SYSTEMPATH\CodeIgniter.php(934): App\Controllers\Harian->edit('assets', 'js', 'main.js')
 7 SYSTEMPATH\CodeIgniter.php(499): CodeIgniter\CodeIgniter->runController(Object(App\Controllers\Harian))
 8 SYSTEMPATH\CodeIgniter.php(368): CodeIgniter\CodeIgniter->handleRequest(null, Object(Config\Cache), false)
 9 FCPATH\index.php(67): CodeIgniter\CodeIgniter->run()
10 SYSTEMPATH\Commands\Server\rewrite.php(47): require_once('C:\\xampp\\htdocs\\web_deperkasa\\public\\index.php')
CRITICAL - 2023-06-23 10:34:24 --> Trying to access array offset on value of type null
in APPPATH\Views\editharian.php on line 45.
 1 APPPATH\Views\editharian.php(45): CodeIgniter\Debug\Exceptions->errorHandler(8, 'Trying to access array offset on value of type null', 'C:\\xampp\\htdocs\\web_deperkasa\\app\\Views\\editharian.php', 45, [...])
 2 SYSTEMPATH\View\View.php(213): include('C:\\xampp\\htdocs\\web_deperkasa\\app\\Views\\editharian.php')
 3 SYSTEMPATH\View\View.php(216): CodeIgniter\View\View->CodeIgniter\View\{closure}()
 4 SYSTEMPATH\Common.php(1184): CodeIgniter\View\View->render('editharian', [], true)
 5 APPPATH\Controllers\Harian.php(60): view('editharian', [...])
 6 SYSTEMPATH\CodeIgniter.php(934): App\Controllers\Harian->edit('assets', 'js', 'init', 'weather-init.js')
 7 SYSTEMPATH\CodeIgniter.php(499): CodeIgniter\CodeIgniter->runController(Object(App\Controllers\Harian))
 8 SYSTEMPATH\CodeIgniter.php(368): CodeIgniter\CodeIgniter->handleRequest(null, Object(Config\Cache), false)
 9 FCPATH\index.php(67): CodeIgniter\CodeIgniter->run()
10 SYSTEMPATH\Commands\Server\rewrite.php(47): require_once('C:\\xampp\\htdocs\\web_deperkasa\\public\\index.php')
CRITICAL - 2023-06-23 10:34:24 --> Trying to access array offset on value of type null
in APPPATH\Views\editharian.php on line 45.
 1 APPPATH\Views\editharian.php(45): CodeIgniter\Debug\Exceptions->errorHandler(8, 'Trying to access array offset on value of type null', 'C:\\xampp\\htdocs\\web_deperkasa\\app\\Views\\editharian.php', 45, [...])
 2 SYSTEMPATH\View\View.php(213): include('C:\\xampp\\htdocs\\web_deperkasa\\app\\Views\\editharian.php')
 3 SYSTEMPATH\View\View.php(216): CodeIgniter\View\View->CodeIgniter\View\{closure}()
 4 SYSTEMPATH\Common.php(1184): CodeIgniter\View\View->render('editharian', [], true)
 5 APPPATH\Controllers\Harian.php(60): view('editharian', [...])
 6 SYSTEMPATH\CodeIgniter.php(934): App\Controllers\Harian->edit('assets', 'js', 'init', 'fullcalendar-init.js')
 7 SYSTEMPATH\CodeIgniter.php(499): CodeIgniter\CodeIgniter->runController(Object(App\Controllers\Harian))
 8 SYSTEMPATH\CodeIgniter.php(368): CodeIgniter\CodeIgniter->handleRequest(null, Object(Config\Cache), false)
 9 FCPATH\index.php(67): CodeIgniter\CodeIgniter->run()
10 SYSTEMPATH\Commands\Server\rewrite.php(47): require_once('C:\\xampp\\htdocs\\web_deperkasa\\public\\index.php')
ERROR - 2023-06-23 10:34:29 --> mysqli_sql_exception: Column 'pembayaran' cannot be null in C:\xampp\htdocs\web_deperkasa\system\Database\MySQLi\Connection.php:295
Stack trace:
#0 C:\xampp\htdocs\web_deperkasa\system\Database\MySQLi\Connection.php(295): mysqli->query('REPLACE INTO `k...', 0)
#1 C:\xampp\htdocs\web_deperkasa\system\Database\BaseConnection.php(692): CodeIgniter\Database\MySQLi\Connection->execute('REPLACE INTO `k...')
#2 C:\xampp\htdocs\web_deperkasa\system\Database\BaseConnection.php(606): CodeIgniter\Database\BaseConnection->simpleQuery('REPLACE INTO `k...')
#3 C:\xampp\htdocs\web_deperkasa\system\Database\BaseBuilder.php(2397): CodeIgniter\Database\BaseConnection->query('REPLACE INTO `k...', Array, false)
#4 C:\xampp\htdocs\web_deperkasa\system\Model.php(494): CodeIgniter\Database\BaseBuilder->replace(Array)
#5 C:\xampp\htdocs\web_deperkasa\system\BaseModel.php(1140): CodeIgniter\Model->doReplace(Array, false)
#6 C:\xampp\htdocs\web_deperkasa\app\Controllers\Harian.php(77): CodeIgniter\BaseModel->replace(Array)
#7 C:\xampp\htdocs\web_deperkasa\system\CodeIgniter.php(934): App\Controllers\Harian->update()
#8 C:\xampp\htdocs\web_deperkasa\system\CodeIgniter.php(499): CodeIgniter\CodeIgniter->runController(Object(App\Controllers\Harian))
#9 C:\xampp\htdocs\web_deperkasa\system\CodeIgniter.php(368): CodeIgniter\CodeIgniter->handleRequest(NULL, Object(Config\Cache), false)
#10 C:\xampp\htdocs\web_deperkasa\public\index.php(67): CodeIgniter\CodeIgniter->run()
#11 C:\xampp\htdocs\web_deperkasa\system\Commands\Server\rewrite.php(47): require_once('C:\\xampp\\htdocs...')
#12 {main}
CRITICAL - 2023-06-23 10:34:29 --> Column 'pembayaran' cannot be null
in SYSTEMPATH\Database\MySQLi\Connection.php on line 295.
 1 SYSTEMPATH\Database\MySQLi\Connection.php(295): mysqli->query('REPLACE INTO `kunjungan_harian` (`id_kh`, `nama`, `no_telp`, `waktu`, `kelas`, `pembayaran`, `harga`) VALUES (\'21\', \'Reza\', \'0897644099\', \'15:03\', \'strong\', NULL, \'25.000\')', 0)
 2 SYSTEMPATH\Database\BaseConnection.php(692): CodeIgniter\Database\MySQLi\Connection->execute('REPLACE INTO `kunjungan_harian` (`id_kh`, `nama`, `no_telp`, `waktu`, `kelas`, `pembayaran`, `harga`) VALUES (\'21\', \'Reza\', \'0897644099\', \'15:03\', \'strong\', NULL, \'25.000\')')
 3 SYSTEMPATH\Database\BaseConnection.php(606): CodeIgniter\Database\BaseConnection->simpleQuery('REPLACE INTO `kunjungan_harian` (`id_kh`, `nama`, `no_telp`, `waktu`, `kelas`, `pembayaran`, `harga`) VALUES (\'21\', \'Reza\', \'0897644099\', \'15:03\', \'strong\', NULL, \'25.000\')')
 4 SYSTEMPATH\Database\BaseBuilder.php(2397): CodeIgniter\Database\BaseConnection->query('REPLACE INTO `kunjungan_harian` (`id_kh`, `nama`, `no_telp`, `waktu`, `kelas`, `pembayaran`, `harga`) VALUES (:id_kh:, :nama:, :no_telp:, :waktu:, :kelas:, :pembayaran:, :harga:)', [...], false)
 5 SYSTEMPATH\Model.php(494): CodeIgniter\Database\BaseBuilder->replace([...])
 6 SYSTEMPATH\BaseModel.php(1140): CodeIgniter\Model->doReplace([...], false)
 7 APPPATH\Controllers\Harian.php(77): CodeIgniter\BaseModel->replace([...])
 8 SYSTEMPATH\CodeIgniter.php(934): App\Controllers\Harian->update()
 9 SYSTEMPATH\CodeIgniter.php(499): CodeIgniter\CodeIgniter->runController(Object(App\Controllers\Harian))
10 SYSTEMPATH\CodeIgniter.php(368): CodeIgniter\CodeIgniter->handleRequest(null, Object(Config\Cache), false)
11 FCPATH\index.php(67): CodeIgniter\CodeIgniter->run()
12 SYSTEMPATH\Commands\Server\rewrite.php(47): require_once('C:\\xampp\\htdocs\\web_deperkasa\\public\\index.php')
CRITICAL - 2023-06-23 10:36:25 --> Trying to access array offset on value of type null
in APPPATH\Views\editharian.php on line 45.
 1 APPPATH\Views\editharian.php(45): CodeIgniter\Debug\Exceptions->errorHandler(8, 'Trying to access array offset on value of type null', 'C:\\xampp\\htdocs\\web_deperkasa\\app\\Views\\editharian.php', 45, [...])
 2 SYSTEMPATH\View\View.php(213): include('C:\\xampp\\htdocs\\web_deperkasa\\app\\Views\\editharian.php')
 3 SYSTEMPATH\View\View.php(216): CodeIgniter\View\View->CodeIgniter\View\{closure}()
 4 SYSTEMPATH\Common.php(1184): CodeIgniter\View\View->render('editharian', [], true)
 5 APPPATH\Controllers\Harian.php(60): view('editharian', [...])
 6 SYSTEMPATH\CodeIgniter.php(934): App\Controllers\Harian->edit('assets', 'js', 'main.js')
 7 SYSTEMPATH\CodeIgniter.php(499): CodeIgniter\CodeIgniter->runController(Object(App\Controllers\Harian))
 8 SYSTEMPATH\CodeIgniter.php(368): CodeIgniter\CodeIgniter->handleRequest(null, Object(Config\Cache), false)
 9 FCPATH\index.php(67): CodeIgniter\CodeIgniter->run()
10 SYSTEMPATH\Commands\Server\rewrite.php(47): require_once('C:\\xampp\\htdocs\\web_deperkasa\\public\\index.php')
CRITICAL - 2023-06-23 10:36:25 --> Trying to access array offset on value of type null
in APPPATH\Views\editharian.php on line 45.
 1 APPPATH\Views\editharian.php(45): CodeIgniter\Debug\Exceptions->errorHandler(8, 'Trying to access array offset on value of type null', 'C:\\xampp\\htdocs\\web_deperkasa\\app\\Views\\editharian.php', 45, [...])
 2 SYSTEMPATH\View\View.php(213): include('C:\\xampp\\htdocs\\web_deperkasa\\app\\Views\\editharian.php')
 3 SYSTEMPATH\View\View.php(216): CodeIgniter\View\View->CodeIgniter\View\{closure}()
 4 SYSTEMPATH\Common.php(1184): CodeIgniter\View\View->render('editharian', [], true)
 5 APPPATH\Controllers\Harian.php(60): view('editharian', [...])
 6 SYSTEMPATH\CodeIgniter.php(934): App\Controllers\Harian->edit('assets', 'js', 'init', 'weather-init.js')
 7 SYSTEMPATH\CodeIgniter.php(499): CodeIgniter\CodeIgniter->runController(Object(App\Controllers\Harian))
 8 SYSTEMPATH\CodeIgniter.php(368): CodeIgniter\CodeIgniter->handleRequest(null, Object(Config\Cache), false)
 9 FCPATH\index.php(67): CodeIgniter\CodeIgniter->run()
10 SYSTEMPATH\Commands\Server\rewrite.php(47): require_once('C:\\xampp\\htdocs\\web_deperkasa\\public\\index.php')
CRITICAL - 2023-06-23 10:36:26 --> Trying to access array offset on value of type null
in APPPATH\Views\editharian.php on line 45.
 1 APPPATH\Views\editharian.php(45): CodeIgniter\Debug\Exceptions->errorHandler(8, 'Trying to access array offset on value of type null', 'C:\\xampp\\htdocs\\web_deperkasa\\app\\Views\\editharian.php', 45, [...])
 2 SYSTEMPATH\View\View.php(213): include('C:\\xampp\\htdocs\\web_deperkasa\\app\\Views\\editharian.php')
 3 SYSTEMPATH\View\View.php(216): CodeIgniter\View\View->CodeIgniter\View\{closure}()
 4 SYSTEMPATH\Common.php(1184): CodeIgniter\View\View->render('editharian', [], true)
 5 APPPATH\Controllers\Harian.php(60): view('editharian', [...])
 6 SYSTEMPATH\CodeIgniter.php(934): App\Controllers\Harian->edit('assets', 'js', 'init', 'fullcalendar-init.js')
 7 SYSTEMPATH\CodeIgniter.php(499): CodeIgniter\CodeIgniter->runController(Object(App\Controllers\Harian))
 8 SYSTEMPATH\CodeIgniter.php(368): CodeIgniter\CodeIgniter->handleRequest(null, Object(Config\Cache), false)
 9 FCPATH\index.php(67): CodeIgniter\CodeIgniter->run()
10 SYSTEMPATH\Commands\Server\rewrite.php(47): require_once('C:\\xampp\\htdocs\\web_deperkasa\\public\\index.php')
CRITICAL - 2023-06-23 10:36:27 --> Trying to access array offset on value of type null
in APPPATH\Views\editharian.php on line 45.
 1 APPPATH\Views\editharian.php(45): CodeIgniter\Debug\Exceptions->errorHandler(8, 'Trying to access array offset on value of type null', 'C:\\xampp\\htdocs\\web_deperkasa\\app\\Views\\editharian.php', 45, [...])
 2 SYSTEMPATH\View\View.php(213): include('C:\\xampp\\htdocs\\web_deperkasa\\app\\Views\\editharian.php')
 3 SYSTEMPATH\View\View.php(216): CodeIgniter\View\View->CodeIgniter\View\{closure}()
 4 SYSTEMPATH\Common.php(1184): CodeIgniter\View\View->render('editharian', [], true)
 5 APPPATH\Controllers\Harian.php(60): view('editharian', [...])
 6 SYSTEMPATH\CodeIgniter.php(934): App\Controllers\Harian->edit('assets', 'js', 'main.js')
 7 SYSTEMPATH\CodeIgniter.php(499): CodeIgniter\CodeIgniter->runController(Object(App\Controllers\Harian))
 8 SYSTEMPATH\CodeIgniter.php(368): CodeIgniter\CodeIgniter->handleRequest(null, Object(Config\Cache), false)
 9 FCPATH\index.php(67): CodeIgniter\CodeIgniter->run()
10 SYSTEMPATH\Commands\Server\rewrite.php(47): require_once('C:\\xampp\\htdocs\\web_deperkasa\\public\\index.php')
CRITICAL - 2023-06-23 10:36:28 --> Trying to access array offset on value of type null
in APPPATH\Views\editharian.php on line 45.
 1 APPPATH\Views\editharian.php(45): CodeIgniter\Debug\Exceptions->errorHandler(8, 'Trying to access array offset on value of type null', 'C:\\xampp\\htdocs\\web_deperkasa\\app\\Views\\editharian.php', 45, [...])
 2 SYSTEMPATH\View\View.php(213): include('C:\\xampp\\htdocs\\web_deperkasa\\app\\Views\\editharian.php')
 3 SYSTEMPATH\View\View.php(216): CodeIgniter\View\View->CodeIgniter\View\{closure}()
 4 SYSTEMPATH\Common.php(1184): CodeIgniter\View\View->render('editharian', [], true)
 5 APPPATH\Controllers\Harian.php(60): view('editharian', [...])
 6 SYSTEMPATH\CodeIgniter.php(934): App\Controllers\Harian->edit('assets', 'js', 'init', 'weather-init.js')
 7 SYSTEMPATH\CodeIgniter.php(499): CodeIgniter\CodeIgniter->runController(Object(App\Controllers\Harian))
 8 SYSTEMPATH\CodeIgniter.php(368): CodeIgniter\CodeIgniter->handleRequest(null, Object(Config\Cache), false)
 9 FCPATH\index.php(67): CodeIgniter\CodeIgniter->run()
10 SYSTEMPATH\Commands\Server\rewrite.php(47): require_once('C:\\xampp\\htdocs\\web_deperkasa\\public\\index.php')
CRITICAL - 2023-06-23 10:36:28 --> Trying to access array offset on value of type null
in APPPATH\Views\editharian.php on line 45.
 1 APPPATH\Views\editharian.php(45): CodeIgniter\Debug\Exceptions->errorHandler(8, 'Trying to access array offset on value of type null', 'C:\\xampp\\htdocs\\web_deperkasa\\app\\Views\\editharian.php', 45, [...])
 2 SYSTEMPATH\View\View.php(213): include('C:\\xampp\\htdocs\\web_deperkasa\\app\\Views\\editharian.php')
 3 SYSTEMPATH\View\View.php(216): CodeIgniter\View\View->CodeIgniter\View\{closure}()
 4 SYSTEMPATH\Common.php(1184): CodeIgniter\View\View->render('editharian', [], true)
 5 APPPATH\Controllers\Harian.php(60): view('editharian', [...])
 6 SYSTEMPATH\CodeIgniter.php(934): App\Controllers\Harian->edit('assets', 'js', 'init', 'fullcalendar-init.js')
 7 SYSTEMPATH\CodeIgniter.php(499): CodeIgniter\CodeIgniter->runController(Object(App\Controllers\Harian))
 8 SYSTEMPATH\CodeIgniter.php(368): CodeIgniter\CodeIgniter->handleRequest(null, Object(Config\Cache), false)
 9 FCPATH\index.php(67): CodeIgniter\CodeIgniter->run()
10 SYSTEMPATH\Commands\Server\rewrite.php(47): require_once('C:\\xampp\\htdocs\\web_deperkasa\\public\\index.php')
INFO - 2023-06-23 10:36:36 --> Session: Class initialized using 'CodeIgniter\Session\Handlers\FileHandler' driver.
CRITICAL - 2023-06-23 10:36:40 --> Trying to access array offset on value of type null
in APPPATH\Views\editharian.php on line 45.
 1 APPPATH\Views\editharian.php(45): CodeIgniter\Debug\Exceptions->errorHandler(8, 'Trying to access array offset on value of type null', 'C:\\xampp\\htdocs\\web_deperkasa\\app\\Views\\editharian.php', 45, [...])
 2 SYSTEMPATH\View\View.php(213): include('C:\\xampp\\htdocs\\web_deperkasa\\app\\Views\\editharian.php')
 3 SYSTEMPATH\View\View.php(216): CodeIgniter\View\View->CodeIgniter\View\{closure}()
 4 SYSTEMPATH\Common.php(1184): CodeIgniter\View\View->render('editharian', [], true)
 5 APPPATH\Controllers\Harian.php(60): view('editharian', [...])
 6 SYSTEMPATH\CodeIgniter.php(934): App\Controllers\Harian->edit('assets', 'js', 'main.js')
 7 SYSTEMPATH\CodeIgniter.php(499): CodeIgniter\CodeIgniter->runController(Object(App\Controllers\Harian))
 8 SYSTEMPATH\CodeIgniter.php(368): CodeIgniter\CodeIgniter->handleRequest(null, Object(Config\Cache), false)
 9 FCPATH\index.php(67): CodeIgniter\CodeIgniter->run()
10 SYSTEMPATH\Commands\Server\rewrite.php(47): require_once('C:\\xampp\\htdocs\\web_deperkasa\\public\\index.php')
CRITICAL - 2023-06-23 10:36:40 --> Trying to access array offset on value of type null
in APPPATH\Views\editharian.php on line 45.
 1 APPPATH\Views\editharian.php(45): CodeIgniter\Debug\Exceptions->errorHandler(8, 'Trying to access array offset on value of type null', 'C:\\xampp\\htdocs\\web_deperkasa\\app\\Views\\editharian.php', 45, [...])
 2 SYSTEMPATH\View\View.php(213): include('C:\\xampp\\htdocs\\web_deperkasa\\app\\Views\\editharian.php')
 3 SYSTEMPATH\View\View.php(216): CodeIgniter\View\View->CodeIgniter\View\{closure}()
 4 SYSTEMPATH\Common.php(1184): CodeIgniter\View\View->render('editharian', [], true)
 5 APPPATH\Controllers\Harian.php(60): view('editharian', [...])
 6 SYSTEMPATH\CodeIgniter.php(934): App\Controllers\Harian->edit('assets', 'js', 'init', 'weather-init.js')
 7 SYSTEMPATH\CodeIgniter.php(499): CodeIgniter\CodeIgniter->runController(Object(App\Controllers\Harian))
 8 SYSTEMPATH\CodeIgniter.php(368): CodeIgniter\CodeIgniter->handleRequest(null, Object(Config\Cache), false)
 9 FCPATH\index.php(67): CodeIgniter\CodeIgniter->run()
10 SYSTEMPATH\Commands\Server\rewrite.php(47): require_once('C:\\xampp\\htdocs\\web_deperkasa\\public\\index.php')
CRITICAL - 2023-06-23 10:36:40 --> Trying to access array offset on value of type null
in APPPATH\Views\editharian.php on line 45.
 1 APPPATH\Views\editharian.php(45): CodeIgniter\Debug\Exceptions->errorHandler(8, 'Trying to access array offset on value of type null', 'C:\\xampp\\htdocs\\web_deperkasa\\app\\Views\\editharian.php', 45, [...])
 2 SYSTEMPATH\View\View.php(213): include('C:\\xampp\\htdocs\\web_deperkasa\\app\\Views\\editharian.php')
 3 SYSTEMPATH\View\View.php(216): CodeIgniter\View\View->CodeIgniter\View\{closure}()
 4 SYSTEMPATH\Common.php(1184): CodeIgniter\View\View->render('editharian', [], true)
 5 APPPATH\Controllers\Harian.php(60): view('editharian', [...])
 6 SYSTEMPATH\CodeIgniter.php(934): App\Controllers\Harian->edit('assets', 'js', 'init', 'fullcalendar-init.js')
 7 SYSTEMPATH\CodeIgniter.php(499): CodeIgniter\CodeIgniter->runController(Object(App\Controllers\Harian))
 8 SYSTEMPATH\CodeIgniter.php(368): CodeIgniter\CodeIgniter->handleRequest(null, Object(Config\Cache), false)
 9 FCPATH\index.php(67): CodeIgniter\CodeIgniter->run()
10 SYSTEMPATH\Commands\Server\rewrite.php(47): require_once('C:\\xampp\\htdocs\\web_deperkasa\\public\\index.php')
CRITICAL - 2023-06-23 10:49:05 --> Undefined index: aerobic
in APPPATH\Views\editharian.php on line 69.
 1 APPPATH\Views\editharian.php(69): CodeIgniter\Debug\Exceptions->errorHandler(8, 'Undefined index: aerobic', 'C:\\xampp\\htdocs\\web_deperkasa\\app\\Views\\editharian.php', 69, [...])
 2 SYSTEMPATH\View\View.php(213): include('C:\\xampp\\htdocs\\web_deperkasa\\app\\Views\\editharian.php')
 3 SYSTEMPATH\View\View.php(216): CodeIgniter\View\View->CodeIgniter\View\{closure}()
 4 SYSTEMPATH\Common.php(1184): CodeIgniter\View\View->render('editharian', [], true)
 5 APPPATH\Controllers\Harian.php(60): view('editharian', [...])
 6 SYSTEMPATH\CodeIgniter.php(934): App\Controllers\Harian->edit('21')
 7 SYSTEMPATH\CodeIgniter.php(499): CodeIgniter\CodeIgniter->runController(Object(App\Controllers\Harian))
 8 SYSTEMPATH\CodeIgniter.php(368): CodeIgniter\CodeIgniter->handleRequest(null, Object(Config\Cache), false)
 9 FCPATH\index.php(67): CodeIgniter\CodeIgniter->run()
10 SYSTEMPATH\Commands\Server\rewrite.php(47): require_once('C:\\xampp\\htdocs\\web_deperkasa\\public\\index.php')
CRITICAL - 2023-06-23 10:49:59 --> Undefined index: aerobic
in APPPATH\Views\editharian.php on line 69.
 1 APPPATH\Views\editharian.php(69): CodeIgniter\Debug\Exceptions->errorHandler(8, 'Undefined index: aerobic', 'C:\\xampp\\htdocs\\web_deperkasa\\app\\Views\\editharian.php', 69, [...])
 2 SYSTEMPATH\View\View.php(213): include('C:\\xampp\\htdocs\\web_deperkasa\\app\\Views\\editharian.php')
 3 SYSTEMPATH\View\View.php(216): CodeIgniter\View\View->CodeIgniter\View\{closure}()
 4 SYSTEMPATH\Common.php(1184): CodeIgniter\View\View->render('editharian', [], true)
 5 APPPATH\Controllers\Harian.php(60): view('editharian', [...])
 6 SYSTEMPATH\CodeIgniter.php(934): App\Controllers\Harian->edit('21')
 7 SYSTEMPATH\CodeIgniter.php(499): CodeIgniter\CodeIgniter->runController(Object(App\Controllers\Harian))
 8 SYSTEMPATH\CodeIgniter.php(368): CodeIgniter\CodeIgniter->handleRequest(null, Object(Config\Cache), false)
 9 FCPATH\index.php(67): CodeIgniter\CodeIgniter->run()
10 SYSTEMPATH\Commands\Server\rewrite.php(47): require_once('C:\\xampp\\htdocs\\web_deperkasa\\public\\index.php')
CRITICAL - 2023-06-23 10:50:04 --> Undefined index: aerobic
in APPPATH\Views\editharian.php on line 69.
 1 APPPATH\Views\editharian.php(69): CodeIgniter\Debug\Exceptions->errorHandler(8, 'Undefined index: aerobic', 'C:\\xampp\\htdocs\\web_deperkasa\\app\\Views\\editharian.php', 69, [...])
 2 SYSTEMPATH\View\View.php(213): include('C:\\xampp\\htdocs\\web_deperkasa\\app\\Views\\editharian.php')
 3 SYSTEMPATH\View\View.php(216): CodeIgniter\View\View->CodeIgniter\View\{closure}()
 4 SYSTEMPATH\Common.php(1184): CodeIgniter\View\View->render('editharian', [], true)
 5 APPPATH\Controllers\Harian.php(60): view('editharian', [...])
 6 SYSTEMPATH\CodeIgniter.php(934): App\Controllers\Harian->edit('20')
 7 SYSTEMPATH\CodeIgniter.php(499): CodeIgniter\CodeIgniter->runController(Object(App\Controllers\Harian))
 8 SYSTEMPATH\CodeIgniter.php(368): CodeIgniter\CodeIgniter->handleRequest(null, Object(Config\Cache), false)
 9 FCPATH\index.php(67): CodeIgniter\CodeIgniter->run()
10 SYSTEMPATH\Commands\Server\rewrite.php(47): require_once('C:\\xampp\\htdocs\\web_deperkasa\\public\\index.php')
CRITICAL - 2023-06-23 10:51:09 --> Trying to access array offset on value of type null
in APPPATH\Views\editharian.php on line 45.
 1 APPPATH\Views\editharian.php(45): CodeIgniter\Debug\Exceptions->errorHandler(8, 'Trying to access array offset on value of type null', 'C:\\xampp\\htdocs\\web_deperkasa\\app\\Views\\editharian.php', 45, [...])
 2 SYSTEMPATH\View\View.php(213): include('C:\\xampp\\htdocs\\web_deperkasa\\app\\Views\\editharian.php')
 3 SYSTEMPATH\View\View.php(216): CodeIgniter\View\View->CodeIgniter\View\{closure}()
 4 SYSTEMPATH\Common.php(1184): CodeIgniter\View\View->render('editharian', [], true)
 5 APPPATH\Controllers\Harian.php(60): view('editharian', [...])
 6 SYSTEMPATH\CodeIgniter.php(934): App\Controllers\Harian->edit('assets', 'js', 'main.js')
 7 SYSTEMPATH\CodeIgniter.php(499): CodeIgniter\CodeIgniter->runController(Object(App\Controllers\Harian))
 8 SYSTEMPATH\CodeIgniter.php(368): CodeIgniter\CodeIgniter->handleRequest(null, Object(Config\Cache), false)
 9 FCPATH\index.php(67): CodeIgniter\CodeIgniter->run()
10 SYSTEMPATH\Commands\Server\rewrite.php(47): require_once('C:\\xampp\\htdocs\\web_deperkasa\\public\\index.php')
CRITICAL - 2023-06-23 10:51:09 --> Trying to access array offset on value of type null
in APPPATH\Views\editharian.php on line 45.
 1 APPPATH\Views\editharian.php(45): CodeIgniter\Debug\Exceptions->errorHandler(8, 'Trying to access array offset on value of type null', 'C:\\xampp\\htdocs\\web_deperkasa\\app\\Views\\editharian.php', 45, [...])
 2 SYSTEMPATH\View\View.php(213): include('C:\\xampp\\htdocs\\web_deperkasa\\app\\Views\\editharian.php')
 3 SYSTEMPATH\View\View.php(216): CodeIgniter\View\View->CodeIgniter\View\{closure}()
 4 SYSTEMPATH\Common.php(1184): CodeIgniter\View\View->render('editharian', [], true)
 5 APPPATH\Controllers\Harian.php(60): view('editharian', [...])
 6 SYSTEMPATH\CodeIgniter.php(934): App\Controllers\Harian->edit('assets', 'js', 'init', 'weather-init.js')
 7 SYSTEMPATH\CodeIgniter.php(499): CodeIgniter\CodeIgniter->runController(Object(App\Controllers\Harian))
 8 SYSTEMPATH\CodeIgniter.php(368): CodeIgniter\CodeIgniter->handleRequest(null, Object(Config\Cache), false)
 9 FCPATH\index.php(67): CodeIgniter\CodeIgniter->run()
10 SYSTEMPATH\Commands\Server\rewrite.php(47): require_once('C:\\xampp\\htdocs\\web_deperkasa\\public\\index.php')
CRITICAL - 2023-06-23 10:51:09 --> Trying to access array offset on value of type null
in APPPATH\Views\editharian.php on line 45.
 1 APPPATH\Views\editharian.php(45): CodeIgniter\Debug\Exceptions->errorHandler(8, 'Trying to access array offset on value of type null', 'C:\\xampp\\htdocs\\web_deperkasa\\app\\Views\\editharian.php', 45, [...])
 2 SYSTEMPATH\View\View.php(213): include('C:\\xampp\\htdocs\\web_deperkasa\\app\\Views\\editharian.php')
 3 SYSTEMPATH\View\View.php(216): CodeIgniter\View\View->CodeIgniter\View\{closure}()
 4 SYSTEMPATH\Common.php(1184): CodeIgniter\View\View->render('editharian', [], true)
 5 APPPATH\Controllers\Harian.php(60): view('editharian', [...])
 6 SYSTEMPATH\CodeIgniter.php(934): App\Controllers\Harian->edit('assets', 'js', 'init', 'fullcalendar-init.js')
 7 SYSTEMPATH\CodeIgniter.php(499): CodeIgniter\CodeIgniter->runController(Object(App\Controllers\Harian))
 8 SYSTEMPATH\CodeIgniter.php(368): CodeIgniter\CodeIgniter->handleRequest(null, Object(Config\Cache), false)
 9 FCPATH\index.php(67): CodeIgniter\CodeIgniter->run()
10 SYSTEMPATH\Commands\Server\rewrite.php(47): require_once('C:\\xampp\\htdocs\\web_deperkasa\\public\\index.php')
INFO - 2023-06-23 10:51:14 --> Session: Class initialized using 'CodeIgniter\Session\Handlers\FileHandler' driver.
CRITICAL - 2023-06-23 10:51:19 --> Trying to access array offset on value of type null
in APPPATH\Views\editharian.php on line 45.
 1 APPPATH\Views\editharian.php(45): CodeIgniter\Debug\Exceptions->errorHandler(8, 'Trying to access array offset on value of type null', 'C:\\xampp\\htdocs\\web_deperkasa\\app\\Views\\editharian.php', 45, [...])
 2 SYSTEMPATH\View\View.php(213): include('C:\\xampp\\htdocs\\web_deperkasa\\app\\Views\\editharian.php')
 3 SYSTEMPATH\View\View.php(216): CodeIgniter\View\View->CodeIgniter\View\{closure}()
 4 SYSTEMPATH\Common.php(1184): CodeIgniter\View\View->render('editharian', [], true)
 5 APPPATH\Controllers\Harian.php(60): view('editharian', [...])
 6 SYSTEMPATH\CodeIgniter.php(934): App\Controllers\Harian->edit('assets', 'js', 'main.js')
 7 SYSTEMPATH\CodeIgniter.php(499): CodeIgniter\CodeIgniter->runController(Object(App\Controllers\Harian))
 8 SYSTEMPATH\CodeIgniter.php(368): CodeIgniter\CodeIgniter->handleRequest(null, Object(Config\Cache), false)
 9 FCPATH\index.php(67): CodeIgniter\CodeIgniter->run()
10 SYSTEMPATH\Commands\Server\rewrite.php(47): require_once('C:\\xampp\\htdocs\\web_deperkasa\\public\\index.php')
CRITICAL - 2023-06-23 10:51:20 --> Trying to access array offset on value of type null
in APPPATH\Views\editharian.php on line 45.
 1 APPPATH\Views\editharian.php(45): CodeIgniter\Debug\Exceptions->errorHandler(8, 'Trying to access array offset on value of type null', 'C:\\xampp\\htdocs\\web_deperkasa\\app\\Views\\editharian.php', 45, [...])
 2 SYSTEMPATH\View\View.php(213): include('C:\\xampp\\htdocs\\web_deperkasa\\app\\Views\\editharian.php')
 3 SYSTEMPATH\View\View.php(216): CodeIgniter\View\View->CodeIgniter\View\{closure}()
 4 SYSTEMPATH\Common.php(1184): CodeIgniter\View\View->render('editharian', [], true)
 5 APPPATH\Controllers\Harian.php(60): view('editharian', [...])
 6 SYSTEMPATH\CodeIgniter.php(934): App\Controllers\Harian->edit('assets', 'js', 'init', 'weather-init.js')
 7 SYSTEMPATH\CodeIgniter.php(499): CodeIgniter\CodeIgniter->runController(Object(App\Controllers\Harian))
 8 SYSTEMPATH\CodeIgniter.php(368): CodeIgniter\CodeIgniter->handleRequest(null, Object(Config\Cache), false)
 9 FCPATH\index.php(67): CodeIgniter\CodeIgniter->run()
10 SYSTEMPATH\Commands\Server\rewrite.php(47): require_once('C:\\xampp\\htdocs\\web_deperkasa\\public\\index.php')
CRITICAL - 2023-06-23 10:51:20 --> Trying to access array offset on value of type null
in APPPATH\Views\editharian.php on line 45.
 1 APPPATH\Views\editharian.php(45): CodeIgniter\Debug\Exceptions->errorHandler(8, 'Trying to access array offset on value of type null', 'C:\\xampp\\htdocs\\web_deperkasa\\app\\Views\\editharian.php', 45, [...])
 2 SYSTEMPATH\View\View.php(213): include('C:\\xampp\\htdocs\\web_deperkasa\\app\\Views\\editharian.php')
 3 SYSTEMPATH\View\View.php(216): CodeIgniter\View\View->CodeIgniter\View\{closure}()
 4 SYSTEMPATH\Common.php(1184): CodeIgniter\View\View->render('editharian', [], true)
 5 APPPATH\Controllers\Harian.php(60): view('editharian', [...])
 6 SYSTEMPATH\CodeIgniter.php(934): App\Controllers\Harian->edit('assets', 'js', 'init', 'fullcalendar-init.js')
 7 SYSTEMPATH\CodeIgniter.php(499): CodeIgniter\CodeIgniter->runController(Object(App\Controllers\Harian))
 8 SYSTEMPATH\CodeIgniter.php(368): CodeIgniter\CodeIgniter->handleRequest(null, Object(Config\Cache), false)
 9 FCPATH\index.php(67): CodeIgniter\CodeIgniter->run()
10 SYSTEMPATH\Commands\Server\rewrite.php(47): require_once('C:\\xampp\\htdocs\\web_deperkasa\\public\\index.php')
CRITICAL - 2023-06-23 10:51:58 --> Trying to access array offset on value of type null
in APPPATH\Views\editharian.php on line 45.
 1 APPPATH\Views\editharian.php(45): CodeIgniter\Debug\Exceptions->errorHandler(8, 'Trying to access array offset on value of type null', 'C:\\xampp\\htdocs\\web_deperkasa\\app\\Views\\editharian.php', 45, [...])
 2 SYSTEMPATH\View\View.php(213): include('C:\\xampp\\htdocs\\web_deperkasa\\app\\Views\\editharian.php')
 3 SYSTEMPATH\View\View.php(216): CodeIgniter\View\View->CodeIgniter\View\{closure}()
 4 SYSTEMPATH\Common.php(1184): CodeIgniter\View\View->render('editharian', [], true)
 5 APPPATH\Controllers\Harian.php(60): view('editharian', [...])
 6 SYSTEMPATH\CodeIgniter.php(934): App\Controllers\Harian->edit('assets', 'js', 'main.js')
 7 SYSTEMPATH\CodeIgniter.php(499): CodeIgniter\CodeIgniter->runController(Object(App\Controllers\Harian))
 8 SYSTEMPATH\CodeIgniter.php(368): CodeIgniter\CodeIgniter->handleRequest(null, Object(Config\Cache), false)
 9 FCPATH\index.php(67): CodeIgniter\CodeIgniter->run()
10 SYSTEMPATH\Commands\Server\rewrite.php(47): require_once('C:\\xampp\\htdocs\\web_deperkasa\\public\\index.php')
CRITICAL - 2023-06-23 10:51:58 --> Trying to access array offset on value of type null
in APPPATH\Views\editharian.php on line 45.
 1 APPPATH\Views\editharian.php(45): CodeIgniter\Debug\Exceptions->errorHandler(8, 'Trying to access array offset on value of type null', 'C:\\xampp\\htdocs\\web_deperkasa\\app\\Views\\editharian.php', 45, [...])
 2 SYSTEMPATH\View\View.php(213): include('C:\\xampp\\htdocs\\web_deperkasa\\app\\Views\\editharian.php')
 3 SYSTEMPATH\View\View.php(216): CodeIgniter\View\View->CodeIgniter\View\{closure}()
 4 SYSTEMPATH\Common.php(1184): CodeIgniter\View\View->render('editharian', [], true)
 5 APPPATH\Controllers\Harian.php(60): view('editharian', [...])
 6 SYSTEMPATH\CodeIgniter.php(934): App\Controllers\Harian->edit('assets', 'js', 'init', 'weather-init.js')
 7 SYSTEMPATH\CodeIgniter.php(499): CodeIgniter\CodeIgniter->runController(Object(App\Controllers\Harian))
 8 SYSTEMPATH\CodeIgniter.php(368): CodeIgniter\CodeIgniter->handleRequest(null, Object(Config\Cache), false)
 9 FCPATH\index.php(67): CodeIgniter\CodeIgniter->run()
10 SYSTEMPATH\Commands\Server\rewrite.php(47): require_once('C:\\xampp\\htdocs\\web_deperkasa\\public\\index.php')
CRITICAL - 2023-06-23 10:51:58 --> Trying to access array offset on value of type null
in APPPATH\Views\editharian.php on line 45.
 1 APPPATH\Views\editharian.php(45): CodeIgniter\Debug\Exceptions->errorHandler(8, 'Trying to access array offset on value of type null', 'C:\\xampp\\htdocs\\web_deperkasa\\app\\Views\\editharian.php', 45, [...])
 2 SYSTEMPATH\View\View.php(213): include('C:\\xampp\\htdocs\\web_deperkasa\\app\\Views\\editharian.php')
 3 SYSTEMPATH\View\View.php(216): CodeIgniter\View\View->CodeIgniter\View\{closure}()
 4 SYSTEMPATH\Common.php(1184): CodeIgniter\View\View->render('editharian', [], true)
 5 APPPATH\Controllers\Harian.php(60): view('editharian', [...])
 6 SYSTEMPATH\CodeIgniter.php(934): App\Controllers\Harian->edit('assets', 'js', 'init', 'fullcalendar-init.js')
 7 SYSTEMPATH\CodeIgniter.php(499): CodeIgniter\CodeIgniter->runController(Object(App\Controllers\Harian))
 8 SYSTEMPATH\CodeIgniter.php(368): CodeIgniter\CodeIgniter->handleRequest(null, Object(Config\Cache), false)
 9 FCPATH\index.php(67): CodeIgniter\CodeIgniter->run()
10 SYSTEMPATH\Commands\Server\rewrite.php(47): require_once('C:\\xampp\\htdocs\\web_deperkasa\\public\\index.php')
INFO - 2023-06-23 10:52:05 --> Session: Class initialized using 'CodeIgniter\Session\Handlers\FileHandler' driver.
CRITICAL - 2023-06-23 10:53:36 --> Trying to access array offset on value of type null
in APPPATH\Views\editharian.php on line 45.
 1 APPPATH\Views\editharian.php(45): CodeIgniter\Debug\Exceptions->errorHandler(8, 'Trying to access array offset on value of type null', 'C:\\xampp\\htdocs\\web_deperkasa\\app\\Views\\editharian.php', 45, [...])
 2 SYSTEMPATH\View\View.php(213): include('C:\\xampp\\htdocs\\web_deperkasa\\app\\Views\\editharian.php')
 3 SYSTEMPATH\View\View.php(216): CodeIgniter\View\View->CodeIgniter\View\{closure}()
 4 SYSTEMPATH\Common.php(1184): CodeIgniter\View\View->render('editharian', [], true)
 5 APPPATH\Controllers\Harian.php(60): view('editharian', [...])
 6 SYSTEMPATH\CodeIgniter.php(934): App\Controllers\Harian->edit('assets', 'js', 'main.js')
 7 SYSTEMPATH\CodeIgniter.php(499): CodeIgniter\CodeIgniter->runController(Object(App\Controllers\Harian))
 8 SYSTEMPATH\CodeIgniter.php(368): CodeIgniter\CodeIgniter->handleRequest(null, Object(Config\Cache), false)
 9 FCPATH\index.php(67): CodeIgniter\CodeIgniter->run()
10 SYSTEMPATH\Commands\Server\rewrite.php(47): require_once('C:\\xampp\\htdocs\\web_deperkasa\\public\\index.php')
CRITICAL - 2023-06-23 10:53:36 --> Trying to access array offset on value of type null
in APPPATH\Views\editharian.php on line 45.
 1 APPPATH\Views\editharian.php(45): CodeIgniter\Debug\Exceptions->errorHandler(8, 'Trying to access array offset on value of type null', 'C:\\xampp\\htdocs\\web_deperkasa\\app\\Views\\editharian.php', 45, [...])
 2 SYSTEMPATH\View\View.php(213): include('C:\\xampp\\htdocs\\web_deperkasa\\app\\Views\\editharian.php')
 3 SYSTEMPATH\View\View.php(216): CodeIgniter\View\View->CodeIgniter\View\{closure}()
 4 SYSTEMPATH\Common.php(1184): CodeIgniter\View\View->render('editharian', [], true)
 5 APPPATH\Controllers\Harian.php(60): view('editharian', [...])
 6 SYSTEMPATH\CodeIgniter.php(934): App\Controllers\Harian->edit('assets', 'js', 'init', 'weather-init.js')
 7 SYSTEMPATH\CodeIgniter.php(499): CodeIgniter\CodeIgniter->runController(Object(App\Controllers\Harian))
 8 SYSTEMPATH\CodeIgniter.php(368): CodeIgniter\CodeIgniter->handleRequest(null, Object(Config\Cache), false)
 9 FCPATH\index.php(67): CodeIgniter\CodeIgniter->run()
10 SYSTEMPATH\Commands\Server\rewrite.php(47): require_once('C:\\xampp\\htdocs\\web_deperkasa\\public\\index.php')
CRITICAL - 2023-06-23 10:53:36 --> Trying to access array offset on value of type null
in APPPATH\Views\editharian.php on line 45.
 1 APPPATH\Views\editharian.php(45): CodeIgniter\Debug\Exceptions->errorHandler(8, 'Trying to access array offset on value of type null', 'C:\\xampp\\htdocs\\web_deperkasa\\app\\Views\\editharian.php', 45, [...])
 2 SYSTEMPATH\View\View.php(213): include('C:\\xampp\\htdocs\\web_deperkasa\\app\\Views\\editharian.php')
 3 SYSTEMPATH\View\View.php(216): CodeIgniter\View\View->CodeIgniter\View\{closure}()
 4 SYSTEMPATH\Common.php(1184): CodeIgniter\View\View->render('editharian', [], true)
 5 APPPATH\Controllers\Harian.php(60): view('editharian', [...])
 6 SYSTEMPATH\CodeIgniter.php(934): App\Controllers\Harian->edit('assets', 'js', 'init', 'fullcalendar-init.js')
 7 SYSTEMPATH\CodeIgniter.php(499): CodeIgniter\CodeIgniter->runController(Object(App\Controllers\Harian))
 8 SYSTEMPATH\CodeIgniter.php(368): CodeIgniter\CodeIgniter->handleRequest(null, Object(Config\Cache), false)
 9 FCPATH\index.php(67): CodeIgniter\CodeIgniter->run()
10 SYSTEMPATH\Commands\Server\rewrite.php(47): require_once('C:\\xampp\\htdocs\\web_deperkasa\\public\\index.php')
INFO - 2023-06-23 10:53:41 --> Session: Class initialized using 'CodeIgniter\Session\Handlers\FileHandler' driver.
CRITICAL - 2023-06-23 10:54:04 --> Trying to access array offset on value of type null
in APPPATH\Views\editharian.php on line 45.
 1 APPPATH\Views\editharian.php(45): CodeIgniter\Debug\Exceptions->errorHandler(8, 'Trying to access array offset on value of type null', 'C:\\xampp\\htdocs\\web_deperkasa\\app\\Views\\editharian.php', 45, [...])
 2 SYSTEMPATH\View\View.php(213): include('C:\\xampp\\htdocs\\web_deperkasa\\app\\Views\\editharian.php')
 3 SYSTEMPATH\View\View.php(216): CodeIgniter\View\View->CodeIgniter\View\{closure}()
 4 SYSTEMPATH\Common.php(1184): CodeIgniter\View\View->render('editharian', [], true)
 5 APPPATH\Controllers\Harian.php(60): view('editharian', [...])
 6 SYSTEMPATH\CodeIgniter.php(934): App\Controllers\Harian->edit('assets', 'js', 'main.js')
 7 SYSTEMPATH\CodeIgniter.php(499): CodeIgniter\CodeIgniter->runController(Object(App\Controllers\Harian))
 8 SYSTEMPATH\CodeIgniter.php(368): CodeIgniter\CodeIgniter->handleRequest(null, Object(Config\Cache), false)
 9 FCPATH\index.php(67): CodeIgniter\CodeIgniter->run()
10 SYSTEMPATH\Commands\Server\rewrite.php(47): require_once('C:\\xampp\\htdocs\\web_deperkasa\\public\\index.php')
CRITICAL - 2023-06-23 10:54:04 --> Trying to access array offset on value of type null
in APPPATH\Views\editharian.php on line 45.
 1 APPPATH\Views\editharian.php(45): CodeIgniter\Debug\Exceptions->errorHandler(8, 'Trying to access array offset on value of type null', 'C:\\xampp\\htdocs\\web_deperkasa\\app\\Views\\editharian.php', 45, [...])
 2 SYSTEMPATH\View\View.php(213): include('C:\\xampp\\htdocs\\web_deperkasa\\app\\Views\\editharian.php')
 3 SYSTEMPATH\View\View.php(216): CodeIgniter\View\View->CodeIgniter\View\{closure}()
 4 SYSTEMPATH\Common.php(1184): CodeIgniter\View\View->render('editharian', [], true)
 5 APPPATH\Controllers\Harian.php(60): view('editharian', [...])
 6 SYSTEMPATH\CodeIgniter.php(934): App\Controllers\Harian->edit('assets', 'js', 'init', 'weather-init.js')
 7 SYSTEMPATH\CodeIgniter.php(499): CodeIgniter\CodeIgniter->runController(Object(App\Controllers\Harian))
 8 SYSTEMPATH\CodeIgniter.php(368): CodeIgniter\CodeIgniter->handleRequest(null, Object(Config\Cache), false)
 9 FCPATH\index.php(67): CodeIgniter\CodeIgniter->run()
10 SYSTEMPATH\Commands\Server\rewrite.php(47): require_once('C:\\xampp\\htdocs\\web_deperkasa\\public\\index.php')
CRITICAL - 2023-06-23 10:54:04 --> Trying to access array offset on value of type null
in APPPATH\Views\editharian.php on line 45.
 1 APPPATH\Views\editharian.php(45): CodeIgniter\Debug\Exceptions->errorHandler(8, 'Trying to access array offset on value of type null', 'C:\\xampp\\htdocs\\web_deperkasa\\app\\Views\\editharian.php', 45, [...])
 2 SYSTEMPATH\View\View.php(213): include('C:\\xampp\\htdocs\\web_deperkasa\\app\\Views\\editharian.php')
 3 SYSTEMPATH\View\View.php(216): CodeIgniter\View\View->CodeIgniter\View\{closure}()
 4 SYSTEMPATH\Common.php(1184): CodeIgniter\View\View->render('editharian', [], true)
 5 APPPATH\Controllers\Harian.php(60): view('editharian', [...])
 6 SYSTEMPATH\CodeIgniter.php(934): App\Controllers\Harian->edit('assets', 'js', 'init', 'fullcalendar-init.js')
 7 SYSTEMPATH\CodeIgniter.php(499): CodeIgniter\CodeIgniter->runController(Object(App\Controllers\Harian))
 8 SYSTEMPATH\CodeIgniter.php(368): CodeIgniter\CodeIgniter->handleRequest(null, Object(Config\Cache), false)
 9 FCPATH\index.php(67): CodeIgniter\CodeIgniter->run()
10 SYSTEMPATH\Commands\Server\rewrite.php(47): require_once('C:\\xampp\\htdocs\\web_deperkasa\\public\\index.php')
INFO - 2023-06-23 10:54:11 --> Session: Class initialized using 'CodeIgniter\Session\Handlers\FileHandler' driver.
INFO - 2023-06-23 11:01:00 --> Session: Class initialized using 'CodeIgniter\Session\Handlers\FileHandler' driver.
INFO - 2023-06-23 11:05:36 --> Session: Class initialized using 'CodeIgniter\Session\Handlers\FileHandler' driver.
INFO - 2023-06-23 23:20:54 --> Session: Class initialized using 'CodeIgniter\Session\Handlers\FileHandler' driver.
INFO - 2023-06-23 23:23:15 --> Session: Class initialized using 'CodeIgniter\Session\Handlers\FileHandler' driver.
