INFO - 2023-08-12 04:51:32 --> Session: Class initialized using 'CodeIgniter\Session\Handlers\FileHandler' driver.
INFO - 2023-08-12 04:52:31 --> Session: Class initialized using 'CodeIgniter\Session\Handlers\FileHandler' driver.
INFO - 2023-08-12 04:53:31 --> Session: Class initialized using 'CodeIgniter\Session\Handlers\FileHandler' driver.
INFO - 2023-08-12 04:53:53 --> Session: Class initialized using 'CodeIgniter\Session\Handlers\FileHandler' driver.
INFO - 2023-08-12 04:54:04 --> Session: Class initialized using 'CodeIgniter\Session\Handlers\FileHandler' driver.
INFO - 2023-08-12 04:54:11 --> Session: Class initialized using 'CodeIgniter\Session\Handlers\FileHandler' driver.
INFO - 2023-08-12 04:56:15 --> Session: Class initialized using 'CodeIgniter\Session\Handlers\FileHandler' driver.
INFO - 2023-08-12 04:56:43 --> Session: Class initialized using 'CodeIgniter\Session\Handlers\FileHandler' driver.
INFO - 2023-08-12 05:10:24 --> Session: Class initialized using 'CodeIgniter\Session\Handlers\FileHandler' driver.
INFO - 2023-08-12 05:12:05 --> Session: Class initialized using 'CodeIgniter\Session\Handlers\FileHandler' driver.
INFO - 2023-08-12 05:14:50 --> Session: Class initialized using 'CodeIgniter\Session\Handlers\FileHandler' driver.
INFO - 2023-08-12 05:14:55 --> Session: Class initialized using 'CodeIgniter\Session\Handlers\FileHandler' driver.
CRITICAL - 2023-08-12 05:14:55 --> Invalid argument supplied for foreach()
in APPPATH\Views\profil.php on line 20.
 1 APPPATH\Views\profil.php(20): CodeIgniter\Debug\Exceptions->errorHandler(2, 'Invalid argument supplied for foreach()', 'C:\\xampp\\htdocs\\web_deperkasa\\app\\Views\\profil.php', 20, [...])
 2 SYSTEMPATH\View\View.php(213): include('C:\\xampp\\htdocs\\web_deperkasa\\app\\Views\\profil.php')
 3 SYSTEMPATH\View\View.php(216): CodeIgniter\View\View->CodeIgniter\View\{closure}()
 4 SYSTEMPATH\Common.php(1184): CodeIgniter\View\View->render('profil', [], true)
 5 APPPATH\Controllers\profil.php(17): view('profil', [...])
 6 SYSTEMPATH\CodeIgniter.php(934): App\Controllers\Profil->index()
 7 SYSTEMPATH\CodeIgniter.php(499): CodeIgniter\CodeIgniter->runController(Object(App\Controllers\Profil))
 8 SYSTEMPATH\CodeIgniter.php(368): CodeIgniter\CodeIgniter->handleRequest(null, Object(Config\Cache), false)
 9 FCPATH\index.php(67): CodeIgniter\CodeIgniter->run()
10 SYSTEMPATH\Commands\Server\rewrite.php(47): require_once('C:\\xampp\\htdocs\\web_deperkasa\\public\\index.php')
INFO - 2023-08-12 05:15:16 --> Session: Class initialized using 'CodeIgniter\Session\Handlers\FileHandler' driver.
CRITICAL - 2023-08-12 05:15:16 --> Invalid argument supplied for foreach()
in APPPATH\Views\profil.php on line 20.
 1 APPPATH\Views\profil.php(20): CodeIgniter\Debug\Exceptions->errorHandler(2, 'Invalid argument supplied for foreach()', 'C:\\xampp\\htdocs\\web_deperkasa\\app\\Views\\profil.php', 20, [...])
 2 SYSTEMPATH\View\View.php(213): include('C:\\xampp\\htdocs\\web_deperkasa\\app\\Views\\profil.php')
 3 SYSTEMPATH\View\View.php(216): CodeIgniter\View\View->CodeIgniter\View\{closure}()
 4 SYSTEMPATH\Common.php(1184): CodeIgniter\View\View->render('profil', [], true)
 5 APPPATH\Controllers\profil.php(17): view('profil', [...])
 6 SYSTEMPATH\CodeIgniter.php(934): App\Controllers\Profil->index()
 7 SYSTEMPATH\CodeIgniter.php(499): CodeIgniter\CodeIgniter->runController(Object(App\Controllers\Profil))
 8 SYSTEMPATH\CodeIgniter.php(368): CodeIgniter\CodeIgniter->handleRequest(null, Object(Config\Cache), false)
 9 FCPATH\index.php(67): CodeIgniter\CodeIgniter->run()
10 SYSTEMPATH\Commands\Server\rewrite.php(47): require_once('C:\\xampp\\htdocs\\web_deperkasa\\public\\index.php')
INFO - 2023-08-12 05:15:17 --> Session: Class initialized using 'CodeIgniter\Session\Handlers\FileHandler' driver.
CRITICAL - 2023-08-12 05:15:17 --> Invalid argument supplied for foreach()
in APPPATH\Views\profil.php on line 20.
 1 APPPATH\Views\profil.php(20): CodeIgniter\Debug\Exceptions->errorHandler(2, 'Invalid argument supplied for foreach()', 'C:\\xampp\\htdocs\\web_deperkasa\\app\\Views\\profil.php', 20, [...])
 2 SYSTEMPATH\View\View.php(213): include('C:\\xampp\\htdocs\\web_deperkasa\\app\\Views\\profil.php')
 3 SYSTEMPATH\View\View.php(216): CodeIgniter\View\View->CodeIgniter\View\{closure}()
 4 SYSTEMPATH\Common.php(1184): CodeIgniter\View\View->render('profil', [], true)
 5 APPPATH\Controllers\profil.php(17): view('profil', [...])
 6 SYSTEMPATH\CodeIgniter.php(934): App\Controllers\Profil->index()
 7 SYSTEMPATH\CodeIgniter.php(499): CodeIgniter\CodeIgniter->runController(Object(App\Controllers\Profil))
 8 SYSTEMPATH\CodeIgniter.php(368): CodeIgniter\CodeIgniter->handleRequest(null, Object(Config\Cache), false)
 9 FCPATH\index.php(67): CodeIgniter\CodeIgniter->run()
10 SYSTEMPATH\Commands\Server\rewrite.php(47): require_once('C:\\xampp\\htdocs\\web_deperkasa\\public\\index.php')
INFO - 2023-08-12 05:15:18 --> Session: Class initialized using 'CodeIgniter\Session\Handlers\FileHandler' driver.
CRITICAL - 2023-08-12 05:15:18 --> Invalid argument supplied for foreach()
in APPPATH\Views\profil.php on line 20.
 1 APPPATH\Views\profil.php(20): CodeIgniter\Debug\Exceptions->errorHandler(2, 'Invalid argument supplied for foreach()', 'C:\\xampp\\htdocs\\web_deperkasa\\app\\Views\\profil.php', 20, [...])
 2 SYSTEMPATH\View\View.php(213): include('C:\\xampp\\htdocs\\web_deperkasa\\app\\Views\\profil.php')
 3 SYSTEMPATH\View\View.php(216): CodeIgniter\View\View->CodeIgniter\View\{closure}()
 4 SYSTEMPATH\Common.php(1184): CodeIgniter\View\View->render('profil', [], true)
 5 APPPATH\Controllers\profil.php(17): view('profil', [...])
 6 SYSTEMPATH\CodeIgniter.php(934): App\Controllers\Profil->index()
 7 SYSTEMPATH\CodeIgniter.php(499): CodeIgniter\CodeIgniter->runController(Object(App\Controllers\Profil))
 8 SYSTEMPATH\CodeIgniter.php(368): CodeIgniter\CodeIgniter->handleRequest(null, Object(Config\Cache), false)
 9 FCPATH\index.php(67): CodeIgniter\CodeIgniter->run()
10 SYSTEMPATH\Commands\Server\rewrite.php(47): require_once('C:\\xampp\\htdocs\\web_deperkasa\\public\\index.php')
INFO - 2023-08-12 05:15:29 --> Session: Class initialized using 'CodeIgniter\Session\Handlers\FileHandler' driver.
INFO - 2023-08-12 05:15:37 --> Session: Class initialized using 'CodeIgniter\Session\Handlers\FileHandler' driver.
INFO - 2023-08-12 05:16:42 --> Session: Class initialized using 'CodeIgniter\Session\Handlers\FileHandler' driver.
CRITICAL - 2023-08-12 05:16:42 --> Invalid argument supplied for foreach()
in APPPATH\Views\profil.php on line 20.
 1 APPPATH\Views\profil.php(20): CodeIgniter\Debug\Exceptions->errorHandler(2, 'Invalid argument supplied for foreach()', 'C:\\xampp\\htdocs\\web_deperkasa\\app\\Views\\profil.php', 20, [...])
 2 SYSTEMPATH\View\View.php(213): include('C:\\xampp\\htdocs\\web_deperkasa\\app\\Views\\profil.php')
 3 SYSTEMPATH\View\View.php(216): CodeIgniter\View\View->CodeIgniter\View\{closure}()
 4 SYSTEMPATH\Common.php(1184): CodeIgniter\View\View->render('profil', [], true)
 5 APPPATH\Controllers\profil.php(17): view('profil', [...])
 6 SYSTEMPATH\CodeIgniter.php(934): App\Controllers\Profil->index()
 7 SYSTEMPATH\CodeIgniter.php(499): CodeIgniter\CodeIgniter->runController(Object(App\Controllers\Profil))
 8 SYSTEMPATH\CodeIgniter.php(368): CodeIgniter\CodeIgniter->handleRequest(null, Object(Config\Cache), false)
 9 FCPATH\index.php(67): CodeIgniter\CodeIgniter->run()
10 SYSTEMPATH\Commands\Server\rewrite.php(47): require_once('C:\\xampp\\htdocs\\web_deperkasa\\public\\index.php')
CRITICAL - 2023-08-12 05:17:59 --> Call to undefined method App\Models\UsersModel::session
in SYSTEMPATH\Model.php on line 842.
 1 APPPATH\Controllers\profil.php(14): CodeIgniter\Model->__call('session', [])
 2 SYSTEMPATH\CodeIgniter.php(934): App\Controllers\Profil->index()
 3 SYSTEMPATH\CodeIgniter.php(499): CodeIgniter\CodeIgniter->runController(Object(App\Controllers\Profil))
 4 SYSTEMPATH\CodeIgniter.php(368): CodeIgniter\CodeIgniter->handleRequest(null, Object(Config\Cache), false)
 5 FCPATH\index.php(67): CodeIgniter\CodeIgniter->run()
 6 SYSTEMPATH\Commands\Server\rewrite.php(47): require_once('C:\\xampp\\htdocs\\web_deperkasa\\public\\index.php')
CRITICAL - 2023-08-12 05:18:33 --> Call to undefined method App\Models\UsersModel::session
in SYSTEMPATH\Model.php on line 842.
 1 APPPATH\Controllers\profil.php(14): CodeIgniter\Model->__call('session', [])
 2 SYSTEMPATH\CodeIgniter.php(934): App\Controllers\Profil->index()
 3 SYSTEMPATH\CodeIgniter.php(499): CodeIgniter\CodeIgniter->runController(Object(App\Controllers\Profil))
 4 SYSTEMPATH\CodeIgniter.php(368): CodeIgniter\CodeIgniter->handleRequest(null, Object(Config\Cache), false)
 5 FCPATH\index.php(67): CodeIgniter\CodeIgniter->run()
 6 SYSTEMPATH\Commands\Server\rewrite.php(47): require_once('C:\\xampp\\htdocs\\web_deperkasa\\public\\index.php')
INFO - 2023-08-12 05:19:26 --> Session: Class initialized using 'CodeIgniter\Session\Handlers\FileHandler' driver.
CRITICAL - 2023-08-12 05:19:26 --> Invalid argument supplied for foreach()
in APPPATH\Views\profil.php on line 20.
 1 APPPATH\Views\profil.php(20): CodeIgniter\Debug\Exceptions->errorHandler(2, 'Invalid argument supplied for foreach()', 'C:\\xampp\\htdocs\\web_deperkasa\\app\\Views\\profil.php', 20, [...])
 2 SYSTEMPATH\View\View.php(213): include('C:\\xampp\\htdocs\\web_deperkasa\\app\\Views\\profil.php')
 3 SYSTEMPATH\View\View.php(216): CodeIgniter\View\View->CodeIgniter\View\{closure}()
 4 SYSTEMPATH\Common.php(1184): CodeIgniter\View\View->render('profil', [], true)
 5 APPPATH\Controllers\profil.php(17): view('profil', [...])
 6 SYSTEMPATH\CodeIgniter.php(934): App\Controllers\Profil->index()
 7 SYSTEMPATH\CodeIgniter.php(499): CodeIgniter\CodeIgniter->runController(Object(App\Controllers\Profil))
 8 SYSTEMPATH\CodeIgniter.php(368): CodeIgniter\CodeIgniter->handleRequest(null, Object(Config\Cache), false)
 9 FCPATH\index.php(67): CodeIgniter\CodeIgniter->run()
10 SYSTEMPATH\Commands\Server\rewrite.php(47): require_once('C:\\xampp\\htdocs\\web_deperkasa\\public\\index.php')
INFO - 2023-08-12 05:19:27 --> Session: Class initialized using 'CodeIgniter\Session\Handlers\FileHandler' driver.
CRITICAL - 2023-08-12 05:19:27 --> Invalid argument supplied for foreach()
in APPPATH\Views\profil.php on line 20.
 1 APPPATH\Views\profil.php(20): CodeIgniter\Debug\Exceptions->errorHandler(2, 'Invalid argument supplied for foreach()', 'C:\\xampp\\htdocs\\web_deperkasa\\app\\Views\\profil.php', 20, [...])
 2 SYSTEMPATH\View\View.php(213): include('C:\\xampp\\htdocs\\web_deperkasa\\app\\Views\\profil.php')
 3 SYSTEMPATH\View\View.php(216): CodeIgniter\View\View->CodeIgniter\View\{closure}()
 4 SYSTEMPATH\Common.php(1184): CodeIgniter\View\View->render('profil', [], true)
 5 APPPATH\Controllers\profil.php(17): view('profil', [...])
 6 SYSTEMPATH\CodeIgniter.php(934): App\Controllers\Profil->index()
 7 SYSTEMPATH\CodeIgniter.php(499): CodeIgniter\CodeIgniter->runController(Object(App\Controllers\Profil))
 8 SYSTEMPATH\CodeIgniter.php(368): CodeIgniter\CodeIgniter->handleRequest(null, Object(Config\Cache), false)
 9 FCPATH\index.php(67): CodeIgniter\CodeIgniter->run()
10 SYSTEMPATH\Commands\Server\rewrite.php(47): require_once('C:\\xampp\\htdocs\\web_deperkasa\\public\\index.php')
INFO - 2023-08-12 05:29:13 --> Session: Class initialized using 'CodeIgniter\Session\Handlers\FileHandler' driver.
INFO - 2023-08-12 05:40:05 --> Session: Class initialized using 'CodeIgniter\Session\Handlers\FileHandler' driver.
CRITICAL - 2023-08-12 05:40:05 --> Undefined variable: profil
in APPPATH\Views\profil.php on line 20.
 1 APPPATH\Views\profil.php(20): CodeIgniter\Debug\Exceptions->errorHandler(8, 'Undefined variable: profil', 'C:\\xampp\\htdocs\\web_deperkasa\\app\\Views\\profil.php', 20, [])
 2 SYSTEMPATH\View\View.php(213): include('C:\\xampp\\htdocs\\web_deperkasa\\app\\Views\\profil.php')
 3 SYSTEMPATH\View\View.php(216): CodeIgniter\View\View->CodeIgniter\View\{closure}()
 4 SYSTEMPATH\Common.php(1184): CodeIgniter\View\View->render('profil', [], true)
 5 APPPATH\Controllers\profil.php(16): view('profil', [...])
 6 SYSTEMPATH\CodeIgniter.php(934): App\Controllers\Profil->index()
 7 SYSTEMPATH\CodeIgniter.php(499): CodeIgniter\CodeIgniter->runController(Object(App\Controllers\Profil))
 8 SYSTEMPATH\CodeIgniter.php(368): CodeIgniter\CodeIgniter->handleRequest(null, Object(Config\Cache), false)
 9 FCPATH\index.php(67): CodeIgniter\CodeIgniter->run()
10 SYSTEMPATH\Commands\Server\rewrite.php(47): require_once('C:\\xampp\\htdocs\\web_deperkasa\\public\\index.php')
INFO - 2023-08-12 05:41:23 --> Session: Class initialized using 'CodeIgniter\Session\Handlers\FileHandler' driver.
CRITICAL - 2023-08-12 05:41:24 --> Undefined variable: users
in APPPATH\Views\profil.php on line 25.
 1 APPPATH\Views\profil.php(25): CodeIgniter\Debug\Exceptions->errorHandler(8, 'Undefined variable: users', 'C:\\xampp\\htdocs\\web_deperkasa\\app\\Views\\profil.php', 25, [])
 2 SYSTEMPATH\View\View.php(213): include('C:\\xampp\\htdocs\\web_deperkasa\\app\\Views\\profil.php')
 3 SYSTEMPATH\View\View.php(216): CodeIgniter\View\View->CodeIgniter\View\{closure}()
 4 SYSTEMPATH\Common.php(1184): CodeIgniter\View\View->render('profil', [], true)
 5 APPPATH\Controllers\profil.php(16): view('profil', [...])
 6 SYSTEMPATH\CodeIgniter.php(934): App\Controllers\Profil->index()
 7 SYSTEMPATH\CodeIgniter.php(499): CodeIgniter\CodeIgniter->runController(Object(App\Controllers\Profil))
 8 SYSTEMPATH\CodeIgniter.php(368): CodeIgniter\CodeIgniter->handleRequest(null, Object(Config\Cache), false)
 9 FCPATH\index.php(67): CodeIgniter\CodeIgniter->run()
10 SYSTEMPATH\Commands\Server\rewrite.php(47): require_once('C:\\xampp\\htdocs\\web_deperkasa\\public\\index.php')
INFO - 2023-08-12 05:42:02 --> Session: Class initialized using 'CodeIgniter\Session\Handlers\FileHandler' driver.
CRITICAL - 2023-08-12 05:42:02 --> Undefined variable: data
in APPPATH\Views\profil.php on line 25.
 1 APPPATH\Views\profil.php(25): CodeIgniter\Debug\Exceptions->errorHandler(8, 'Undefined variable: data', 'C:\\xampp\\htdocs\\web_deperkasa\\app\\Views\\profil.php', 25, [])
 2 SYSTEMPATH\View\View.php(213): include('C:\\xampp\\htdocs\\web_deperkasa\\app\\Views\\profil.php')
 3 SYSTEMPATH\View\View.php(216): CodeIgniter\View\View->CodeIgniter\View\{closure}()
 4 SYSTEMPATH\Common.php(1184): CodeIgniter\View\View->render('profil', [], true)
 5 APPPATH\Controllers\profil.php(16): view('profil', [...])
 6 SYSTEMPATH\CodeIgniter.php(934): App\Controllers\Profil->index()
 7 SYSTEMPATH\CodeIgniter.php(499): CodeIgniter\CodeIgniter->runController(Object(App\Controllers\Profil))
 8 SYSTEMPATH\CodeIgniter.php(368): CodeIgniter\CodeIgniter->handleRequest(null, Object(Config\Cache), false)
 9 FCPATH\index.php(67): CodeIgniter\CodeIgniter->run()
10 SYSTEMPATH\Commands\Server\rewrite.php(47): require_once('C:\\xampp\\htdocs\\web_deperkasa\\public\\index.php')
