CRITICAL - 2023-06-24 00:03:45 --> Invalid file: "editregistrasi.php"
in SYSTEMPATH\Exceptions\FrameworkException.php on line 33.
 1 SYSTEMPATH\View\View.php(201): CodeIgniter\Exceptions\FrameworkException::forInvalidFile('editregistrasi.php')
 2 SYSTEMPATH\Common.php(1184): CodeIgniter\View\View->render('editregistrasi', [], true)
 3 APPPATH\Controllers\Registrasi.php(67): view('editregistrasi', [...])
 4 SYSTEMPATH\CodeIgniter.php(934): App\Controllers\Registrasi->edit('2')
 5 SYSTEMPATH\CodeIgniter.php(499): CodeIgniter\CodeIgniter->runController(Object(App\Controllers\Registrasi))
 6 SYSTEMPATH\CodeIgniter.php(368): CodeIgniter\CodeIgniter->handleRequest(null, Object(Config\Cache), false)
 7 FCPATH\index.php(67): CodeIgniter\CodeIgniter->run()
 8 SYSTEMPATH\Commands\Server\rewrite.php(47): require_once('C:\\xampp\\htdocs\\web_deperkasa\\public\\index.php')
INFO - 2023-06-24 00:26:58 --> Session: Class initialized using 'CodeIgniter\Session\Handlers\FileHandler' driver.
INFO - 2023-06-24 00:27:06 --> Session: Class initialized using 'CodeIgniter\Session\Handlers\FileHandler' driver.
INFO - 2023-06-24 00:27:13 --> Session: Class initialized using 'CodeIgniter\Session\Handlers\FileHandler' driver.
INFO - 2023-06-24 00:27:20 --> Session: Class initialized using 'CodeIgniter\Session\Handlers\FileHandler' driver.
CRITICAL - 2023-06-24 00:28:23 --> Invalid file: "editregistrasi.php"
in SYSTEMPATH\Exceptions\FrameworkException.php on line 33.
 1 SYSTEMPATH\View\View.php(201): CodeIgniter\Exceptions\FrameworkException::forInvalidFile('editregistrasi.php')
 2 SYSTEMPATH\Common.php(1184): CodeIgniter\View\View->render('editregistrasi', [], true)
 3 APPPATH\Controllers\Registrasi.php(67): view('editregistrasi', [...])
 4 SYSTEMPATH\CodeIgniter.php(934): App\Controllers\Registrasi->edit('1')
 5 SYSTEMPATH\CodeIgniter.php(499): CodeIgniter\CodeIgniter->runController(Object(App\Controllers\Registrasi))
 6 SYSTEMPATH\CodeIgniter.php(368): CodeIgniter\CodeIgniter->handleRequest(null, Object(Config\Cache), false)
 7 FCPATH\index.php(67): CodeIgniter\CodeIgniter->run()
 8 SYSTEMPATH\Commands\Server\rewrite.php(47): require_once('C:\\xampp\\htdocs\\web_deperkasa\\public\\index.php')
CRITICAL - 2023-06-24 07:53:29 --> Class 'App\Models\RekapModel' not found
in APPPATH\Controllers\Rekap.php on line 11.
 1 SYSTEMPATH\CodeIgniter.php(934): App\Controllers\Rekap->index()
 2 SYSTEMPATH\CodeIgniter.php(499): CodeIgniter\CodeIgniter->runController(Object(App\Controllers\Rekap))
 3 SYSTEMPATH\CodeIgniter.php(368): CodeIgniter\CodeIgniter->handleRequest(null, Object(Config\Cache), false)
 4 FCPATH\index.php(67): CodeIgniter\CodeIgniter->run()
 5 SYSTEMPATH\Commands\Server\rewrite.php(47): require_once('C:\\xampp\\htdocs\\web_deperkasa\\public\\index.php')
CRITICAL - 2023-06-24 08:15:31 --> Class 'App\Models\RekapModel' not found
in APPPATH\Controllers\Rekap.php on line 11.
 1 SYSTEMPATH\CodeIgniter.php(934): App\Controllers\Rekap->index()
 2 SYSTEMPATH\CodeIgniter.php(499): CodeIgniter\CodeIgniter->runController(Object(App\Controllers\Rekap))
 3 SYSTEMPATH\CodeIgniter.php(368): CodeIgniter\CodeIgniter->handleRequest(null, Object(Config\Cache), false)
 4 FCPATH\index.php(67): CodeIgniter\CodeIgniter->run()
 5 SYSTEMPATH\Commands\Server\rewrite.php(47): require_once('C:\\xampp\\htdocs\\web_deperkasa\\public\\index.php')
CRITICAL - 2023-06-24 08:16:15 --> Class 'App\Models\RekapModel' not found
in APPPATH\Controllers\Rekap.php on line 11.
 1 SYSTEMPATH\CodeIgniter.php(934): App\Controllers\Rekap->index()
 2 SYSTEMPATH\CodeIgniter.php(499): CodeIgniter\CodeIgniter->runController(Object(App\Controllers\Rekap))
 3 SYSTEMPATH\CodeIgniter.php(368): CodeIgniter\CodeIgniter->handleRequest(null, Object(Config\Cache), false)
 4 FCPATH\index.php(67): CodeIgniter\CodeIgniter->run()
 5 SYSTEMPATH\Commands\Server\rewrite.php(47): require_once('C:\\xampp\\htdocs\\web_deperkasa\\public\\index.php')
CRITICAL - 2023-06-24 08:16:40 --> Class 'App\Models\RekapModel' not found
in APPPATH\Controllers\Rekap.php on line 11.
 1 SYSTEMPATH\CodeIgniter.php(934): App\Controllers\Rekap->index()
 2 SYSTEMPATH\CodeIgniter.php(499): CodeIgniter\CodeIgniter->runController(Object(App\Controllers\Rekap))
 3 SYSTEMPATH\CodeIgniter.php(368): CodeIgniter\CodeIgniter->handleRequest(null, Object(Config\Cache), false)
 4 FCPATH\index.php(67): CodeIgniter\CodeIgniter->run()
 5 SYSTEMPATH\Commands\Server\rewrite.php(47): require_once('C:\\xampp\\htdocs\\web_deperkasa\\public\\index.php')
CRITICAL - 2023-06-24 08:33:18 --> Undefined variable: harian
in APPPATH\Views\editregistrasi.php on line 112.
 1 APPPATH\Views\editregistrasi.php(112): CodeIgniter\Debug\Exceptions->errorHandler(8, 'Undefined variable: harian', 'C:\\xampp\\htdocs\\web_deperkasa\\app\\Views\\editregistrasi.php', 112, [...])
 2 SYSTEMPATH\View\View.php(213): include('C:\\xampp\\htdocs\\web_deperkasa\\app\\Views\\editregistrasi.php')
 3 SYSTEMPATH\View\View.php(216): CodeIgniter\View\View->CodeIgniter\View\{closure}()
 4 SYSTEMPATH\Common.php(1184): CodeIgniter\View\View->render('editregistrasi', [], true)
 5 APPPATH\Controllers\Registrasi.php(67): view('editregistrasi', [...])
 6 SYSTEMPATH\CodeIgniter.php(934): App\Controllers\Registrasi->edit('1')
 7 SYSTEMPATH\CodeIgniter.php(499): CodeIgniter\CodeIgniter->runController(Object(App\Controllers\Registrasi))
 8 SYSTEMPATH\CodeIgniter.php(368): CodeIgniter\CodeIgniter->handleRequest(null, Object(Config\Cache), false)
 9 FCPATH\index.php(67): CodeIgniter\CodeIgniter->run()
10 SYSTEMPATH\Commands\Server\rewrite.php(47): require_once('C:\\xampp\\htdocs\\web_deperkasa\\public\\index.php')
CRITICAL - 2023-06-24 08:33:54 --> Undefined variable: harian
in APPPATH\Views\editregistrasi.php on line 112.
 1 APPPATH\Views\editregistrasi.php(112): CodeIgniter\Debug\Exceptions->errorHandler(8, 'Undefined variable: harian', 'C:\\xampp\\htdocs\\web_deperkasa\\app\\Views\\editregistrasi.php', 112, [...])
 2 SYSTEMPATH\View\View.php(213): include('C:\\xampp\\htdocs\\web_deperkasa\\app\\Views\\editregistrasi.php')
 3 SYSTEMPATH\View\View.php(216): CodeIgniter\View\View->CodeIgniter\View\{closure}()
 4 SYSTEMPATH\Common.php(1184): CodeIgniter\View\View->render('editregistrasi', [], true)
 5 APPPATH\Controllers\Registrasi.php(67): view('editregistrasi', [...])
 6 SYSTEMPATH\CodeIgniter.php(934): App\Controllers\Registrasi->edit('1')
 7 SYSTEMPATH\CodeIgniter.php(499): CodeIgniter\CodeIgniter->runController(Object(App\Controllers\Registrasi))
 8 SYSTEMPATH\CodeIgniter.php(368): CodeIgniter\CodeIgniter->handleRequest(null, Object(Config\Cache), false)
 9 FCPATH\index.php(67): CodeIgniter\CodeIgniter->run()
10 SYSTEMPATH\Commands\Server\rewrite.php(47): require_once('C:\\xampp\\htdocs\\web_deperkasa\\public\\index.php')
CRITICAL - 2023-06-24 08:34:16 --> Trying to access array offset on value of type null
in APPPATH\Views\editregistrasi.php on line 36.
 1 APPPATH\Views\editregistrasi.php(36): CodeIgniter\Debug\Exceptions->errorHandler(8, 'Trying to access array offset on value of type null', 'C:\\xampp\\htdocs\\web_deperkasa\\app\\Views\\editregistrasi.php', 36, [...])
 2 SYSTEMPATH\View\View.php(213): include('C:\\xampp\\htdocs\\web_deperkasa\\app\\Views\\editregistrasi.php')
 3 SYSTEMPATH\View\View.php(216): CodeIgniter\View\View->CodeIgniter\View\{closure}()
 4 SYSTEMPATH\Common.php(1184): CodeIgniter\View\View->render('editregistrasi', [], true)
 5 APPPATH\Controllers\Registrasi.php(67): view('editregistrasi', [...])
 6 SYSTEMPATH\CodeIgniter.php(934): App\Controllers\Registrasi->edit('assets', 'js', 'main.js')
 7 SYSTEMPATH\CodeIgniter.php(499): CodeIgniter\CodeIgniter->runController(Object(App\Controllers\Registrasi))
 8 SYSTEMPATH\CodeIgniter.php(368): CodeIgniter\CodeIgniter->handleRequest(null, Object(Config\Cache), false)
 9 FCPATH\index.php(67): CodeIgniter\CodeIgniter->run()
10 SYSTEMPATH\Commands\Server\rewrite.php(47): require_once('C:\\xampp\\htdocs\\web_deperkasa\\public\\index.php')
CRITICAL - 2023-06-24 08:34:16 --> Trying to access array offset on value of type null
in APPPATH\Views\editregistrasi.php on line 36.
 1 APPPATH\Views\editregistrasi.php(36): CodeIgniter\Debug\Exceptions->errorHandler(8, 'Trying to access array offset on value of type null', 'C:\\xampp\\htdocs\\web_deperkasa\\app\\Views\\editregistrasi.php', 36, [...])
 2 SYSTEMPATH\View\View.php(213): include('C:\\xampp\\htdocs\\web_deperkasa\\app\\Views\\editregistrasi.php')
 3 SYSTEMPATH\View\View.php(216): CodeIgniter\View\View->CodeIgniter\View\{closure}()
 4 SYSTEMPATH\Common.php(1184): CodeIgniter\View\View->render('editregistrasi', [], true)
 5 APPPATH\Controllers\Registrasi.php(67): view('editregistrasi', [...])
 6 SYSTEMPATH\CodeIgniter.php(934): App\Controllers\Registrasi->edit('assets', 'js', 'init', 'weather-init.js')
 7 SYSTEMPATH\CodeIgniter.php(499): CodeIgniter\CodeIgniter->runController(Object(App\Controllers\Registrasi))
 8 SYSTEMPATH\CodeIgniter.php(368): CodeIgniter\CodeIgniter->handleRequest(null, Object(Config\Cache), false)
 9 FCPATH\index.php(67): CodeIgniter\CodeIgniter->run()
10 SYSTEMPATH\Commands\Server\rewrite.php(47): require_once('C:\\xampp\\htdocs\\web_deperkasa\\public\\index.php')
CRITICAL - 2023-06-24 08:34:16 --> Trying to access array offset on value of type null
in APPPATH\Views\editregistrasi.php on line 36.
 1 APPPATH\Views\editregistrasi.php(36): CodeIgniter\Debug\Exceptions->errorHandler(8, 'Trying to access array offset on value of type null', 'C:\\xampp\\htdocs\\web_deperkasa\\app\\Views\\editregistrasi.php', 36, [...])
 2 SYSTEMPATH\View\View.php(213): include('C:\\xampp\\htdocs\\web_deperkasa\\app\\Views\\editregistrasi.php')
 3 SYSTEMPATH\View\View.php(216): CodeIgniter\View\View->CodeIgniter\View\{closure}()
 4 SYSTEMPATH\Common.php(1184): CodeIgniter\View\View->render('editregistrasi', [], true)
 5 APPPATH\Controllers\Registrasi.php(67): view('editregistrasi', [...])
 6 SYSTEMPATH\CodeIgniter.php(934): App\Controllers\Registrasi->edit('assets', 'js', 'init', 'fullcalendar-init.js')
 7 SYSTEMPATH\CodeIgniter.php(499): CodeIgniter\CodeIgniter->runController(Object(App\Controllers\Registrasi))
 8 SYSTEMPATH\CodeIgniter.php(368): CodeIgniter\CodeIgniter->handleRequest(null, Object(Config\Cache), false)
 9 FCPATH\index.php(67): CodeIgniter\CodeIgniter->run()
10 SYSTEMPATH\Commands\Server\rewrite.php(47): require_once('C:\\xampp\\htdocs\\web_deperkasa\\public\\index.php')
CRITICAL - 2023-06-24 08:34:50 --> Trying to access array offset on value of type null
in APPPATH\Views\editregistrasi.php on line 36.
 1 APPPATH\Views\editregistrasi.php(36): CodeIgniter\Debug\Exceptions->errorHandler(8, 'Trying to access array offset on value of type null', 'C:\\xampp\\htdocs\\web_deperkasa\\app\\Views\\editregistrasi.php', 36, [...])
 2 SYSTEMPATH\View\View.php(213): include('C:\\xampp\\htdocs\\web_deperkasa\\app\\Views\\editregistrasi.php')
 3 SYSTEMPATH\View\View.php(216): CodeIgniter\View\View->CodeIgniter\View\{closure}()
 4 SYSTEMPATH\Common.php(1184): CodeIgniter\View\View->render('editregistrasi', [], true)
 5 APPPATH\Controllers\Registrasi.php(67): view('editregistrasi', [...])
 6 SYSTEMPATH\CodeIgniter.php(934): App\Controllers\Registrasi->edit('assets', 'js', 'main.js')
 7 SYSTEMPATH\CodeIgniter.php(499): CodeIgniter\CodeIgniter->runController(Object(App\Controllers\Registrasi))
 8 SYSTEMPATH\CodeIgniter.php(368): CodeIgniter\CodeIgniter->handleRequest(null, Object(Config\Cache), false)
 9 FCPATH\index.php(67): CodeIgniter\CodeIgniter->run()
10 SYSTEMPATH\Commands\Server\rewrite.php(47): require_once('C:\\xampp\\htdocs\\web_deperkasa\\public\\index.php')
CRITICAL - 2023-06-24 08:34:50 --> Trying to access array offset on value of type null
in APPPATH\Views\editregistrasi.php on line 36.
 1 APPPATH\Views\editregistrasi.php(36): CodeIgniter\Debug\Exceptions->errorHandler(8, 'Trying to access array offset on value of type null', 'C:\\xampp\\htdocs\\web_deperkasa\\app\\Views\\editregistrasi.php', 36, [...])
 2 SYSTEMPATH\View\View.php(213): include('C:\\xampp\\htdocs\\web_deperkasa\\app\\Views\\editregistrasi.php')
 3 SYSTEMPATH\View\View.php(216): CodeIgniter\View\View->CodeIgniter\View\{closure}()
 4 SYSTEMPATH\Common.php(1184): CodeIgniter\View\View->render('editregistrasi', [], true)
 5 APPPATH\Controllers\Registrasi.php(67): view('editregistrasi', [...])
 6 SYSTEMPATH\CodeIgniter.php(934): App\Controllers\Registrasi->edit('assets', 'js', 'init', 'weather-init.js')
 7 SYSTEMPATH\CodeIgniter.php(499): CodeIgniter\CodeIgniter->runController(Object(App\Controllers\Registrasi))
 8 SYSTEMPATH\CodeIgniter.php(368): CodeIgniter\CodeIgniter->handleRequest(null, Object(Config\Cache), false)
 9 FCPATH\index.php(67): CodeIgniter\CodeIgniter->run()
10 SYSTEMPATH\Commands\Server\rewrite.php(47): require_once('C:\\xampp\\htdocs\\web_deperkasa\\public\\index.php')
CRITICAL - 2023-06-24 08:34:50 --> Trying to access array offset on value of type null
in APPPATH\Views\editregistrasi.php on line 36.
 1 APPPATH\Views\editregistrasi.php(36): CodeIgniter\Debug\Exceptions->errorHandler(8, 'Trying to access array offset on value of type null', 'C:\\xampp\\htdocs\\web_deperkasa\\app\\Views\\editregistrasi.php', 36, [...])
 2 SYSTEMPATH\View\View.php(213): include('C:\\xampp\\htdocs\\web_deperkasa\\app\\Views\\editregistrasi.php')
 3 SYSTEMPATH\View\View.php(216): CodeIgniter\View\View->CodeIgniter\View\{closure}()
 4 SYSTEMPATH\Common.php(1184): CodeIgniter\View\View->render('editregistrasi', [], true)
 5 APPPATH\Controllers\Registrasi.php(67): view('editregistrasi', [...])
 6 SYSTEMPATH\CodeIgniter.php(934): App\Controllers\Registrasi->edit('assets', 'js', 'init', 'fullcalendar-init.js')
 7 SYSTEMPATH\CodeIgniter.php(499): CodeIgniter\CodeIgniter->runController(Object(App\Controllers\Registrasi))
 8 SYSTEMPATH\CodeIgniter.php(368): CodeIgniter\CodeIgniter->handleRequest(null, Object(Config\Cache), false)
 9 FCPATH\index.php(67): CodeIgniter\CodeIgniter->run()
10 SYSTEMPATH\Commands\Server\rewrite.php(47): require_once('C:\\xampp\\htdocs\\web_deperkasa\\public\\index.php')
CRITICAL - 2023-06-24 08:35:06 --> Trying to access array offset on value of type null
in APPPATH\Views\editharian.php on line 45.
 1 APPPATH\Views\editharian.php(45): CodeIgniter\Debug\Exceptions->errorHandler(8, 'Trying to access array offset on value of type null', 'C:\\xampp\\htdocs\\web_deperkasa\\app\\Views\\editharian.php', 45, [...])
 2 SYSTEMPATH\View\View.php(213): include('C:\\xampp\\htdocs\\web_deperkasa\\app\\Views\\editharian.php')
 3 SYSTEMPATH\View\View.php(216): CodeIgniter\View\View->CodeIgniter\View\{closure}()
 4 SYSTEMPATH\Common.php(1184): CodeIgniter\View\View->render('editharian', [], true)
 5 APPPATH\Controllers\Harian.php(60): view('editharian', [...])
 6 SYSTEMPATH\CodeIgniter.php(934): App\Controllers\Harian->edit('assets', 'js', 'main.js')
 7 SYSTEMPATH\CodeIgniter.php(499): CodeIgniter\CodeIgniter->runController(Object(App\Controllers\Harian))
 8 SYSTEMPATH\CodeIgniter.php(368): CodeIgniter\CodeIgniter->handleRequest(null, Object(Config\Cache), false)
 9 FCPATH\index.php(67): CodeIgniter\CodeIgniter->run()
10 SYSTEMPATH\Commands\Server\rewrite.php(47): require_once('C:\\xampp\\htdocs\\web_deperkasa\\public\\index.php')
CRITICAL - 2023-06-24 08:35:06 --> Trying to access array offset on value of type null
in APPPATH\Views\editharian.php on line 45.
 1 APPPATH\Views\editharian.php(45): CodeIgniter\Debug\Exceptions->errorHandler(8, 'Trying to access array offset on value of type null', 'C:\\xampp\\htdocs\\web_deperkasa\\app\\Views\\editharian.php', 45, [...])
 2 SYSTEMPATH\View\View.php(213): include('C:\\xampp\\htdocs\\web_deperkasa\\app\\Views\\editharian.php')
 3 SYSTEMPATH\View\View.php(216): CodeIgniter\View\View->CodeIgniter\View\{closure}()
 4 SYSTEMPATH\Common.php(1184): CodeIgniter\View\View->render('editharian', [], true)
 5 APPPATH\Controllers\Harian.php(60): view('editharian', [...])
 6 SYSTEMPATH\CodeIgniter.php(934): App\Controllers\Harian->edit('assets', 'js', 'init', 'weather-init.js')
 7 SYSTEMPATH\CodeIgniter.php(499): CodeIgniter\CodeIgniter->runController(Object(App\Controllers\Harian))
 8 SYSTEMPATH\CodeIgniter.php(368): CodeIgniter\CodeIgniter->handleRequest(null, Object(Config\Cache), false)
 9 FCPATH\index.php(67): CodeIgniter\CodeIgniter->run()
10 SYSTEMPATH\Commands\Server\rewrite.php(47): require_once('C:\\xampp\\htdocs\\web_deperkasa\\public\\index.php')
CRITICAL - 2023-06-24 08:35:07 --> Trying to access array offset on value of type null
in APPPATH\Views\editharian.php on line 45.
 1 APPPATH\Views\editharian.php(45): CodeIgniter\Debug\Exceptions->errorHandler(8, 'Trying to access array offset on value of type null', 'C:\\xampp\\htdocs\\web_deperkasa\\app\\Views\\editharian.php', 45, [...])
 2 SYSTEMPATH\View\View.php(213): include('C:\\xampp\\htdocs\\web_deperkasa\\app\\Views\\editharian.php')
 3 SYSTEMPATH\View\View.php(216): CodeIgniter\View\View->CodeIgniter\View\{closure}()
 4 SYSTEMPATH\Common.php(1184): CodeIgniter\View\View->render('editharian', [], true)
 5 APPPATH\Controllers\Harian.php(60): view('editharian', [...])
 6 SYSTEMPATH\CodeIgniter.php(934): App\Controllers\Harian->edit('assets', 'js', 'init', 'fullcalendar-init.js')
 7 SYSTEMPATH\CodeIgniter.php(499): CodeIgniter\CodeIgniter->runController(Object(App\Controllers\Harian))
 8 SYSTEMPATH\CodeIgniter.php(368): CodeIgniter\CodeIgniter->handleRequest(null, Object(Config\Cache), false)
 9 FCPATH\index.php(67): CodeIgniter\CodeIgniter->run()
10 SYSTEMPATH\Commands\Server\rewrite.php(47): require_once('C:\\xampp\\htdocs\\web_deperkasa\\public\\index.php')
