CRITICAL - 2023-07-27 06:33:51 --> Call to undefined method PhpOffice\PhpSpreadsheet\Reader\Xlsx::save()
in APPPATH\Controllers\Minuman.php on line 92.
 1 SYSTEMPATH\CodeIgniter.php(934): App\Controllers\Minuman->export()
 2 SYSTEMPATH\CodeIgniter.php(499): CodeIgniter\CodeIgniter->runController(Object(App\Controllers\Minuman))
 3 SYSTEMPATH\CodeIgniter.php(368): CodeIgniter\CodeIgniter->handleRequest(null, Object(Config\Cache), false)
 4 FCPATH\index.php(67): CodeIgniter\CodeIgniter->run()
 5 SYSTEMPATH\Commands\Server\rewrite.php(47): require_once('C:\\xampp\\htdocs\\web_deperkasa\\public\\index.php')
CRITICAL - 2023-07-27 06:33:53 --> Call to undefined method PhpOffice\PhpSpreadsheet\Reader\Xlsx::save()
in APPPATH\Controllers\Minuman.php on line 92.
 1 SYSTEMPATH\CodeIgniter.php(934): App\Controllers\Minuman->export()
 2 SYSTEMPATH\CodeIgniter.php(499): CodeIgniter\CodeIgniter->runController(Object(App\Controllers\Minuman))
 3 SYSTEMPATH\CodeIgniter.php(368): CodeIgniter\CodeIgniter->handleRequest(null, Object(Config\Cache), false)
 4 FCPATH\index.php(67): CodeIgniter\CodeIgniter->run()
 5 SYSTEMPATH\Commands\Server\rewrite.php(47): require_once('C:\\xampp\\htdocs\\web_deperkasa\\public\\index.php')
CRITICAL - 2023-07-27 06:33:58 --> Call to undefined method PhpOffice\PhpSpreadsheet\Reader\Xlsx::save()
in APPPATH\Controllers\Minuman.php on line 92.
 1 SYSTEMPATH\CodeIgniter.php(934): App\Controllers\Minuman->export()
 2 SYSTEMPATH\CodeIgniter.php(499): CodeIgniter\CodeIgniter->runController(Object(App\Controllers\Minuman))
 3 SYSTEMPATH\CodeIgniter.php(368): CodeIgniter\CodeIgniter->handleRequest(null, Object(Config\Cache), false)
 4 FCPATH\index.php(67): CodeIgniter\CodeIgniter->run()
 5 SYSTEMPATH\Commands\Server\rewrite.php(47): require_once('C:\\xampp\\htdocs\\web_deperkasa\\public\\index.php')
CRITICAL - 2023-07-27 06:34:09 --> Call to undefined method PhpOffice\PhpSpreadsheet\Reader\Xlsx::save()
in APPPATH\Controllers\Minuman.php on line 92.
 1 SYSTEMPATH\CodeIgniter.php(934): App\Controllers\Minuman->export()
 2 SYSTEMPATH\CodeIgniter.php(499): CodeIgniter\CodeIgniter->runController(Object(App\Controllers\Minuman))
 3 SYSTEMPATH\CodeIgniter.php(368): CodeIgniter\CodeIgniter->handleRequest(null, Object(Config\Cache), false)
 4 FCPATH\index.php(67): CodeIgniter\CodeIgniter->run()
 5 SYSTEMPATH\Commands\Server\rewrite.php(47): require_once('C:\\xampp\\htdocs\\web_deperkasa\\public\\index.php')
CRITICAL - 2023-07-27 06:43:34 --> Call to undefined method App\Models\HarianModel::stream
in SYSTEMPATH\Model.php on line 842.
 1 APPPATH\Controllers\Harian.php(146): CodeIgniter\Model->__call('stream', [...])
 2 SYSTEMPATH\CodeIgniter.php(934): App\Controllers\Harian->export()
 3 SYSTEMPATH\CodeIgniter.php(499): CodeIgniter\CodeIgniter->runController(Object(App\Controllers\Harian))
 4 SYSTEMPATH\CodeIgniter.php(368): CodeIgniter\CodeIgniter->handleRequest(null, Object(Config\Cache), false)
 5 FCPATH\index.php(67): CodeIgniter\CodeIgniter->run()
 6 SYSTEMPATH\Commands\Server\rewrite.php(47): require_once('C:\\xampp\\htdocs\\web_deperkasa\\public\\index.php')
CRITICAL - 2023-07-27 06:43:35 --> Call to undefined method App\Models\HarianModel::stream
in SYSTEMPATH\Model.php on line 842.
 1 APPPATH\Controllers\Harian.php(146): CodeIgniter\Model->__call('stream', [...])
 2 SYSTEMPATH\CodeIgniter.php(934): App\Controllers\Harian->export()
 3 SYSTEMPATH\CodeIgniter.php(499): CodeIgniter\CodeIgniter->runController(Object(App\Controllers\Harian))
 4 SYSTEMPATH\CodeIgniter.php(368): CodeIgniter\CodeIgniter->handleRequest(null, Object(Config\Cache), false)
 5 FCPATH\index.php(67): CodeIgniter\CodeIgniter->run()
 6 SYSTEMPATH\Commands\Server\rewrite.php(47): require_once('C:\\xampp\\htdocs\\web_deperkasa\\public\\index.php')
CRITICAL - 2023-07-27 06:43:41 --> Call to undefined method App\Models\HarianModel::stream
in SYSTEMPATH\Model.php on line 842.
 1 APPPATH\Controllers\Harian.php(146): CodeIgniter\Model->__call('stream', [...])
 2 SYSTEMPATH\CodeIgniter.php(934): App\Controllers\Harian->export()
 3 SYSTEMPATH\CodeIgniter.php(499): CodeIgniter\CodeIgniter->runController(Object(App\Controllers\Harian))
 4 SYSTEMPATH\CodeIgniter.php(368): CodeIgniter\CodeIgniter->handleRequest(null, Object(Config\Cache), false)
 5 FCPATH\index.php(67): CodeIgniter\CodeIgniter->run()
 6 SYSTEMPATH\Commands\Server\rewrite.php(47): require_once('C:\\xampp\\htdocs\\web_deperkasa\\public\\index.php')
CRITICAL - 2023-07-27 06:54:08 --> Call to undefined method PhpOffice\PhpSpreadsheet\Reader\Xlsx::save()
in APPPATH\Controllers\Minuman.php on line 92.
 1 SYSTEMPATH\CodeIgniter.php(934): App\Controllers\Minuman->export()
 2 SYSTEMPATH\CodeIgniter.php(499): CodeIgniter\CodeIgniter->runController(Object(App\Controllers\Minuman))
 3 SYSTEMPATH\CodeIgniter.php(368): CodeIgniter\CodeIgniter->handleRequest(null, Object(Config\Cache), false)
 4 FCPATH\index.php(67): CodeIgniter\CodeIgniter->run()
 5 SYSTEMPATH\Commands\Server\rewrite.php(47): require_once('C:\\xampp\\htdocs\\web_deperkasa\\public\\index.php')
CRITICAL - 2023-07-27 06:54:09 --> Call to undefined method PhpOffice\PhpSpreadsheet\Reader\Xlsx::save()
in APPPATH\Controllers\Minuman.php on line 92.
 1 SYSTEMPATH\CodeIgniter.php(934): App\Controllers\Minuman->export()
 2 SYSTEMPATH\CodeIgniter.php(499): CodeIgniter\CodeIgniter->runController(Object(App\Controllers\Minuman))
 3 SYSTEMPATH\CodeIgniter.php(368): CodeIgniter\CodeIgniter->handleRequest(null, Object(Config\Cache), false)
 4 FCPATH\index.php(67): CodeIgniter\CodeIgniter->run()
 5 SYSTEMPATH\Commands\Server\rewrite.php(47): require_once('C:\\xampp\\htdocs\\web_deperkasa\\public\\index.php')
CRITICAL - 2023-07-27 06:54:12 --> Call to undefined method PhpOffice\PhpSpreadsheet\Reader\Xlsx::save()
in APPPATH\Controllers\Minuman.php on line 92.
 1 SYSTEMPATH\CodeIgniter.php(934): App\Controllers\Minuman->export()
 2 SYSTEMPATH\CodeIgniter.php(499): CodeIgniter\CodeIgniter->runController(Object(App\Controllers\Minuman))
 3 SYSTEMPATH\CodeIgniter.php(368): CodeIgniter\CodeIgniter->handleRequest(null, Object(Config\Cache), false)
 4 FCPATH\index.php(67): CodeIgniter\CodeIgniter->run()
 5 SYSTEMPATH\Commands\Server\rewrite.php(47): require_once('C:\\xampp\\htdocs\\web_deperkasa\\public\\index.php')
CRITICAL - 2023-07-27 06:54:18 --> Call to undefined method PhpOffice\PhpSpreadsheet\Reader\Xlsx::save()
in APPPATH\Controllers\Minuman.php on line 92.
 1 SYSTEMPATH\CodeIgniter.php(934): App\Controllers\Minuman->export()
 2 SYSTEMPATH\CodeIgniter.php(499): CodeIgniter\CodeIgniter->runController(Object(App\Controllers\Minuman))
 3 SYSTEMPATH\CodeIgniter.php(368): CodeIgniter\CodeIgniter->handleRequest(null, Object(Config\Cache), false)
 4 FCPATH\index.php(67): CodeIgniter\CodeIgniter->run()
 5 SYSTEMPATH\Commands\Server\rewrite.php(47): require_once('C:\\xampp\\htdocs\\web_deperkasa\\public\\index.php')
CRITICAL - 2023-07-27 06:54:48 --> Call to undefined method PhpOffice\PhpSpreadsheet\Reader\Xlsx::save()
in APPPATH\Controllers\Minuman.php on line 92.
 1 SYSTEMPATH\CodeIgniter.php(934): App\Controllers\Minuman->export()
 2 SYSTEMPATH\CodeIgniter.php(499): CodeIgniter\CodeIgniter->runController(Object(App\Controllers\Minuman))
 3 SYSTEMPATH\CodeIgniter.php(368): CodeIgniter\CodeIgniter->handleRequest(null, Object(Config\Cache), false)
 4 FCPATH\index.php(67): CodeIgniter\CodeIgniter->run()
 5 SYSTEMPATH\Commands\Server\rewrite.php(47): require_once('C:\\xampp\\htdocs\\web_deperkasa\\public\\index.php')
CRITICAL - 2023-07-27 06:55:49 --> Call to undefined method PhpOffice\PhpSpreadsheet\Reader\Xlsx::save()
in APPPATH\Controllers\Minuman.php on line 92.
 1 SYSTEMPATH\CodeIgniter.php(934): App\Controllers\Minuman->export()
 2 SYSTEMPATH\CodeIgniter.php(499): CodeIgniter\CodeIgniter->runController(Object(App\Controllers\Minuman))
 3 SYSTEMPATH\CodeIgniter.php(368): CodeIgniter\CodeIgniter->handleRequest(null, Object(Config\Cache), false)
 4 FCPATH\index.php(67): CodeIgniter\CodeIgniter->run()
 5 SYSTEMPATH\Commands\Server\rewrite.php(47): require_once('C:\\xampp\\htdocs\\web_deperkasa\\public\\index.php')
CRITICAL - 2023-07-27 06:56:52 --> Call to undefined method PhpOffice\PhpSpreadsheet\Reader\Xlsx::save()
in APPPATH\Controllers\Minuman.php on line 92.
 1 SYSTEMPATH\CodeIgniter.php(934): App\Controllers\Minuman->export()
 2 SYSTEMPATH\CodeIgniter.php(499): CodeIgniter\CodeIgniter->runController(Object(App\Controllers\Minuman))
 3 SYSTEMPATH\CodeIgniter.php(368): CodeIgniter\CodeIgniter->handleRequest(null, Object(Config\Cache), false)
 4 FCPATH\index.php(67): CodeIgniter\CodeIgniter->run()
 5 SYSTEMPATH\Commands\Server\rewrite.php(47): require_once('C:\\xampp\\htdocs\\web_deperkasa\\public\\index.php')
CRITICAL - 2023-07-27 06:56:57 --> Call to undefined method PhpOffice\PhpSpreadsheet\Reader\Xlsx::save()
in APPPATH\Controllers\Minuman.php on line 92.
 1 SYSTEMPATH\CodeIgniter.php(934): App\Controllers\Minuman->export()
 2 SYSTEMPATH\CodeIgniter.php(499): CodeIgniter\CodeIgniter->runController(Object(App\Controllers\Minuman))
 3 SYSTEMPATH\CodeIgniter.php(368): CodeIgniter\CodeIgniter->handleRequest(null, Object(Config\Cache), false)
 4 FCPATH\index.php(67): CodeIgniter\CodeIgniter->run()
 5 SYSTEMPATH\Commands\Server\rewrite.php(47): require_once('C:\\xampp\\htdocs\\web_deperkasa\\public\\index.php')
CRITICAL - 2023-07-27 06:56:58 --> Call to undefined method PhpOffice\PhpSpreadsheet\Reader\Xlsx::save()
in APPPATH\Controllers\Minuman.php on line 92.
 1 SYSTEMPATH\CodeIgniter.php(934): App\Controllers\Minuman->export()
 2 SYSTEMPATH\CodeIgniter.php(499): CodeIgniter\CodeIgniter->runController(Object(App\Controllers\Minuman))
 3 SYSTEMPATH\CodeIgniter.php(368): CodeIgniter\CodeIgniter->handleRequest(null, Object(Config\Cache), false)
 4 FCPATH\index.php(67): CodeIgniter\CodeIgniter->run()
 5 SYSTEMPATH\Commands\Server\rewrite.php(47): require_once('C:\\xampp\\htdocs\\web_deperkasa\\public\\index.php')
