INFO - 2023-08-25 17:33:31 --> Session: Class initialized using 'CodeIgniter\Session\Handlers\FileHandler' driver.
CRITICAL - 2023-08-25 17:33:47 --> Call to undefined method App\Models\RegistrasiModel::getDataByNoMember
in SYSTEMPATH\Model.php on line 842.
 1 APPPATH\Controllers\QrPdfController.php(23): CodeIgniter\Model->__call('getDataByNoMember', [...])
 2 SYSTEMPATH\CodeIgniter.php(934): App\Controllers\QrPdfController->index()
 3 SYSTEMPATH\CodeIgniter.php(499): CodeIgniter\CodeIgniter->runController(Object(App\Controllers\QrPdfController))
 4 SYSTEMPATH\CodeIgniter.php(368): CodeIgniter\CodeIgniter->handleRequest(null, Object(Config\Cache), false)
 5 FCPATH\index.php(67): CodeIgniter\CodeIgniter->run()
 6 SYSTEMPATH\Commands\Server\rewrite.php(47): require_once('C:\\xampp\\htdocs\\web_deperkasa\\public\\index.php')
CRITICAL - 2023-08-25 17:34:22 --> Call to undefined method App\Models\RegistrasiModel::getDataByNoMember
in SYSTEMPATH\Model.php on line 842.
 1 APPPATH\Controllers\QrPdfController.php(23): CodeIgniter\Model->__call('getDataByNoMember', [...])
 2 SYSTEMPATH\CodeIgniter.php(934): App\Controllers\QrPdfController->index()
 3 SYSTEMPATH\CodeIgniter.php(499): CodeIgniter\CodeIgniter->runController(Object(App\Controllers\QrPdfController))
 4 SYSTEMPATH\CodeIgniter.php(368): CodeIgniter\CodeIgniter->handleRequest(null, Object(Config\Cache), false)
 5 FCPATH\index.php(67): CodeIgniter\CodeIgniter->run()
 6 SYSTEMPATH\Commands\Server\rewrite.php(47): require_once('C:\\xampp\\htdocs\\web_deperkasa\\public\\index.php')
CRITICAL - 2023-08-25 17:35:39 --> Call to undefined method App\Models\RegistrasiModel::getDataByNoMember
in SYSTEMPATH\Model.php on line 842.
 1 APPPATH\Controllers\QrPdfController.php(23): CodeIgniter\Model->__call('getDataByNoMember', [...])
 2 SYSTEMPATH\CodeIgniter.php(934): App\Controllers\QrPdfController->index()
 3 SYSTEMPATH\CodeIgniter.php(499): CodeIgniter\CodeIgniter->runController(Object(App\Controllers\QrPdfController))
 4 SYSTEMPATH\CodeIgniter.php(368): CodeIgniter\CodeIgniter->handleRequest(null, Object(Config\Cache), false)
 5 FCPATH\index.php(67): CodeIgniter\CodeIgniter->run()
 6 SYSTEMPATH\Commands\Server\rewrite.php(47): require_once('C:\\xampp\\htdocs\\web_deperkasa\\public\\index.php')
CRITICAL - 2023-08-25 17:35:41 --> Call to undefined method App\Models\RegistrasiModel::getDataByNoMember
in SYSTEMPATH\Model.php on line 842.
 1 APPPATH\Controllers\QrPdfController.php(23): CodeIgniter\Model->__call('getDataByNoMember', [...])
 2 SYSTEMPATH\CodeIgniter.php(934): App\Controllers\QrPdfController->index()
 3 SYSTEMPATH\CodeIgniter.php(499): CodeIgniter\CodeIgniter->runController(Object(App\Controllers\QrPdfController))
 4 SYSTEMPATH\CodeIgniter.php(368): CodeIgniter\CodeIgniter->handleRequest(null, Object(Config\Cache), false)
 5 FCPATH\index.php(67): CodeIgniter\CodeIgniter->run()
 6 SYSTEMPATH\Commands\Server\rewrite.php(47): require_once('C:\\xampp\\htdocs\\web_deperkasa\\public\\index.php')
CRITICAL - 2023-08-25 17:35:43 --> Call to undefined method App\Models\RegistrasiModel::getDataByNoMember
in SYSTEMPATH\Model.php on line 842.
 1 APPPATH\Controllers\QrPdfController.php(23): CodeIgniter\Model->__call('getDataByNoMember', [...])
 2 SYSTEMPATH\CodeIgniter.php(934): App\Controllers\QrPdfController->index()
 3 SYSTEMPATH\CodeIgniter.php(499): CodeIgniter\CodeIgniter->runController(Object(App\Controllers\QrPdfController))
 4 SYSTEMPATH\CodeIgniter.php(368): CodeIgniter\CodeIgniter->handleRequest(null, Object(Config\Cache), false)
 5 FCPATH\index.php(67): CodeIgniter\CodeIgniter->run()
 6 SYSTEMPATH\Commands\Server\rewrite.php(47): require_once('C:\\xampp\\htdocs\\web_deperkasa\\public\\index.php')
INFO - 2023-08-25 17:36:31 --> Session: Class initialized using 'CodeIgniter\Session\Handlers\FileHandler' driver.
CRITICAL - 2023-08-25 17:36:41 --> Call to undefined method App\Models\RegistrasiModel::getDataByNoMember
in SYSTEMPATH\Model.php on line 842.
 1 APPPATH\Controllers\QrPdfController.php(23): CodeIgniter\Model->__call('getDataByNoMember', [...])
 2 SYSTEMPATH\CodeIgniter.php(934): App\Controllers\QrPdfController->index()
 3 SYSTEMPATH\CodeIgniter.php(499): CodeIgniter\CodeIgniter->runController(Object(App\Controllers\QrPdfController))
 4 SYSTEMPATH\CodeIgniter.php(368): CodeIgniter\CodeIgniter->handleRequest(null, Object(Config\Cache), false)
 5 FCPATH\index.php(67): CodeIgniter\CodeIgniter->run()
 6 SYSTEMPATH\Commands\Server\rewrite.php(47): require_once('C:\\xampp\\htdocs\\web_deperkasa\\public\\index.php')
CRITICAL - 2023-08-25 18:04:46 --> Array to string conversion
in APPPATH\Views\qr_pdf.php on line 97.
 1 APPPATH\Views\qr_pdf.php(97): CodeIgniter\Debug\Exceptions->errorHandler(8, 'Array to string conversion', 'C:\\xampp\\htdocs\\web_deperkasa\\app\\Views\\qr_pdf.php', 97, [...])
 2 SYSTEMPATH\View\View.php(213): include('C:\\xampp\\htdocs\\web_deperkasa\\app\\Views\\qr_pdf.php')
 3 SYSTEMPATH\View\View.php(216): CodeIgniter\View\View->CodeIgniter\View\{closure}()
 4 SYSTEMPATH\Common.php(1184): CodeIgniter\View\View->render('qr_pdf', [], true)
 5 APPPATH\Controllers\QrPdfController.php(42): view('qr_pdf', [...])
 6 SYSTEMPATH\CodeIgniter.php(934): App\Controllers\QrPdfController->index()
 7 SYSTEMPATH\CodeIgniter.php(499): CodeIgniter\CodeIgniter->runController(Object(App\Controllers\QrPdfController))
 8 SYSTEMPATH\CodeIgniter.php(368): CodeIgniter\CodeIgniter->handleRequest(null, Object(Config\Cache), false)
 9 FCPATH\index.php(67): CodeIgniter\CodeIgniter->run()
10 SYSTEMPATH\Commands\Server\rewrite.php(47): require_once('C:\\xampp\\htdocs\\web_deperkasa\\public\\index.php')
CRITICAL - 2023-08-25 18:13:43 --> Too few arguments to function App\Controllers\PdfController::rekapHarianmingggu(), 0 passed in C:\xampp\htdocs\web_deperkasa\system\CodeIgniter.php on line 934 and exactly 1 expected
in APPPATH\Controllers\PdfController.php on line 39.
 1 SYSTEMPATH\CodeIgniter.php(934): App\Controllers\PdfController->rekapHarianmingggu()
 2 SYSTEMPATH\CodeIgniter.php(499): CodeIgniter\CodeIgniter->runController(Object(App\Controllers\PdfController))
 3 SYSTEMPATH\CodeIgniter.php(368): CodeIgniter\CodeIgniter->handleRequest(null, Object(Config\Cache), false)
 4 FCPATH\index.php(67): CodeIgniter\CodeIgniter->run()
 5 SYSTEMPATH\Commands\Server\rewrite.php(47): require_once('C:\\xampp\\htdocs\\web_deperkasa\\public\\index.php')
ERROR - 2023-08-25 18:34:26 --> mysqli_sql_exception: Unknown column 'tanggal_awal' in 'where clause' in C:\xampp\htdocs\web_deperkasa\system\Database\MySQLi\Connection.php:295
Stack trace:
#0 C:\xampp\htdocs\web_deperkasa\system\Database\MySQLi\Connection.php(295): mysqli->query('SELECT *\nFROM `...', 0)
#1 C:\xampp\htdocs\web_deperkasa\system\Database\BaseConnection.php(692): CodeIgniter\Database\MySQLi\Connection->execute('SELECT *\nFROM `...')
#2 C:\xampp\htdocs\web_deperkasa\system\Database\BaseConnection.php(606): CodeIgniter\Database\BaseConnection->simpleQuery('SELECT *\nFROM `...')
#3 C:\xampp\htdocs\web_deperkasa\system\Database\BaseBuilder.php(1616): CodeIgniter\Database\BaseConnection->query('SELECT *\nFROM `...', Array, false)
#4 C:\xampp\htdocs\web_deperkasa\system\Model.php(241): CodeIgniter\Database\BaseBuilder->get()
#5 C:\xampp\htdocs\web_deperkasa\system\BaseModel.php(618): CodeIgniter\Model->doFindAll(0, 0)
#6 C:\xampp\htdocs\web_deperkasa\app\Controllers\PdfController.php(49): CodeIgniter\BaseModel->findAll()
#7 C:\xampp\htdocs\web_deperkasa\app\Controllers\PdfController.php(64): App\Controllers\PdfController->rekapHarianmingggu('.2023-08-13', '2023-08-19')
#8 C:\xampp\htdocs\web_deperkasa\system\CodeIgniter.php(934): App\Controllers\PdfController->rekapHarianmg()
#9 C:\xampp\htdocs\web_deperkasa\system\CodeIgniter.php(499): CodeIgniter\CodeIgniter->runController(Object(App\Controllers\PdfController))
#10 C:\xampp\htdocs\web_deperkasa\system\CodeIgniter.php(368): CodeIgniter\CodeIgniter->handleRequest(NULL, Object(Config\Cache), false)
#11 C:\xampp\htdocs\web_deperkasa\public\index.php(67): CodeIgniter\CodeIgniter->run()
#12 C:\xampp\htdocs\web_deperkasa\system\Commands\Server\rewrite.php(47): require_once('C:\\xampp\\htdocs...')
#13 {main}
CRITICAL - 2023-08-25 18:34:26 --> Unknown column 'tanggal_awal' in 'where clause'
in SYSTEMPATH\Database\MySQLi\Connection.php on line 295.
 1 SYSTEMPATH\Database\MySQLi\Connection.php(295): mysqli->query('SELECT *
FROM `kelas_harian`
WHERE `tanggal_awal` >= \'1970-01-01\'
AND `tanggal_akhir` <= \'1970-01-01\'', 0)
 2 SYSTEMPATH\Database\BaseConnection.php(692): CodeIgniter\Database\MySQLi\Connection->execute('SELECT *
FROM `kelas_harian`
WHERE `tanggal_awal` >= \'1970-01-01\'
AND `tanggal_akhir` <= \'1970-01-01\'')
 3 SYSTEMPATH\Database\BaseConnection.php(606): CodeIgniter\Database\BaseConnection->simpleQuery('SELECT *
FROM `kelas_harian`
WHERE `tanggal_awal` >= \'1970-01-01\'
AND `tanggal_akhir` <= \'1970-01-01\'')
 4 SYSTEMPATH\Database\BaseBuilder.php(1616): CodeIgniter\Database\BaseConnection->query('SELECT *
FROM `kelas_harian`
WHERE `tanggal_awal` >= :tanggal_awal:
AND `tanggal_akhir` <= :tanggal_akhir:', [...], false)
 5 SYSTEMPATH\Model.php(241): CodeIgniter\Database\BaseBuilder->get()
 6 SYSTEMPATH\BaseModel.php(618): CodeIgniter\Model->doFindAll(0, 0)
 7 APPPATH\Controllers\PdfController.php(49): CodeIgniter\BaseModel->findAll()
 8 APPPATH\Controllers\PdfController.php(64): App\Controllers\PdfController->rekapHarianmingggu('.2023-08-13', '2023-08-19')
 9 SYSTEMPATH\CodeIgniter.php(934): App\Controllers\PdfController->rekapHarianmg()
10 SYSTEMPATH\CodeIgniter.php(499): CodeIgniter\CodeIgniter->runController(Object(App\Controllers\PdfController))
11 SYSTEMPATH\CodeIgniter.php(368): CodeIgniter\CodeIgniter->handleRequest(null, Object(Config\Cache), false)
12 FCPATH\index.php(67): CodeIgniter\CodeIgniter->run()
13 SYSTEMPATH\Commands\Server\rewrite.php(47): require_once('C:\\xampp\\htdocs\\web_deperkasa\\public\\index.php')
