CRITICAL - 2023-08-19 00:00:28 --> Undefined variable: minuman
in APPPATH\Views\dataminuman.php on line 98.
 1 APPPATH\Views\dataminuman.php(98): CodeIgniter\Debug\Exceptions->errorHandler(8, 'Undefined variable: minuman', 'C:\\xampp\\htdocs\\web_deperkasa\\app\\Views\\dataminuman.php', 98, [...])
 2 SYSTEMPATH\View\View.php(213): include('C:\\xampp\\htdocs\\web_deperkasa\\app\\Views\\dataminuman.php')
 3 SYSTEMPATH\View\View.php(216): CodeIgniter\View\View->CodeIgniter\View\{closure}()
 4 SYSTEMPATH\Common.php(1184): CodeIgniter\View\View->render('dataminuman', [], true)
 5 APPPATH\Controllers\Minuman.php(27): view('dataminuman')
 6 SYSTEMPATH\CodeIgniter.php(934): App\Controllers\Minuman->add()
 7 SYSTEMPATH\CodeIgniter.php(499): CodeIgniter\CodeIgniter->runController(Object(App\Controllers\Minuman))
 8 SYSTEMPATH\CodeIgniter.php(368): CodeIgniter\CodeIgniter->handleRequest(null, Object(Config\Cache), false)
 9 FCPATH\index.php(67): CodeIgniter\CodeIgniter->run()
10 SYSTEMPATH\Commands\Server\rewrite.php(47): require_once('C:\\xampp\\htdocs\\web_deperkasa\\public\\index.php')
CRITICAL - 2023-08-19 00:01:38 --> Undefined variable: minuman
in APPPATH\Views\dataminuman.php on line 98.
 1 APPPATH\Views\dataminuman.php(98): CodeIgniter\Debug\Exceptions->errorHandler(8, 'Undefined variable: minuman', 'C:\\xampp\\htdocs\\web_deperkasa\\app\\Views\\dataminuman.php', 98, [...])
 2 SYSTEMPATH\View\View.php(213): include('C:\\xampp\\htdocs\\web_deperkasa\\app\\Views\\dataminuman.php')
 3 SYSTEMPATH\View\View.php(216): CodeIgniter\View\View->CodeIgniter\View\{closure}()
 4 SYSTEMPATH\Common.php(1184): CodeIgniter\View\View->render('dataminuman', [], true)
 5 APPPATH\Controllers\Minuman.php(27): view('dataminuman')
 6 SYSTEMPATH\CodeIgniter.php(934): App\Controllers\Minuman->add()
 7 SYSTEMPATH\CodeIgniter.php(499): CodeIgniter\CodeIgniter->runController(Object(App\Controllers\Minuman))
 8 SYSTEMPATH\CodeIgniter.php(368): CodeIgniter\CodeIgniter->handleRequest(null, Object(Config\Cache), false)
 9 FCPATH\index.php(67): CodeIgniter\CodeIgniter->run()
10 SYSTEMPATH\Commands\Server\rewrite.php(47): require_once('C:\\xampp\\htdocs\\web_deperkasa\\public\\index.php')
CRITICAL - 2023-08-19 00:03:39 --> Undefined variable: minuman
in APPPATH\Views\dataminuman.php on line 98.
 1 APPPATH\Views\dataminuman.php(98): CodeIgniter\Debug\Exceptions->errorHandler(8, 'Undefined variable: minuman', 'C:\\xampp\\htdocs\\web_deperkasa\\app\\Views\\dataminuman.php', 98, [...])
 2 SYSTEMPATH\View\View.php(213): include('C:\\xampp\\htdocs\\web_deperkasa\\app\\Views\\dataminuman.php')
 3 SYSTEMPATH\View\View.php(216): CodeIgniter\View\View->CodeIgniter\View\{closure}()
 4 SYSTEMPATH\Common.php(1184): CodeIgniter\View\View->render('dataminuman', [], true)
 5 APPPATH\Controllers\Minuman.php(27): view('dataminuman')
 6 SYSTEMPATH\CodeIgniter.php(934): App\Controllers\Minuman->add()
 7 SYSTEMPATH\CodeIgniter.php(499): CodeIgniter\CodeIgniter->runController(Object(App\Controllers\Minuman))
 8 SYSTEMPATH\CodeIgniter.php(368): CodeIgniter\CodeIgniter->handleRequest(null, Object(Config\Cache), false)
 9 FCPATH\index.php(67): CodeIgniter\CodeIgniter->run()
10 SYSTEMPATH\Commands\Server\rewrite.php(47): require_once('C:\\xampp\\htdocs\\web_deperkasa\\public\\index.php')
INFO - 2023-08-19 00:04:02 --> Session: Class initialized using 'CodeIgniter\Session\Handlers\FileHandler' driver.
CRITICAL - 2023-08-19 00:04:06 --> Undefined variable: minuman
in APPPATH\Views\dataminuman.php on line 98.
 1 APPPATH\Views\dataminuman.php(98): CodeIgniter\Debug\Exceptions->errorHandler(8, 'Undefined variable: minuman', 'C:\\xampp\\htdocs\\web_deperkasa\\app\\Views\\dataminuman.php', 98, [...])
 2 SYSTEMPATH\View\View.php(213): include('C:\\xampp\\htdocs\\web_deperkasa\\app\\Views\\dataminuman.php')
 3 SYSTEMPATH\View\View.php(216): CodeIgniter\View\View->CodeIgniter\View\{closure}()
 4 SYSTEMPATH\Common.php(1184): CodeIgniter\View\View->render('dataminuman', [], true)
 5 APPPATH\Controllers\Minuman.php(27): view('dataminuman')
 6 SYSTEMPATH\CodeIgniter.php(934): App\Controllers\Minuman->add()
 7 SYSTEMPATH\CodeIgniter.php(499): CodeIgniter\CodeIgniter->runController(Object(App\Controllers\Minuman))
 8 SYSTEMPATH\CodeIgniter.php(368): CodeIgniter\CodeIgniter->handleRequest(null, Object(Config\Cache), false)
 9 FCPATH\index.php(67): CodeIgniter\CodeIgniter->run()
10 SYSTEMPATH\Commands\Server\rewrite.php(47): require_once('C:\\xampp\\htdocs\\web_deperkasa\\public\\index.php')
CRITICAL - 2023-08-19 00:07:08 --> Undefined variable: minuman
in APPPATH\Views\dataminuman.php on line 98.
 1 APPPATH\Views\dataminuman.php(98): CodeIgniter\Debug\Exceptions->errorHandler(8, 'Undefined variable: minuman', 'C:\\xampp\\htdocs\\web_deperkasa\\app\\Views\\dataminuman.php', 98, [...])
 2 SYSTEMPATH\View\View.php(213): include('C:\\xampp\\htdocs\\web_deperkasa\\app\\Views\\dataminuman.php')
 3 SYSTEMPATH\View\View.php(216): CodeIgniter\View\View->CodeIgniter\View\{closure}()
 4 SYSTEMPATH\Common.php(1184): CodeIgniter\View\View->render('dataminuman', [], true)
 5 APPPATH\Controllers\Minuman.php(27): view('dataminuman')
 6 SYSTEMPATH\CodeIgniter.php(934): App\Controllers\Minuman->add()
 7 SYSTEMPATH\CodeIgniter.php(499): CodeIgniter\CodeIgniter->runController(Object(App\Controllers\Minuman))
 8 SYSTEMPATH\CodeIgniter.php(368): CodeIgniter\CodeIgniter->handleRequest(null, Object(Config\Cache), false)
 9 FCPATH\index.php(67): CodeIgniter\CodeIgniter->run()
10 SYSTEMPATH\Commands\Server\rewrite.php(47): require_once('C:\\xampp\\htdocs\\web_deperkasa\\public\\index.php')
CRITICAL - 2023-08-19 00:07:52 --> Undefined variable: minuman
in APPPATH\Views\dataminuman.php on line 98.
 1 APPPATH\Views\dataminuman.php(98): CodeIgniter\Debug\Exceptions->errorHandler(8, 'Undefined variable: minuman', 'C:\\xampp\\htdocs\\web_deperkasa\\app\\Views\\dataminuman.php', 98, [...])
 2 SYSTEMPATH\View\View.php(213): include('C:\\xampp\\htdocs\\web_deperkasa\\app\\Views\\dataminuman.php')
 3 SYSTEMPATH\View\View.php(216): CodeIgniter\View\View->CodeIgniter\View\{closure}()
 4 SYSTEMPATH\Common.php(1184): CodeIgniter\View\View->render('dataminuman', [], true)
 5 APPPATH\Controllers\Minuman.php(27): view('dataminuman')
 6 SYSTEMPATH\CodeIgniter.php(934): App\Controllers\Minuman->add()
 7 SYSTEMPATH\CodeIgniter.php(499): CodeIgniter\CodeIgniter->runController(Object(App\Controllers\Minuman))
 8 SYSTEMPATH\CodeIgniter.php(368): CodeIgniter\CodeIgniter->handleRequest(null, Object(Config\Cache), false)
 9 FCPATH\index.php(67): CodeIgniter\CodeIgniter->run()
10 SYSTEMPATH\Commands\Server\rewrite.php(47): require_once('C:\\xampp\\htdocs\\web_deperkasa\\public\\index.php')
CRITICAL - 2023-08-19 00:10:05 --> Undefined variable: minuman
in APPPATH\Views\dataminuman.php on line 98.
 1 APPPATH\Views\dataminuman.php(98): CodeIgniter\Debug\Exceptions->errorHandler(8, 'Undefined variable: minuman', 'C:\\xampp\\htdocs\\web_deperkasa\\app\\Views\\dataminuman.php', 98, [...])
 2 SYSTEMPATH\View\View.php(213): include('C:\\xampp\\htdocs\\web_deperkasa\\app\\Views\\dataminuman.php')
 3 SYSTEMPATH\View\View.php(216): CodeIgniter\View\View->CodeIgniter\View\{closure}()
 4 SYSTEMPATH\Common.php(1184): CodeIgniter\View\View->render('dataminuman', [], true)
 5 APPPATH\Controllers\Minuman.php(27): view('dataminuman')
 6 SYSTEMPATH\CodeIgniter.php(934): App\Controllers\Minuman->add()
 7 SYSTEMPATH\CodeIgniter.php(499): CodeIgniter\CodeIgniter->runController(Object(App\Controllers\Minuman))
 8 SYSTEMPATH\CodeIgniter.php(368): CodeIgniter\CodeIgniter->handleRequest(null, Object(Config\Cache), false)
 9 FCPATH\index.php(67): CodeIgniter\CodeIgniter->run()
10 SYSTEMPATH\Commands\Server\rewrite.php(47): require_once('C:\\xampp\\htdocs\\web_deperkasa\\public\\index.php')
CRITICAL - 2023-08-19 00:10:45 --> Undefined variable: minuman
in APPPATH\Views\dataminuman.php on line 98.
 1 APPPATH\Views\dataminuman.php(98): CodeIgniter\Debug\Exceptions->errorHandler(8, 'Undefined variable: minuman', 'C:\\xampp\\htdocs\\web_deperkasa\\app\\Views\\dataminuman.php', 98, [...])
 2 SYSTEMPATH\View\View.php(213): include('C:\\xampp\\htdocs\\web_deperkasa\\app\\Views\\dataminuman.php')
 3 SYSTEMPATH\View\View.php(216): CodeIgniter\View\View->CodeIgniter\View\{closure}()
 4 SYSTEMPATH\Common.php(1184): CodeIgniter\View\View->render('dataminuman', [], true)
 5 APPPATH\Controllers\Minuman.php(27): view('dataminuman')
 6 SYSTEMPATH\CodeIgniter.php(934): App\Controllers\Minuman->add()
 7 SYSTEMPATH\CodeIgniter.php(499): CodeIgniter\CodeIgniter->runController(Object(App\Controllers\Minuman))
 8 SYSTEMPATH\CodeIgniter.php(368): CodeIgniter\CodeIgniter->handleRequest(null, Object(Config\Cache), false)
 9 FCPATH\index.php(67): CodeIgniter\CodeIgniter->run()
10 SYSTEMPATH\Commands\Server\rewrite.php(47): require_once('C:\\xampp\\htdocs\\web_deperkasa\\public\\index.php')
CRITICAL - 2023-08-19 00:11:43 --> Undefined variable: minuman
in APPPATH\Views\dataminuman.php on line 98.
 1 APPPATH\Views\dataminuman.php(98): CodeIgniter\Debug\Exceptions->errorHandler(8, 'Undefined variable: minuman', 'C:\\xampp\\htdocs\\web_deperkasa\\app\\Views\\dataminuman.php', 98, [...])
 2 SYSTEMPATH\View\View.php(213): include('C:\\xampp\\htdocs\\web_deperkasa\\app\\Views\\dataminuman.php')
 3 SYSTEMPATH\View\View.php(216): CodeIgniter\View\View->CodeIgniter\View\{closure}()
 4 SYSTEMPATH\Common.php(1184): CodeIgniter\View\View->render('dataminuman', [], true)
 5 APPPATH\Controllers\Minuman.php(27): view('dataminuman')
 6 SYSTEMPATH\CodeIgniter.php(934): App\Controllers\Minuman->add()
 7 SYSTEMPATH\CodeIgniter.php(499): CodeIgniter\CodeIgniter->runController(Object(App\Controllers\Minuman))
 8 SYSTEMPATH\CodeIgniter.php(368): CodeIgniter\CodeIgniter->handleRequest(null, Object(Config\Cache), false)
 9 FCPATH\index.php(67): CodeIgniter\CodeIgniter->run()
10 SYSTEMPATH\Commands\Server\rewrite.php(47): require_once('C:\\xampp\\htdocs\\web_deperkasa\\public\\index.php')
CRITICAL - 2023-08-19 00:13:15 --> Undefined variable: minuman
in APPPATH\Views\dataminuman.php on line 98.
 1 APPPATH\Views\dataminuman.php(98): CodeIgniter\Debug\Exceptions->errorHandler(8, 'Undefined variable: minuman', 'C:\\xampp\\htdocs\\web_deperkasa\\app\\Views\\dataminuman.php', 98, [...])
 2 SYSTEMPATH\View\View.php(213): include('C:\\xampp\\htdocs\\web_deperkasa\\app\\Views\\dataminuman.php')
 3 SYSTEMPATH\View\View.php(216): CodeIgniter\View\View->CodeIgniter\View\{closure}()
 4 SYSTEMPATH\Common.php(1184): CodeIgniter\View\View->render('dataminuman', [], true)
 5 APPPATH\Controllers\Minuman.php(27): view('dataminuman')
 6 SYSTEMPATH\CodeIgniter.php(934): App\Controllers\Minuman->add()
 7 SYSTEMPATH\CodeIgniter.php(499): CodeIgniter\CodeIgniter->runController(Object(App\Controllers\Minuman))
 8 SYSTEMPATH\CodeIgniter.php(368): CodeIgniter\CodeIgniter->handleRequest(null, Object(Config\Cache), false)
 9 FCPATH\index.php(67): CodeIgniter\CodeIgniter->run()
10 SYSTEMPATH\Commands\Server\rewrite.php(47): require_once('C:\\xampp\\htdocs\\web_deperkasa\\public\\index.php')
CRITICAL - 2023-08-19 00:14:31 --> Undefined variable: minuman
in APPPATH\Views\dataminuman.php on line 98.
 1 APPPATH\Views\dataminuman.php(98): CodeIgniter\Debug\Exceptions->errorHandler(8, 'Undefined variable: minuman', 'C:\\xampp\\htdocs\\web_deperkasa\\app\\Views\\dataminuman.php', 98, [...])
 2 SYSTEMPATH\View\View.php(213): include('C:\\xampp\\htdocs\\web_deperkasa\\app\\Views\\dataminuman.php')
 3 SYSTEMPATH\View\View.php(216): CodeIgniter\View\View->CodeIgniter\View\{closure}()
 4 SYSTEMPATH\Common.php(1184): CodeIgniter\View\View->render('dataminuman', [], true)
 5 APPPATH\Controllers\Minuman.php(27): view('dataminuman')
 6 SYSTEMPATH\CodeIgniter.php(934): App\Controllers\Minuman->add()
 7 SYSTEMPATH\CodeIgniter.php(499): CodeIgniter\CodeIgniter->runController(Object(App\Controllers\Minuman))
 8 SYSTEMPATH\CodeIgniter.php(368): CodeIgniter\CodeIgniter->handleRequest(null, Object(Config\Cache), false)
 9 FCPATH\index.php(67): CodeIgniter\CodeIgniter->run()
10 SYSTEMPATH\Commands\Server\rewrite.php(47): require_once('C:\\xampp\\htdocs\\web_deperkasa\\public\\index.php')
CRITICAL - 2023-08-19 00:16:52 --> Undefined variable: minuman
in APPPATH\Views\dataminuman.php on line 98.
 1 APPPATH\Views\dataminuman.php(98): CodeIgniter\Debug\Exceptions->errorHandler(8, 'Undefined variable: minuman', 'C:\\xampp\\htdocs\\web_deperkasa\\app\\Views\\dataminuman.php', 98, [...])
 2 SYSTEMPATH\View\View.php(213): include('C:\\xampp\\htdocs\\web_deperkasa\\app\\Views\\dataminuman.php')
 3 SYSTEMPATH\View\View.php(216): CodeIgniter\View\View->CodeIgniter\View\{closure}()
 4 SYSTEMPATH\Common.php(1184): CodeIgniter\View\View->render('dataminuman', [], true)
 5 APPPATH\Controllers\Minuman.php(27): view('dataminuman')
 6 SYSTEMPATH\CodeIgniter.php(934): App\Controllers\Minuman->add()
 7 SYSTEMPATH\CodeIgniter.php(499): CodeIgniter\CodeIgniter->runController(Object(App\Controllers\Minuman))
 8 SYSTEMPATH\CodeIgniter.php(368): CodeIgniter\CodeIgniter->handleRequest(null, Object(Config\Cache), false)
 9 FCPATH\index.php(67): CodeIgniter\CodeIgniter->run()
10 SYSTEMPATH\Commands\Server\rewrite.php(47): require_once('C:\\xampp\\htdocs\\web_deperkasa\\public\\index.php')
CRITICAL - 2023-08-19 00:22:18 --> Undefined variable: minuman
in APPPATH\Views\dataminuman.php on line 98.
 1 APPPATH\Views\dataminuman.php(98): CodeIgniter\Debug\Exceptions->errorHandler(8, 'Undefined variable: minuman', 'C:\\xampp\\htdocs\\web_deperkasa\\app\\Views\\dataminuman.php', 98, [...])
 2 SYSTEMPATH\View\View.php(213): include('C:\\xampp\\htdocs\\web_deperkasa\\app\\Views\\dataminuman.php')
 3 SYSTEMPATH\View\View.php(216): CodeIgniter\View\View->CodeIgniter\View\{closure}()
 4 SYSTEMPATH\Common.php(1184): CodeIgniter\View\View->render('dataminuman', [], true)
 5 APPPATH\Controllers\Minuman.php(27): view('dataminuman')
 6 SYSTEMPATH\CodeIgniter.php(934): App\Controllers\Minuman->add()
 7 SYSTEMPATH\CodeIgniter.php(499): CodeIgniter\CodeIgniter->runController(Object(App\Controllers\Minuman))
 8 SYSTEMPATH\CodeIgniter.php(368): CodeIgniter\CodeIgniter->handleRequest(null, Object(Config\Cache), false)
 9 FCPATH\index.php(67): CodeIgniter\CodeIgniter->run()
10 SYSTEMPATH\Commands\Server\rewrite.php(47): require_once('C:\\xampp\\htdocs\\web_deperkasa\\public\\index.php')
CRITICAL - 2023-08-19 00:23:24 --> Undefined variable: minuman
in APPPATH\Views\dataminuman.php on line 98.
 1 APPPATH\Views\dataminuman.php(98): CodeIgniter\Debug\Exceptions->errorHandler(8, 'Undefined variable: minuman', 'C:\\xampp\\htdocs\\web_deperkasa\\app\\Views\\dataminuman.php', 98, [...])
 2 SYSTEMPATH\View\View.php(213): include('C:\\xampp\\htdocs\\web_deperkasa\\app\\Views\\dataminuman.php')
 3 SYSTEMPATH\View\View.php(216): CodeIgniter\View\View->CodeIgniter\View\{closure}()
 4 SYSTEMPATH\Common.php(1184): CodeIgniter\View\View->render('dataminuman', [], true)
 5 APPPATH\Controllers\Minuman.php(27): view('dataminuman')
 6 SYSTEMPATH\CodeIgniter.php(934): App\Controllers\Minuman->add()
 7 SYSTEMPATH\CodeIgniter.php(499): CodeIgniter\CodeIgniter->runController(Object(App\Controllers\Minuman))
 8 SYSTEMPATH\CodeIgniter.php(368): CodeIgniter\CodeIgniter->handleRequest(null, Object(Config\Cache), false)
 9 FCPATH\index.php(67): CodeIgniter\CodeIgniter->run()
10 SYSTEMPATH\Commands\Server\rewrite.php(47): require_once('C:\\xampp\\htdocs\\web_deperkasa\\public\\index.php')
CRITICAL - 2023-08-19 00:23:40 --> Undefined variable: minuman
in APPPATH\Views\dataminuman.php on line 98.
 1 APPPATH\Views\dataminuman.php(98): CodeIgniter\Debug\Exceptions->errorHandler(8, 'Undefined variable: minuman', 'C:\\xampp\\htdocs\\web_deperkasa\\app\\Views\\dataminuman.php', 98, [...])
 2 SYSTEMPATH\View\View.php(213): include('C:\\xampp\\htdocs\\web_deperkasa\\app\\Views\\dataminuman.php')
 3 SYSTEMPATH\View\View.php(216): CodeIgniter\View\View->CodeIgniter\View\{closure}()
 4 SYSTEMPATH\Common.php(1184): CodeIgniter\View\View->render('dataminuman', [], true)
 5 APPPATH\Controllers\Minuman.php(27): view('dataminuman')
 6 SYSTEMPATH\CodeIgniter.php(934): App\Controllers\Minuman->add()
 7 SYSTEMPATH\CodeIgniter.php(499): CodeIgniter\CodeIgniter->runController(Object(App\Controllers\Minuman))
 8 SYSTEMPATH\CodeIgniter.php(368): CodeIgniter\CodeIgniter->handleRequest(null, Object(Config\Cache), false)
 9 FCPATH\index.php(67): CodeIgniter\CodeIgniter->run()
10 SYSTEMPATH\Commands\Server\rewrite.php(47): require_once('C:\\xampp\\htdocs\\web_deperkasa\\public\\index.php')
CRITICAL - 2023-08-19 00:24:12 --> Undefined variable: minuman
in APPPATH\Views\dataminuman.php on line 98.
 1 APPPATH\Views\dataminuman.php(98): CodeIgniter\Debug\Exceptions->errorHandler(8, 'Undefined variable: minuman', 'C:\\xampp\\htdocs\\web_deperkasa\\app\\Views\\dataminuman.php', 98, [...])
 2 SYSTEMPATH\View\View.php(213): include('C:\\xampp\\htdocs\\web_deperkasa\\app\\Views\\dataminuman.php')
 3 SYSTEMPATH\View\View.php(216): CodeIgniter\View\View->CodeIgniter\View\{closure}()
 4 SYSTEMPATH\Common.php(1184): CodeIgniter\View\View->render('dataminuman', [], true)
 5 APPPATH\Controllers\Minuman.php(27): view('dataminuman')
 6 SYSTEMPATH\CodeIgniter.php(934): App\Controllers\Minuman->add()
 7 SYSTEMPATH\CodeIgniter.php(499): CodeIgniter\CodeIgniter->runController(Object(App\Controllers\Minuman))
 8 SYSTEMPATH\CodeIgniter.php(368): CodeIgniter\CodeIgniter->handleRequest(null, Object(Config\Cache), false)
 9 FCPATH\index.php(67): CodeIgniter\CodeIgniter->run()
10 SYSTEMPATH\Commands\Server\rewrite.php(47): require_once('C:\\xampp\\htdocs\\web_deperkasa\\public\\index.php')
CRITICAL - 2023-08-19 00:25:19 --> Undefined variable: minuman
in APPPATH\Views\dataminuman.php on line 98.
 1 APPPATH\Views\dataminuman.php(98): CodeIgniter\Debug\Exceptions->errorHandler(8, 'Undefined variable: minuman', 'C:\\xampp\\htdocs\\web_deperkasa\\app\\Views\\dataminuman.php', 98, [...])
 2 SYSTEMPATH\View\View.php(213): include('C:\\xampp\\htdocs\\web_deperkasa\\app\\Views\\dataminuman.php')
 3 SYSTEMPATH\View\View.php(216): CodeIgniter\View\View->CodeIgniter\View\{closure}()
 4 SYSTEMPATH\Common.php(1184): CodeIgniter\View\View->render('dataminuman', [], true)
 5 APPPATH\Controllers\Minuman.php(27): view('dataminuman')
 6 SYSTEMPATH\CodeIgniter.php(934): App\Controllers\Minuman->add()
 7 SYSTEMPATH\CodeIgniter.php(499): CodeIgniter\CodeIgniter->runController(Object(App\Controllers\Minuman))
 8 SYSTEMPATH\CodeIgniter.php(368): CodeIgniter\CodeIgniter->handleRequest(null, Object(Config\Cache), false)
 9 FCPATH\index.php(67): CodeIgniter\CodeIgniter->run()
10 SYSTEMPATH\Commands\Server\rewrite.php(47): require_once('C:\\xampp\\htdocs\\web_deperkasa\\public\\index.php')
CRITICAL - 2023-08-19 00:39:02 --> Undefined variable: minuman
in APPPATH\Views\dataminuman.php on line 102.
 1 APPPATH\Views\dataminuman.php(102): CodeIgniter\Debug\Exceptions->errorHandler(8, 'Undefined variable: minuman', 'C:\\xampp\\htdocs\\web_deperkasa\\app\\Views\\dataminuman.php', 102, [...])
 2 SYSTEMPATH\View\View.php(213): include('C:\\xampp\\htdocs\\web_deperkasa\\app\\Views\\dataminuman.php')
 3 SYSTEMPATH\View\View.php(216): CodeIgniter\View\View->CodeIgniter\View\{closure}()
 4 SYSTEMPATH\Common.php(1184): CodeIgniter\View\View->render('dataminuman', [], true)
 5 APPPATH\Controllers\Minuman.php(27): view('dataminuman')
 6 SYSTEMPATH\CodeIgniter.php(934): App\Controllers\Minuman->add()
 7 SYSTEMPATH\CodeIgniter.php(499): CodeIgniter\CodeIgniter->runController(Object(App\Controllers\Minuman))
 8 SYSTEMPATH\CodeIgniter.php(368): CodeIgniter\CodeIgniter->handleRequest(null, Object(Config\Cache), false)
 9 FCPATH\index.php(67): CodeIgniter\CodeIgniter->run()
10 SYSTEMPATH\Commands\Server\rewrite.php(47): require_once('C:\\xampp\\htdocs\\web_deperkasa\\public\\index.php')
CRITICAL - 2023-08-19 00:39:47 --> Undefined variable: minuman
in APPPATH\Views\dataminuman.php on line 99.
 1 APPPATH\Views\dataminuman.php(99): CodeIgniter\Debug\Exceptions->errorHandler(8, 'Undefined variable: minuman', 'C:\\xampp\\htdocs\\web_deperkasa\\app\\Views\\dataminuman.php', 99, [...])
 2 SYSTEMPATH\View\View.php(213): include('C:\\xampp\\htdocs\\web_deperkasa\\app\\Views\\dataminuman.php')
 3 SYSTEMPATH\View\View.php(216): CodeIgniter\View\View->CodeIgniter\View\{closure}()
 4 SYSTEMPATH\Common.php(1184): CodeIgniter\View\View->render('dataminuman', [], true)
 5 APPPATH\Controllers\Minuman.php(27): view('dataminuman')
 6 SYSTEMPATH\CodeIgniter.php(934): App\Controllers\Minuman->add()
 7 SYSTEMPATH\CodeIgniter.php(499): CodeIgniter\CodeIgniter->runController(Object(App\Controllers\Minuman))
 8 SYSTEMPATH\CodeIgniter.php(368): CodeIgniter\CodeIgniter->handleRequest(null, Object(Config\Cache), false)
 9 FCPATH\index.php(67): CodeIgniter\CodeIgniter->run()
10 SYSTEMPATH\Commands\Server\rewrite.php(47): require_once('C:\\xampp\\htdocs\\web_deperkasa\\public\\index.php')
INFO - 2023-08-19 00:40:07 --> Session: Class initialized using 'CodeIgniter\Session\Handlers\FileHandler' driver.
CRITICAL - 2023-08-19 00:43:02 --> Undefined variable: minuman
in APPPATH\Views\dataminuman.php on line 99.
 1 APPPATH\Views\dataminuman.php(99): CodeIgniter\Debug\Exceptions->errorHandler(8, 'Undefined variable: minuman', 'C:\\xampp\\htdocs\\web_deperkasa\\app\\Views\\dataminuman.php', 99, [...])
 2 SYSTEMPATH\View\View.php(213): include('C:\\xampp\\htdocs\\web_deperkasa\\app\\Views\\dataminuman.php')
 3 SYSTEMPATH\View\View.php(216): CodeIgniter\View\View->CodeIgniter\View\{closure}()
 4 SYSTEMPATH\Common.php(1184): CodeIgniter\View\View->render('dataminuman', [], true)
 5 APPPATH\Controllers\Minuman.php(27): view('dataminuman')
 6 SYSTEMPATH\CodeIgniter.php(934): App\Controllers\Minuman->add()
 7 SYSTEMPATH\CodeIgniter.php(499): CodeIgniter\CodeIgniter->runController(Object(App\Controllers\Minuman))
 8 SYSTEMPATH\CodeIgniter.php(368): CodeIgniter\CodeIgniter->handleRequest(null, Object(Config\Cache), false)
 9 FCPATH\index.php(67): CodeIgniter\CodeIgniter->run()
10 SYSTEMPATH\Commands\Server\rewrite.php(47): require_once('C:\\xampp\\htdocs\\web_deperkasa\\public\\index.php')
CRITICAL - 2023-08-19 00:45:32 --> Undefined variable: minuman
in APPPATH\Views\dataminuman.php on line 99.
 1 APPPATH\Views\dataminuman.php(99): CodeIgniter\Debug\Exceptions->errorHandler(8, 'Undefined variable: minuman', 'C:\\xampp\\htdocs\\web_deperkasa\\app\\Views\\dataminuman.php', 99, [...])
 2 SYSTEMPATH\View\View.php(213): include('C:\\xampp\\htdocs\\web_deperkasa\\app\\Views\\dataminuman.php')
 3 SYSTEMPATH\View\View.php(216): CodeIgniter\View\View->CodeIgniter\View\{closure}()
 4 SYSTEMPATH\Common.php(1184): CodeIgniter\View\View->render('dataminuman', [], true)
 5 APPPATH\Controllers\Minuman.php(27): view('dataminuman')
 6 SYSTEMPATH\CodeIgniter.php(934): App\Controllers\Minuman->add()
 7 SYSTEMPATH\CodeIgniter.php(499): CodeIgniter\CodeIgniter->runController(Object(App\Controllers\Minuman))
 8 SYSTEMPATH\CodeIgniter.php(368): CodeIgniter\CodeIgniter->handleRequest(null, Object(Config\Cache), false)
 9 FCPATH\index.php(67): CodeIgniter\CodeIgniter->run()
10 SYSTEMPATH\Commands\Server\rewrite.php(47): require_once('C:\\xampp\\htdocs\\web_deperkasa\\public\\index.php')
CRITICAL - 2023-08-19 00:45:37 --> Undefined variable: minuman
in APPPATH\Views\dataminuman.php on line 99.
 1 APPPATH\Views\dataminuman.php(99): CodeIgniter\Debug\Exceptions->errorHandler(8, 'Undefined variable: minuman', 'C:\\xampp\\htdocs\\web_deperkasa\\app\\Views\\dataminuman.php', 99, [...])
 2 SYSTEMPATH\View\View.php(213): include('C:\\xampp\\htdocs\\web_deperkasa\\app\\Views\\dataminuman.php')
 3 SYSTEMPATH\View\View.php(216): CodeIgniter\View\View->CodeIgniter\View\{closure}()
 4 SYSTEMPATH\Common.php(1184): CodeIgniter\View\View->render('dataminuman', [], true)
 5 APPPATH\Controllers\Minuman.php(27): view('dataminuman')
 6 SYSTEMPATH\CodeIgniter.php(934): App\Controllers\Minuman->add()
 7 SYSTEMPATH\CodeIgniter.php(499): CodeIgniter\CodeIgniter->runController(Object(App\Controllers\Minuman))
 8 SYSTEMPATH\CodeIgniter.php(368): CodeIgniter\CodeIgniter->handleRequest(null, Object(Config\Cache), false)
 9 FCPATH\index.php(67): CodeIgniter\CodeIgniter->run()
10 SYSTEMPATH\Commands\Server\rewrite.php(47): require_once('C:\\xampp\\htdocs\\web_deperkasa\\public\\index.php')
CRITICAL - 2023-08-19 00:46:46 --> Undefined variable: minuman
in APPPATH\Views\dataminuman.php on line 100.
 1 APPPATH\Views\dataminuman.php(100): CodeIgniter\Debug\Exceptions->errorHandler(8, 'Undefined variable: minuman', 'C:\\xampp\\htdocs\\web_deperkasa\\app\\Views\\dataminuman.php', 100, [...])
 2 SYSTEMPATH\View\View.php(213): include('C:\\xampp\\htdocs\\web_deperkasa\\app\\Views\\dataminuman.php')
 3 SYSTEMPATH\View\View.php(216): CodeIgniter\View\View->CodeIgniter\View\{closure}()
 4 SYSTEMPATH\Common.php(1184): CodeIgniter\View\View->render('dataminuman', [], true)
 5 APPPATH\Controllers\Minuman.php(27): view('dataminuman')
 6 SYSTEMPATH\CodeIgniter.php(934): App\Controllers\Minuman->add()
 7 SYSTEMPATH\CodeIgniter.php(499): CodeIgniter\CodeIgniter->runController(Object(App\Controllers\Minuman))
 8 SYSTEMPATH\CodeIgniter.php(368): CodeIgniter\CodeIgniter->handleRequest(null, Object(Config\Cache), false)
 9 FCPATH\index.php(67): CodeIgniter\CodeIgniter->run()
10 SYSTEMPATH\Commands\Server\rewrite.php(47): require_once('C:\\xampp\\htdocs\\web_deperkasa\\public\\index.php')
CRITICAL - 2023-08-19 00:46:58 --> Undefined variable: minuman
in APPPATH\Views\dataminuman.php on line 100.
 1 APPPATH\Views\dataminuman.php(100): CodeIgniter\Debug\Exceptions->errorHandler(8, 'Undefined variable: minuman', 'C:\\xampp\\htdocs\\web_deperkasa\\app\\Views\\dataminuman.php', 100, [...])
 2 SYSTEMPATH\View\View.php(213): include('C:\\xampp\\htdocs\\web_deperkasa\\app\\Views\\dataminuman.php')
 3 SYSTEMPATH\View\View.php(216): CodeIgniter\View\View->CodeIgniter\View\{closure}()
 4 SYSTEMPATH\Common.php(1184): CodeIgniter\View\View->render('dataminuman', [], true)
 5 APPPATH\Controllers\Minuman.php(27): view('dataminuman')
 6 SYSTEMPATH\CodeIgniter.php(934): App\Controllers\Minuman->add()
 7 SYSTEMPATH\CodeIgniter.php(499): CodeIgniter\CodeIgniter->runController(Object(App\Controllers\Minuman))
 8 SYSTEMPATH\CodeIgniter.php(368): CodeIgniter\CodeIgniter->handleRequest(null, Object(Config\Cache), false)
 9 FCPATH\index.php(67): CodeIgniter\CodeIgniter->run()
10 SYSTEMPATH\Commands\Server\rewrite.php(47): require_once('C:\\xampp\\htdocs\\web_deperkasa\\public\\index.php')
INFO - 2023-08-19 00:47:32 --> Session: Class initialized using 'CodeIgniter\Session\Handlers\FileHandler' driver.
CRITICAL - 2023-08-19 00:47:41 --> Undefined variable: minuman
in APPPATH\Views\dataminuman.php on line 100.
 1 APPPATH\Views\dataminuman.php(100): CodeIgniter\Debug\Exceptions->errorHandler(8, 'Undefined variable: minuman', 'C:\\xampp\\htdocs\\web_deperkasa\\app\\Views\\dataminuman.php', 100, [...])
 2 SYSTEMPATH\View\View.php(213): include('C:\\xampp\\htdocs\\web_deperkasa\\app\\Views\\dataminuman.php')
 3 SYSTEMPATH\View\View.php(216): CodeIgniter\View\View->CodeIgniter\View\{closure}()
 4 SYSTEMPATH\Common.php(1184): CodeIgniter\View\View->render('dataminuman', [], true)
 5 APPPATH\Controllers\Minuman.php(27): view('dataminuman')
 6 SYSTEMPATH\CodeIgniter.php(934): App\Controllers\Minuman->add()
 7 SYSTEMPATH\CodeIgniter.php(499): CodeIgniter\CodeIgniter->runController(Object(App\Controllers\Minuman))
 8 SYSTEMPATH\CodeIgniter.php(368): CodeIgniter\CodeIgniter->handleRequest(null, Object(Config\Cache), false)
 9 FCPATH\index.php(67): CodeIgniter\CodeIgniter->run()
10 SYSTEMPATH\Commands\Server\rewrite.php(47): require_once('C:\\xampp\\htdocs\\web_deperkasa\\public\\index.php')
CRITICAL - 2023-08-19 00:48:03 --> Undefined variable: minuman
in APPPATH\Views\dataminuman.php on line 99.
 1 APPPATH\Views\dataminuman.php(99): CodeIgniter\Debug\Exceptions->errorHandler(8, 'Undefined variable: minuman', 'C:\\xampp\\htdocs\\web_deperkasa\\app\\Views\\dataminuman.php', 99, [...])
 2 SYSTEMPATH\View\View.php(213): include('C:\\xampp\\htdocs\\web_deperkasa\\app\\Views\\dataminuman.php')
 3 SYSTEMPATH\View\View.php(216): CodeIgniter\View\View->CodeIgniter\View\{closure}()
 4 SYSTEMPATH\Common.php(1184): CodeIgniter\View\View->render('dataminuman', [], true)
 5 APPPATH\Controllers\Minuman.php(27): view('dataminuman')
 6 SYSTEMPATH\CodeIgniter.php(934): App\Controllers\Minuman->add()
 7 SYSTEMPATH\CodeIgniter.php(499): CodeIgniter\CodeIgniter->runController(Object(App\Controllers\Minuman))
 8 SYSTEMPATH\CodeIgniter.php(368): CodeIgniter\CodeIgniter->handleRequest(null, Object(Config\Cache), false)
 9 FCPATH\index.php(67): CodeIgniter\CodeIgniter->run()
10 SYSTEMPATH\Commands\Server\rewrite.php(47): require_once('C:\\xampp\\htdocs\\web_deperkasa\\public\\index.php')
INFO - 2023-08-19 00:48:21 --> Session: Class initialized using 'CodeIgniter\Session\Handlers\FileHandler' driver.
CRITICAL - 2023-08-19 00:48:26 --> Undefined variable: minuman
in APPPATH\Views\dataminuman.php on line 99.
 1 APPPATH\Views\dataminuman.php(99): CodeIgniter\Debug\Exceptions->errorHandler(8, 'Undefined variable: minuman', 'C:\\xampp\\htdocs\\web_deperkasa\\app\\Views\\dataminuman.php', 99, [...])
 2 SYSTEMPATH\View\View.php(213): include('C:\\xampp\\htdocs\\web_deperkasa\\app\\Views\\dataminuman.php')
 3 SYSTEMPATH\View\View.php(216): CodeIgniter\View\View->CodeIgniter\View\{closure}()
 4 SYSTEMPATH\Common.php(1184): CodeIgniter\View\View->render('dataminuman', [], true)
 5 APPPATH\Controllers\Minuman.php(27): view('dataminuman')
 6 SYSTEMPATH\CodeIgniter.php(934): App\Controllers\Minuman->add()
 7 SYSTEMPATH\CodeIgniter.php(499): CodeIgniter\CodeIgniter->runController(Object(App\Controllers\Minuman))
 8 SYSTEMPATH\CodeIgniter.php(368): CodeIgniter\CodeIgniter->handleRequest(null, Object(Config\Cache), false)
 9 FCPATH\index.php(67): CodeIgniter\CodeIgniter->run()
10 SYSTEMPATH\Commands\Server\rewrite.php(47): require_once('C:\\xampp\\htdocs\\web_deperkasa\\public\\index.php')
INFO - 2023-08-19 02:18:47 --> Session: Class initialized using 'CodeIgniter\Session\Handlers\FileHandler' driver.
INFO - 2023-08-19 02:21:18 --> Session: Class initialized using 'CodeIgniter\Session\Handlers\FileHandler' driver.
INFO - 2023-08-19 02:21:23 --> Session: Class initialized using 'CodeIgniter\Session\Handlers\FileHandler' driver.
INFO - 2023-08-19 02:28:22 --> Session: Class initialized using 'CodeIgniter\Session\Handlers\FileHandler' driver.
INFO - 2023-08-19 02:35:52 --> Session: Class initialized using 'CodeIgniter\Session\Handlers\FileHandler' driver.
INFO - 2023-08-19 02:35:52 --> Session: Class initialized using 'CodeIgniter\Session\Handlers\FileHandler' driver.
INFO - 2023-08-19 02:37:58 --> Session: Class initialized using 'CodeIgniter\Session\Handlers\FileHandler' driver.
INFO - 2023-08-19 02:39:43 --> Session: Class initialized using 'CodeIgniter\Session\Handlers\FileHandler' driver.
INFO - 2023-08-19 02:39:43 --> Session: Class initialized using 'CodeIgniter\Session\Handlers\FileHandler' driver.
INFO - 2023-08-19 02:40:14 --> Session: Class initialized using 'CodeIgniter\Session\Handlers\FileHandler' driver.
INFO - 2023-08-19 02:40:15 --> Session: Class initialized using 'CodeIgniter\Session\Handlers\FileHandler' driver.
INFO - 2023-08-19 02:41:03 --> Session: Class initialized using 'CodeIgniter\Session\Handlers\FileHandler' driver.
INFO - 2023-08-19 03:09:30 --> Session: Class initialized using 'CodeIgniter\Session\Handlers\FileHandler' driver.
INFO - 2023-08-19 03:09:35 --> Session: Class initialized using 'CodeIgniter\Session\Handlers\FileHandler' driver.
INFO - 2023-08-19 03:09:45 --> Session: Class initialized using 'CodeIgniter\Session\Handlers\FileHandler' driver.
INFO - 2023-08-19 03:09:49 --> Session: Class initialized using 'CodeIgniter\Session\Handlers\FileHandler' driver.
ERROR - 2023-08-19 04:17:08 --> mysqli_sql_exception: Column 'kelas' cannot be null in C:\xampp\htdocs\web_deperkasa\system\Database\MySQLi\Connection.php:295
Stack trace:
#0 C:\xampp\htdocs\web_deperkasa\system\Database\MySQLi\Connection.php(295): mysqli->query('INSERT INTO `ke...', 0)
#1 C:\xampp\htdocs\web_deperkasa\system\Database\BaseConnection.php(692): CodeIgniter\Database\MySQLi\Connection->execute('INSERT INTO `ke...')
#2 C:\xampp\htdocs\web_deperkasa\system\Database\BaseConnection.php(606): CodeIgniter\Database\BaseConnection->simpleQuery('INSERT INTO `ke...')
#3 C:\xampp\htdocs\web_deperkasa\system\Database\BaseBuilder.php(2309): CodeIgniter\Database\BaseConnection->query('INSERT INTO `ke...', Array, false)
#4 C:\xampp\htdocs\web_deperkasa\system\Model.php(330): CodeIgniter\Database\BaseBuilder->insert()
#5 C:\xampp\htdocs\web_deperkasa\system\BaseModel.php(782): CodeIgniter\Model->doInsert(Array)
#6 C:\xampp\htdocs\web_deperkasa\system\Model.php(730): CodeIgniter\BaseModel->insert(Array, false)
#7 C:\xampp\htdocs\web_deperkasa\system\BaseModel.php(692): CodeIgniter\Model->insert(Array, false)
#8 C:\xampp\htdocs\web_deperkasa\app\Controllers\Harian.php(40): CodeIgniter\BaseModel->save(Array)
#9 C:\xampp\htdocs\web_deperkasa\system\CodeIgniter.php(934): App\Controllers\Harian->save()
#10 C:\xampp\htdocs\web_deperkasa\system\CodeIgniter.php(499): CodeIgniter\CodeIgniter->runController(Object(App\Controllers\Harian))
#11 C:\xampp\htdocs\web_deperkasa\system\CodeIgniter.php(368): CodeIgniter\CodeIgniter->handleRequest(NULL, Object(Config\Cache), false)
#12 C:\xampp\htdocs\web_deperkasa\public\index.php(67): CodeIgniter\CodeIgniter->run()
#13 C:\xampp\htdocs\web_deperkasa\system\Commands\Server\rewrite.php(47): require_once('C:\\xampp\\htdocs...')
#14 {main}
CRITICAL - 2023-08-19 04:17:08 --> Column 'kelas' cannot be null
in SYSTEMPATH\Database\MySQLi\Connection.php on line 295.
 1 SYSTEMPATH\Database\MySQLi\Connection.php(295): mysqli->query('INSERT INTO `kelas_harian` (`nama`, `no_telp`, `tanggal`, `waktu`, `kelas`, `harga`) VALUES (\'\', \'\', \'\', \'\', NULL, \'Rp. 25.000\')', 0)
 2 SYSTEMPATH\Database\BaseConnection.php(692): CodeIgniter\Database\MySQLi\Connection->execute('INSERT INTO `kelas_harian` (`nama`, `no_telp`, `tanggal`, `waktu`, `kelas`, `harga`) VALUES (\'\', \'\', \'\', \'\', NULL, \'Rp. 25.000\')')
 3 SYSTEMPATH\Database\BaseConnection.php(606): CodeIgniter\Database\BaseConnection->simpleQuery('INSERT INTO `kelas_harian` (`nama`, `no_telp`, `tanggal`, `waktu`, `kelas`, `harga`) VALUES (\'\', \'\', \'\', \'\', NULL, \'Rp. 25.000\')')
 4 SYSTEMPATH\Database\BaseBuilder.php(2309): CodeIgniter\Database\BaseConnection->query('INSERT INTO `kelas_harian` (`nama`, `no_telp`, `tanggal`, `waktu`, `kelas`, `harga`) VALUES (:nama:, :no_telp:, :tanggal:, :waktu:, :kelas:, :harga:)', [...], false)
 5 SYSTEMPATH\Model.php(330): CodeIgniter\Database\BaseBuilder->insert()
 6 SYSTEMPATH\BaseModel.php(782): CodeIgniter\Model->doInsert([...])
 7 SYSTEMPATH\Model.php(730): CodeIgniter\BaseModel->insert([...], false)
 8 SYSTEMPATH\BaseModel.php(692): CodeIgniter\Model->insert([...], false)
 9 APPPATH\Controllers\Harian.php(40): CodeIgniter\BaseModel->save([...])
10 SYSTEMPATH\CodeIgniter.php(934): App\Controllers\Harian->save()
11 SYSTEMPATH\CodeIgniter.php(499): CodeIgniter\CodeIgniter->runController(Object(App\Controllers\Harian))
12 SYSTEMPATH\CodeIgniter.php(368): CodeIgniter\CodeIgniter->handleRequest(null, Object(Config\Cache), false)
13 FCPATH\index.php(67): CodeIgniter\CodeIgniter->run()
14 SYSTEMPATH\Commands\Server\rewrite.php(47): require_once('C:\\xampp\\htdocs\\web_deperkasa\\public\\index.php')
INFO - 2023-08-19 04:17:49 --> Session: Class initialized using 'CodeIgniter\Session\Handlers\FileHandler' driver.
INFO - 2023-08-19 04:18:25 --> Session: Class initialized using 'CodeIgniter\Session\Handlers\FileHandler' driver.
INFO - 2023-08-19 04:23:08 --> Session: Class initialized using 'CodeIgniter\Session\Handlers\FileHandler' driver.
