INFO - 2023-08-20 02:34:24 --> Session: Class initialized using 'CodeIgniter\Session\Handlers\FileHandler' driver.
CRITICAL - 2023-08-20 02:34:24 --> Undefined variable: username
in APPPATH\Views\profil.php on line 25.
 1 APPPATH\Views\profil.php(25): CodeIgniter\Debug\Exceptions->errorHandler(8, 'Undefined variable: username', 'C:\\xampp\\htdocs\\web_deperkasa\\app\\Views\\profil.php', 25, [])
 2 SYSTEMPATH\View\View.php(213): include('C:\\xampp\\htdocs\\web_deperkasa\\app\\Views\\profil.php')
 3 SYSTEMPATH\View\View.php(216): CodeIgniter\View\View->CodeIgniter\View\{closure}()
 4 SYSTEMPATH\Common.php(1184): CodeIgniter\View\View->render('profil', [], true)
 5 APPPATH\Controllers\profil.php(13): view('profil', [...])
 6 SYSTEMPATH\CodeIgniter.php(934): App\Controllers\Profil->index()
 7 SYSTEMPATH\CodeIgniter.php(499): CodeIgniter\CodeIgniter->runController(Object(App\Controllers\Profil))
 8 SYSTEMPATH\CodeIgniter.php(368): CodeIgniter\CodeIgniter->handleRequest(null, Object(Config\Cache), false)
 9 FCPATH\index.php(67): CodeIgniter\CodeIgniter->run()
10 SYSTEMPATH\Commands\Server\rewrite.php(47): require_once('C:\\xampp\\htdocs\\web_deperkasa\\public\\index.php')
INFO - 2023-08-20 02:34:31 --> Session: Class initialized using 'CodeIgniter\Session\Handlers\FileHandler' driver.
INFO - 2023-08-20 02:34:36 --> Session: Class initialized using 'CodeIgniter\Session\Handlers\FileHandler' driver.
INFO - 2023-08-20 02:34:44 --> Session: Class initialized using 'CodeIgniter\Session\Handlers\FileHandler' driver.
INFO - 2023-08-20 02:34:47 --> Session: Class initialized using 'CodeIgniter\Session\Handlers\FileHandler' driver.
CRITICAL - 2023-08-20 03:40:36 --> Undefined index: selected_date
in APPPATH\Controllers\ExcelHarian.php on line 15.
 1 APPPATH\Controllers\ExcelHarian.php(15): CodeIgniter\Debug\Exceptions->errorHandler(8, 'Undefined index: selected_date', 'C:\\xampp\\htdocs\\web_deperkasa\\app\\Controllers\\ExcelHarian.php', 15, [])
 2 SYSTEMPATH\CodeIgniter.php(934): App\Controllers\ExcelHarian->exporthari()
 3 SYSTEMPATH\CodeIgniter.php(499): CodeIgniter\CodeIgniter->runController(Object(App\Controllers\ExcelHarian))
 4 SYSTEMPATH\CodeIgniter.php(368): CodeIgniter\CodeIgniter->handleRequest(null, Object(Config\Cache), false)
 5 FCPATH\index.php(67): CodeIgniter\CodeIgniter->run()
 6 SYSTEMPATH\Commands\Server\rewrite.php(47): require_once('C:\\xampp\\htdocs\\web_deperkasa\\public\\index.php')
CRITICAL - 2023-08-20 03:41:08 --> Undefined index: tanggal
in APPPATH\Controllers\ExcelHarian.php on line 15.
 1 APPPATH\Controllers\ExcelHarian.php(15): CodeIgniter\Debug\Exceptions->errorHandler(8, 'Undefined index: tanggal', 'C:\\xampp\\htdocs\\web_deperkasa\\app\\Controllers\\ExcelHarian.php', 15, [])
 2 SYSTEMPATH\CodeIgniter.php(934): App\Controllers\ExcelHarian->exporthari()
 3 SYSTEMPATH\CodeIgniter.php(499): CodeIgniter\CodeIgniter->runController(Object(App\Controllers\ExcelHarian))
 4 SYSTEMPATH\CodeIgniter.php(368): CodeIgniter\CodeIgniter->handleRequest(null, Object(Config\Cache), false)
 5 FCPATH\index.php(67): CodeIgniter\CodeIgniter->run()
 6 SYSTEMPATH\Commands\Server\rewrite.php(47): require_once('C:\\xampp\\htdocs\\web_deperkasa\\public\\index.php')
CRITICAL - 2023-08-20 03:42:24 --> Undefined index: tanggal
in APPPATH\Controllers\ExcelHarian.php on line 15.
 1 APPPATH\Controllers\ExcelHarian.php(15): CodeIgniter\Debug\Exceptions->errorHandler(8, 'Undefined index: tanggal', 'C:\\xampp\\htdocs\\web_deperkasa\\app\\Controllers\\ExcelHarian.php', 15, [])
 2 SYSTEMPATH\CodeIgniter.php(934): App\Controllers\ExcelHarian->exporthari()
 3 SYSTEMPATH\CodeIgniter.php(499): CodeIgniter\CodeIgniter->runController(Object(App\Controllers\ExcelHarian))
 4 SYSTEMPATH\CodeIgniter.php(368): CodeIgniter\CodeIgniter->handleRequest(null, Object(Config\Cache), false)
 5 FCPATH\index.php(67): CodeIgniter\CodeIgniter->run()
 6 SYSTEMPATH\Commands\Server\rewrite.php(47): require_once('C:\\xampp\\htdocs\\web_deperkasa\\public\\index.php')
CRITICAL - 2023-08-20 03:48:49 --> Undefined index: selected_date
in APPPATH\Controllers\ExcelHarian.php on line 15.
 1 APPPATH\Controllers\ExcelHarian.php(15): CodeIgniter\Debug\Exceptions->errorHandler(8, 'Undefined index: selected_date', 'C:\\xampp\\htdocs\\web_deperkasa\\app\\Controllers\\ExcelHarian.php', 15, [])
 2 SYSTEMPATH\CodeIgniter.php(934): App\Controllers\ExcelHarian->exporthari()
 3 SYSTEMPATH\CodeIgniter.php(499): CodeIgniter\CodeIgniter->runController(Object(App\Controllers\ExcelHarian))
 4 SYSTEMPATH\CodeIgniter.php(368): CodeIgniter\CodeIgniter->handleRequest(null, Object(Config\Cache), false)
 5 FCPATH\index.php(67): CodeIgniter\CodeIgniter->run()
 6 SYSTEMPATH\Commands\Server\rewrite.php(47): require_once('C:\\xampp\\htdocs\\web_deperkasa\\public\\index.php')
CRITICAL - 2023-08-20 16:47:01 --> Undefined index: tanggal
in APPPATH\Controllers\ExcelHarian.php on line 15.
 1 APPPATH\Controllers\ExcelHarian.php(15): CodeIgniter\Debug\Exceptions->errorHandler(8, 'Undefined index: tanggal', 'C:\\xampp\\htdocs\\web_deperkasa\\app\\Controllers\\ExcelHarian.php', 15, [])
 2 SYSTEMPATH\CodeIgniter.php(934): App\Controllers\ExcelHarian->exporthari()
 3 SYSTEMPATH\CodeIgniter.php(499): CodeIgniter\CodeIgniter->runController(Object(App\Controllers\ExcelHarian))
 4 SYSTEMPATH\CodeIgniter.php(368): CodeIgniter\CodeIgniter->handleRequest(null, Object(Config\Cache), false)
 5 FCPATH\index.php(67): CodeIgniter\CodeIgniter->run()
 6 SYSTEMPATH\Commands\Server\rewrite.php(47): require_once('C:\\xampp\\htdocs\\web_deperkasa\\public\\index.php')
CRITICAL - 2023-08-20 16:48:16 --> Undefined index: tanggal
in APPPATH\Controllers\ExcelHarian.php on line 15.
 1 APPPATH\Controllers\ExcelHarian.php(15): CodeIgniter\Debug\Exceptions->errorHandler(8, 'Undefined index: tanggal', 'C:\\xampp\\htdocs\\web_deperkasa\\app\\Controllers\\ExcelHarian.php', 15, [])
 2 SYSTEMPATH\CodeIgniter.php(934): App\Controllers\ExcelHarian->exporthari()
 3 SYSTEMPATH\CodeIgniter.php(499): CodeIgniter\CodeIgniter->runController(Object(App\Controllers\ExcelHarian))
 4 SYSTEMPATH\CodeIgniter.php(368): CodeIgniter\CodeIgniter->handleRequest(null, Object(Config\Cache), false)
 5 FCPATH\index.php(67): CodeIgniter\CodeIgniter->run()
 6 SYSTEMPATH\Commands\Server\rewrite.php(47): require_once('C:\\xampp\\htdocs\\web_deperkasa\\public\\index.php')
CRITICAL - 2023-08-20 16:48:20 --> Undefined index: tanggal
in APPPATH\Controllers\ExcelHarian.php on line 15.
 1 APPPATH\Controllers\ExcelHarian.php(15): CodeIgniter\Debug\Exceptions->errorHandler(8, 'Undefined index: tanggal', 'C:\\xampp\\htdocs\\web_deperkasa\\app\\Controllers\\ExcelHarian.php', 15, [])
 2 SYSTEMPATH\CodeIgniter.php(934): App\Controllers\ExcelHarian->exporthari()
 3 SYSTEMPATH\CodeIgniter.php(499): CodeIgniter\CodeIgniter->runController(Object(App\Controllers\ExcelHarian))
 4 SYSTEMPATH\CodeIgniter.php(368): CodeIgniter\CodeIgniter->handleRequest(null, Object(Config\Cache), false)
 5 FCPATH\index.php(67): CodeIgniter\CodeIgniter->run()
 6 SYSTEMPATH\Commands\Server\rewrite.php(47): require_once('C:\\xampp\\htdocs\\web_deperkasa\\public\\index.php')
CRITICAL - 2023-08-20 16:48:47 --> Undefined index: tanggal
in APPPATH\Controllers\ExcelHarian.php on line 15.
 1 APPPATH\Controllers\ExcelHarian.php(15): CodeIgniter\Debug\Exceptions->errorHandler(8, 'Undefined index: tanggal', 'C:\\xampp\\htdocs\\web_deperkasa\\app\\Controllers\\ExcelHarian.php', 15, [])
 2 SYSTEMPATH\CodeIgniter.php(934): App\Controllers\ExcelHarian->exporthari()
 3 SYSTEMPATH\CodeIgniter.php(499): CodeIgniter\CodeIgniter->runController(Object(App\Controllers\ExcelHarian))
 4 SYSTEMPATH\CodeIgniter.php(368): CodeIgniter\CodeIgniter->handleRequest(null, Object(Config\Cache), false)
 5 FCPATH\index.php(67): CodeIgniter\CodeIgniter->run()
 6 SYSTEMPATH\Commands\Server\rewrite.php(47): require_once('C:\\xampp\\htdocs\\web_deperkasa\\public\\index.php')
CRITICAL - 2023-08-20 16:56:50 --> Undefined index: tanggal
in APPPATH\Controllers\ExcelHarian.php on line 15.
 1 APPPATH\Controllers\ExcelHarian.php(15): CodeIgniter\Debug\Exceptions->errorHandler(8, 'Undefined index: tanggal', 'C:\\xampp\\htdocs\\web_deperkasa\\app\\Controllers\\ExcelHarian.php', 15, [])
 2 SYSTEMPATH\CodeIgniter.php(934): App\Controllers\ExcelHarian->exporthari()
 3 SYSTEMPATH\CodeIgniter.php(499): CodeIgniter\CodeIgniter->runController(Object(App\Controllers\ExcelHarian))
 4 SYSTEMPATH\CodeIgniter.php(368): CodeIgniter\CodeIgniter->handleRequest(null, Object(Config\Cache), false)
 5 FCPATH\index.php(67): CodeIgniter\CodeIgniter->run()
 6 SYSTEMPATH\Commands\Server\rewrite.php(47): require_once('C:\\xampp\\htdocs\\web_deperkasa\\public\\index.php')
CRITICAL - 2023-08-20 17:00:38 --> Undefined index: tanggal
in APPPATH\Controllers\ExcelHarian.php on line 15.
 1 APPPATH\Controllers\ExcelHarian.php(15): CodeIgniter\Debug\Exceptions->errorHandler(8, 'Undefined index: tanggal', 'C:\\xampp\\htdocs\\web_deperkasa\\app\\Controllers\\ExcelHarian.php', 15, [])
 2 SYSTEMPATH\CodeIgniter.php(934): App\Controllers\ExcelHarian->exporthari()
 3 SYSTEMPATH\CodeIgniter.php(499): CodeIgniter\CodeIgniter->runController(Object(App\Controllers\ExcelHarian))
 4 SYSTEMPATH\CodeIgniter.php(368): CodeIgniter\CodeIgniter->handleRequest(null, Object(Config\Cache), false)
 5 FCPATH\index.php(67): CodeIgniter\CodeIgniter->run()
 6 SYSTEMPATH\Commands\Server\rewrite.php(47): require_once('C:\\xampp\\htdocs\\web_deperkasa\\public\\index.php')
CRITICAL - 2023-08-20 17:01:55 --> Undefined index: tanggal
in APPPATH\Controllers\ExcelHarian.php on line 15.
 1 APPPATH\Controllers\ExcelHarian.php(15): CodeIgniter\Debug\Exceptions->errorHandler(8, 'Undefined index: tanggal', 'C:\\xampp\\htdocs\\web_deperkasa\\app\\Controllers\\ExcelHarian.php', 15, [])
 2 SYSTEMPATH\CodeIgniter.php(934): App\Controllers\ExcelHarian->exporthari()
 3 SYSTEMPATH\CodeIgniter.php(499): CodeIgniter\CodeIgniter->runController(Object(App\Controllers\ExcelHarian))
 4 SYSTEMPATH\CodeIgniter.php(368): CodeIgniter\CodeIgniter->handleRequest(null, Object(Config\Cache), false)
 5 FCPATH\index.php(67): CodeIgniter\CodeIgniter->run()
 6 SYSTEMPATH\Commands\Server\rewrite.php(47): require_once('C:\\xampp\\htdocs\\web_deperkasa\\public\\index.php')
CRITICAL - 2023-08-20 17:03:14 --> Undefined index: tanggal
in APPPATH\Controllers\ExcelHarian.php on line 15.
 1 APPPATH\Controllers\ExcelHarian.php(15): CodeIgniter\Debug\Exceptions->errorHandler(8, 'Undefined index: tanggal', 'C:\\xampp\\htdocs\\web_deperkasa\\app\\Controllers\\ExcelHarian.php', 15, [])
 2 SYSTEMPATH\CodeIgniter.php(934): App\Controllers\ExcelHarian->exporthari()
 3 SYSTEMPATH\CodeIgniter.php(499): CodeIgniter\CodeIgniter->runController(Object(App\Controllers\ExcelHarian))
 4 SYSTEMPATH\CodeIgniter.php(368): CodeIgniter\CodeIgniter->handleRequest(null, Object(Config\Cache), false)
 5 FCPATH\index.php(67): CodeIgniter\CodeIgniter->run()
 6 SYSTEMPATH\Commands\Server\rewrite.php(47): require_once('C:\\xampp\\htdocs\\web_deperkasa\\public\\index.php')
CRITICAL - 2023-08-20 17:03:26 --> Undefined index: tanggal
in APPPATH\Controllers\ExcelHarian.php on line 15.
 1 APPPATH\Controllers\ExcelHarian.php(15): CodeIgniter\Debug\Exceptions->errorHandler(8, 'Undefined index: tanggal', 'C:\\xampp\\htdocs\\web_deperkasa\\app\\Controllers\\ExcelHarian.php', 15, [])
 2 SYSTEMPATH\CodeIgniter.php(934): App\Controllers\ExcelHarian->exporthari()
 3 SYSTEMPATH\CodeIgniter.php(499): CodeIgniter\CodeIgniter->runController(Object(App\Controllers\ExcelHarian))
 4 SYSTEMPATH\CodeIgniter.php(368): CodeIgniter\CodeIgniter->handleRequest(null, Object(Config\Cache), false)
 5 FCPATH\index.php(67): CodeIgniter\CodeIgniter->run()
 6 SYSTEMPATH\Commands\Server\rewrite.php(47): require_once('C:\\xampp\\htdocs\\web_deperkasa\\public\\index.php')
CRITICAL - 2023-08-20 17:28:19 --> Undefined index: tanggal
in APPPATH\Controllers\ExcelHarian.php on line 15.
 1 APPPATH\Controllers\ExcelHarian.php(15): CodeIgniter\Debug\Exceptions->errorHandler(8, 'Undefined index: tanggal', 'C:\\xampp\\htdocs\\web_deperkasa\\app\\Controllers\\ExcelHarian.php', 15, [])
 2 SYSTEMPATH\CodeIgniter.php(934): App\Controllers\ExcelHarian->exporthari()
 3 SYSTEMPATH\CodeIgniter.php(499): CodeIgniter\CodeIgniter->runController(Object(App\Controllers\ExcelHarian))
 4 SYSTEMPATH\CodeIgniter.php(368): CodeIgniter\CodeIgniter->handleRequest(null, Object(Config\Cache), false)
 5 FCPATH\index.php(67): CodeIgniter\CodeIgniter->run()
 6 SYSTEMPATH\Commands\Server\rewrite.php(47): require_once('C:\\xampp\\htdocs\\web_deperkasa\\public\\index.php')
CRITICAL - 2023-08-20 17:28:59 --> Undefined index: tanggal
in APPPATH\Controllers\ExcelHarian.php on line 15.
 1 APPPATH\Controllers\ExcelHarian.php(15): CodeIgniter\Debug\Exceptions->errorHandler(8, 'Undefined index: tanggal', 'C:\\xampp\\htdocs\\web_deperkasa\\app\\Controllers\\ExcelHarian.php', 15, [])
 2 SYSTEMPATH\CodeIgniter.php(934): App\Controllers\ExcelHarian->exporthari()
 3 SYSTEMPATH\CodeIgniter.php(499): CodeIgniter\CodeIgniter->runController(Object(App\Controllers\ExcelHarian))
 4 SYSTEMPATH\CodeIgniter.php(368): CodeIgniter\CodeIgniter->handleRequest(null, Object(Config\Cache), false)
 5 FCPATH\index.php(67): CodeIgniter\CodeIgniter->run()
 6 SYSTEMPATH\Commands\Server\rewrite.php(47): require_once('C:\\xampp\\htdocs\\web_deperkasa\\public\\index.php')
CRITICAL - 2023-08-20 17:29:00 --> Undefined index: tanggal
in APPPATH\Controllers\ExcelHarian.php on line 15.
 1 APPPATH\Controllers\ExcelHarian.php(15): CodeIgniter\Debug\Exceptions->errorHandler(8, 'Undefined index: tanggal', 'C:\\xampp\\htdocs\\web_deperkasa\\app\\Controllers\\ExcelHarian.php', 15, [])
 2 SYSTEMPATH\CodeIgniter.php(934): App\Controllers\ExcelHarian->exporthari()
 3 SYSTEMPATH\CodeIgniter.php(499): CodeIgniter\CodeIgniter->runController(Object(App\Controllers\ExcelHarian))
 4 SYSTEMPATH\CodeIgniter.php(368): CodeIgniter\CodeIgniter->handleRequest(null, Object(Config\Cache), false)
 5 FCPATH\index.php(67): CodeIgniter\CodeIgniter->run()
 6 SYSTEMPATH\Commands\Server\rewrite.php(47): require_once('C:\\xampp\\htdocs\\web_deperkasa\\public\\index.php')
CRITICAL - 2023-08-20 17:29:09 --> Undefined index: tanggal
in APPPATH\Controllers\ExcelHarian.php on line 15.
 1 APPPATH\Controllers\ExcelHarian.php(15): CodeIgniter\Debug\Exceptions->errorHandler(8, 'Undefined index: tanggal', 'C:\\xampp\\htdocs\\web_deperkasa\\app\\Controllers\\ExcelHarian.php', 15, [])
 2 SYSTEMPATH\CodeIgniter.php(934): App\Controllers\ExcelHarian->exporthari()
 3 SYSTEMPATH\CodeIgniter.php(499): CodeIgniter\CodeIgniter->runController(Object(App\Controllers\ExcelHarian))
 4 SYSTEMPATH\CodeIgniter.php(368): CodeIgniter\CodeIgniter->handleRequest(null, Object(Config\Cache), false)
 5 FCPATH\index.php(67): CodeIgniter\CodeIgniter->run()
 6 SYSTEMPATH\Commands\Server\rewrite.php(47): require_once('C:\\xampp\\htdocs\\web_deperkasa\\public\\index.php')
CRITICAL - 2023-08-20 17:44:24 --> Undefined index: selected_date
in APPPATH\Controllers\ExcelHarian.php on line 15.
 1 APPPATH\Controllers\ExcelHarian.php(15): CodeIgniter\Debug\Exceptions->errorHandler(8, 'Undefined index: selected_date', 'C:\\xampp\\htdocs\\web_deperkasa\\app\\Controllers\\ExcelHarian.php', 15, [])
 2 SYSTEMPATH\CodeIgniter.php(934): App\Controllers\ExcelHarian->exporthari()
 3 SYSTEMPATH\CodeIgniter.php(499): CodeIgniter\CodeIgniter->runController(Object(App\Controllers\ExcelHarian))
 4 SYSTEMPATH\CodeIgniter.php(368): CodeIgniter\CodeIgniter->handleRequest(null, Object(Config\Cache), false)
 5 FCPATH\index.php(67): CodeIgniter\CodeIgniter->run()
 6 SYSTEMPATH\Commands\Server\rewrite.php(47): require_once('C:\\xampp\\htdocs\\web_deperkasa\\public\\index.php')
CRITICAL - 2023-08-20 17:46:09 --> Undefined index: selected_date
in APPPATH\Controllers\ExcelHarian.php on line 15.
 1 APPPATH\Controllers\ExcelHarian.php(15): CodeIgniter\Debug\Exceptions->errorHandler(8, 'Undefined index: selected_date', 'C:\\xampp\\htdocs\\web_deperkasa\\app\\Controllers\\ExcelHarian.php', 15, [])
 2 SYSTEMPATH\CodeIgniter.php(934): App\Controllers\ExcelHarian->exporthari()
 3 SYSTEMPATH\CodeIgniter.php(499): CodeIgniter\CodeIgniter->runController(Object(App\Controllers\ExcelHarian))
 4 SYSTEMPATH\CodeIgniter.php(368): CodeIgniter\CodeIgniter->handleRequest(null, Object(Config\Cache), false)
 5 FCPATH\index.php(67): CodeIgniter\CodeIgniter->run()
 6 SYSTEMPATH\Commands\Server\rewrite.php(47): require_once('C:\\xampp\\htdocs\\web_deperkasa\\public\\index.php')
CRITICAL - 2023-08-20 18:01:57 --> Undefined index: date
in APPPATH\Controllers\ExcelHarian.php on line 15.
 1 APPPATH\Controllers\ExcelHarian.php(15): CodeIgniter\Debug\Exceptions->errorHandler(8, 'Undefined index: date', 'C:\\xampp\\htdocs\\web_deperkasa\\app\\Controllers\\ExcelHarian.php', 15, [])
 2 SYSTEMPATH\CodeIgniter.php(934): App\Controllers\ExcelHarian->exporthari()
 3 SYSTEMPATH\CodeIgniter.php(499): CodeIgniter\CodeIgniter->runController(Object(App\Controllers\ExcelHarian))
 4 SYSTEMPATH\CodeIgniter.php(368): CodeIgniter\CodeIgniter->handleRequest(null, Object(Config\Cache), false)
 5 FCPATH\index.php(67): CodeIgniter\CodeIgniter->run()
 6 SYSTEMPATH\Commands\Server\rewrite.php(47): require_once('C:\\xampp\\htdocs\\web_deperkasa\\public\\index.php')
CRITICAL - 2023-08-20 18:03:03 --> Undefined index: tanggal
in APPPATH\Controllers\ExcelHarian.php on line 15.
 1 APPPATH\Controllers\ExcelHarian.php(15): CodeIgniter\Debug\Exceptions->errorHandler(8, 'Undefined index: tanggal', 'C:\\xampp\\htdocs\\web_deperkasa\\app\\Controllers\\ExcelHarian.php', 15, [])
 2 SYSTEMPATH\CodeIgniter.php(934): App\Controllers\ExcelHarian->exporthari()
 3 SYSTEMPATH\CodeIgniter.php(499): CodeIgniter\CodeIgniter->runController(Object(App\Controllers\ExcelHarian))
 4 SYSTEMPATH\CodeIgniter.php(368): CodeIgniter\CodeIgniter->handleRequest(null, Object(Config\Cache), false)
 5 FCPATH\index.php(67): CodeIgniter\CodeIgniter->run()
 6 SYSTEMPATH\Commands\Server\rewrite.php(47): require_once('C:\\xampp\\htdocs\\web_deperkasa\\public\\index.php')
CRITICAL - 2023-08-20 18:03:35 --> Undefined index: tanggal
in APPPATH\Controllers\ExcelHarian.php on line 15.
 1 APPPATH\Controllers\ExcelHarian.php(15): CodeIgniter\Debug\Exceptions->errorHandler(8, 'Undefined index: tanggal', 'C:\\xampp\\htdocs\\web_deperkasa\\app\\Controllers\\ExcelHarian.php', 15, [])
 2 SYSTEMPATH\CodeIgniter.php(934): App\Controllers\ExcelHarian->exporthari()
 3 SYSTEMPATH\CodeIgniter.php(499): CodeIgniter\CodeIgniter->runController(Object(App\Controllers\ExcelHarian))
 4 SYSTEMPATH\CodeIgniter.php(368): CodeIgniter\CodeIgniter->handleRequest(null, Object(Config\Cache), false)
 5 FCPATH\index.php(67): CodeIgniter\CodeIgniter->run()
 6 SYSTEMPATH\Commands\Server\rewrite.php(47): require_once('C:\\xampp\\htdocs\\web_deperkasa\\public\\index.php')
CRITICAL - 2023-08-20 18:03:41 --> Undefined index: tanggal
in APPPATH\Controllers\ExcelHarian.php on line 15.
 1 APPPATH\Controllers\ExcelHarian.php(15): CodeIgniter\Debug\Exceptions->errorHandler(8, 'Undefined index: tanggal', 'C:\\xampp\\htdocs\\web_deperkasa\\app\\Controllers\\ExcelHarian.php', 15, [])
 2 SYSTEMPATH\CodeIgniter.php(934): App\Controllers\ExcelHarian->exporthari()
 3 SYSTEMPATH\CodeIgniter.php(499): CodeIgniter\CodeIgniter->runController(Object(App\Controllers\ExcelHarian))
 4 SYSTEMPATH\CodeIgniter.php(368): CodeIgniter\CodeIgniter->handleRequest(null, Object(Config\Cache), false)
 5 FCPATH\index.php(67): CodeIgniter\CodeIgniter->run()
 6 SYSTEMPATH\Commands\Server\rewrite.php(47): require_once('C:\\xampp\\htdocs\\web_deperkasa\\public\\index.php')
CRITICAL - 2023-08-20 18:04:52 --> Undefined index: tanggal
in APPPATH\Controllers\ExcelHarian.php on line 15.
 1 APPPATH\Controllers\ExcelHarian.php(15): CodeIgniter\Debug\Exceptions->errorHandler(8, 'Undefined index: tanggal', 'C:\\xampp\\htdocs\\web_deperkasa\\app\\Controllers\\ExcelHarian.php', 15, [])
 2 SYSTEMPATH\CodeIgniter.php(934): App\Controllers\ExcelHarian->exporthari()
 3 SYSTEMPATH\CodeIgniter.php(499): CodeIgniter\CodeIgniter->runController(Object(App\Controllers\ExcelHarian))
 4 SYSTEMPATH\CodeIgniter.php(368): CodeIgniter\CodeIgniter->handleRequest(null, Object(Config\Cache), false)
 5 FCPATH\index.php(67): CodeIgniter\CodeIgniter->run()
 6 SYSTEMPATH\Commands\Server\rewrite.php(47): require_once('C:\\xampp\\htdocs\\web_deperkasa\\public\\index.php')
CRITICAL - 2023-08-20 18:08:57 --> Undefined index: tanggal
in APPPATH\Controllers\ExcelHarian.php on line 15.
 1 APPPATH\Controllers\ExcelHarian.php(15): CodeIgniter\Debug\Exceptions->errorHandler(8, 'Undefined index: tanggal', 'C:\\xampp\\htdocs\\web_deperkasa\\app\\Controllers\\ExcelHarian.php', 15, [])
 2 SYSTEMPATH\CodeIgniter.php(934): App\Controllers\ExcelHarian->exporthari()
 3 SYSTEMPATH\CodeIgniter.php(499): CodeIgniter\CodeIgniter->runController(Object(App\Controllers\ExcelHarian))
 4 SYSTEMPATH\CodeIgniter.php(368): CodeIgniter\CodeIgniter->handleRequest(null, Object(Config\Cache), false)
 5 FCPATH\index.php(67): CodeIgniter\CodeIgniter->run()
 6 SYSTEMPATH\Commands\Server\rewrite.php(47): require_once('C:\\xampp\\htdocs\\web_deperkasa\\public\\index.php')
CRITICAL - 2023-08-20 18:09:51 --> Undefined index: 19-08-2023
in APPPATH\Controllers\ExcelHarian.php on line 15.
 1 APPPATH\Controllers\ExcelHarian.php(15): CodeIgniter\Debug\Exceptions->errorHandler(8, 'Undefined index: 19-08-2023', 'C:\\xampp\\htdocs\\web_deperkasa\\app\\Controllers\\ExcelHarian.php', 15, [])
 2 SYSTEMPATH\CodeIgniter.php(934): App\Controllers\ExcelHarian->exporthari()
 3 SYSTEMPATH\CodeIgniter.php(499): CodeIgniter\CodeIgniter->runController(Object(App\Controllers\ExcelHarian))
 4 SYSTEMPATH\CodeIgniter.php(368): CodeIgniter\CodeIgniter->handleRequest(null, Object(Config\Cache), false)
 5 FCPATH\index.php(67): CodeIgniter\CodeIgniter->run()
 6 SYSTEMPATH\Commands\Server\rewrite.php(47): require_once('C:\\xampp\\htdocs\\web_deperkasa\\public\\index.php')
CRITICAL - 2023-08-20 18:10:52 --> Undefined index: date
in APPPATH\Controllers\ExcelHarian.php on line 15.
 1 APPPATH\Controllers\ExcelHarian.php(15): CodeIgniter\Debug\Exceptions->errorHandler(8, 'Undefined index: date', 'C:\\xampp\\htdocs\\web_deperkasa\\app\\Controllers\\ExcelHarian.php', 15, [])
 2 SYSTEMPATH\CodeIgniter.php(934): App\Controllers\ExcelHarian->exporthari()
 3 SYSTEMPATH\CodeIgniter.php(499): CodeIgniter\CodeIgniter->runController(Object(App\Controllers\ExcelHarian))
 4 SYSTEMPATH\CodeIgniter.php(368): CodeIgniter\CodeIgniter->handleRequest(null, Object(Config\Cache), false)
 5 FCPATH\index.php(67): CodeIgniter\CodeIgniter->run()
 6 SYSTEMPATH\Commands\Server\rewrite.php(47): require_once('C:\\xampp\\htdocs\\web_deperkasa\\public\\index.php')
CRITICAL - 2023-08-20 18:10:54 --> Undefined index: date
in APPPATH\Controllers\ExcelHarian.php on line 15.
 1 APPPATH\Controllers\ExcelHarian.php(15): CodeIgniter\Debug\Exceptions->errorHandler(8, 'Undefined index: date', 'C:\\xampp\\htdocs\\web_deperkasa\\app\\Controllers\\ExcelHarian.php', 15, [])
 2 SYSTEMPATH\CodeIgniter.php(934): App\Controllers\ExcelHarian->exporthari()
 3 SYSTEMPATH\CodeIgniter.php(499): CodeIgniter\CodeIgniter->runController(Object(App\Controllers\ExcelHarian))
 4 SYSTEMPATH\CodeIgniter.php(368): CodeIgniter\CodeIgniter->handleRequest(null, Object(Config\Cache), false)
 5 FCPATH\index.php(67): CodeIgniter\CodeIgniter->run()
 6 SYSTEMPATH\Commands\Server\rewrite.php(47): require_once('C:\\xampp\\htdocs\\web_deperkasa\\public\\index.php')
CRITICAL - 2023-08-20 18:11:02 --> Undefined index: date
in APPPATH\Controllers\ExcelHarian.php on line 15.
 1 APPPATH\Controllers\ExcelHarian.php(15): CodeIgniter\Debug\Exceptions->errorHandler(8, 'Undefined index: date', 'C:\\xampp\\htdocs\\web_deperkasa\\app\\Controllers\\ExcelHarian.php', 15, [])
 2 SYSTEMPATH\CodeIgniter.php(934): App\Controllers\ExcelHarian->exporthari()
 3 SYSTEMPATH\CodeIgniter.php(499): CodeIgniter\CodeIgniter->runController(Object(App\Controllers\ExcelHarian))
 4 SYSTEMPATH\CodeIgniter.php(368): CodeIgniter\CodeIgniter->handleRequest(null, Object(Config\Cache), false)
 5 FCPATH\index.php(67): CodeIgniter\CodeIgniter->run()
 6 SYSTEMPATH\Commands\Server\rewrite.php(47): require_once('C:\\xampp\\htdocs\\web_deperkasa\\public\\index.php')
CRITICAL - 2023-08-20 18:11:54 --> Undefined index: date
in APPPATH\Controllers\ExcelHarian.php on line 15.
 1 APPPATH\Controllers\ExcelHarian.php(15): CodeIgniter\Debug\Exceptions->errorHandler(8, 'Undefined index: date', 'C:\\xampp\\htdocs\\web_deperkasa\\app\\Controllers\\ExcelHarian.php', 15, [])
 2 SYSTEMPATH\CodeIgniter.php(934): App\Controllers\ExcelHarian->exporthari()
 3 SYSTEMPATH\CodeIgniter.php(499): CodeIgniter\CodeIgniter->runController(Object(App\Controllers\ExcelHarian))
 4 SYSTEMPATH\CodeIgniter.php(368): CodeIgniter\CodeIgniter->handleRequest(null, Object(Config\Cache), false)
 5 FCPATH\index.php(67): CodeIgniter\CodeIgniter->run()
 6 SYSTEMPATH\Commands\Server\rewrite.php(47): require_once('C:\\xampp\\htdocs\\web_deperkasa\\public\\index.php')
CRITICAL - 2023-08-20 18:12:12 --> Undefined index: tanggal
in APPPATH\Controllers\ExcelHarian.php on line 15.
 1 APPPATH\Controllers\ExcelHarian.php(15): CodeIgniter\Debug\Exceptions->errorHandler(8, 'Undefined index: tanggal', 'C:\\xampp\\htdocs\\web_deperkasa\\app\\Controllers\\ExcelHarian.php', 15, [])
 2 SYSTEMPATH\CodeIgniter.php(934): App\Controllers\ExcelHarian->exporthari()
 3 SYSTEMPATH\CodeIgniter.php(499): CodeIgniter\CodeIgniter->runController(Object(App\Controllers\ExcelHarian))
 4 SYSTEMPATH\CodeIgniter.php(368): CodeIgniter\CodeIgniter->handleRequest(null, Object(Config\Cache), false)
 5 FCPATH\index.php(67): CodeIgniter\CodeIgniter->run()
 6 SYSTEMPATH\Commands\Server\rewrite.php(47): require_once('C:\\xampp\\htdocs\\web_deperkasa\\public\\index.php')
CRITICAL - 2023-08-20 19:12:47 --> A non well formed numeric value encountered
in APPPATH\Controllers\ExcelHarian.php on line 93.
 1 [internal function]: CodeIgniter\Debug\Exceptions->errorHandler(8, 'A non well formed numeric value encountered', 'C:\\xampp\\htdocs\\web_deperkasa\\app\\Controllers\\ExcelHarian.php', 93, [...])
 2 APPPATH\Controllers\ExcelHarian.php(93): date('Y-m-d', '2023-08-13')
 3 SYSTEMPATH\CodeIgniter.php(934): App\Controllers\ExcelHarian->exportminggu()
 4 SYSTEMPATH\CodeIgniter.php(499): CodeIgniter\CodeIgniter->runController(Object(App\Controllers\ExcelHarian))
 5 SYSTEMPATH\CodeIgniter.php(368): CodeIgniter\CodeIgniter->handleRequest(null, Object(Config\Cache), false)
 6 FCPATH\index.php(67): CodeIgniter\CodeIgniter->run()
 7 SYSTEMPATH\Commands\Server\rewrite.php(47): require_once('C:\\xampp\\htdocs\\web_deperkasa\\public\\index.php')
CRITICAL - 2023-08-20 19:13:37 --> A non well formed numeric value encountered
in APPPATH\Controllers\ExcelHarian.php on line 93.
 1 [internal function]: CodeIgniter\Debug\Exceptions->errorHandler(8, 'A non well formed numeric value encountered', 'C:\\xampp\\htdocs\\web_deperkasa\\app\\Controllers\\ExcelHarian.php', 93, [...])
 2 APPPATH\Controllers\ExcelHarian.php(93): date('Y-m-d', '2023-08-13')
 3 SYSTEMPATH\CodeIgniter.php(934): App\Controllers\ExcelHarian->exportminggu()
 4 SYSTEMPATH\CodeIgniter.php(499): CodeIgniter\CodeIgniter->runController(Object(App\Controllers\ExcelHarian))
 5 SYSTEMPATH\CodeIgniter.php(368): CodeIgniter\CodeIgniter->handleRequest(null, Object(Config\Cache), false)
 6 FCPATH\index.php(67): CodeIgniter\CodeIgniter->run()
 7 SYSTEMPATH\Commands\Server\rewrite.php(47): require_once('C:\\xampp\\htdocs\\web_deperkasa\\public\\index.php')
CRITICAL - 2023-08-20 19:14:25 --> A non well formed numeric value encountered
in APPPATH\Controllers\ExcelHarian.php on line 93.
 1 [internal function]: CodeIgniter\Debug\Exceptions->errorHandler(8, 'A non well formed numeric value encountered', 'C:\\xampp\\htdocs\\web_deperkasa\\app\\Controllers\\ExcelHarian.php', 93, [...])
 2 APPPATH\Controllers\ExcelHarian.php(93): date('Y-m-d', '2023-08-13')
 3 SYSTEMPATH\CodeIgniter.php(934): App\Controllers\ExcelHarian->exportminggu()
 4 SYSTEMPATH\CodeIgniter.php(499): CodeIgniter\CodeIgniter->runController(Object(App\Controllers\ExcelHarian))
 5 SYSTEMPATH\CodeIgniter.php(368): CodeIgniter\CodeIgniter->handleRequest(null, Object(Config\Cache), false)
 6 FCPATH\index.php(67): CodeIgniter\CodeIgniter->run()
 7 SYSTEMPATH\Commands\Server\rewrite.php(47): require_once('C:\\xampp\\htdocs\\web_deperkasa\\public\\index.php')
CRITICAL - 2023-08-20 19:14:31 --> A non well formed numeric value encountered
in APPPATH\Controllers\ExcelHarian.php on line 93.
 1 [internal function]: CodeIgniter\Debug\Exceptions->errorHandler(8, 'A non well formed numeric value encountered', 'C:\\xampp\\htdocs\\web_deperkasa\\app\\Controllers\\ExcelHarian.php', 93, [...])
 2 APPPATH\Controllers\ExcelHarian.php(93): date('Y-m-d', '2023-08-13')
 3 SYSTEMPATH\CodeIgniter.php(934): App\Controllers\ExcelHarian->exportminggu()
 4 SYSTEMPATH\CodeIgniter.php(499): CodeIgniter\CodeIgniter->runController(Object(App\Controllers\ExcelHarian))
 5 SYSTEMPATH\CodeIgniter.php(368): CodeIgniter\CodeIgniter->handleRequest(null, Object(Config\Cache), false)
 6 FCPATH\index.php(67): CodeIgniter\CodeIgniter->run()
 7 SYSTEMPATH\Commands\Server\rewrite.php(47): require_once('C:\\xampp\\htdocs\\web_deperkasa\\public\\index.php')
CRITICAL - 2023-08-20 19:20:47 --> date() expects parameter 2 to be int, string given
in APPPATH\Controllers\ExcelHarian.php on line 93.
 1 [internal function]: CodeIgniter\Debug\Exceptions->errorHandler(2, 'date() expects parameter 2 to be int, string given', 'C:\\xampp\\htdocs\\web_deperkasa\\app\\Controllers\\ExcelHarian.php', 93, [...])
 2 APPPATH\Controllers\ExcelHarian.php(93): date('Y-m-d', '')
 3 SYSTEMPATH\CodeIgniter.php(934): App\Controllers\ExcelHarian->exportminggu()
 4 SYSTEMPATH\CodeIgniter.php(499): CodeIgniter\CodeIgniter->runController(Object(App\Controllers\ExcelHarian))
 5 SYSTEMPATH\CodeIgniter.php(368): CodeIgniter\CodeIgniter->handleRequest(null, Object(Config\Cache), false)
 6 FCPATH\index.php(67): CodeIgniter\CodeIgniter->run()
 7 SYSTEMPATH\Commands\Server\rewrite.php(47): require_once('C:\\xampp\\htdocs\\web_deperkasa\\public\\index.php')
INFO - 2023-08-20 19:26:14 --> Session: Class initialized using 'CodeIgniter\Session\Handlers\FileHandler' driver.
INFO - 2023-08-20 19:37:37 --> Session: Class initialized using 'CodeIgniter\Session\Handlers\FileHandler' driver.
INFO - 2023-08-20 19:39:52 --> Session: Class initialized using 'CodeIgniter\Session\Handlers\FileHandler' driver.
