ERROR - 2023-08-22 03:05:23 --> Error connecting to the database: mysqli_sql_exception: No connection could be made because the target machine actively refused it.
 in C:\xampp\htdocs\web_deperkasa\system\Database\MySQLi\Connection.php:174
Stack trace:
#0 C:\xampp\htdocs\web_deperkasa\system\Database\MySQLi\Connection.php(174): mysqli->real_connect('localhost', 'root', '', 'deperkasa', 3306, '', 0)
#1 C:\xampp\htdocs\web_deperkasa\system\Database\BaseConnection.php(391): CodeIgniter\Database\MySQLi\Connection->connect(false)
#2 C:\xampp\htdocs\web_deperkasa\system\Database\BaseConnection.php(574): CodeIgniter\Database\BaseConnection->initialize()
#3 C:\xampp\htdocs\web_deperkasa\system\Database\BaseBuilder.php(1700): CodeIgniter\Database\BaseConnection->query('SELECT COUNT(*)...', Array, false)
#4 C:\xampp\htdocs\web_deperkasa\system\Model.php(606): CodeIgniter\Database\BaseBuilder->countAllResults(true)
#5 C:\xampp\htdocs\web_deperkasa\app\Controllers\Home.php(20): CodeIgniter\Model->countAllResults()
#6 C:\xampp\htdocs\web_deperkasa\system\CodeIgniter.php(934): App\Controllers\Home->index()
#7 C:\xampp\htdocs\web_deperkasa\system\CodeIgniter.php(499): CodeIgniter\CodeIgniter->runController(Object(App\Controllers\Home))
#8 C:\xampp\htdocs\web_deperkasa\system\CodeIgniter.php(368): CodeIgniter\CodeIgniter->handleRequest(NULL, Object(Config\Cache), false)
#9 C:\xampp\htdocs\web_deperkasa\public\index.php(67): CodeIgniter\CodeIgniter->run()
#10 C:\xampp\htdocs\web_deperkasa\system\Commands\Server\rewrite.php(47): require_once('C:\\xampp\\htdocs...')
#11 {main}

Next CodeIgniter\Database\Exceptions\DatabaseException: No connection could be made because the target machine actively refused it.
 in C:\xampp\htdocs\web_deperkasa\system\Database\MySQLi\Connection.php:218
Stack trace:
#0 C:\xampp\htdocs\web_deperkasa\system\Database\BaseConnection.php(391): CodeIgniter\Database\MySQLi\Connection->connect(false)
#1 C:\xampp\htdocs\web_deperkasa\system\Database\BaseConnection.php(574): CodeIgniter\Database\BaseConnection->initialize()
#2 C:\xampp\htdocs\web_deperkasa\system\Database\BaseBuilder.php(1700): CodeIgniter\Database\BaseConnection->query('SELECT COUNT(*)...', Array, false)
#3 C:\xampp\htdocs\web_deperkasa\system\Model.php(606): CodeIgniter\Database\BaseBuilder->countAllResults(true)
#4 C:\xampp\htdocs\web_deperkasa\app\Controllers\Home.php(20): CodeIgniter\Model->countAllResults()
#5 C:\xampp\htdocs\web_deperkasa\system\CodeIgniter.php(934): App\Controllers\Home->index()
#6 C:\xampp\htdocs\web_deperkasa\system\CodeIgniter.php(499): CodeIgniter\CodeIgniter->runController(Object(App\Controllers\Home))
#7 C:\xampp\htdocs\web_deperkasa\system\CodeIgniter.php(368): CodeIgniter\CodeIgniter->handleRequest(NULL, Object(Config\Cache), false)
#8 C:\xampp\htdocs\web_deperkasa\public\index.php(67): CodeIgniter\CodeIgniter->run()
#9 C:\xampp\htdocs\web_deperkasa\system\Commands\Server\rewrite.php(47): require_once('C:\\xampp\\htdocs...')
#10 {main}
CRITICAL - 2023-08-22 03:05:23 --> Unable to connect to the database.
Main connection [MySQLi]: No connection could be made because the target machine actively refused it.

in SYSTEMPATH\Database\BaseConnection.php on line 427.
 1 SYSTEMPATH\Database\BaseConnection.php(574): CodeIgniter\Database\BaseConnection->initialize()
 2 SYSTEMPATH\Database\BaseBuilder.php(1700): CodeIgniter\Database\BaseConnection->query('SELECT COUNT(*) AS `numrows`
FROM `data_minuman`', [], false)
 3 SYSTEMPATH\Model.php(606): CodeIgniter\Database\BaseBuilder->countAllResults(true)
 4 APPPATH\Controllers\Home.php(20): CodeIgniter\Model->countAllResults()
 5 SYSTEMPATH\CodeIgniter.php(934): App\Controllers\Home->index()
 6 SYSTEMPATH\CodeIgniter.php(499): CodeIgniter\CodeIgniter->runController(Object(App\Controllers\Home))
 7 SYSTEMPATH\CodeIgniter.php(368): CodeIgniter\CodeIgniter->handleRequest(null, Object(Config\Cache), false)
 8 FCPATH\index.php(67): CodeIgniter\CodeIgniter->run()
 9 SYSTEMPATH\Commands\Server\rewrite.php(47): require_once('C:\\xampp\\htdocs\\web_deperkasa\\public\\index.php')
INFO - 2023-08-22 03:05:39 --> Session: Class initialized using 'CodeIgniter\Session\Handlers\FileHandler' driver.
ERROR - 2023-08-22 03:05:43 --> Error connecting to the database: mysqli_sql_exception: No connection could be made because the target machine actively refused it.
 in C:\xampp\htdocs\web_deperkasa\system\Database\MySQLi\Connection.php:174
Stack trace:
#0 C:\xampp\htdocs\web_deperkasa\system\Database\MySQLi\Connection.php(174): mysqli->real_connect('localhost', 'root', '', 'deperkasa', 3306, '', 0)
#1 C:\xampp\htdocs\web_deperkasa\system\Database\BaseConnection.php(391): CodeIgniter\Database\MySQLi\Connection->connect(false)
#2 C:\xampp\htdocs\web_deperkasa\system\Database\BaseConnection.php(574): CodeIgniter\Database\BaseConnection->initialize()
#3 C:\xampp\htdocs\web_deperkasa\system\Database\BaseBuilder.php(1616): CodeIgniter\Database\BaseConnection->query('SELECT *\nFROM `...', Array, false)
#4 C:\xampp\htdocs\web_deperkasa\system\Model.php(268): CodeIgniter\Database\BaseBuilder->get()
#5 C:\xampp\htdocs\web_deperkasa\system\BaseModel.php(656): CodeIgniter\Model->doFirst()
#6 C:\xampp\htdocs\web_deperkasa\app\Controllers\Auth.php(26): CodeIgniter\BaseModel->first()
#7 C:\xampp\htdocs\web_deperkasa\system\CodeIgniter.php(934): App\Controllers\Auth->auth()
#8 C:\xampp\htdocs\web_deperkasa\system\CodeIgniter.php(499): CodeIgniter\CodeIgniter->runController(Object(App\Controllers\Auth))
#9 C:\xampp\htdocs\web_deperkasa\system\CodeIgniter.php(368): CodeIgniter\CodeIgniter->handleRequest(NULL, Object(Config\Cache), false)
#10 C:\xampp\htdocs\web_deperkasa\public\index.php(67): CodeIgniter\CodeIgniter->run()
#11 C:\xampp\htdocs\web_deperkasa\system\Commands\Server\rewrite.php(47): require_once('C:\\xampp\\htdocs...')
#12 {main}

Next CodeIgniter\Database\Exceptions\DatabaseException: No connection could be made because the target machine actively refused it.
 in C:\xampp\htdocs\web_deperkasa\system\Database\MySQLi\Connection.php:218
Stack trace:
#0 C:\xampp\htdocs\web_deperkasa\system\Database\BaseConnection.php(391): CodeIgniter\Database\MySQLi\Connection->connect(false)
#1 C:\xampp\htdocs\web_deperkasa\system\Database\BaseConnection.php(574): CodeIgniter\Database\BaseConnection->initialize()
#2 C:\xampp\htdocs\web_deperkasa\system\Database\BaseBuilder.php(1616): CodeIgniter\Database\BaseConnection->query('SELECT *\nFROM `...', Array, false)
#3 C:\xampp\htdocs\web_deperkasa\system\Model.php(268): CodeIgniter\Database\BaseBuilder->get()
#4 C:\xampp\htdocs\web_deperkasa\system\BaseModel.php(656): CodeIgniter\Model->doFirst()
#5 C:\xampp\htdocs\web_deperkasa\app\Controllers\Auth.php(26): CodeIgniter\BaseModel->first()
#6 C:\xampp\htdocs\web_deperkasa\system\CodeIgniter.php(934): App\Controllers\Auth->auth()
#7 C:\xampp\htdocs\web_deperkasa\system\CodeIgniter.php(499): CodeIgniter\CodeIgniter->runController(Object(App\Controllers\Auth))
#8 C:\xampp\htdocs\web_deperkasa\system\CodeIgniter.php(368): CodeIgniter\CodeIgniter->handleRequest(NULL, Object(Config\Cache), false)
#9 C:\xampp\htdocs\web_deperkasa\public\index.php(67): CodeIgniter\CodeIgniter->run()
#10 C:\xampp\htdocs\web_deperkasa\system\Commands\Server\rewrite.php(47): require_once('C:\\xampp\\htdocs...')
#11 {main}
CRITICAL - 2023-08-22 03:05:43 --> Unable to connect to the database.
Main connection [MySQLi]: No connection could be made because the target machine actively refused it.

in SYSTEMPATH\Database\BaseConnection.php on line 427.
 1 SYSTEMPATH\Database\BaseConnection.php(574): CodeIgniter\Database\BaseConnection->initialize()
 2 SYSTEMPATH\Database\BaseBuilder.php(1616): CodeIgniter\Database\BaseConnection->query('SELECT *
FROM `user`
WHERE `username` = :username:
 LIMIT 1', [...], false)
 3 SYSTEMPATH\Model.php(268): CodeIgniter\Database\BaseBuilder->get()
 4 SYSTEMPATH\BaseModel.php(656): CodeIgniter\Model->doFirst()
 5 APPPATH\Controllers\Auth.php(26): CodeIgniter\BaseModel->first()
 6 SYSTEMPATH\CodeIgniter.php(934): App\Controllers\Auth->auth()
 7 SYSTEMPATH\CodeIgniter.php(499): CodeIgniter\CodeIgniter->runController(Object(App\Controllers\Auth))
 8 SYSTEMPATH\CodeIgniter.php(368): CodeIgniter\CodeIgniter->handleRequest(null, Object(Config\Cache), false)
 9 FCPATH\index.php(67): CodeIgniter\CodeIgniter->run()
10 SYSTEMPATH\Commands\Server\rewrite.php(47): require_once('C:\\xampp\\htdocs\\web_deperkasa\\public\\index.php')
INFO - 2023-08-22 03:07:36 --> Session: Class initialized using 'CodeIgniter\Session\Handlers\FileHandler' driver.
ERROR - 2023-08-22 03:07:40 --> Error connecting to the database: mysqli_sql_exception: No connection could be made because the target machine actively refused it.
 in C:\xampp\htdocs\web_deperkasa\system\Database\MySQLi\Connection.php:174
Stack trace:
#0 C:\xampp\htdocs\web_deperkasa\system\Database\MySQLi\Connection.php(174): mysqli->real_connect('localhost', 'root', '', 'deperkasa', 3306, '', 0)
#1 C:\xampp\htdocs\web_deperkasa\system\Database\BaseConnection.php(391): CodeIgniter\Database\MySQLi\Connection->connect(false)
#2 C:\xampp\htdocs\web_deperkasa\system\Database\BaseConnection.php(574): CodeIgniter\Database\BaseConnection->initialize()
#3 C:\xampp\htdocs\web_deperkasa\system\Database\BaseBuilder.php(1616): CodeIgniter\Database\BaseConnection->query('SELECT *\nFROM `...', Array, false)
#4 C:\xampp\htdocs\web_deperkasa\system\Model.php(268): CodeIgniter\Database\BaseBuilder->get()
#5 C:\xampp\htdocs\web_deperkasa\system\BaseModel.php(656): CodeIgniter\Model->doFirst()
#6 C:\xampp\htdocs\web_deperkasa\app\Controllers\Auth.php(26): CodeIgniter\BaseModel->first()
#7 C:\xampp\htdocs\web_deperkasa\system\CodeIgniter.php(934): App\Controllers\Auth->auth()
#8 C:\xampp\htdocs\web_deperkasa\system\CodeIgniter.php(499): CodeIgniter\CodeIgniter->runController(Object(App\Controllers\Auth))
#9 C:\xampp\htdocs\web_deperkasa\system\CodeIgniter.php(368): CodeIgniter\CodeIgniter->handleRequest(NULL, Object(Config\Cache), false)
#10 C:\xampp\htdocs\web_deperkasa\public\index.php(67): CodeIgniter\CodeIgniter->run()
#11 C:\xampp\htdocs\web_deperkasa\system\Commands\Server\rewrite.php(47): require_once('C:\\xampp\\htdocs...')
#12 {main}

Next CodeIgniter\Database\Exceptions\DatabaseException: No connection could be made because the target machine actively refused it.
 in C:\xampp\htdocs\web_deperkasa\system\Database\MySQLi\Connection.php:218
Stack trace:
#0 C:\xampp\htdocs\web_deperkasa\system\Database\BaseConnection.php(391): CodeIgniter\Database\MySQLi\Connection->connect(false)
#1 C:\xampp\htdocs\web_deperkasa\system\Database\BaseConnection.php(574): CodeIgniter\Database\BaseConnection->initialize()
#2 C:\xampp\htdocs\web_deperkasa\system\Database\BaseBuilder.php(1616): CodeIgniter\Database\BaseConnection->query('SELECT *\nFROM `...', Array, false)
#3 C:\xampp\htdocs\web_deperkasa\system\Model.php(268): CodeIgniter\Database\BaseBuilder->get()
#4 C:\xampp\htdocs\web_deperkasa\system\BaseModel.php(656): CodeIgniter\Model->doFirst()
#5 C:\xampp\htdocs\web_deperkasa\app\Controllers\Auth.php(26): CodeIgniter\BaseModel->first()
#6 C:\xampp\htdocs\web_deperkasa\system\CodeIgniter.php(934): App\Controllers\Auth->auth()
#7 C:\xampp\htdocs\web_deperkasa\system\CodeIgniter.php(499): CodeIgniter\CodeIgniter->runController(Object(App\Controllers\Auth))
#8 C:\xampp\htdocs\web_deperkasa\system\CodeIgniter.php(368): CodeIgniter\CodeIgniter->handleRequest(NULL, Object(Config\Cache), false)
#9 C:\xampp\htdocs\web_deperkasa\public\index.php(67): CodeIgniter\CodeIgniter->run()
#10 C:\xampp\htdocs\web_deperkasa\system\Commands\Server\rewrite.php(47): require_once('C:\\xampp\\htdocs...')
#11 {main}
CRITICAL - 2023-08-22 03:07:40 --> Unable to connect to the database.
Main connection [MySQLi]: No connection could be made because the target machine actively refused it.

in SYSTEMPATH\Database\BaseConnection.php on line 427.
 1 SYSTEMPATH\Database\BaseConnection.php(574): CodeIgniter\Database\BaseConnection->initialize()
 2 SYSTEMPATH\Database\BaseBuilder.php(1616): CodeIgniter\Database\BaseConnection->query('SELECT *
FROM `user`
WHERE `username` = :username:
 LIMIT 1', [...], false)
 3 SYSTEMPATH\Model.php(268): CodeIgniter\Database\BaseBuilder->get()
 4 SYSTEMPATH\BaseModel.php(656): CodeIgniter\Model->doFirst()
 5 APPPATH\Controllers\Auth.php(26): CodeIgniter\BaseModel->first()
 6 SYSTEMPATH\CodeIgniter.php(934): App\Controllers\Auth->auth()
 7 SYSTEMPATH\CodeIgniter.php(499): CodeIgniter\CodeIgniter->runController(Object(App\Controllers\Auth))
 8 SYSTEMPATH\CodeIgniter.php(368): CodeIgniter\CodeIgniter->handleRequest(null, Object(Config\Cache), false)
 9 FCPATH\index.php(67): CodeIgniter\CodeIgniter->run()
10 SYSTEMPATH\Commands\Server\rewrite.php(47): require_once('C:\\xampp\\htdocs\\web_deperkasa\\public\\index.php')
ERROR - 2023-08-22 03:07:49 --> Error connecting to the database: mysqli_sql_exception: No connection could be made because the target machine actively refused it.
 in C:\xampp\htdocs\web_deperkasa\system\Database\MySQLi\Connection.php:174
Stack trace:
#0 C:\xampp\htdocs\web_deperkasa\system\Database\MySQLi\Connection.php(174): mysqli->real_connect('localhost', 'root', '', 'deperkasa', 3306, '', 0)
#1 C:\xampp\htdocs\web_deperkasa\system\Database\BaseConnection.php(391): CodeIgniter\Database\MySQLi\Connection->connect(false)
#2 C:\xampp\htdocs\web_deperkasa\system\Database\BaseConnection.php(574): CodeIgniter\Database\BaseConnection->initialize()
#3 C:\xampp\htdocs\web_deperkasa\system\Database\BaseBuilder.php(1700): CodeIgniter\Database\BaseConnection->query('SELECT COUNT(*)...', Array, false)
#4 C:\xampp\htdocs\web_deperkasa\system\Model.php(606): CodeIgniter\Database\BaseBuilder->countAllResults(true)
#5 C:\xampp\htdocs\web_deperkasa\app\Controllers\Home.php(20): CodeIgniter\Model->countAllResults()
#6 C:\xampp\htdocs\web_deperkasa\system\CodeIgniter.php(934): App\Controllers\Home->index()
#7 C:\xampp\htdocs\web_deperkasa\system\CodeIgniter.php(499): CodeIgniter\CodeIgniter->runController(Object(App\Controllers\Home))
#8 C:\xampp\htdocs\web_deperkasa\system\CodeIgniter.php(368): CodeIgniter\CodeIgniter->handleRequest(NULL, Object(Config\Cache), false)
#9 C:\xampp\htdocs\web_deperkasa\public\index.php(67): CodeIgniter\CodeIgniter->run()
#10 C:\xampp\htdocs\web_deperkasa\system\Commands\Server\rewrite.php(47): require_once('C:\\xampp\\htdocs...')
#11 {main}

Next CodeIgniter\Database\Exceptions\DatabaseException: No connection could be made because the target machine actively refused it.
 in C:\xampp\htdocs\web_deperkasa\system\Database\MySQLi\Connection.php:218
Stack trace:
#0 C:\xampp\htdocs\web_deperkasa\system\Database\BaseConnection.php(391): CodeIgniter\Database\MySQLi\Connection->connect(false)
#1 C:\xampp\htdocs\web_deperkasa\system\Database\BaseConnection.php(574): CodeIgniter\Database\BaseConnection->initialize()
#2 C:\xampp\htdocs\web_deperkasa\system\Database\BaseBuilder.php(1700): CodeIgniter\Database\BaseConnection->query('SELECT COUNT(*)...', Array, false)
#3 C:\xampp\htdocs\web_deperkasa\system\Model.php(606): CodeIgniter\Database\BaseBuilder->countAllResults(true)
#4 C:\xampp\htdocs\web_deperkasa\app\Controllers\Home.php(20): CodeIgniter\Model->countAllResults()
#5 C:\xampp\htdocs\web_deperkasa\system\CodeIgniter.php(934): App\Controllers\Home->index()
#6 C:\xampp\htdocs\web_deperkasa\system\CodeIgniter.php(499): CodeIgniter\CodeIgniter->runController(Object(App\Controllers\Home))
#7 C:\xampp\htdocs\web_deperkasa\system\CodeIgniter.php(368): CodeIgniter\CodeIgniter->handleRequest(NULL, Object(Config\Cache), false)
#8 C:\xampp\htdocs\web_deperkasa\public\index.php(67): CodeIgniter\CodeIgniter->run()
#9 C:\xampp\htdocs\web_deperkasa\system\Commands\Server\rewrite.php(47): require_once('C:\\xampp\\htdocs...')
#10 {main}
CRITICAL - 2023-08-22 03:07:49 --> Unable to connect to the database.
Main connection [MySQLi]: No connection could be made because the target machine actively refused it.

in SYSTEMPATH\Database\BaseConnection.php on line 427.
 1 SYSTEMPATH\Database\BaseConnection.php(574): CodeIgniter\Database\BaseConnection->initialize()
 2 SYSTEMPATH\Database\BaseBuilder.php(1700): CodeIgniter\Database\BaseConnection->query('SELECT COUNT(*) AS `numrows`
FROM `data_minuman`', [], false)
 3 SYSTEMPATH\Model.php(606): CodeIgniter\Database\BaseBuilder->countAllResults(true)
 4 APPPATH\Controllers\Home.php(20): CodeIgniter\Model->countAllResults()
 5 SYSTEMPATH\CodeIgniter.php(934): App\Controllers\Home->index()
 6 SYSTEMPATH\CodeIgniter.php(499): CodeIgniter\CodeIgniter->runController(Object(App\Controllers\Home))
 7 SYSTEMPATH\CodeIgniter.php(368): CodeIgniter\CodeIgniter->handleRequest(null, Object(Config\Cache), false)
 8 FCPATH\index.php(67): CodeIgniter\CodeIgniter->run()
 9 SYSTEMPATH\Commands\Server\rewrite.php(47): require_once('C:\\xampp\\htdocs\\web_deperkasa\\public\\index.php')
INFO - 2023-08-22 03:07:55 --> Session: Class initialized using 'CodeIgniter\Session\Handlers\FileHandler' driver.
ERROR - 2023-08-22 03:07:59 --> Error connecting to the database: mysqli_sql_exception: No connection could be made because the target machine actively refused it.
 in C:\xampp\htdocs\web_deperkasa\system\Database\MySQLi\Connection.php:174
Stack trace:
#0 C:\xampp\htdocs\web_deperkasa\system\Database\MySQLi\Connection.php(174): mysqli->real_connect('localhost', 'root', '', 'deperkasa', 3306, '', 0)
#1 C:\xampp\htdocs\web_deperkasa\system\Database\BaseConnection.php(391): CodeIgniter\Database\MySQLi\Connection->connect(false)
#2 C:\xampp\htdocs\web_deperkasa\system\Database\BaseConnection.php(574): CodeIgniter\Database\BaseConnection->initialize()
#3 C:\xampp\htdocs\web_deperkasa\system\Database\BaseBuilder.php(1616): CodeIgniter\Database\BaseConnection->query('SELECT *\nFROM `...', Array, false)
#4 C:\xampp\htdocs\web_deperkasa\system\Model.php(268): CodeIgniter\Database\BaseBuilder->get()
#5 C:\xampp\htdocs\web_deperkasa\system\BaseModel.php(656): CodeIgniter\Model->doFirst()
#6 C:\xampp\htdocs\web_deperkasa\app\Controllers\Auth.php(26): CodeIgniter\BaseModel->first()
#7 C:\xampp\htdocs\web_deperkasa\system\CodeIgniter.php(934): App\Controllers\Auth->auth()
#8 C:\xampp\htdocs\web_deperkasa\system\CodeIgniter.php(499): CodeIgniter\CodeIgniter->runController(Object(App\Controllers\Auth))
#9 C:\xampp\htdocs\web_deperkasa\system\CodeIgniter.php(368): CodeIgniter\CodeIgniter->handleRequest(NULL, Object(Config\Cache), false)
#10 C:\xampp\htdocs\web_deperkasa\public\index.php(67): CodeIgniter\CodeIgniter->run()
#11 C:\xampp\htdocs\web_deperkasa\system\Commands\Server\rewrite.php(47): require_once('C:\\xampp\\htdocs...')
#12 {main}

Next CodeIgniter\Database\Exceptions\DatabaseException: No connection could be made because the target machine actively refused it.
 in C:\xampp\htdocs\web_deperkasa\system\Database\MySQLi\Connection.php:218
Stack trace:
#0 C:\xampp\htdocs\web_deperkasa\system\Database\BaseConnection.php(391): CodeIgniter\Database\MySQLi\Connection->connect(false)
#1 C:\xampp\htdocs\web_deperkasa\system\Database\BaseConnection.php(574): CodeIgniter\Database\BaseConnection->initialize()
#2 C:\xampp\htdocs\web_deperkasa\system\Database\BaseBuilder.php(1616): CodeIgniter\Database\BaseConnection->query('SELECT *\nFROM `...', Array, false)
#3 C:\xampp\htdocs\web_deperkasa\system\Model.php(268): CodeIgniter\Database\BaseBuilder->get()
#4 C:\xampp\htdocs\web_deperkasa\system\BaseModel.php(656): CodeIgniter\Model->doFirst()
#5 C:\xampp\htdocs\web_deperkasa\app\Controllers\Auth.php(26): CodeIgniter\BaseModel->first()
#6 C:\xampp\htdocs\web_deperkasa\system\CodeIgniter.php(934): App\Controllers\Auth->auth()
#7 C:\xampp\htdocs\web_deperkasa\system\CodeIgniter.php(499): CodeIgniter\CodeIgniter->runController(Object(App\Controllers\Auth))
#8 C:\xampp\htdocs\web_deperkasa\system\CodeIgniter.php(368): CodeIgniter\CodeIgniter->handleRequest(NULL, Object(Config\Cache), false)
#9 C:\xampp\htdocs\web_deperkasa\public\index.php(67): CodeIgniter\CodeIgniter->run()
#10 C:\xampp\htdocs\web_deperkasa\system\Commands\Server\rewrite.php(47): require_once('C:\\xampp\\htdocs...')
#11 {main}
CRITICAL - 2023-08-22 03:07:59 --> Unable to connect to the database.
Main connection [MySQLi]: No connection could be made because the target machine actively refused it.

in SYSTEMPATH\Database\BaseConnection.php on line 427.
 1 SYSTEMPATH\Database\BaseConnection.php(574): CodeIgniter\Database\BaseConnection->initialize()
 2 SYSTEMPATH\Database\BaseBuilder.php(1616): CodeIgniter\Database\BaseConnection->query('SELECT *
FROM `user`
WHERE `username` = :username:
 LIMIT 1', [...], false)
 3 SYSTEMPATH\Model.php(268): CodeIgniter\Database\BaseBuilder->get()
 4 SYSTEMPATH\BaseModel.php(656): CodeIgniter\Model->doFirst()
 5 APPPATH\Controllers\Auth.php(26): CodeIgniter\BaseModel->first()
 6 SYSTEMPATH\CodeIgniter.php(934): App\Controllers\Auth->auth()
 7 SYSTEMPATH\CodeIgniter.php(499): CodeIgniter\CodeIgniter->runController(Object(App\Controllers\Auth))
 8 SYSTEMPATH\CodeIgniter.php(368): CodeIgniter\CodeIgniter->handleRequest(null, Object(Config\Cache), false)
 9 FCPATH\index.php(67): CodeIgniter\CodeIgniter->run()
10 SYSTEMPATH\Commands\Server\rewrite.php(47): require_once('C:\\xampp\\htdocs\\web_deperkasa\\public\\index.php')
ERROR - 2023-08-22 03:08:20 --> Error connecting to the database: mysqli_sql_exception: No connection could be made because the target machine actively refused it.
 in C:\xampp\htdocs\web_deperkasa\system\Database\MySQLi\Connection.php:174
Stack trace:
#0 C:\xampp\htdocs\web_deperkasa\system\Database\MySQLi\Connection.php(174): mysqli->real_connect('localhost', 'root', '', 'deperkasa', 3306, '', 0)
#1 C:\xampp\htdocs\web_deperkasa\system\Database\BaseConnection.php(391): CodeIgniter\Database\MySQLi\Connection->connect(false)
#2 C:\xampp\htdocs\web_deperkasa\system\Database\BaseConnection.php(574): CodeIgniter\Database\BaseConnection->initialize()
#3 C:\xampp\htdocs\web_deperkasa\system\Database\BaseBuilder.php(1700): CodeIgniter\Database\BaseConnection->query('SELECT COUNT(*)...', Array, false)
#4 C:\xampp\htdocs\web_deperkasa\system\Model.php(606): CodeIgniter\Database\BaseBuilder->countAllResults(true)
#5 C:\xampp\htdocs\web_deperkasa\app\Controllers\Home.php(20): CodeIgniter\Model->countAllResults()
#6 C:\xampp\htdocs\web_deperkasa\system\CodeIgniter.php(934): App\Controllers\Home->index()
#7 C:\xampp\htdocs\web_deperkasa\system\CodeIgniter.php(499): CodeIgniter\CodeIgniter->runController(Object(App\Controllers\Home))
#8 C:\xampp\htdocs\web_deperkasa\system\CodeIgniter.php(368): CodeIgniter\CodeIgniter->handleRequest(NULL, Object(Config\Cache), false)
#9 C:\xampp\htdocs\web_deperkasa\public\index.php(67): CodeIgniter\CodeIgniter->run()
#10 C:\xampp\htdocs\web_deperkasa\system\Commands\Server\rewrite.php(47): require_once('C:\\xampp\\htdocs...')
#11 {main}

Next CodeIgniter\Database\Exceptions\DatabaseException: No connection could be made because the target machine actively refused it.
 in C:\xampp\htdocs\web_deperkasa\system\Database\MySQLi\Connection.php:218
Stack trace:
#0 C:\xampp\htdocs\web_deperkasa\system\Database\BaseConnection.php(391): CodeIgniter\Database\MySQLi\Connection->connect(false)
#1 C:\xampp\htdocs\web_deperkasa\system\Database\BaseConnection.php(574): CodeIgniter\Database\BaseConnection->initialize()
#2 C:\xampp\htdocs\web_deperkasa\system\Database\BaseBuilder.php(1700): CodeIgniter\Database\BaseConnection->query('SELECT COUNT(*)...', Array, false)
#3 C:\xampp\htdocs\web_deperkasa\system\Model.php(606): CodeIgniter\Database\BaseBuilder->countAllResults(true)
#4 C:\xampp\htdocs\web_deperkasa\app\Controllers\Home.php(20): CodeIgniter\Model->countAllResults()
#5 C:\xampp\htdocs\web_deperkasa\system\CodeIgniter.php(934): App\Controllers\Home->index()
#6 C:\xampp\htdocs\web_deperkasa\system\CodeIgniter.php(499): CodeIgniter\CodeIgniter->runController(Object(App\Controllers\Home))
#7 C:\xampp\htdocs\web_deperkasa\system\CodeIgniter.php(368): CodeIgniter\CodeIgniter->handleRequest(NULL, Object(Config\Cache), false)
#8 C:\xampp\htdocs\web_deperkasa\public\index.php(67): CodeIgniter\CodeIgniter->run()
#9 C:\xampp\htdocs\web_deperkasa\system\Commands\Server\rewrite.php(47): require_once('C:\\xampp\\htdocs...')
#10 {main}
CRITICAL - 2023-08-22 03:08:20 --> Unable to connect to the database.
Main connection [MySQLi]: No connection could be made because the target machine actively refused it.

in SYSTEMPATH\Database\BaseConnection.php on line 427.
 1 SYSTEMPATH\Database\BaseConnection.php(574): CodeIgniter\Database\BaseConnection->initialize()
 2 SYSTEMPATH\Database\BaseBuilder.php(1700): CodeIgniter\Database\BaseConnection->query('SELECT COUNT(*) AS `numrows`
FROM `data_minuman`', [], false)
 3 SYSTEMPATH\Model.php(606): CodeIgniter\Database\BaseBuilder->countAllResults(true)
 4 APPPATH\Controllers\Home.php(20): CodeIgniter\Model->countAllResults()
 5 SYSTEMPATH\CodeIgniter.php(934): App\Controllers\Home->index()
 6 SYSTEMPATH\CodeIgniter.php(499): CodeIgniter\CodeIgniter->runController(Object(App\Controllers\Home))
 7 SYSTEMPATH\CodeIgniter.php(368): CodeIgniter\CodeIgniter->handleRequest(null, Object(Config\Cache), false)
 8 FCPATH\index.php(67): CodeIgniter\CodeIgniter->run()
 9 SYSTEMPATH\Commands\Server\rewrite.php(47): require_once('C:\\xampp\\htdocs\\web_deperkasa\\public\\index.php')
INFO - 2023-08-22 03:11:17 --> Session: Class initialized using 'CodeIgniter\Session\Handlers\FileHandler' driver.
CRITICAL - 2023-08-22 04:07:18 --> Too few arguments to function App\Controllers\PdfController::rekapHariantgl(), 0 passed in C:\xampp\htdocs\web_deperkasa\system\CodeIgniter.php on line 934 and exactly 1 expected
in APPPATH\Controllers\PdfController.php on line 15.
 1 SYSTEMPATH\CodeIgniter.php(934): App\Controllers\PdfController->rekapHariantgl()
 2 SYSTEMPATH\CodeIgniter.php(499): CodeIgniter\CodeIgniter->runController(Object(App\Controllers\PdfController))
 3 SYSTEMPATH\CodeIgniter.php(368): CodeIgniter\CodeIgniter->handleRequest(null, Object(Config\Cache), false)
 4 FCPATH\index.php(67): CodeIgniter\CodeIgniter->run()
 5 SYSTEMPATH\Commands\Server\rewrite.php(47): require_once('C:\\xampp\\htdocs\\web_deperkasa\\public\\index.php')
CRITICAL - 2023-08-22 04:07:28 --> Too few arguments to function App\Controllers\PdfController::rekapHariantgl(), 0 passed in C:\xampp\htdocs\web_deperkasa\system\CodeIgniter.php on line 934 and exactly 1 expected
in APPPATH\Controllers\PdfController.php on line 15.
 1 SYSTEMPATH\CodeIgniter.php(934): App\Controllers\PdfController->rekapHariantgl()
 2 SYSTEMPATH\CodeIgniter.php(499): CodeIgniter\CodeIgniter->runController(Object(App\Controllers\PdfController))
 3 SYSTEMPATH\CodeIgniter.php(368): CodeIgniter\CodeIgniter->handleRequest(null, Object(Config\Cache), false)
 4 FCPATH\index.php(67): CodeIgniter\CodeIgniter->run()
 5 SYSTEMPATH\Commands\Server\rewrite.php(47): require_once('C:\\xampp\\htdocs\\web_deperkasa\\public\\index.php')
CRITICAL - 2023-08-22 04:09:35 --> Too few arguments to function App\Controllers\PdfController::rekapHariantgl(), 0 passed in C:\xampp\htdocs\web_deperkasa\system\CodeIgniter.php on line 934 and exactly 1 expected
in APPPATH\Controllers\PdfController.php on line 15.
 1 SYSTEMPATH\CodeIgniter.php(934): App\Controllers\PdfController->rekapHariantgl()
 2 SYSTEMPATH\CodeIgniter.php(499): CodeIgniter\CodeIgniter->runController(Object(App\Controllers\PdfController))
 3 SYSTEMPATH\CodeIgniter.php(368): CodeIgniter\CodeIgniter->handleRequest(null, Object(Config\Cache), false)
 4 FCPATH\index.php(67): CodeIgniter\CodeIgniter->run()
 5 SYSTEMPATH\Commands\Server\rewrite.php(47): require_once('C:\\xampp\\htdocs\\web_deperkasa\\public\\index.php')
CRITICAL - 2023-08-22 04:10:57 --> Too few arguments to function App\Controllers\PdfController::rekapHariantgl(), 0 passed in C:\xampp\htdocs\web_deperkasa\system\CodeIgniter.php on line 934 and exactly 1 expected
in APPPATH\Controllers\PdfController.php on line 15.
 1 SYSTEMPATH\CodeIgniter.php(934): App\Controllers\PdfController->rekapHariantgl()
 2 SYSTEMPATH\CodeIgniter.php(499): CodeIgniter\CodeIgniter->runController(Object(App\Controllers\PdfController))
 3 SYSTEMPATH\CodeIgniter.php(368): CodeIgniter\CodeIgniter->handleRequest(null, Object(Config\Cache), false)
 4 FCPATH\index.php(67): CodeIgniter\CodeIgniter->run()
 5 SYSTEMPATH\Commands\Server\rewrite.php(47): require_once('C:\\xampp\\htdocs\\web_deperkasa\\public\\index.php')
CRITICAL - 2023-08-22 04:12:05 --> Too few arguments to function App\Controllers\PdfController::rekapHariantgl(), 0 passed in C:\xampp\htdocs\web_deperkasa\system\CodeIgniter.php on line 934 and exactly 1 expected
in APPPATH\Controllers\PdfController.php on line 15.
 1 SYSTEMPATH\CodeIgniter.php(934): App\Controllers\PdfController->rekapHariantgl()
 2 SYSTEMPATH\CodeIgniter.php(499): CodeIgniter\CodeIgniter->runController(Object(App\Controllers\PdfController))
 3 SYSTEMPATH\CodeIgniter.php(368): CodeIgniter\CodeIgniter->handleRequest(null, Object(Config\Cache), false)
 4 FCPATH\index.php(67): CodeIgniter\CodeIgniter->run()
 5 SYSTEMPATH\Commands\Server\rewrite.php(47): require_once('C:\\xampp\\htdocs\\web_deperkasa\\public\\index.php')
CRITICAL - 2023-08-22 04:15:07 --> Too few arguments to function App\Controllers\PdfController::rekapHariantgl(), 0 passed in C:\xampp\htdocs\web_deperkasa\system\CodeIgniter.php on line 934 and exactly 1 expected
in APPPATH\Controllers\PdfController.php on line 15.
 1 SYSTEMPATH\CodeIgniter.php(934): App\Controllers\PdfController->rekapHariantgl()
 2 SYSTEMPATH\CodeIgniter.php(499): CodeIgniter\CodeIgniter->runController(Object(App\Controllers\PdfController))
 3 SYSTEMPATH\CodeIgniter.php(368): CodeIgniter\CodeIgniter->handleRequest(null, Object(Config\Cache), false)
 4 FCPATH\index.php(67): CodeIgniter\CodeIgniter->run()
 5 SYSTEMPATH\Commands\Server\rewrite.php(47): require_once('C:\\xampp\\htdocs\\web_deperkasa\\public\\index.php')
CRITICAL - 2023-08-22 04:23:07 --> Too few arguments to function App\Controllers\PdfController::rekapHariantgl(), 0 passed in C:\xampp\htdocs\web_deperkasa\system\CodeIgniter.php on line 934 and exactly 1 expected
in APPPATH\Controllers\PdfController.php on line 15.
 1 SYSTEMPATH\CodeIgniter.php(934): App\Controllers\PdfController->rekapHariantgl()
 2 SYSTEMPATH\CodeIgniter.php(499): CodeIgniter\CodeIgniter->runController(Object(App\Controllers\PdfController))
 3 SYSTEMPATH\CodeIgniter.php(368): CodeIgniter\CodeIgniter->handleRequest(null, Object(Config\Cache), false)
 4 FCPATH\index.php(67): CodeIgniter\CodeIgniter->run()
 5 SYSTEMPATH\Commands\Server\rewrite.php(47): require_once('C:\\xampp\\htdocs\\web_deperkasa\\public\\index.php')
CRITICAL - 2023-08-22 04:25:17 --> Too few arguments to function App\Controllers\PdfController::rekapHariantgl(), 0 passed in C:\xampp\htdocs\web_deperkasa\system\CodeIgniter.php on line 934 and exactly 1 expected
in APPPATH\Controllers\PdfController.php on line 15.
 1 SYSTEMPATH\CodeIgniter.php(934): App\Controllers\PdfController->rekapHariantgl()
 2 SYSTEMPATH\CodeIgniter.php(499): CodeIgniter\CodeIgniter->runController(Object(App\Controllers\PdfController))
 3 SYSTEMPATH\CodeIgniter.php(368): CodeIgniter\CodeIgniter->handleRequest(null, Object(Config\Cache), false)
 4 FCPATH\index.php(67): CodeIgniter\CodeIgniter->run()
 5 SYSTEMPATH\Commands\Server\rewrite.php(47): require_once('C:\\xampp\\htdocs\\web_deperkasa\\public\\index.php')
CRITICAL - 2023-08-22 04:25:22 --> Too few arguments to function App\Controllers\PdfController::rekapHariantgl(), 0 passed in C:\xampp\htdocs\web_deperkasa\system\CodeIgniter.php on line 934 and exactly 1 expected
in APPPATH\Controllers\PdfController.php on line 15.
 1 SYSTEMPATH\CodeIgniter.php(934): App\Controllers\PdfController->rekapHariantgl()
 2 SYSTEMPATH\CodeIgniter.php(499): CodeIgniter\CodeIgniter->runController(Object(App\Controllers\PdfController))
 3 SYSTEMPATH\CodeIgniter.php(368): CodeIgniter\CodeIgniter->handleRequest(null, Object(Config\Cache), false)
 4 FCPATH\index.php(67): CodeIgniter\CodeIgniter->run()
 5 SYSTEMPATH\Commands\Server\rewrite.php(47): require_once('C:\\xampp\\htdocs\\web_deperkasa\\public\\index.php')
CRITICAL - 2023-08-22 04:26:28 --> Too few arguments to function App\Controllers\PdfController::rekapHariantgl(), 0 passed in C:\xampp\htdocs\web_deperkasa\system\CodeIgniter.php on line 934 and exactly 1 expected
in APPPATH\Controllers\PdfController.php on line 15.
 1 SYSTEMPATH\CodeIgniter.php(934): App\Controllers\PdfController->rekapHariantgl()
 2 SYSTEMPATH\CodeIgniter.php(499): CodeIgniter\CodeIgniter->runController(Object(App\Controllers\PdfController))
 3 SYSTEMPATH\CodeIgniter.php(368): CodeIgniter\CodeIgniter->handleRequest(null, Object(Config\Cache), false)
 4 FCPATH\index.php(67): CodeIgniter\CodeIgniter->run()
 5 SYSTEMPATH\Commands\Server\rewrite.php(47): require_once('C:\\xampp\\htdocs\\web_deperkasa\\public\\index.php')
CRITICAL - 2023-08-22 04:27:07 --> Too few arguments to function App\Controllers\PdfController::rekapHariantgl(), 0 passed in C:\xampp\htdocs\web_deperkasa\system\CodeIgniter.php on line 934 and exactly 1 expected
in APPPATH\Controllers\PdfController.php on line 15.
 1 SYSTEMPATH\CodeIgniter.php(934): App\Controllers\PdfController->rekapHariantgl()
 2 SYSTEMPATH\CodeIgniter.php(499): CodeIgniter\CodeIgniter->runController(Object(App\Controllers\PdfController))
 3 SYSTEMPATH\CodeIgniter.php(368): CodeIgniter\CodeIgniter->handleRequest(null, Object(Config\Cache), false)
 4 FCPATH\index.php(67): CodeIgniter\CodeIgniter->run()
 5 SYSTEMPATH\Commands\Server\rewrite.php(47): require_once('C:\\xampp\\htdocs\\web_deperkasa\\public\\index.php')
CRITICAL - 2023-08-22 04:31:01 --> Too few arguments to function App\Controllers\PdfController::rekapHariantgl(), 0 passed in C:\xampp\htdocs\web_deperkasa\system\CodeIgniter.php on line 934 and exactly 1 expected
in APPPATH\Controllers\PdfController.php on line 15.
 1 SYSTEMPATH\CodeIgniter.php(934): App\Controllers\PdfController->rekapHariantgl()
 2 SYSTEMPATH\CodeIgniter.php(499): CodeIgniter\CodeIgniter->runController(Object(App\Controllers\PdfController))
 3 SYSTEMPATH\CodeIgniter.php(368): CodeIgniter\CodeIgniter->handleRequest(null, Object(Config\Cache), false)
 4 FCPATH\index.php(67): CodeIgniter\CodeIgniter->run()
 5 SYSTEMPATH\Commands\Server\rewrite.php(47): require_once('C:\\xampp\\htdocs\\web_deperkasa\\public\\index.php')
CRITICAL - 2023-08-22 04:32:28 --> Too few arguments to function App\Controllers\PdfController::rekapHariantgl(), 0 passed in C:\xampp\htdocs\web_deperkasa\system\CodeIgniter.php on line 934 and exactly 1 expected
in APPPATH\Controllers\PdfController.php on line 15.
 1 SYSTEMPATH\CodeIgniter.php(934): App\Controllers\PdfController->rekapHariantgl()
 2 SYSTEMPATH\CodeIgniter.php(499): CodeIgniter\CodeIgniter->runController(Object(App\Controllers\PdfController))
 3 SYSTEMPATH\CodeIgniter.php(368): CodeIgniter\CodeIgniter->handleRequest(null, Object(Config\Cache), false)
 4 FCPATH\index.php(67): CodeIgniter\CodeIgniter->run()
 5 SYSTEMPATH\Commands\Server\rewrite.php(47): require_once('C:\\xampp\\htdocs\\web_deperkasa\\public\\index.php')
CRITICAL - 2023-08-22 04:35:51 --> Too few arguments to function App\Controllers\PdfController::rekapHariantgl(), 0 passed in C:\xampp\htdocs\web_deperkasa\system\CodeIgniter.php on line 934 and exactly 1 expected
in APPPATH\Controllers\PdfController.php on line 15.
 1 SYSTEMPATH\CodeIgniter.php(934): App\Controllers\PdfController->rekapHariantgl()
 2 SYSTEMPATH\CodeIgniter.php(499): CodeIgniter\CodeIgniter->runController(Object(App\Controllers\PdfController))
 3 SYSTEMPATH\CodeIgniter.php(368): CodeIgniter\CodeIgniter->handleRequest(null, Object(Config\Cache), false)
 4 FCPATH\index.php(67): CodeIgniter\CodeIgniter->run()
 5 SYSTEMPATH\Commands\Server\rewrite.php(47): require_once('C:\\xampp\\htdocs\\web_deperkasa\\public\\index.php')
CRITICAL - 2023-08-22 04:35:51 --> Too few arguments to function App\Controllers\PdfController::rekapHariantgl(), 0 passed in C:\xampp\htdocs\web_deperkasa\system\CodeIgniter.php on line 934 and exactly 1 expected
in APPPATH\Controllers\PdfController.php on line 15.
 1 SYSTEMPATH\CodeIgniter.php(934): App\Controllers\PdfController->rekapHariantgl()
 2 SYSTEMPATH\CodeIgniter.php(499): CodeIgniter\CodeIgniter->runController(Object(App\Controllers\PdfController))
 3 SYSTEMPATH\CodeIgniter.php(368): CodeIgniter\CodeIgniter->handleRequest(null, Object(Config\Cache), false)
 4 FCPATH\index.php(67): CodeIgniter\CodeIgniter->run()
 5 SYSTEMPATH\Commands\Server\rewrite.php(47): require_once('C:\\xampp\\htdocs\\web_deperkasa\\public\\index.php')
CRITICAL - 2023-08-22 04:37:46 --> Too few arguments to function App\Controllers\PdfController::rekapHariantgl(), 0 passed in C:\xampp\htdocs\web_deperkasa\system\CodeIgniter.php on line 934 and exactly 1 expected
in APPPATH\Controllers\PdfController.php on line 15.
 1 SYSTEMPATH\CodeIgniter.php(934): App\Controllers\PdfController->rekapHariantgl()
 2 SYSTEMPATH\CodeIgniter.php(499): CodeIgniter\CodeIgniter->runController(Object(App\Controllers\PdfController))
 3 SYSTEMPATH\CodeIgniter.php(368): CodeIgniter\CodeIgniter->handleRequest(null, Object(Config\Cache), false)
 4 FCPATH\index.php(67): CodeIgniter\CodeIgniter->run()
 5 SYSTEMPATH\Commands\Server\rewrite.php(47): require_once('C:\\xampp\\htdocs\\web_deperkasa\\public\\index.php')
CRITICAL - 2023-08-22 04:37:50 --> Too few arguments to function App\Controllers\PdfController::rekapHariantgl(), 0 passed in C:\xampp\htdocs\web_deperkasa\system\CodeIgniter.php on line 934 and exactly 1 expected
in APPPATH\Controllers\PdfController.php on line 15.
 1 SYSTEMPATH\CodeIgniter.php(934): App\Controllers\PdfController->rekapHariantgl()
 2 SYSTEMPATH\CodeIgniter.php(499): CodeIgniter\CodeIgniter->runController(Object(App\Controllers\PdfController))
 3 SYSTEMPATH\CodeIgniter.php(368): CodeIgniter\CodeIgniter->handleRequest(null, Object(Config\Cache), false)
 4 FCPATH\index.php(67): CodeIgniter\CodeIgniter->run()
 5 SYSTEMPATH\Commands\Server\rewrite.php(47): require_once('C:\\xampp\\htdocs\\web_deperkasa\\public\\index.php')
CRITICAL - 2023-08-22 04:38:56 --> Undefined variable: selectedDate
in APPPATH\Views\pdf\pdf_harian.php on line 59.
 1 APPPATH\Views\pdf\pdf_harian.php(59): CodeIgniter\Debug\Exceptions->errorHandler(8, 'Undefined variable: selectedDate', 'C:\\xampp\\htdocs\\web_deperkasa\\app\\Views\\pdf\\pdf_harian.php', 59, [...])
 2 SYSTEMPATH\View\View.php(213): include('C:\\xampp\\htdocs\\web_deperkasa\\app\\Views\\pdf\\pdf_harian.php')
 3 SYSTEMPATH\View\View.php(216): CodeIgniter\View\View->CodeIgniter\View\{closure}()
 4 SYSTEMPATH\Common.php(1184): CodeIgniter\View\View->render('pdf/pdf_harian', [], true)
 5 APPPATH\Controllers\PdfController.php(27): view('pdf/pdf_harian', [...])
 6 SYSTEMPATH\CodeIgniter.php(934): App\Controllers\PdfController->rekapHariantgl()
 7 SYSTEMPATH\CodeIgniter.php(499): CodeIgniter\CodeIgniter->runController(Object(App\Controllers\PdfController))
 8 SYSTEMPATH\CodeIgniter.php(368): CodeIgniter\CodeIgniter->handleRequest(null, Object(Config\Cache), false)
 9 FCPATH\index.php(67): CodeIgniter\CodeIgniter->run()
10 SYSTEMPATH\Commands\Server\rewrite.php(47): require_once('C:\\xampp\\htdocs\\web_deperkasa\\public\\index.php')
CRITICAL - 2023-08-22 04:40:43 --> Too few arguments to function App\Controllers\PdfController::rekapHariantgl(), 0 passed in C:\xampp\htdocs\web_deperkasa\system\CodeIgniter.php on line 934 and exactly 1 expected
in APPPATH\Controllers\PdfController.php on line 15.
 1 SYSTEMPATH\CodeIgniter.php(934): App\Controllers\PdfController->rekapHariantgl()
 2 SYSTEMPATH\CodeIgniter.php(499): CodeIgniter\CodeIgniter->runController(Object(App\Controllers\PdfController))
 3 SYSTEMPATH\CodeIgniter.php(368): CodeIgniter\CodeIgniter->handleRequest(null, Object(Config\Cache), false)
 4 FCPATH\index.php(67): CodeIgniter\CodeIgniter->run()
 5 SYSTEMPATH\Commands\Server\rewrite.php(47): require_once('C:\\xampp\\htdocs\\web_deperkasa\\public\\index.php')
CRITICAL - 2023-08-22 04:50:12 --> Too few arguments to function App\Controllers\PdfController::rekapHarianBulan(), 0 passed in C:\xampp\htdocs\web_deperkasa\system\CodeIgniter.php on line 934 and exactly 1 expected
in APPPATH\Controllers\PdfController.php on line 52.
 1 SYSTEMPATH\CodeIgniter.php(934): App\Controllers\PdfController->rekapHarianBulan()
 2 SYSTEMPATH\CodeIgniter.php(499): CodeIgniter\CodeIgniter->runController(Object(App\Controllers\PdfController))
 3 SYSTEMPATH\CodeIgniter.php(368): CodeIgniter\CodeIgniter->handleRequest(null, Object(Config\Cache), false)
 4 FCPATH\index.php(67): CodeIgniter\CodeIgniter->run()
 5 SYSTEMPATH\Commands\Server\rewrite.php(47): require_once('C:\\xampp\\htdocs\\web_deperkasa\\public\\index.php')
CRITICAL - 2023-08-22 04:54:54 --> Too few arguments to function App\Controllers\PdfController::rekapHarianBulan(), 0 passed in C:\xampp\htdocs\web_deperkasa\system\CodeIgniter.php on line 934 and exactly 1 expected
in APPPATH\Controllers\PdfController.php on line 52.
 1 SYSTEMPATH\CodeIgniter.php(934): App\Controllers\PdfController->rekapHarianBulan()
 2 SYSTEMPATH\CodeIgniter.php(499): CodeIgniter\CodeIgniter->runController(Object(App\Controllers\PdfController))
 3 SYSTEMPATH\CodeIgniter.php(368): CodeIgniter\CodeIgniter->handleRequest(null, Object(Config\Cache), false)
 4 FCPATH\index.php(67): CodeIgniter\CodeIgniter->run()
 5 SYSTEMPATH\Commands\Server\rewrite.php(47): require_once('C:\\xampp\\htdocs\\web_deperkasa\\public\\index.php')
CRITICAL - 2023-08-22 05:03:36 --> Undefined variable: selectedMonth
in APPPATH\Views\pdf\pdf_harian.php on line 59.
 1 APPPATH\Views\pdf\pdf_harian.php(59): CodeIgniter\Debug\Exceptions->errorHandler(8, 'Undefined variable: selectedMonth', 'C:\\xampp\\htdocs\\web_deperkasa\\app\\Views\\pdf\\pdf_harian.php', 59, [...])
 2 SYSTEMPATH\View\View.php(213): include('C:\\xampp\\htdocs\\web_deperkasa\\app\\Views\\pdf\\pdf_harian.php')
 3 SYSTEMPATH\View\View.php(216): CodeIgniter\View\View->CodeIgniter\View\{closure}()
 4 SYSTEMPATH\Common.php(1184): CodeIgniter\View\View->render('pdf/pdf_harian', [], true)
 5 APPPATH\Controllers\PdfController.php(26): view('pdf/pdf_harian', [...])
 6 APPPATH\Controllers\PdfController.php(72): App\Controllers\PdfController->rekapHariantgl(null)
 7 SYSTEMPATH\CodeIgniter.php(934): App\Controllers\PdfController->rekapHarianBulan2()
 8 SYSTEMPATH\CodeIgniter.php(499): CodeIgniter\CodeIgniter->runController(Object(App\Controllers\PdfController))
 9 SYSTEMPATH\CodeIgniter.php(368): CodeIgniter\CodeIgniter->handleRequest(null, Object(Config\Cache), false)
10 FCPATH\index.php(67): CodeIgniter\CodeIgniter->run()
11 SYSTEMPATH\Commands\Server\rewrite.php(47): require_once('C:\\xampp\\htdocs\\web_deperkasa\\public\\index.php')
CRITICAL - 2023-08-22 05:16:48 --> Undefined variable: data
in APPPATH\Views\pdf\pdf_harian.php on line 74.
 1 APPPATH\Views\pdf\pdf_harian.php(74): CodeIgniter\Debug\Exceptions->errorHandler(8, 'Undefined variable: data', 'C:\\xampp\\htdocs\\web_deperkasa\\app\\Views\\pdf\\pdf_harian.php', 74, [...])
 2 SYSTEMPATH\View\View.php(213): include('C:\\xampp\\htdocs\\web_deperkasa\\app\\Views\\pdf\\pdf_harian.php')
 3 SYSTEMPATH\View\View.php(216): CodeIgniter\View\View->CodeIgniter\View\{closure}()
 4 SYSTEMPATH\Common.php(1184): CodeIgniter\View\View->render('pdf/pdf_harian', [], true)
 5 APPPATH\Controllers\PdfController.php(60): view('pdf/pdf_harian', [...])
 6 APPPATH\Controllers\PdfController.php(70): App\Controllers\PdfController->rekapHarianBulan(null)
 7 SYSTEMPATH\CodeIgniter.php(934): App\Controllers\PdfController->rekapHarianBulan2()
 8 SYSTEMPATH\CodeIgniter.php(499): CodeIgniter\CodeIgniter->runController(Object(App\Controllers\PdfController))
 9 SYSTEMPATH\CodeIgniter.php(368): CodeIgniter\CodeIgniter->handleRequest(null, Object(Config\Cache), false)
10 FCPATH\index.php(67): CodeIgniter\CodeIgniter->run()
11 SYSTEMPATH\Commands\Server\rewrite.php(47): require_once('C:\\xampp\\htdocs\\web_deperkasa\\public\\index.php')
CRITICAL - 2023-08-22 07:33:32 --> Call to undefined method Endroid\QrCode\QrCode::writeDataUri()
in APPPATH\Views\qr_pdf.php on line 8.
 1 SYSTEMPATH\View\View.php(213): include()
 2 SYSTEMPATH\View\View.php(216): CodeIgniter\View\View->CodeIgniter\View\{closure}()
 3 SYSTEMPATH\Common.php(1184): CodeIgniter\View\View->render('qr_pdf', [], true)
 4 APPPATH\Controllers\QrPdfController.php(28): view('qr_pdf', [...])
 5 SYSTEMPATH\CodeIgniter.php(934): App\Controllers\QrPdfController->index()
 6 SYSTEMPATH\CodeIgniter.php(499): CodeIgniter\CodeIgniter->runController(Object(App\Controllers\QrPdfController))
 7 SYSTEMPATH\CodeIgniter.php(368): CodeIgniter\CodeIgniter->handleRequest(null, Object(Config\Cache), false)
 8 FCPATH\index.php(67): CodeIgniter\CodeIgniter->run()
 9 SYSTEMPATH\Commands\Server\rewrite.php(47): require_once('C:\\xampp\\htdocs\\web_deperkasa\\public\\index.php')
CRITICAL - 2023-08-22 07:34:55 --> Call to undefined method Endroid\QrCode\QrCode::writeDataUri()
in APPPATH\Views\qr_pdf.php on line 8.
 1 SYSTEMPATH\View\View.php(213): include()
 2 SYSTEMPATH\View\View.php(216): CodeIgniter\View\View->CodeIgniter\View\{closure}()
 3 SYSTEMPATH\Common.php(1184): CodeIgniter\View\View->render('qr_pdf', [], true)
 4 APPPATH\Controllers\QrPdfController.php(28): view('qr_pdf', [...])
 5 SYSTEMPATH\CodeIgniter.php(934): App\Controllers\QrPdfController->index()
 6 SYSTEMPATH\CodeIgniter.php(499): CodeIgniter\CodeIgniter->runController(Object(App\Controllers\QrPdfController))
 7 SYSTEMPATH\CodeIgniter.php(368): CodeIgniter\CodeIgniter->handleRequest(null, Object(Config\Cache), false)
 8 FCPATH\index.php(67): CodeIgniter\CodeIgniter->run()
 9 SYSTEMPATH\Commands\Server\rewrite.php(47): require_once('C:\\xampp\\htdocs\\web_deperkasa\\public\\index.php')
CRITICAL - 2023-08-22 07:40:10 --> Call to undefined method Endroid\QrCode\QrCode::writeFile()
in APPPATH\Controllers\QrPdfController.php on line 26.
 1 SYSTEMPATH\CodeIgniter.php(934): App\Controllers\QrPdfController->index()
 2 SYSTEMPATH\CodeIgniter.php(499): CodeIgniter\CodeIgniter->runController(Object(App\Controllers\QrPdfController))
 3 SYSTEMPATH\CodeIgniter.php(368): CodeIgniter\CodeIgniter->handleRequest(null, Object(Config\Cache), false)
 4 FCPATH\index.php(67): CodeIgniter\CodeIgniter->run()
 5 SYSTEMPATH\Commands\Server\rewrite.php(47): require_once('C:\\xampp\\htdocs\\web_deperkasa\\public\\index.php')
CRITICAL - 2023-08-22 07:41:47 --> Call to undefined method Endroid\QrCode\QrCode::writeFile()
in APPPATH\Controllers\QrPdfController.php on line 26.
 1 SYSTEMPATH\CodeIgniter.php(934): App\Controllers\QrPdfController->index()
 2 SYSTEMPATH\CodeIgniter.php(499): CodeIgniter\CodeIgniter->runController(Object(App\Controllers\QrPdfController))
 3 SYSTEMPATH\CodeIgniter.php(368): CodeIgniter\CodeIgniter->handleRequest(null, Object(Config\Cache), false)
 4 FCPATH\index.php(67): CodeIgniter\CodeIgniter->run()
 5 SYSTEMPATH\Commands\Server\rewrite.php(47): require_once('C:\\xampp\\htdocs\\web_deperkasa\\public\\index.php')
CRITICAL - 2023-08-22 07:43:27 --> Call to undefined method Endroid\QrCode\QrCode::writeString()
in APPPATH\Controllers\QrPdfController.php on line 24.
 1 SYSTEMPATH\CodeIgniter.php(934): App\Controllers\QrPdfController->index()
 2 SYSTEMPATH\CodeIgniter.php(499): CodeIgniter\CodeIgniter->runController(Object(App\Controllers\QrPdfController))
 3 SYSTEMPATH\CodeIgniter.php(368): CodeIgniter\CodeIgniter->handleRequest(null, Object(Config\Cache), false)
 4 FCPATH\index.php(67): CodeIgniter\CodeIgniter->run()
 5 SYSTEMPATH\Commands\Server\rewrite.php(47): require_once('C:\\xampp\\htdocs\\web_deperkasa\\public\\index.php')
CRITICAL - 2023-08-22 07:44:27 --> Call to undefined method Endroid\QrCode\QrCode::writeFile()
in APPPATH\Controllers\QrPdfController.php on line 26.
 1 SYSTEMPATH\CodeIgniter.php(934): App\Controllers\QrPdfController->index()
 2 SYSTEMPATH\CodeIgniter.php(499): CodeIgniter\CodeIgniter->runController(Object(App\Controllers\QrPdfController))
 3 SYSTEMPATH\CodeIgniter.php(368): CodeIgniter\CodeIgniter->handleRequest(null, Object(Config\Cache), false)
 4 FCPATH\index.php(67): CodeIgniter\CodeIgniter->run()
 5 SYSTEMPATH\Commands\Server\rewrite.php(47): require_once('C:\\xampp\\htdocs\\web_deperkasa\\public\\index.php')
CRITICAL - 2023-08-22 07:53:48 --> Call to undefined method Endroid\QrCode\QrCode::writeFile()
in APPPATH\Controllers\QrPdfController.php on line 26.
 1 SYSTEMPATH\CodeIgniter.php(934): App\Controllers\QrPdfController->index()
 2 SYSTEMPATH\CodeIgniter.php(499): CodeIgniter\CodeIgniter->runController(Object(App\Controllers\QrPdfController))
 3 SYSTEMPATH\CodeIgniter.php(368): CodeIgniter\CodeIgniter->handleRequest(null, Object(Config\Cache), false)
 4 FCPATH\index.php(67): CodeIgniter\CodeIgniter->run()
 5 SYSTEMPATH\Commands\Server\rewrite.php(47): require_once('C:\\xampp\\htdocs\\web_deperkasa\\public\\index.php')
