INFO - 2023-08-21 04:31:18 --> Session: Class initialized using 'CodeIgniter\Session\Handlers\FileHandler' driver.
INFO - 2023-08-21 04:35:41 --> Session: Class initialized using 'CodeIgniter\Session\Handlers\FileHandler' driver.
CRITICAL - 2023-08-21 04:35:53 --> Undefined variable: minuman
in APPPATH\Views\dataminuman.php on line 99.
 1 APPPATH\Views\dataminuman.php(99): CodeIgniter\Debug\Exceptions->errorHandler(8, 'Undefined variable: minuman', 'C:\\xampp\\htdocs\\web_deperkasa\\app\\Views\\dataminuman.php', 99, [...])
 2 SYSTEMPATH\View\View.php(213): include('C:\\xampp\\htdocs\\web_deperkasa\\app\\Views\\dataminuman.php')
 3 SYSTEMPATH\View\View.php(216): CodeIgniter\View\View->CodeIgniter\View\{closure}()
 4 SYSTEMPATH\Common.php(1184): CodeIgniter\View\View->render('dataminuman', [], true)
 5 APPPATH\Controllers\Minuman.php(24): view('dataminuman')
 6 SYSTEMPATH\CodeIgniter.php(934): App\Controllers\Minuman->add()
 7 SYSTEMPATH\CodeIgniter.php(499): CodeIgniter\CodeIgniter->runController(Object(App\Controllers\Minuman))
 8 SYSTEMPATH\CodeIgniter.php(368): CodeIgniter\CodeIgniter->handleRequest(null, Object(Config\Cache), false)
 9 FCPATH\index.php(67): CodeIgniter\CodeIgniter->run()
10 SYSTEMPATH\Commands\Server\rewrite.php(47): require_once('C:\\xampp\\htdocs\\web_deperkasa\\public\\index.php')
INFO - 2023-08-21 04:36:47 --> Session: Class initialized using 'CodeIgniter\Session\Handlers\FileHandler' driver.
CRITICAL - 2023-08-21 04:42:45 --> Argument 3 passed to PhpOffice\PhpSpreadsheet\Worksheet\Worksheet::setCellValue() must implement interface PhpOffice\PhpSpreadsheet\Cell\IValueBinder or be null, int given, called in C:\xampp\htdocs\web_deperkasa\app\Controllers\ExcelMinuman.php on line 44
in VENDORPATH\phpoffice\phpspreadsheet\src\PhpSpreadsheet\Worksheet\Worksheet.php on line 1176.
 1 APPPATH\Controllers\ExcelMinuman.php(44): PhpOffice\PhpSpreadsheet\Worksheet\Worksheet->setCellValue('F4', 'Total', 10000)
 2 SYSTEMPATH\CodeIgniter.php(934): App\Controllers\ExcelMinuman->exporthari()
 3 SYSTEMPATH\CodeIgniter.php(499): CodeIgniter\CodeIgniter->runController(Object(App\Controllers\ExcelMinuman))
 4 SYSTEMPATH\CodeIgniter.php(368): CodeIgniter\CodeIgniter->handleRequest(null, Object(Config\Cache), false)
 5 FCPATH\index.php(67): CodeIgniter\CodeIgniter->run()
 6 SYSTEMPATH\Commands\Server\rewrite.php(47): require_once('C:\\xampp\\htdocs\\web_deperkasa\\public\\index.php')
CRITICAL - 2023-08-21 04:44:20 --> Argument 3 passed to PhpOffice\PhpSpreadsheet\Worksheet\Worksheet::setCellValue() must implement interface PhpOffice\PhpSpreadsheet\Cell\IValueBinder or be null, int given, called in C:\xampp\htdocs\web_deperkasa\app\Controllers\ExcelMinuman.php on line 45
in VENDORPATH\phpoffice\phpspreadsheet\src\PhpSpreadsheet\Worksheet\Worksheet.php on line 1176.
 1 APPPATH\Controllers\ExcelMinuman.php(45): PhpOffice\PhpSpreadsheet\Worksheet\Worksheet->setCellValue('F4', 'Total', 10000)
 2 SYSTEMPATH\CodeIgniter.php(934): App\Controllers\ExcelMinuman->exporthari()
 3 SYSTEMPATH\CodeIgniter.php(499): CodeIgniter\CodeIgniter->runController(Object(App\Controllers\ExcelMinuman))
 4 SYSTEMPATH\CodeIgniter.php(368): CodeIgniter\CodeIgniter->handleRequest(null, Object(Config\Cache), false)
 5 FCPATH\index.php(67): CodeIgniter\CodeIgniter->run()
 6 SYSTEMPATH\Commands\Server\rewrite.php(47): require_once('C:\\xampp\\htdocs\\web_deperkasa\\public\\index.php')
CRITICAL - 2023-08-21 04:44:21 --> Argument 3 passed to PhpOffice\PhpSpreadsheet\Worksheet\Worksheet::setCellValue() must implement interface PhpOffice\PhpSpreadsheet\Cell\IValueBinder or be null, int given, called in C:\xampp\htdocs\web_deperkasa\app\Controllers\ExcelMinuman.php on line 45
in VENDORPATH\phpoffice\phpspreadsheet\src\PhpSpreadsheet\Worksheet\Worksheet.php on line 1176.
 1 APPPATH\Controllers\ExcelMinuman.php(45): PhpOffice\PhpSpreadsheet\Worksheet\Worksheet->setCellValue('F4', 'Total', 10000)
 2 SYSTEMPATH\CodeIgniter.php(934): App\Controllers\ExcelMinuman->exporthari()
 3 SYSTEMPATH\CodeIgniter.php(499): CodeIgniter\CodeIgniter->runController(Object(App\Controllers\ExcelMinuman))
 4 SYSTEMPATH\CodeIgniter.php(368): CodeIgniter\CodeIgniter->handleRequest(null, Object(Config\Cache), false)
 5 FCPATH\index.php(67): CodeIgniter\CodeIgniter->run()
 6 SYSTEMPATH\Commands\Server\rewrite.php(47): require_once('C:\\xampp\\htdocs\\web_deperkasa\\public\\index.php')
CRITICAL - 2023-08-21 04:45:15 --> Argument 3 passed to PhpOffice\PhpSpreadsheet\Worksheet\Worksheet::setCellValue() must implement interface PhpOffice\PhpSpreadsheet\Cell\IValueBinder or be null, int given, called in C:\xampp\htdocs\web_deperkasa\app\Controllers\ExcelMinuman.php on line 45
in VENDORPATH\phpoffice\phpspreadsheet\src\PhpSpreadsheet\Worksheet\Worksheet.php on line 1176.
 1 APPPATH\Controllers\ExcelMinuman.php(45): PhpOffice\PhpSpreadsheet\Worksheet\Worksheet->setCellValue('F4', 'Total', 10000)
 2 SYSTEMPATH\CodeIgniter.php(934): App\Controllers\ExcelMinuman->exporthari()
 3 SYSTEMPATH\CodeIgniter.php(499): CodeIgniter\CodeIgniter->runController(Object(App\Controllers\ExcelMinuman))
 4 SYSTEMPATH\CodeIgniter.php(368): CodeIgniter\CodeIgniter->handleRequest(null, Object(Config\Cache), false)
 5 FCPATH\index.php(67): CodeIgniter\CodeIgniter->run()
 6 SYSTEMPATH\Commands\Server\rewrite.php(47): require_once('C:\\xampp\\htdocs\\web_deperkasa\\public\\index.php')
CRITICAL - 2023-08-21 04:45:24 --> Argument 3 passed to PhpOffice\PhpSpreadsheet\Worksheet\Worksheet::setCellValue() must implement interface PhpOffice\PhpSpreadsheet\Cell\IValueBinder or be null, int given, called in C:\xampp\htdocs\web_deperkasa\app\Controllers\ExcelMinuman.php on line 45
in VENDORPATH\phpoffice\phpspreadsheet\src\PhpSpreadsheet\Worksheet\Worksheet.php on line 1176.
 1 APPPATH\Controllers\ExcelMinuman.php(45): PhpOffice\PhpSpreadsheet\Worksheet\Worksheet->setCellValue('F4', 'Total', 10000)
 2 SYSTEMPATH\CodeIgniter.php(934): App\Controllers\ExcelMinuman->exporthari()
 3 SYSTEMPATH\CodeIgniter.php(499): CodeIgniter\CodeIgniter->runController(Object(App\Controllers\ExcelMinuman))
 4 SYSTEMPATH\CodeIgniter.php(368): CodeIgniter\CodeIgniter->handleRequest(null, Object(Config\Cache), false)
 5 FCPATH\index.php(67): CodeIgniter\CodeIgniter->run()
 6 SYSTEMPATH\Commands\Server\rewrite.php(47): require_once('C:\\xampp\\htdocs\\web_deperkasa\\public\\index.php')
CRITICAL - 2023-08-21 04:49:00 --> Argument 3 passed to PhpOffice\PhpSpreadsheet\Worksheet\Worksheet::setCellValue() must implement interface PhpOffice\PhpSpreadsheet\Cell\IValueBinder or be null, int given, called in C:\xampp\htdocs\web_deperkasa\app\Controllers\ExcelMinuman.php on line 45
in VENDORPATH\phpoffice\phpspreadsheet\src\PhpSpreadsheet\Worksheet\Worksheet.php on line 1176.
 1 APPPATH\Controllers\ExcelMinuman.php(45): PhpOffice\PhpSpreadsheet\Worksheet\Worksheet->setCellValue('F4', 'Total :', 10000)
 2 SYSTEMPATH\CodeIgniter.php(934): App\Controllers\ExcelMinuman->exporthari()
 3 SYSTEMPATH\CodeIgniter.php(499): CodeIgniter\CodeIgniter->runController(Object(App\Controllers\ExcelMinuman))
 4 SYSTEMPATH\CodeIgniter.php(368): CodeIgniter\CodeIgniter->handleRequest(null, Object(Config\Cache), false)
 5 FCPATH\index.php(67): CodeIgniter\CodeIgniter->run()
 6 SYSTEMPATH\Commands\Server\rewrite.php(47): require_once('C:\\xampp\\htdocs\\web_deperkasa\\public\\index.php')
CRITICAL - 2023-08-21 04:50:49 --> Argument 3 passed to PhpOffice\PhpSpreadsheet\Worksheet\Worksheet::setCellValue() must implement interface PhpOffice\PhpSpreadsheet\Cell\IValueBinder or be null, int given, called in C:\xampp\htdocs\web_deperkasa\app\Controllers\ExcelMinuman.php on line 44
in VENDORPATH\phpoffice\phpspreadsheet\src\PhpSpreadsheet\Worksheet\Worksheet.php on line 1176.
 1 APPPATH\Controllers\ExcelMinuman.php(44): PhpOffice\PhpSpreadsheet\Worksheet\Worksheet->setCellValue('F4', 'Total', 10000)
 2 SYSTEMPATH\CodeIgniter.php(934): App\Controllers\ExcelMinuman->exporthari()
 3 SYSTEMPATH\CodeIgniter.php(499): CodeIgniter\CodeIgniter->runController(Object(App\Controllers\ExcelMinuman))
 4 SYSTEMPATH\CodeIgniter.php(368): CodeIgniter\CodeIgniter->handleRequest(null, Object(Config\Cache), false)
 5 FCPATH\index.php(67): CodeIgniter\CodeIgniter->run()
 6 SYSTEMPATH\Commands\Server\rewrite.php(47): require_once('C:\\xampp\\htdocs\\web_deperkasa\\public\\index.php')
CRITICAL - 2023-08-21 05:14:53 --> Undefined variable: minuman
in APPPATH\Views\dataminuman.php on line 99.
 1 APPPATH\Views\dataminuman.php(99): CodeIgniter\Debug\Exceptions->errorHandler(8, 'Undefined variable: minuman', 'C:\\xampp\\htdocs\\web_deperkasa\\app\\Views\\dataminuman.php', 99, [...])
 2 SYSTEMPATH\View\View.php(213): include('C:\\xampp\\htdocs\\web_deperkasa\\app\\Views\\dataminuman.php')
 3 SYSTEMPATH\View\View.php(216): CodeIgniter\View\View->CodeIgniter\View\{closure}()
 4 SYSTEMPATH\Common.php(1184): CodeIgniter\View\View->render('dataminuman', [], true)
 5 APPPATH\Controllers\Minuman.php(24): view('dataminuman')
 6 SYSTEMPATH\CodeIgniter.php(934): App\Controllers\Minuman->add()
 7 SYSTEMPATH\CodeIgniter.php(499): CodeIgniter\CodeIgniter->runController(Object(App\Controllers\Minuman))
 8 SYSTEMPATH\CodeIgniter.php(368): CodeIgniter\CodeIgniter->handleRequest(null, Object(Config\Cache), false)
 9 FCPATH\index.php(67): CodeIgniter\CodeIgniter->run()
10 SYSTEMPATH\Commands\Server\rewrite.php(47): require_once('C:\\xampp\\htdocs\\web_deperkasa\\public\\index.php')
CRITICAL - 2023-08-21 05:17:24 --> Undefined variable: minuman
in APPPATH\Views\dataminuman.php on line 99.
 1 APPPATH\Views\dataminuman.php(99): CodeIgniter\Debug\Exceptions->errorHandler(8, 'Undefined variable: minuman', 'C:\\xampp\\htdocs\\web_deperkasa\\app\\Views\\dataminuman.php', 99, [...])
 2 SYSTEMPATH\View\View.php(213): include('C:\\xampp\\htdocs\\web_deperkasa\\app\\Views\\dataminuman.php')
 3 SYSTEMPATH\View\View.php(216): CodeIgniter\View\View->CodeIgniter\View\{closure}()
 4 SYSTEMPATH\Common.php(1184): CodeIgniter\View\View->render('dataminuman', [], true)
 5 APPPATH\Controllers\Minuman.php(24): view('dataminuman')
 6 SYSTEMPATH\CodeIgniter.php(934): App\Controllers\Minuman->add()
 7 SYSTEMPATH\CodeIgniter.php(499): CodeIgniter\CodeIgniter->runController(Object(App\Controllers\Minuman))
 8 SYSTEMPATH\CodeIgniter.php(368): CodeIgniter\CodeIgniter->handleRequest(null, Object(Config\Cache), false)
 9 FCPATH\index.php(67): CodeIgniter\CodeIgniter->run()
10 SYSTEMPATH\Commands\Server\rewrite.php(47): require_once('C:\\xampp\\htdocs\\web_deperkasa\\public\\index.php')
CRITICAL - 2023-08-21 05:22:42 --> Undefined variable: minuman
in APPPATH\Views\dataminuman.php on line 99.
 1 APPPATH\Views\dataminuman.php(99): CodeIgniter\Debug\Exceptions->errorHandler(8, 'Undefined variable: minuman', 'C:\\xampp\\htdocs\\web_deperkasa\\app\\Views\\dataminuman.php', 99, [...])
 2 SYSTEMPATH\View\View.php(213): include('C:\\xampp\\htdocs\\web_deperkasa\\app\\Views\\dataminuman.php')
 3 SYSTEMPATH\View\View.php(216): CodeIgniter\View\View->CodeIgniter\View\{closure}()
 4 SYSTEMPATH\Common.php(1184): CodeIgniter\View\View->render('dataminuman', [], true)
 5 APPPATH\Controllers\Minuman.php(24): view('dataminuman')
 6 SYSTEMPATH\CodeIgniter.php(934): App\Controllers\Minuman->add()
 7 SYSTEMPATH\CodeIgniter.php(499): CodeIgniter\CodeIgniter->runController(Object(App\Controllers\Minuman))
 8 SYSTEMPATH\CodeIgniter.php(368): CodeIgniter\CodeIgniter->handleRequest(null, Object(Config\Cache), false)
 9 FCPATH\index.php(67): CodeIgniter\CodeIgniter->run()
10 SYSTEMPATH\Commands\Server\rewrite.php(47): require_once('C:\\xampp\\htdocs\\web_deperkasa\\public\\index.php')
INFO - 2023-08-21 05:23:01 --> Session: Class initialized using 'CodeIgniter\Session\Handlers\FileHandler' driver.
CRITICAL - 2023-08-21 05:28:05 --> Wrong parameter count for number_format()
in APPPATH\Controllers\ExcelMinuman.php on line 37.
 1 [internal function]: CodeIgniter\Debug\Exceptions->errorHandler(2, 'Wrong parameter count for number_format()', 'C:\\xampp\\htdocs\\web_deperkasa\\app\\Controllers\\ExcelMinuman.php', 37, [...])
 2 APPPATH\Controllers\ExcelMinuman.php(37): number_format('8000', 2, '.')
 3 SYSTEMPATH\CodeIgniter.php(934): App\Controllers\ExcelMinuman->exporthari()
 4 SYSTEMPATH\CodeIgniter.php(499): CodeIgniter\CodeIgniter->runController(Object(App\Controllers\ExcelMinuman))
 5 SYSTEMPATH\CodeIgniter.php(368): CodeIgniter\CodeIgniter->handleRequest(null, Object(Config\Cache), false)
 6 FCPATH\index.php(67): CodeIgniter\CodeIgniter->run()
 7 SYSTEMPATH\Commands\Server\rewrite.php(47): require_once('C:\\xampp\\htdocs\\web_deperkasa\\public\\index.php')
CRITICAL - 2023-08-21 05:34:43 --> Undefined variable: data
in APPPATH\Views\dataminuman.php on line 103.
 1 APPPATH\Views\dataminuman.php(103): CodeIgniter\Debug\Exceptions->errorHandler(8, 'Undefined variable: data', 'C:\\xampp\\htdocs\\web_deperkasa\\app\\Views\\dataminuman.php', 103, [...])
 2 SYSTEMPATH\View\View.php(213): include('C:\\xampp\\htdocs\\web_deperkasa\\app\\Views\\dataminuman.php')
 3 SYSTEMPATH\View\View.php(216): CodeIgniter\View\View->CodeIgniter\View\{closure}()
 4 SYSTEMPATH\Common.php(1184): CodeIgniter\View\View->render('dataminuman', [], true)
 5 APPPATH\Controllers\Minuman.php(19): view('dataminuman', [...])
 6 SYSTEMPATH\CodeIgniter.php(934): App\Controllers\Minuman->index()
 7 SYSTEMPATH\CodeIgniter.php(499): CodeIgniter\CodeIgniter->runController(Object(App\Controllers\Minuman))
 8 SYSTEMPATH\CodeIgniter.php(368): CodeIgniter\CodeIgniter->handleRequest(null, Object(Config\Cache), false)
 9 FCPATH\index.php(67): CodeIgniter\CodeIgniter->run()
10 SYSTEMPATH\Commands\Server\rewrite.php(47): require_once('C:\\xampp\\htdocs\\web_deperkasa\\public\\index.php')
INFO - 2023-08-21 05:35:13 --> Session: Class initialized using 'CodeIgniter\Session\Handlers\FileHandler' driver.
INFO - 2023-08-21 05:35:17 --> Session: Class initialized using 'CodeIgniter\Session\Handlers\FileHandler' driver.
INFO - 2023-08-21 05:35:21 --> Session: Class initialized using 'CodeIgniter\Session\Handlers\FileHandler' driver.
INFO - 2023-08-21 05:35:23 --> Session: Class initialized using 'CodeIgniter\Session\Handlers\FileHandler' driver.
CRITICAL - 2023-08-21 05:35:25 --> Undefined variable: minuman
in APPPATH\Views\dataminuman.php on line 99.
 1 APPPATH\Views\dataminuman.php(99): CodeIgniter\Debug\Exceptions->errorHandler(8, 'Undefined variable: minuman', 'C:\\xampp\\htdocs\\web_deperkasa\\app\\Views\\dataminuman.php', 99, [...])
 2 SYSTEMPATH\View\View.php(213): include('C:\\xampp\\htdocs\\web_deperkasa\\app\\Views\\dataminuman.php')
 3 SYSTEMPATH\View\View.php(216): CodeIgniter\View\View->CodeIgniter\View\{closure}()
 4 SYSTEMPATH\Common.php(1184): CodeIgniter\View\View->render('dataminuman', [], true)
 5 APPPATH\Controllers\Minuman.php(24): view('dataminuman')
 6 SYSTEMPATH\CodeIgniter.php(934): App\Controllers\Minuman->add()
 7 SYSTEMPATH\CodeIgniter.php(499): CodeIgniter\CodeIgniter->runController(Object(App\Controllers\Minuman))
 8 SYSTEMPATH\CodeIgniter.php(368): CodeIgniter\CodeIgniter->handleRequest(null, Object(Config\Cache), false)
 9 FCPATH\index.php(67): CodeIgniter\CodeIgniter->run()
10 SYSTEMPATH\Commands\Server\rewrite.php(47): require_once('C:\\xampp\\htdocs\\web_deperkasa\\public\\index.php')
INFO - 2023-08-21 05:35:41 --> Session: Class initialized using 'CodeIgniter\Session\Handlers\FileHandler' driver.
CRITICAL - 2023-08-21 05:35:53 --> Undefined variable: minuman
in APPPATH\Views\dataminuman.php on line 99.
 1 APPPATH\Views\dataminuman.php(99): CodeIgniter\Debug\Exceptions->errorHandler(8, 'Undefined variable: minuman', 'C:\\xampp\\htdocs\\web_deperkasa\\app\\Views\\dataminuman.php', 99, [...])
 2 SYSTEMPATH\View\View.php(213): include('C:\\xampp\\htdocs\\web_deperkasa\\app\\Views\\dataminuman.php')
 3 SYSTEMPATH\View\View.php(216): CodeIgniter\View\View->CodeIgniter\View\{closure}()
 4 SYSTEMPATH\Common.php(1184): CodeIgniter\View\View->render('dataminuman', [], true)
 5 APPPATH\Controllers\Minuman.php(24): view('dataminuman')
 6 SYSTEMPATH\CodeIgniter.php(934): App\Controllers\Minuman->add()
 7 SYSTEMPATH\CodeIgniter.php(499): CodeIgniter\CodeIgniter->runController(Object(App\Controllers\Minuman))
 8 SYSTEMPATH\CodeIgniter.php(368): CodeIgniter\CodeIgniter->handleRequest(null, Object(Config\Cache), false)
 9 FCPATH\index.php(67): CodeIgniter\CodeIgniter->run()
10 SYSTEMPATH\Commands\Server\rewrite.php(47): require_once('C:\\xampp\\htdocs\\web_deperkasa\\public\\index.php')
INFO - 2023-08-21 05:36:06 --> Session: Class initialized using 'CodeIgniter\Session\Handlers\FileHandler' driver.
CRITICAL - 2023-08-21 05:37:34 --> Undefined variable: minuman
in APPPATH\Views\dataminuman.php on line 101.
 1 APPPATH\Views\dataminuman.php(101): CodeIgniter\Debug\Exceptions->errorHandler(8, 'Undefined variable: minuman', 'C:\\xampp\\htdocs\\web_deperkasa\\app\\Views\\dataminuman.php', 101, [...])
 2 SYSTEMPATH\View\View.php(213): include('C:\\xampp\\htdocs\\web_deperkasa\\app\\Views\\dataminuman.php')
 3 SYSTEMPATH\View\View.php(216): CodeIgniter\View\View->CodeIgniter\View\{closure}()
 4 SYSTEMPATH\Common.php(1184): CodeIgniter\View\View->render('dataminuman', [], true)
 5 APPPATH\Controllers\Minuman.php(24): view('dataminuman')
 6 SYSTEMPATH\CodeIgniter.php(934): App\Controllers\Minuman->add()
 7 SYSTEMPATH\CodeIgniter.php(499): CodeIgniter\CodeIgniter->runController(Object(App\Controllers\Minuman))
 8 SYSTEMPATH\CodeIgniter.php(368): CodeIgniter\CodeIgniter->handleRequest(null, Object(Config\Cache), false)
 9 FCPATH\index.php(67): CodeIgniter\CodeIgniter->run()
10 SYSTEMPATH\Commands\Server\rewrite.php(47): require_once('C:\\xampp\\htdocs\\web_deperkasa\\public\\index.php')
INFO - 2023-08-21 05:37:48 --> Session: Class initialized using 'CodeIgniter\Session\Handlers\FileHandler' driver.
CRITICAL - 2023-08-21 05:48:29 --> Undefined variable: minuman
in APPPATH\Views\dataminuman.php on line 101.
 1 APPPATH\Views\dataminuman.php(101): CodeIgniter\Debug\Exceptions->errorHandler(8, 'Undefined variable: minuman', 'C:\\xampp\\htdocs\\web_deperkasa\\app\\Views\\dataminuman.php', 101, [...])
 2 SYSTEMPATH\View\View.php(213): include('C:\\xampp\\htdocs\\web_deperkasa\\app\\Views\\dataminuman.php')
 3 SYSTEMPATH\View\View.php(216): CodeIgniter\View\View->CodeIgniter\View\{closure}()
 4 SYSTEMPATH\Common.php(1184): CodeIgniter\View\View->render('dataminuman', [], true)
 5 APPPATH\Controllers\Minuman.php(24): view('dataminuman')
 6 SYSTEMPATH\CodeIgniter.php(934): App\Controllers\Minuman->add()
 7 SYSTEMPATH\CodeIgniter.php(499): CodeIgniter\CodeIgniter->runController(Object(App\Controllers\Minuman))
 8 SYSTEMPATH\CodeIgniter.php(368): CodeIgniter\CodeIgniter->handleRequest(null, Object(Config\Cache), false)
 9 FCPATH\index.php(67): CodeIgniter\CodeIgniter->run()
10 SYSTEMPATH\Commands\Server\rewrite.php(47): require_once('C:\\xampp\\htdocs\\web_deperkasa\\public\\index.php')
INFO - 2023-08-21 05:48:45 --> Session: Class initialized using 'CodeIgniter\Session\Handlers\FileHandler' driver.
CRITICAL - 2023-08-21 05:56:32 --> Undefined variable: minuman
in APPPATH\Views\dataminuman.php on line 99.
 1 APPPATH\Views\dataminuman.php(99): CodeIgniter\Debug\Exceptions->errorHandler(8, 'Undefined variable: minuman', 'C:\\xampp\\htdocs\\web_deperkasa\\app\\Views\\dataminuman.php', 99, [...])
 2 SYSTEMPATH\View\View.php(213): include('C:\\xampp\\htdocs\\web_deperkasa\\app\\Views\\dataminuman.php')
 3 SYSTEMPATH\View\View.php(216): CodeIgniter\View\View->CodeIgniter\View\{closure}()
 4 SYSTEMPATH\Common.php(1184): CodeIgniter\View\View->render('dataminuman', [], true)
 5 APPPATH\Controllers\Minuman.php(24): view('dataminuman')
 6 SYSTEMPATH\CodeIgniter.php(934): App\Controllers\Minuman->add()
 7 SYSTEMPATH\CodeIgniter.php(499): CodeIgniter\CodeIgniter->runController(Object(App\Controllers\Minuman))
 8 SYSTEMPATH\CodeIgniter.php(368): CodeIgniter\CodeIgniter->handleRequest(null, Object(Config\Cache), false)
 9 FCPATH\index.php(67): CodeIgniter\CodeIgniter->run()
10 SYSTEMPATH\Commands\Server\rewrite.php(47): require_once('C:\\xampp\\htdocs\\web_deperkasa\\public\\index.php')
INFO - 2023-08-21 05:56:48 --> Session: Class initialized using 'CodeIgniter\Session\Handlers\FileHandler' driver.
INFO - 2023-08-21 06:43:16 --> Session: Class initialized using 'CodeIgniter\Session\Handlers\FileHandler' driver.
INFO - 2023-08-21 06:56:58 --> Session: Class initialized using 'CodeIgniter\Session\Handlers\FileHandler' driver.
INFO - 2023-08-21 06:57:01 --> Session: Class initialized using 'CodeIgniter\Session\Handlers\FileHandler' driver.
INFO - 2023-08-21 06:57:04 --> Session: Class initialized using 'CodeIgniter\Session\Handlers\FileHandler' driver.
CRITICAL - 2023-08-21 07:15:36 --> Invalid file: "rekap/rekapkunjungan.php"
in SYSTEMPATH\Exceptions\FrameworkException.php on line 33.
 1 SYSTEMPATH\View\View.php(201): CodeIgniter\Exceptions\FrameworkException::forInvalidFile('rekap/rekapkunjungan.php')
 2 SYSTEMPATH\Common.php(1184): CodeIgniter\View\View->render('rekap/rekapkunjungan', [], true)
 3 APPPATH\Controllers\Rekap.php(48): view('rekap/rekapkunjungan', [...])
 4 SYSTEMPATH\CodeIgniter.php(934): App\Controllers\Rekap->rekapkunjungan()
 5 SYSTEMPATH\CodeIgniter.php(499): CodeIgniter\CodeIgniter->runController(Object(App\Controllers\Rekap))
 6 SYSTEMPATH\CodeIgniter.php(368): CodeIgniter\CodeIgniter->handleRequest(null, Object(Config\Cache), false)
 7 FCPATH\index.php(67): CodeIgniter\CodeIgniter->run()
 8 SYSTEMPATH\Commands\Server\rewrite.php(47): require_once('C:\\xampp\\htdocs\\web_deperkasa\\public\\index.php')
CRITICAL - 2023-08-21 07:15:41 --> Invalid file: "rekap/rekapkunjungan.php"
in SYSTEMPATH\Exceptions\FrameworkException.php on line 33.
 1 SYSTEMPATH\View\View.php(201): CodeIgniter\Exceptions\FrameworkException::forInvalidFile('rekap/rekapkunjungan.php')
 2 SYSTEMPATH\Common.php(1184): CodeIgniter\View\View->render('rekap/rekapkunjungan', [], true)
 3 APPPATH\Controllers\Rekap.php(48): view('rekap/rekapkunjungan', [...])
 4 SYSTEMPATH\CodeIgniter.php(934): App\Controllers\Rekap->rekapkunjungan()
 5 SYSTEMPATH\CodeIgniter.php(499): CodeIgniter\CodeIgniter->runController(Object(App\Controllers\Rekap))
 6 SYSTEMPATH\CodeIgniter.php(368): CodeIgniter\CodeIgniter->handleRequest(null, Object(Config\Cache), false)
 7 FCPATH\index.php(67): CodeIgniter\CodeIgniter->run()
 8 SYSTEMPATH\Commands\Server\rewrite.php(47): require_once('C:\\xampp\\htdocs\\web_deperkasa\\public\\index.php')
CRITICAL - 2023-08-21 07:16:25 --> Invalid file: "rekap/rekapkunjungan.php"
in SYSTEMPATH\Exceptions\FrameworkException.php on line 33.
 1 SYSTEMPATH\View\View.php(201): CodeIgniter\Exceptions\FrameworkException::forInvalidFile('rekap/rekapkunjungan.php')
 2 SYSTEMPATH\Common.php(1184): CodeIgniter\View\View->render('rekap/rekapkunjungan', [], true)
 3 APPPATH\Controllers\Rekap.php(48): view('rekap/rekapkunjungan', [...])
 4 SYSTEMPATH\CodeIgniter.php(934): App\Controllers\Rekap->rekapkunjungan()
 5 SYSTEMPATH\CodeIgniter.php(499): CodeIgniter\CodeIgniter->runController(Object(App\Controllers\Rekap))
 6 SYSTEMPATH\CodeIgniter.php(368): CodeIgniter\CodeIgniter->handleRequest(null, Object(Config\Cache), false)
 7 FCPATH\index.php(67): CodeIgniter\CodeIgniter->run()
 8 SYSTEMPATH\Commands\Server\rewrite.php(47): require_once('C:\\xampp\\htdocs\\web_deperkasa\\public\\index.php')
CRITICAL - 2023-08-21 07:55:03 --> Undefined index: tanggal
in APPPATH\Controllers\ExcelRegistrasi.php on line 236.
 1 APPPATH\Controllers\ExcelRegistrasi.php(236): CodeIgniter\Debug\Exceptions->errorHandler(8, 'Undefined index: tanggal', 'C:\\xampp\\htdocs\\web_deperkasa\\app\\Controllers\\ExcelRegistrasi.php', 236, [...])
 2 SYSTEMPATH\CodeIgniter.php(934): App\Controllers\ExcelRegistrasi->exportbulan()
 3 SYSTEMPATH\CodeIgniter.php(499): CodeIgniter\CodeIgniter->runController(Object(App\Controllers\ExcelRegistrasi))
 4 SYSTEMPATH\CodeIgniter.php(368): CodeIgniter\CodeIgniter->handleRequest(null, Object(Config\Cache), false)
 5 FCPATH\index.php(67): CodeIgniter\CodeIgniter->run()
 6 SYSTEMPATH\Commands\Server\rewrite.php(47): require_once('C:\\xampp\\htdocs\\web_deperkasa\\public\\index.php')
ERROR - 2023-08-21 08:05:44 --> mysqli_sql_exception: Unknown column 'tanggal' in 'where clause' in C:\xampp\htdocs\web_deperkasa\system\Database\MySQLi\Connection.php:295
Stack trace:
#0 C:\xampp\htdocs\web_deperkasa\system\Database\MySQLi\Connection.php(295): mysqli->query('SELECT *\nFROM `...', 0)
#1 C:\xampp\htdocs\web_deperkasa\system\Database\BaseConnection.php(692): CodeIgniter\Database\MySQLi\Connection->execute('SELECT *\nFROM `...')
#2 C:\xampp\htdocs\web_deperkasa\system\Database\BaseConnection.php(606): CodeIgniter\Database\BaseConnection->simpleQuery('SELECT *\nFROM `...')
#3 C:\xampp\htdocs\web_deperkasa\system\Database\BaseBuilder.php(1616): CodeIgniter\Database\BaseConnection->query('SELECT *\nFROM `...', Array, false)
#4 C:\xampp\htdocs\web_deperkasa\system\Model.php(241): CodeIgniter\Database\BaseBuilder->get()
#5 C:\xampp\htdocs\web_deperkasa\system\BaseModel.php(618): CodeIgniter\Model->doFindAll(0, 0)
#6 C:\xampp\htdocs\web_deperkasa\app\Controllers\ExcelRegistrasi.php(112): CodeIgniter\BaseModel->findAll()
#7 C:\xampp\htdocs\web_deperkasa\system\CodeIgniter.php(934): App\Controllers\ExcelRegistrasi->exportminggu()
#8 C:\xampp\htdocs\web_deperkasa\system\CodeIgniter.php(499): CodeIgniter\CodeIgniter->runController(Object(App\Controllers\ExcelRegistrasi))
#9 C:\xampp\htdocs\web_deperkasa\system\CodeIgniter.php(368): CodeIgniter\CodeIgniter->handleRequest(NULL, Object(Config\Cache), false)
#10 C:\xampp\htdocs\web_deperkasa\public\index.php(67): CodeIgniter\CodeIgniter->run()
#11 C:\xampp\htdocs\web_deperkasa\system\Commands\Server\rewrite.php(47): require_once('C:\\xampp\\htdocs...')
#12 {main}
CRITICAL - 2023-08-21 08:05:44 --> Unknown column 'tanggal' in 'where clause'
in SYSTEMPATH\Database\MySQLi\Connection.php on line 295.
 1 SYSTEMPATH\Database\MySQLi\Connection.php(295): mysqli->query('SELECT *
FROM `registrasi`
WHERE `tanggal` >= \'2023-07-01\'
AND `tanggal` <= \'2023-07-07\'', 0)
 2 SYSTEMPATH\Database\BaseConnection.php(692): CodeIgniter\Database\MySQLi\Connection->execute('SELECT *
FROM `registrasi`
WHERE `tanggal` >= \'2023-07-01\'
AND `tanggal` <= \'2023-07-07\'')
 3 SYSTEMPATH\Database\BaseConnection.php(606): CodeIgniter\Database\BaseConnection->simpleQuery('SELECT *
FROM `registrasi`
WHERE `tanggal` >= \'2023-07-01\'
AND `tanggal` <= \'2023-07-07\'')
 4 SYSTEMPATH\Database\BaseBuilder.php(1616): CodeIgniter\Database\BaseConnection->query('SELECT *
FROM `registrasi`
WHERE `tanggal` >= :tanggal:
AND `tanggal` <= :tanggal.1:', [...], false)
 5 SYSTEMPATH\Model.php(241): CodeIgniter\Database\BaseBuilder->get()
 6 SYSTEMPATH\BaseModel.php(618): CodeIgniter\Model->doFindAll(0, 0)
 7 APPPATH\Controllers\ExcelRegistrasi.php(112): CodeIgniter\BaseModel->findAll()
 8 SYSTEMPATH\CodeIgniter.php(934): App\Controllers\ExcelRegistrasi->exportminggu()
 9 SYSTEMPATH\CodeIgniter.php(499): CodeIgniter\CodeIgniter->runController(Object(App\Controllers\ExcelRegistrasi))
10 SYSTEMPATH\CodeIgniter.php(368): CodeIgniter\CodeIgniter->handleRequest(null, Object(Config\Cache), false)
11 FCPATH\index.php(67): CodeIgniter\CodeIgniter->run()
12 SYSTEMPATH\Commands\Server\rewrite.php(47): require_once('C:\\xampp\\htdocs\\web_deperkasa\\public\\index.php')
ERROR - 2023-08-21 08:08:26 --> mysqli_sql_exception: Column 'nama' cannot be null in C:\xampp\htdocs\web_deperkasa\system\Database\MySQLi\Connection.php:295
Stack trace:
#0 C:\xampp\htdocs\web_deperkasa\system\Database\MySQLi\Connection.php(295): mysqli->query('REPLACE INTO `r...', 0)
#1 C:\xampp\htdocs\web_deperkasa\system\Database\BaseConnection.php(692): CodeIgniter\Database\MySQLi\Connection->execute('REPLACE INTO `r...')
#2 C:\xampp\htdocs\web_deperkasa\system\Database\BaseConnection.php(606): CodeIgniter\Database\BaseConnection->simpleQuery('REPLACE INTO `r...')
#3 C:\xampp\htdocs\web_deperkasa\system\Database\BaseBuilder.php(2397): CodeIgniter\Database\BaseConnection->query('REPLACE INTO `r...', Array, false)
#4 C:\xampp\htdocs\web_deperkasa\system\Model.php(494): CodeIgniter\Database\BaseBuilder->replace(Array)
#5 C:\xampp\htdocs\web_deperkasa\system\BaseModel.php(1140): CodeIgniter\Model->doReplace(Array, false)
#6 C:\xampp\htdocs\web_deperkasa\app\Controllers\Registrasi.php(92): CodeIgniter\BaseModel->replace(Array)
#7 C:\xampp\htdocs\web_deperkasa\system\CodeIgniter.php(934): App\Controllers\Registrasi->update()
#8 C:\xampp\htdocs\web_deperkasa\system\CodeIgniter.php(499): CodeIgniter\CodeIgniter->runController(Object(App\Controllers\Registrasi))
#9 C:\xampp\htdocs\web_deperkasa\system\CodeIgniter.php(368): CodeIgniter\CodeIgniter->handleRequest(NULL, Object(Config\Cache), false)
#10 C:\xampp\htdocs\web_deperkasa\public\index.php(67): CodeIgniter\CodeIgniter->run()
#11 C:\xampp\htdocs\web_deperkasa\system\Commands\Server\rewrite.php(47): require_once('C:\\xampp\\htdocs...')
#12 {main}
CRITICAL - 2023-08-21 08:08:26 --> Column 'nama' cannot be null
in SYSTEMPATH\Database\MySQLi\Connection.php on line 295.
 1 SYSTEMPATH\Database\MySQLi\Connection.php(295): mysqli->query('REPLACE INTO `registrasi` (`id_registrasi`, `nama`, `alamat`, `tempat_lahir`, `tanggal_lahir`, `usia`, `no_ktp`, `no_telp`, `tipe_member`, `no_member`, `tgl_aktivasi`, `tgl_berakhir`, `pelatih`, `harga`) VALUES (NULL, NULL, NULL, NULL, NULL, NULL, NULL, NULL, NULL, NULL, NULL, NULL, NULL, \'250.000\')', 0)
 2 SYSTEMPATH\Database\BaseConnection.php(692): CodeIgniter\Database\MySQLi\Connection->execute('REPLACE INTO `registrasi` (`id_registrasi`, `nama`, `alamat`, `tempat_lahir`, `tanggal_lahir`, `usia`, `no_ktp`, `no_telp`, `tipe_member`, `no_member`, `tgl_aktivasi`, `tgl_berakhir`, `pelatih`, `harga`) VALUES (NULL, NULL, NULL, NULL, NULL, NULL, NULL, NULL, NULL, NULL, NULL, NULL, NULL, \'250.000\')')
 3 SYSTEMPATH\Database\BaseConnection.php(606): CodeIgniter\Database\BaseConnection->simpleQuery('REPLACE INTO `registrasi` (`id_registrasi`, `nama`, `alamat`, `tempat_lahir`, `tanggal_lahir`, `usia`, `no_ktp`, `no_telp`, `tipe_member`, `no_member`, `tgl_aktivasi`, `tgl_berakhir`, `pelatih`, `harga`) VALUES (NULL, NULL, NULL, NULL, NULL, NULL, NULL, NULL, NULL, NULL, NULL, NULL, NULL, \'250.000\')')
 4 SYSTEMPATH\Database\BaseBuilder.php(2397): CodeIgniter\Database\BaseConnection->query('REPLACE INTO `registrasi` (`id_registrasi`, `nama`, `alamat`, `tempat_lahir`, `tanggal_lahir`, `usia`, `no_ktp`, `no_telp`, `tipe_member`, `no_member`, `tgl_aktivasi`, `tgl_berakhir`, `pelatih`, `harga`) VALUES (:id_registrasi:, :nama:, :alamat:, :tempat_lahir:, :tanggal_lahir:, :usia:, :no_ktp:, :no_telp:, :tipe_member:, :no_member:, :tgl_aktivasi:, :tgl_berakhir:, :pelatih:, :harga:)', [...], false)
 5 SYSTEMPATH\Model.php(494): CodeIgniter\Database\BaseBuilder->replace([...])
 6 SYSTEMPATH\BaseModel.php(1140): CodeIgniter\Model->doReplace([...], false)
 7 APPPATH\Controllers\Registrasi.php(92): CodeIgniter\BaseModel->replace([...])
 8 SYSTEMPATH\CodeIgniter.php(934): App\Controllers\Registrasi->update()
 9 SYSTEMPATH\CodeIgniter.php(499): CodeIgniter\CodeIgniter->runController(Object(App\Controllers\Registrasi))
10 SYSTEMPATH\CodeIgniter.php(368): CodeIgniter\CodeIgniter->handleRequest(null, Object(Config\Cache), false)
11 FCPATH\index.php(67): CodeIgniter\CodeIgniter->run()
12 SYSTEMPATH\Commands\Server\rewrite.php(47): require_once('C:\\xampp\\htdocs\\web_deperkasa\\public\\index.php')
ERROR - 2023-08-21 08:08:41 --> mysqli_sql_exception: Column 'nama' cannot be null in C:\xampp\htdocs\web_deperkasa\system\Database\MySQLi\Connection.php:295
Stack trace:
#0 C:\xampp\htdocs\web_deperkasa\system\Database\MySQLi\Connection.php(295): mysqli->query('REPLACE INTO `r...', 0)
#1 C:\xampp\htdocs\web_deperkasa\system\Database\BaseConnection.php(692): CodeIgniter\Database\MySQLi\Connection->execute('REPLACE INTO `r...')
#2 C:\xampp\htdocs\web_deperkasa\system\Database\BaseConnection.php(606): CodeIgniter\Database\BaseConnection->simpleQuery('REPLACE INTO `r...')
#3 C:\xampp\htdocs\web_deperkasa\system\Database\BaseBuilder.php(2397): CodeIgniter\Database\BaseConnection->query('REPLACE INTO `r...', Array, false)
#4 C:\xampp\htdocs\web_deperkasa\system\Model.php(494): CodeIgniter\Database\BaseBuilder->replace(Array)
#5 C:\xampp\htdocs\web_deperkasa\system\BaseModel.php(1140): CodeIgniter\Model->doReplace(Array, false)
#6 C:\xampp\htdocs\web_deperkasa\app\Controllers\Registrasi.php(92): CodeIgniter\BaseModel->replace(Array)
#7 C:\xampp\htdocs\web_deperkasa\system\CodeIgniter.php(934): App\Controllers\Registrasi->update()
#8 C:\xampp\htdocs\web_deperkasa\system\CodeIgniter.php(499): CodeIgniter\CodeIgniter->runController(Object(App\Controllers\Registrasi))
#9 C:\xampp\htdocs\web_deperkasa\system\CodeIgniter.php(368): CodeIgniter\CodeIgniter->handleRequest(NULL, Object(Config\Cache), false)
#10 C:\xampp\htdocs\web_deperkasa\public\index.php(67): CodeIgniter\CodeIgniter->run()
#11 C:\xampp\htdocs\web_deperkasa\system\Commands\Server\rewrite.php(47): require_once('C:\\xampp\\htdocs...')
#12 {main}
CRITICAL - 2023-08-21 08:08:41 --> Column 'nama' cannot be null
in SYSTEMPATH\Database\MySQLi\Connection.php on line 295.
 1 SYSTEMPATH\Database\MySQLi\Connection.php(295): mysqli->query('REPLACE INTO `registrasi` (`id_registrasi`, `nama`, `alamat`, `tempat_lahir`, `tanggal_lahir`, `usia`, `no_ktp`, `no_telp`, `tipe_member`, `no_member`, `tgl_aktivasi`, `tgl_berakhir`, `pelatih`, `harga`) VALUES (NULL, NULL, NULL, NULL, NULL, NULL, NULL, NULL, NULL, NULL, NULL, NULL, NULL, \'250.000\')', 0)
 2 SYSTEMPATH\Database\BaseConnection.php(692): CodeIgniter\Database\MySQLi\Connection->execute('REPLACE INTO `registrasi` (`id_registrasi`, `nama`, `alamat`, `tempat_lahir`, `tanggal_lahir`, `usia`, `no_ktp`, `no_telp`, `tipe_member`, `no_member`, `tgl_aktivasi`, `tgl_berakhir`, `pelatih`, `harga`) VALUES (NULL, NULL, NULL, NULL, NULL, NULL, NULL, NULL, NULL, NULL, NULL, NULL, NULL, \'250.000\')')
 3 SYSTEMPATH\Database\BaseConnection.php(606): CodeIgniter\Database\BaseConnection->simpleQuery('REPLACE INTO `registrasi` (`id_registrasi`, `nama`, `alamat`, `tempat_lahir`, `tanggal_lahir`, `usia`, `no_ktp`, `no_telp`, `tipe_member`, `no_member`, `tgl_aktivasi`, `tgl_berakhir`, `pelatih`, `harga`) VALUES (NULL, NULL, NULL, NULL, NULL, NULL, NULL, NULL, NULL, NULL, NULL, NULL, NULL, \'250.000\')')
 4 SYSTEMPATH\Database\BaseBuilder.php(2397): CodeIgniter\Database\BaseConnection->query('REPLACE INTO `registrasi` (`id_registrasi`, `nama`, `alamat`, `tempat_lahir`, `tanggal_lahir`, `usia`, `no_ktp`, `no_telp`, `tipe_member`, `no_member`, `tgl_aktivasi`, `tgl_berakhir`, `pelatih`, `harga`) VALUES (:id_registrasi:, :nama:, :alamat:, :tempat_lahir:, :tanggal_lahir:, :usia:, :no_ktp:, :no_telp:, :tipe_member:, :no_member:, :tgl_aktivasi:, :tgl_berakhir:, :pelatih:, :harga:)', [...], false)
 5 SYSTEMPATH\Model.php(494): CodeIgniter\Database\BaseBuilder->replace([...])
 6 SYSTEMPATH\BaseModel.php(1140): CodeIgniter\Model->doReplace([...], false)
 7 APPPATH\Controllers\Registrasi.php(92): CodeIgniter\BaseModel->replace([...])
 8 SYSTEMPATH\CodeIgniter.php(934): App\Controllers\Registrasi->update()
 9 SYSTEMPATH\CodeIgniter.php(499): CodeIgniter\CodeIgniter->runController(Object(App\Controllers\Registrasi))
10 SYSTEMPATH\CodeIgniter.php(368): CodeIgniter\CodeIgniter->handleRequest(null, Object(Config\Cache), false)
11 FCPATH\index.php(67): CodeIgniter\CodeIgniter->run()
12 SYSTEMPATH\Commands\Server\rewrite.php(47): require_once('C:\\xampp\\htdocs\\web_deperkasa\\public\\index.php')
ERROR - 2023-08-21 08:08:56 --> mysqli_sql_exception: Column 'nama' cannot be null in C:\xampp\htdocs\web_deperkasa\system\Database\MySQLi\Connection.php:295
Stack trace:
#0 C:\xampp\htdocs\web_deperkasa\system\Database\MySQLi\Connection.php(295): mysqli->query('REPLACE INTO `r...', 0)
#1 C:\xampp\htdocs\web_deperkasa\system\Database\BaseConnection.php(692): CodeIgniter\Database\MySQLi\Connection->execute('REPLACE INTO `r...')
#2 C:\xampp\htdocs\web_deperkasa\system\Database\BaseConnection.php(606): CodeIgniter\Database\BaseConnection->simpleQuery('REPLACE INTO `r...')
#3 C:\xampp\htdocs\web_deperkasa\system\Database\BaseBuilder.php(2397): CodeIgniter\Database\BaseConnection->query('REPLACE INTO `r...', Array, false)
#4 C:\xampp\htdocs\web_deperkasa\system\Model.php(494): CodeIgniter\Database\BaseBuilder->replace(Array)
#5 C:\xampp\htdocs\web_deperkasa\system\BaseModel.php(1140): CodeIgniter\Model->doReplace(Array, false)
#6 C:\xampp\htdocs\web_deperkasa\app\Controllers\Registrasi.php(92): CodeIgniter\BaseModel->replace(Array)
#7 C:\xampp\htdocs\web_deperkasa\system\CodeIgniter.php(934): App\Controllers\Registrasi->update()
#8 C:\xampp\htdocs\web_deperkasa\system\CodeIgniter.php(499): CodeIgniter\CodeIgniter->runController(Object(App\Controllers\Registrasi))
#9 C:\xampp\htdocs\web_deperkasa\system\CodeIgniter.php(368): CodeIgniter\CodeIgniter->handleRequest(NULL, Object(Config\Cache), false)
#10 C:\xampp\htdocs\web_deperkasa\public\index.php(67): CodeIgniter\CodeIgniter->run()
#11 C:\xampp\htdocs\web_deperkasa\system\Commands\Server\rewrite.php(47): require_once('C:\\xampp\\htdocs...')
#12 {main}
CRITICAL - 2023-08-21 08:08:56 --> Column 'nama' cannot be null
in SYSTEMPATH\Database\MySQLi\Connection.php on line 295.
 1 SYSTEMPATH\Database\MySQLi\Connection.php(295): mysqli->query('REPLACE INTO `registrasi` (`id_registrasi`, `nama`, `alamat`, `tempat_lahir`, `tanggal_lahir`, `usia`, `no_ktp`, `no_telp`, `tipe_member`, `no_member`, `tgl_aktivasi`, `tgl_berakhir`, `pelatih`, `harga`) VALUES (NULL, NULL, NULL, NULL, NULL, NULL, NULL, NULL, NULL, NULL, NULL, NULL, NULL, \'250.000\')', 0)
 2 SYSTEMPATH\Database\BaseConnection.php(692): CodeIgniter\Database\MySQLi\Connection->execute('REPLACE INTO `registrasi` (`id_registrasi`, `nama`, `alamat`, `tempat_lahir`, `tanggal_lahir`, `usia`, `no_ktp`, `no_telp`, `tipe_member`, `no_member`, `tgl_aktivasi`, `tgl_berakhir`, `pelatih`, `harga`) VALUES (NULL, NULL, NULL, NULL, NULL, NULL, NULL, NULL, NULL, NULL, NULL, NULL, NULL, \'250.000\')')
 3 SYSTEMPATH\Database\BaseConnection.php(606): CodeIgniter\Database\BaseConnection->simpleQuery('REPLACE INTO `registrasi` (`id_registrasi`, `nama`, `alamat`, `tempat_lahir`, `tanggal_lahir`, `usia`, `no_ktp`, `no_telp`, `tipe_member`, `no_member`, `tgl_aktivasi`, `tgl_berakhir`, `pelatih`, `harga`) VALUES (NULL, NULL, NULL, NULL, NULL, NULL, NULL, NULL, NULL, NULL, NULL, NULL, NULL, \'250.000\')')
 4 SYSTEMPATH\Database\BaseBuilder.php(2397): CodeIgniter\Database\BaseConnection->query('REPLACE INTO `registrasi` (`id_registrasi`, `nama`, `alamat`, `tempat_lahir`, `tanggal_lahir`, `usia`, `no_ktp`, `no_telp`, `tipe_member`, `no_member`, `tgl_aktivasi`, `tgl_berakhir`, `pelatih`, `harga`) VALUES (:id_registrasi:, :nama:, :alamat:, :tempat_lahir:, :tanggal_lahir:, :usia:, :no_ktp:, :no_telp:, :tipe_member:, :no_member:, :tgl_aktivasi:, :tgl_berakhir:, :pelatih:, :harga:)', [...], false)
 5 SYSTEMPATH\Model.php(494): CodeIgniter\Database\BaseBuilder->replace([...])
 6 SYSTEMPATH\BaseModel.php(1140): CodeIgniter\Model->doReplace([...], false)
 7 APPPATH\Controllers\Registrasi.php(92): CodeIgniter\BaseModel->replace([...])
 8 SYSTEMPATH\CodeIgniter.php(934): App\Controllers\Registrasi->update()
 9 SYSTEMPATH\CodeIgniter.php(499): CodeIgniter\CodeIgniter->runController(Object(App\Controllers\Registrasi))
10 SYSTEMPATH\CodeIgniter.php(368): CodeIgniter\CodeIgniter->handleRequest(null, Object(Config\Cache), false)
11 FCPATH\index.php(67): CodeIgniter\CodeIgniter->run()
12 SYSTEMPATH\Commands\Server\rewrite.php(47): require_once('C:\\xampp\\htdocs\\web_deperkasa\\public\\index.php')
ERROR - 2023-08-21 08:09:03 --> mysqli_sql_exception: Column 'nama' cannot be null in C:\xampp\htdocs\web_deperkasa\system\Database\MySQLi\Connection.php:295
Stack trace:
#0 C:\xampp\htdocs\web_deperkasa\system\Database\MySQLi\Connection.php(295): mysqli->query('REPLACE INTO `r...', 0)
#1 C:\xampp\htdocs\web_deperkasa\system\Database\BaseConnection.php(692): CodeIgniter\Database\MySQLi\Connection->execute('REPLACE INTO `r...')
#2 C:\xampp\htdocs\web_deperkasa\system\Database\BaseConnection.php(606): CodeIgniter\Database\BaseConnection->simpleQuery('REPLACE INTO `r...')
#3 C:\xampp\htdocs\web_deperkasa\system\Database\BaseBuilder.php(2397): CodeIgniter\Database\BaseConnection->query('REPLACE INTO `r...', Array, false)
#4 C:\xampp\htdocs\web_deperkasa\system\Model.php(494): CodeIgniter\Database\BaseBuilder->replace(Array)
#5 C:\xampp\htdocs\web_deperkasa\system\BaseModel.php(1140): CodeIgniter\Model->doReplace(Array, false)
#6 C:\xampp\htdocs\web_deperkasa\app\Controllers\Registrasi.php(92): CodeIgniter\BaseModel->replace(Array)
#7 C:\xampp\htdocs\web_deperkasa\system\CodeIgniter.php(934): App\Controllers\Registrasi->update()
#8 C:\xampp\htdocs\web_deperkasa\system\CodeIgniter.php(499): CodeIgniter\CodeIgniter->runController(Object(App\Controllers\Registrasi))
#9 C:\xampp\htdocs\web_deperkasa\system\CodeIgniter.php(368): CodeIgniter\CodeIgniter->handleRequest(NULL, Object(Config\Cache), false)
#10 C:\xampp\htdocs\web_deperkasa\public\index.php(67): CodeIgniter\CodeIgniter->run()
#11 C:\xampp\htdocs\web_deperkasa\system\Commands\Server\rewrite.php(47): require_once('C:\\xampp\\htdocs...')
#12 {main}
CRITICAL - 2023-08-21 08:09:03 --> Column 'nama' cannot be null
in SYSTEMPATH\Database\MySQLi\Connection.php on line 295.
 1 SYSTEMPATH\Database\MySQLi\Connection.php(295): mysqli->query('REPLACE INTO `registrasi` (`id_registrasi`, `nama`, `alamat`, `tempat_lahir`, `tanggal_lahir`, `usia`, `no_ktp`, `no_telp`, `tipe_member`, `no_member`, `tgl_aktivasi`, `tgl_berakhir`, `pelatih`, `harga`) VALUES (NULL, NULL, NULL, NULL, NULL, NULL, NULL, NULL, NULL, NULL, NULL, NULL, NULL, \'250.000\')', 0)
 2 SYSTEMPATH\Database\BaseConnection.php(692): CodeIgniter\Database\MySQLi\Connection->execute('REPLACE INTO `registrasi` (`id_registrasi`, `nama`, `alamat`, `tempat_lahir`, `tanggal_lahir`, `usia`, `no_ktp`, `no_telp`, `tipe_member`, `no_member`, `tgl_aktivasi`, `tgl_berakhir`, `pelatih`, `harga`) VALUES (NULL, NULL, NULL, NULL, NULL, NULL, NULL, NULL, NULL, NULL, NULL, NULL, NULL, \'250.000\')')
 3 SYSTEMPATH\Database\BaseConnection.php(606): CodeIgniter\Database\BaseConnection->simpleQuery('REPLACE INTO `registrasi` (`id_registrasi`, `nama`, `alamat`, `tempat_lahir`, `tanggal_lahir`, `usia`, `no_ktp`, `no_telp`, `tipe_member`, `no_member`, `tgl_aktivasi`, `tgl_berakhir`, `pelatih`, `harga`) VALUES (NULL, NULL, NULL, NULL, NULL, NULL, NULL, NULL, NULL, NULL, NULL, NULL, NULL, \'250.000\')')
 4 SYSTEMPATH\Database\BaseBuilder.php(2397): CodeIgniter\Database\BaseConnection->query('REPLACE INTO `registrasi` (`id_registrasi`, `nama`, `alamat`, `tempat_lahir`, `tanggal_lahir`, `usia`, `no_ktp`, `no_telp`, `tipe_member`, `no_member`, `tgl_aktivasi`, `tgl_berakhir`, `pelatih`, `harga`) VALUES (:id_registrasi:, :nama:, :alamat:, :tempat_lahir:, :tanggal_lahir:, :usia:, :no_ktp:, :no_telp:, :tipe_member:, :no_member:, :tgl_aktivasi:, :tgl_berakhir:, :pelatih:, :harga:)', [...], false)
 5 SYSTEMPATH\Model.php(494): CodeIgniter\Database\BaseBuilder->replace([...])
 6 SYSTEMPATH\BaseModel.php(1140): CodeIgniter\Model->doReplace([...], false)
 7 APPPATH\Controllers\Registrasi.php(92): CodeIgniter\BaseModel->replace([...])
 8 SYSTEMPATH\CodeIgniter.php(934): App\Controllers\Registrasi->update()
 9 SYSTEMPATH\CodeIgniter.php(499): CodeIgniter\CodeIgniter->runController(Object(App\Controllers\Registrasi))
10 SYSTEMPATH\CodeIgniter.php(368): CodeIgniter\CodeIgniter->handleRequest(null, Object(Config\Cache), false)
11 FCPATH\index.php(67): CodeIgniter\CodeIgniter->run()
12 SYSTEMPATH\Commands\Server\rewrite.php(47): require_once('C:\\xampp\\htdocs\\web_deperkasa\\public\\index.php')
INFO - 2023-08-21 08:15:48 --> Session: Class initialized using 'CodeIgniter\Session\Handlers\FileHandler' driver.
INFO - 2023-08-21 08:16:36 --> Session: Class initialized using 'CodeIgniter\Session\Handlers\FileHandler' driver.
INFO - 2023-08-21 08:16:44 --> Session: Class initialized using 'CodeIgniter\Session\Handlers\FileHandler' driver.
INFO - 2023-08-21 08:19:38 --> Session: Class initialized using 'CodeIgniter\Session\Handlers\FileHandler' driver.
INFO - 2023-08-21 08:19:49 --> Session: Class initialized using 'CodeIgniter\Session\Handlers\FileHandler' driver.
INFO - 2023-08-21 08:19:59 --> Session: Class initialized using 'CodeIgniter\Session\Handlers\FileHandler' driver.
INFO - 2023-08-21 08:21:08 --> Session: Class initialized using 'CodeIgniter\Session\Handlers\FileHandler' driver.
INFO - 2023-08-21 08:22:25 --> Session: Class initialized using 'CodeIgniter\Session\Handlers\FileHandler' driver.
INFO - 2023-08-21 08:24:09 --> Session: Class initialized using 'CodeIgniter\Session\Handlers\FileHandler' driver.
INFO - 2023-08-21 08:24:29 --> Session: Class initialized using 'CodeIgniter\Session\Handlers\FileHandler' driver.
INFO - 2023-08-21 08:26:33 --> Session: Class initialized using 'CodeIgniter\Session\Handlers\FileHandler' driver.
INFO - 2023-08-21 08:26:38 --> Session: Class initialized using 'CodeIgniter\Session\Handlers\FileHandler' driver.
ERROR - 2023-08-21 14:01:38 --> mysqli_sql_exception: Column 'nama' cannot be null in C:\xampp\htdocs\web_deperkasa\system\Database\MySQLi\Connection.php:295
Stack trace:
#0 C:\xampp\htdocs\web_deperkasa\system\Database\MySQLi\Connection.php(295): mysqli->query('REPLACE INTO `r...', 0)
#1 C:\xampp\htdocs\web_deperkasa\system\Database\BaseConnection.php(692): CodeIgniter\Database\MySQLi\Connection->execute('REPLACE INTO `r...')
#2 C:\xampp\htdocs\web_deperkasa\system\Database\BaseConnection.php(606): CodeIgniter\Database\BaseConnection->simpleQuery('REPLACE INTO `r...')
#3 C:\xampp\htdocs\web_deperkasa\system\Database\BaseBuilder.php(2397): CodeIgniter\Database\BaseConnection->query('REPLACE INTO `r...', Array, false)
#4 C:\xampp\htdocs\web_deperkasa\system\Model.php(494): CodeIgniter\Database\BaseBuilder->replace(Array)
#5 C:\xampp\htdocs\web_deperkasa\system\BaseModel.php(1140): CodeIgniter\Model->doReplace(Array, false)
#6 C:\xampp\htdocs\web_deperkasa\app\Controllers\Registrasi.php(92): CodeIgniter\BaseModel->replace(Array)
#7 C:\xampp\htdocs\web_deperkasa\system\CodeIgniter.php(934): App\Controllers\Registrasi->update()
#8 C:\xampp\htdocs\web_deperkasa\system\CodeIgniter.php(499): CodeIgniter\CodeIgniter->runController(Object(App\Controllers\Registrasi))
#9 C:\xampp\htdocs\web_deperkasa\system\CodeIgniter.php(368): CodeIgniter\CodeIgniter->handleRequest(NULL, Object(Config\Cache), false)
#10 C:\xampp\htdocs\web_deperkasa\public\index.php(67): CodeIgniter\CodeIgniter->run()
#11 C:\xampp\htdocs\web_deperkasa\system\Commands\Server\rewrite.php(47): require_once('C:\\xampp\\htdocs...')
#12 {main}
CRITICAL - 2023-08-21 14:01:38 --> Column 'nama' cannot be null
in SYSTEMPATH\Database\MySQLi\Connection.php on line 295.
 1 SYSTEMPATH\Database\MySQLi\Connection.php(295): mysqli->query('REPLACE INTO `registrasi` (`id_registrasi`, `nama`, `alamat`, `tempat_lahir`, `tanggal_lahir`, `usia`, `no_ktp`, `no_telp`, `tipe_member`, `no_member`, `tgl_aktivasi`, `tgl_berakhir`, `pelatih`, `harga`) VALUES (NULL, NULL, NULL, NULL, NULL, NULL, NULL, NULL, NULL, NULL, NULL, NULL, NULL, \'250.000\')', 0)
 2 SYSTEMPATH\Database\BaseConnection.php(692): CodeIgniter\Database\MySQLi\Connection->execute('REPLACE INTO `registrasi` (`id_registrasi`, `nama`, `alamat`, `tempat_lahir`, `tanggal_lahir`, `usia`, `no_ktp`, `no_telp`, `tipe_member`, `no_member`, `tgl_aktivasi`, `tgl_berakhir`, `pelatih`, `harga`) VALUES (NULL, NULL, NULL, NULL, NULL, NULL, NULL, NULL, NULL, NULL, NULL, NULL, NULL, \'250.000\')')
 3 SYSTEMPATH\Database\BaseConnection.php(606): CodeIgniter\Database\BaseConnection->simpleQuery('REPLACE INTO `registrasi` (`id_registrasi`, `nama`, `alamat`, `tempat_lahir`, `tanggal_lahir`, `usia`, `no_ktp`, `no_telp`, `tipe_member`, `no_member`, `tgl_aktivasi`, `tgl_berakhir`, `pelatih`, `harga`) VALUES (NULL, NULL, NULL, NULL, NULL, NULL, NULL, NULL, NULL, NULL, NULL, NULL, NULL, \'250.000\')')
 4 SYSTEMPATH\Database\BaseBuilder.php(2397): CodeIgniter\Database\BaseConnection->query('REPLACE INTO `registrasi` (`id_registrasi`, `nama`, `alamat`, `tempat_lahir`, `tanggal_lahir`, `usia`, `no_ktp`, `no_telp`, `tipe_member`, `no_member`, `tgl_aktivasi`, `tgl_berakhir`, `pelatih`, `harga`) VALUES (:id_registrasi:, :nama:, :alamat:, :tempat_lahir:, :tanggal_lahir:, :usia:, :no_ktp:, :no_telp:, :tipe_member:, :no_member:, :tgl_aktivasi:, :tgl_berakhir:, :pelatih:, :harga:)', [...], false)
 5 SYSTEMPATH\Model.php(494): CodeIgniter\Database\BaseBuilder->replace([...])
 6 SYSTEMPATH\BaseModel.php(1140): CodeIgniter\Model->doReplace([...], false)
 7 APPPATH\Controllers\Registrasi.php(92): CodeIgniter\BaseModel->replace([...])
 8 SYSTEMPATH\CodeIgniter.php(934): App\Controllers\Registrasi->update()
 9 SYSTEMPATH\CodeIgniter.php(499): CodeIgniter\CodeIgniter->runController(Object(App\Controllers\Registrasi))
10 SYSTEMPATH\CodeIgniter.php(368): CodeIgniter\CodeIgniter->handleRequest(null, Object(Config\Cache), false)
11 FCPATH\index.php(67): CodeIgniter\CodeIgniter->run()
12 SYSTEMPATH\Commands\Server\rewrite.php(47): require_once('C:\\xampp\\htdocs\\web_deperkasa\\public\\index.php')
INFO - 2023-08-21 14:02:51 --> Session: Class initialized using 'CodeIgniter\Session\Handlers\FileHandler' driver.
INFO - 2023-08-21 14:05:27 --> Session: Class initialized using 'CodeIgniter\Session\Handlers\FileHandler' driver.
ERROR - 2023-08-21 14:05:40 --> mysqli_sql_exception: Column 'nama' cannot be null in C:\xampp\htdocs\web_deperkasa\system\Database\MySQLi\Connection.php:295
Stack trace:
#0 C:\xampp\htdocs\web_deperkasa\system\Database\MySQLi\Connection.php(295): mysqli->query('REPLACE INTO `r...', 0)
#1 C:\xampp\htdocs\web_deperkasa\system\Database\BaseConnection.php(692): CodeIgniter\Database\MySQLi\Connection->execute('REPLACE INTO `r...')
#2 C:\xampp\htdocs\web_deperkasa\system\Database\BaseConnection.php(606): CodeIgniter\Database\BaseConnection->simpleQuery('REPLACE INTO `r...')
#3 C:\xampp\htdocs\web_deperkasa\system\Database\BaseBuilder.php(2397): CodeIgniter\Database\BaseConnection->query('REPLACE INTO `r...', Array, false)
#4 C:\xampp\htdocs\web_deperkasa\system\Model.php(494): CodeIgniter\Database\BaseBuilder->replace(Array)
#5 C:\xampp\htdocs\web_deperkasa\system\BaseModel.php(1140): CodeIgniter\Model->doReplace(Array, false)
#6 C:\xampp\htdocs\web_deperkasa\app\Controllers\Registrasi.php(92): CodeIgniter\BaseModel->replace(Array)
#7 C:\xampp\htdocs\web_deperkasa\system\CodeIgniter.php(934): App\Controllers\Registrasi->update()
#8 C:\xampp\htdocs\web_deperkasa\system\CodeIgniter.php(499): CodeIgniter\CodeIgniter->runController(Object(App\Controllers\Registrasi))
#9 C:\xampp\htdocs\web_deperkasa\system\CodeIgniter.php(368): CodeIgniter\CodeIgniter->handleRequest(NULL, Object(Config\Cache), false)
#10 C:\xampp\htdocs\web_deperkasa\public\index.php(67): CodeIgniter\CodeIgniter->run()
#11 C:\xampp\htdocs\web_deperkasa\system\Commands\Server\rewrite.php(47): require_once('C:\\xampp\\htdocs...')
#12 {main}
CRITICAL - 2023-08-21 14:05:40 --> Column 'nama' cannot be null
in SYSTEMPATH\Database\MySQLi\Connection.php on line 295.
 1 SYSTEMPATH\Database\MySQLi\Connection.php(295): mysqli->query('REPLACE INTO `registrasi` (`id_registrasi`, `nama`, `alamat`, `tempat_lahir`, `tanggal_lahir`, `usia`, `no_ktp`, `no_telp`, `tipe_member`, `no_member`, `tgl_aktivasi`, `tgl_berakhir`, `pelatih`, `harga`) VALUES (NULL, NULL, NULL, NULL, NULL, NULL, NULL, NULL, NULL, NULL, NULL, NULL, NULL, \'250.000\')', 0)
 2 SYSTEMPATH\Database\BaseConnection.php(692): CodeIgniter\Database\MySQLi\Connection->execute('REPLACE INTO `registrasi` (`id_registrasi`, `nama`, `alamat`, `tempat_lahir`, `tanggal_lahir`, `usia`, `no_ktp`, `no_telp`, `tipe_member`, `no_member`, `tgl_aktivasi`, `tgl_berakhir`, `pelatih`, `harga`) VALUES (NULL, NULL, NULL, NULL, NULL, NULL, NULL, NULL, NULL, NULL, NULL, NULL, NULL, \'250.000\')')
 3 SYSTEMPATH\Database\BaseConnection.php(606): CodeIgniter\Database\BaseConnection->simpleQuery('REPLACE INTO `registrasi` (`id_registrasi`, `nama`, `alamat`, `tempat_lahir`, `tanggal_lahir`, `usia`, `no_ktp`, `no_telp`, `tipe_member`, `no_member`, `tgl_aktivasi`, `tgl_berakhir`, `pelatih`, `harga`) VALUES (NULL, NULL, NULL, NULL, NULL, NULL, NULL, NULL, NULL, NULL, NULL, NULL, NULL, \'250.000\')')
 4 SYSTEMPATH\Database\BaseBuilder.php(2397): CodeIgniter\Database\BaseConnection->query('REPLACE INTO `registrasi` (`id_registrasi`, `nama`, `alamat`, `tempat_lahir`, `tanggal_lahir`, `usia`, `no_ktp`, `no_telp`, `tipe_member`, `no_member`, `tgl_aktivasi`, `tgl_berakhir`, `pelatih`, `harga`) VALUES (:id_registrasi:, :nama:, :alamat:, :tempat_lahir:, :tanggal_lahir:, :usia:, :no_ktp:, :no_telp:, :tipe_member:, :no_member:, :tgl_aktivasi:, :tgl_berakhir:, :pelatih:, :harga:)', [...], false)
 5 SYSTEMPATH\Model.php(494): CodeIgniter\Database\BaseBuilder->replace([...])
 6 SYSTEMPATH\BaseModel.php(1140): CodeIgniter\Model->doReplace([...], false)
 7 APPPATH\Controllers\Registrasi.php(92): CodeIgniter\BaseModel->replace([...])
 8 SYSTEMPATH\CodeIgniter.php(934): App\Controllers\Registrasi->update()
 9 SYSTEMPATH\CodeIgniter.php(499): CodeIgniter\CodeIgniter->runController(Object(App\Controllers\Registrasi))
10 SYSTEMPATH\CodeIgniter.php(368): CodeIgniter\CodeIgniter->handleRequest(null, Object(Config\Cache), false)
11 FCPATH\index.php(67): CodeIgniter\CodeIgniter->run()
12 SYSTEMPATH\Commands\Server\rewrite.php(47): require_once('C:\\xampp\\htdocs\\web_deperkasa\\public\\index.php')
ERROR - 2023-08-21 14:10:01 --> mysqli_sql_exception: Column 'nama' cannot be null in C:\xampp\htdocs\web_deperkasa\system\Database\MySQLi\Connection.php:295
Stack trace:
#0 C:\xampp\htdocs\web_deperkasa\system\Database\MySQLi\Connection.php(295): mysqli->query('REPLACE INTO `r...', 0)
#1 C:\xampp\htdocs\web_deperkasa\system\Database\BaseConnection.php(692): CodeIgniter\Database\MySQLi\Connection->execute('REPLACE INTO `r...')
#2 C:\xampp\htdocs\web_deperkasa\system\Database\BaseConnection.php(606): CodeIgniter\Database\BaseConnection->simpleQuery('REPLACE INTO `r...')
#3 C:\xampp\htdocs\web_deperkasa\system\Database\BaseBuilder.php(2397): CodeIgniter\Database\BaseConnection->query('REPLACE INTO `r...', Array, false)
#4 C:\xampp\htdocs\web_deperkasa\system\Model.php(494): CodeIgniter\Database\BaseBuilder->replace(Array)
#5 C:\xampp\htdocs\web_deperkasa\system\BaseModel.php(1140): CodeIgniter\Model->doReplace(Array, false)
#6 C:\xampp\htdocs\web_deperkasa\app\Controllers\Registrasi.php(91): CodeIgniter\BaseModel->replace(Array)
#7 C:\xampp\htdocs\web_deperkasa\system\CodeIgniter.php(934): App\Controllers\Registrasi->update()
#8 C:\xampp\htdocs\web_deperkasa\system\CodeIgniter.php(499): CodeIgniter\CodeIgniter->runController(Object(App\Controllers\Registrasi))
#9 C:\xampp\htdocs\web_deperkasa\system\CodeIgniter.php(368): CodeIgniter\CodeIgniter->handleRequest(NULL, Object(Config\Cache), false)
#10 C:\xampp\htdocs\web_deperkasa\public\index.php(67): CodeIgniter\CodeIgniter->run()
#11 C:\xampp\htdocs\web_deperkasa\system\Commands\Server\rewrite.php(47): require_once('C:\\xampp\\htdocs...')
#12 {main}
CRITICAL - 2023-08-21 14:10:01 --> Column 'nama' cannot be null
in SYSTEMPATH\Database\MySQLi\Connection.php on line 295.
 1 SYSTEMPATH\Database\MySQLi\Connection.php(295): mysqli->query('REPLACE INTO `registrasi` (`id_registrasi`, `nama`, `alamat`, `tempat_lahir`, `tanggal_lahir`, `usia`, `no_ktp`, `no_telp`, `tipe_member`, `no_member`, `tgl_aktivasi`, `tgl_berakhir`, `pelatih`, `harga`) VALUES (NULL, NULL, NULL, NULL, NULL, NULL, NULL, NULL, NULL, NULL, NULL, NULL, NULL, \'250.000\')', 0)
 2 SYSTEMPATH\Database\BaseConnection.php(692): CodeIgniter\Database\MySQLi\Connection->execute('REPLACE INTO `registrasi` (`id_registrasi`, `nama`, `alamat`, `tempat_lahir`, `tanggal_lahir`, `usia`, `no_ktp`, `no_telp`, `tipe_member`, `no_member`, `tgl_aktivasi`, `tgl_berakhir`, `pelatih`, `harga`) VALUES (NULL, NULL, NULL, NULL, NULL, NULL, NULL, NULL, NULL, NULL, NULL, NULL, NULL, \'250.000\')')
 3 SYSTEMPATH\Database\BaseConnection.php(606): CodeIgniter\Database\BaseConnection->simpleQuery('REPLACE INTO `registrasi` (`id_registrasi`, `nama`, `alamat`, `tempat_lahir`, `tanggal_lahir`, `usia`, `no_ktp`, `no_telp`, `tipe_member`, `no_member`, `tgl_aktivasi`, `tgl_berakhir`, `pelatih`, `harga`) VALUES (NULL, NULL, NULL, NULL, NULL, NULL, NULL, NULL, NULL, NULL, NULL, NULL, NULL, \'250.000\')')
 4 SYSTEMPATH\Database\BaseBuilder.php(2397): CodeIgniter\Database\BaseConnection->query('REPLACE INTO `registrasi` (`id_registrasi`, `nama`, `alamat`, `tempat_lahir`, `tanggal_lahir`, `usia`, `no_ktp`, `no_telp`, `tipe_member`, `no_member`, `tgl_aktivasi`, `tgl_berakhir`, `pelatih`, `harga`) VALUES (:id_registrasi:, :nama:, :alamat:, :tempat_lahir:, :tanggal_lahir:, :usia:, :no_ktp:, :no_telp:, :tipe_member:, :no_member:, :tgl_aktivasi:, :tgl_berakhir:, :pelatih:, :harga:)', [...], false)
 5 SYSTEMPATH\Model.php(494): CodeIgniter\Database\BaseBuilder->replace([...])
 6 SYSTEMPATH\BaseModel.php(1140): CodeIgniter\Model->doReplace([...], false)
 7 APPPATH\Controllers\Registrasi.php(91): CodeIgniter\BaseModel->replace([...])
 8 SYSTEMPATH\CodeIgniter.php(934): App\Controllers\Registrasi->update()
 9 SYSTEMPATH\CodeIgniter.php(499): CodeIgniter\CodeIgniter->runController(Object(App\Controllers\Registrasi))
10 SYSTEMPATH\CodeIgniter.php(368): CodeIgniter\CodeIgniter->handleRequest(null, Object(Config\Cache), false)
11 FCPATH\index.php(67): CodeIgniter\CodeIgniter->run()
12 SYSTEMPATH\Commands\Server\rewrite.php(47): require_once('C:\\xampp\\htdocs\\web_deperkasa\\public\\index.php')
ERROR - 2023-08-21 14:12:05 --> mysqli_sql_exception: Column 'nama' cannot be null in C:\xampp\htdocs\web_deperkasa\system\Database\MySQLi\Connection.php:295
Stack trace:
#0 C:\xampp\htdocs\web_deperkasa\system\Database\MySQLi\Connection.php(295): mysqli->query('REPLACE INTO `r...', 0)
#1 C:\xampp\htdocs\web_deperkasa\system\Database\BaseConnection.php(692): CodeIgniter\Database\MySQLi\Connection->execute('REPLACE INTO `r...')
#2 C:\xampp\htdocs\web_deperkasa\system\Database\BaseConnection.php(606): CodeIgniter\Database\BaseConnection->simpleQuery('REPLACE INTO `r...')
#3 C:\xampp\htdocs\web_deperkasa\system\Database\BaseBuilder.php(2397): CodeIgniter\Database\BaseConnection->query('REPLACE INTO `r...', Array, false)
#4 C:\xampp\htdocs\web_deperkasa\system\Model.php(494): CodeIgniter\Database\BaseBuilder->replace(Array)
#5 C:\xampp\htdocs\web_deperkasa\system\BaseModel.php(1140): CodeIgniter\Model->doReplace(Array, false)
#6 C:\xampp\htdocs\web_deperkasa\app\Controllers\Registrasi.php(91): CodeIgniter\BaseModel->replace(Array)
#7 C:\xampp\htdocs\web_deperkasa\system\CodeIgniter.php(934): App\Controllers\Registrasi->update()
#8 C:\xampp\htdocs\web_deperkasa\system\CodeIgniter.php(499): CodeIgniter\CodeIgniter->runController(Object(App\Controllers\Registrasi))
#9 C:\xampp\htdocs\web_deperkasa\system\CodeIgniter.php(368): CodeIgniter\CodeIgniter->handleRequest(NULL, Object(Config\Cache), false)
#10 C:\xampp\htdocs\web_deperkasa\public\index.php(67): CodeIgniter\CodeIgniter->run()
#11 C:\xampp\htdocs\web_deperkasa\system\Commands\Server\rewrite.php(47): require_once('C:\\xampp\\htdocs...')
#12 {main}
CRITICAL - 2023-08-21 14:12:05 --> Column 'nama' cannot be null
in SYSTEMPATH\Database\MySQLi\Connection.php on line 295.
 1 SYSTEMPATH\Database\MySQLi\Connection.php(295): mysqli->query('REPLACE INTO `registrasi` (`id_registrasi`, `nama`, `alamat`, `tempat_lahir`, `tanggal_lahir`, `usia`, `no_ktp`, `no_telp`, `tipe_member`, `no_member`, `tgl_aktivasi`, `tgl_berakhir`, `pelatih`, `harga`) VALUES (NULL, NULL, NULL, NULL, NULL, NULL, NULL, NULL, NULL, NULL, NULL, NULL, NULL, \'250.000\')', 0)
 2 SYSTEMPATH\Database\BaseConnection.php(692): CodeIgniter\Database\MySQLi\Connection->execute('REPLACE INTO `registrasi` (`id_registrasi`, `nama`, `alamat`, `tempat_lahir`, `tanggal_lahir`, `usia`, `no_ktp`, `no_telp`, `tipe_member`, `no_member`, `tgl_aktivasi`, `tgl_berakhir`, `pelatih`, `harga`) VALUES (NULL, NULL, NULL, NULL, NULL, NULL, NULL, NULL, NULL, NULL, NULL, NULL, NULL, \'250.000\')')
 3 SYSTEMPATH\Database\BaseConnection.php(606): CodeIgniter\Database\BaseConnection->simpleQuery('REPLACE INTO `registrasi` (`id_registrasi`, `nama`, `alamat`, `tempat_lahir`, `tanggal_lahir`, `usia`, `no_ktp`, `no_telp`, `tipe_member`, `no_member`, `tgl_aktivasi`, `tgl_berakhir`, `pelatih`, `harga`) VALUES (NULL, NULL, NULL, NULL, NULL, NULL, NULL, NULL, NULL, NULL, NULL, NULL, NULL, \'250.000\')')
 4 SYSTEMPATH\Database\BaseBuilder.php(2397): CodeIgniter\Database\BaseConnection->query('REPLACE INTO `registrasi` (`id_registrasi`, `nama`, `alamat`, `tempat_lahir`, `tanggal_lahir`, `usia`, `no_ktp`, `no_telp`, `tipe_member`, `no_member`, `tgl_aktivasi`, `tgl_berakhir`, `pelatih`, `harga`) VALUES (:id_registrasi:, :nama:, :alamat:, :tempat_lahir:, :tanggal_lahir:, :usia:, :no_ktp:, :no_telp:, :tipe_member:, :no_member:, :tgl_aktivasi:, :tgl_berakhir:, :pelatih:, :harga:)', [...], false)
 5 SYSTEMPATH\Model.php(494): CodeIgniter\Database\BaseBuilder->replace([...])
 6 SYSTEMPATH\BaseModel.php(1140): CodeIgniter\Model->doReplace([...], false)
 7 APPPATH\Controllers\Registrasi.php(91): CodeIgniter\BaseModel->replace([...])
 8 SYSTEMPATH\CodeIgniter.php(934): App\Controllers\Registrasi->update()
 9 SYSTEMPATH\CodeIgniter.php(499): CodeIgniter\CodeIgniter->runController(Object(App\Controllers\Registrasi))
10 SYSTEMPATH\CodeIgniter.php(368): CodeIgniter\CodeIgniter->handleRequest(null, Object(Config\Cache), false)
11 FCPATH\index.php(67): CodeIgniter\CodeIgniter->run()
12 SYSTEMPATH\Commands\Server\rewrite.php(47): require_once('C:\\xampp\\htdocs\\web_deperkasa\\public\\index.php')
ERROR - 2023-08-21 14:12:18 --> mysqli_sql_exception: Column 'nama' cannot be null in C:\xampp\htdocs\web_deperkasa\system\Database\MySQLi\Connection.php:295
Stack trace:
#0 C:\xampp\htdocs\web_deperkasa\system\Database\MySQLi\Connection.php(295): mysqli->query('REPLACE INTO `r...', 0)
#1 C:\xampp\htdocs\web_deperkasa\system\Database\BaseConnection.php(692): CodeIgniter\Database\MySQLi\Connection->execute('REPLACE INTO `r...')
#2 C:\xampp\htdocs\web_deperkasa\system\Database\BaseConnection.php(606): CodeIgniter\Database\BaseConnection->simpleQuery('REPLACE INTO `r...')
#3 C:\xampp\htdocs\web_deperkasa\system\Database\BaseBuilder.php(2397): CodeIgniter\Database\BaseConnection->query('REPLACE INTO `r...', Array, false)
#4 C:\xampp\htdocs\web_deperkasa\system\Model.php(494): CodeIgniter\Database\BaseBuilder->replace(Array)
#5 C:\xampp\htdocs\web_deperkasa\system\BaseModel.php(1140): CodeIgniter\Model->doReplace(Array, false)
#6 C:\xampp\htdocs\web_deperkasa\app\Controllers\Registrasi.php(91): CodeIgniter\BaseModel->replace(Array)
#7 C:\xampp\htdocs\web_deperkasa\system\CodeIgniter.php(934): App\Controllers\Registrasi->update()
#8 C:\xampp\htdocs\web_deperkasa\system\CodeIgniter.php(499): CodeIgniter\CodeIgniter->runController(Object(App\Controllers\Registrasi))
#9 C:\xampp\htdocs\web_deperkasa\system\CodeIgniter.php(368): CodeIgniter\CodeIgniter->handleRequest(NULL, Object(Config\Cache), false)
#10 C:\xampp\htdocs\web_deperkasa\public\index.php(67): CodeIgniter\CodeIgniter->run()
#11 C:\xampp\htdocs\web_deperkasa\system\Commands\Server\rewrite.php(47): require_once('C:\\xampp\\htdocs...')
#12 {main}
CRITICAL - 2023-08-21 14:12:18 --> Column 'nama' cannot be null
in SYSTEMPATH\Database\MySQLi\Connection.php on line 295.
 1 SYSTEMPATH\Database\MySQLi\Connection.php(295): mysqli->query('REPLACE INTO `registrasi` (`id_registrasi`, `nama`, `alamat`, `tempat_lahir`, `tanggal_lahir`, `usia`, `no_ktp`, `no_telp`, `tipe_member`, `no_member`, `tgl_aktivasi`, `tgl_berakhir`, `pelatih`, `harga`) VALUES (\'6\', NULL, NULL, NULL, NULL, NULL, NULL, NULL, NULL, NULL, NULL, NULL, NULL, \'250.000\')', 0)
 2 SYSTEMPATH\Database\BaseConnection.php(692): CodeIgniter\Database\MySQLi\Connection->execute('REPLACE INTO `registrasi` (`id_registrasi`, `nama`, `alamat`, `tempat_lahir`, `tanggal_lahir`, `usia`, `no_ktp`, `no_telp`, `tipe_member`, `no_member`, `tgl_aktivasi`, `tgl_berakhir`, `pelatih`, `harga`) VALUES (\'6\', NULL, NULL, NULL, NULL, NULL, NULL, NULL, NULL, NULL, NULL, NULL, NULL, \'250.000\')')
 3 SYSTEMPATH\Database\BaseConnection.php(606): CodeIgniter\Database\BaseConnection->simpleQuery('REPLACE INTO `registrasi` (`id_registrasi`, `nama`, `alamat`, `tempat_lahir`, `tanggal_lahir`, `usia`, `no_ktp`, `no_telp`, `tipe_member`, `no_member`, `tgl_aktivasi`, `tgl_berakhir`, `pelatih`, `harga`) VALUES (\'6\', NULL, NULL, NULL, NULL, NULL, NULL, NULL, NULL, NULL, NULL, NULL, NULL, \'250.000\')')
 4 SYSTEMPATH\Database\BaseBuilder.php(2397): CodeIgniter\Database\BaseConnection->query('REPLACE INTO `registrasi` (`id_registrasi`, `nama`, `alamat`, `tempat_lahir`, `tanggal_lahir`, `usia`, `no_ktp`, `no_telp`, `tipe_member`, `no_member`, `tgl_aktivasi`, `tgl_berakhir`, `pelatih`, `harga`) VALUES (:id_registrasi:, :nama:, :alamat:, :tempat_lahir:, :tanggal_lahir:, :usia:, :no_ktp:, :no_telp:, :tipe_member:, :no_member:, :tgl_aktivasi:, :tgl_berakhir:, :pelatih:, :harga:)', [...], false)
 5 SYSTEMPATH\Model.php(494): CodeIgniter\Database\BaseBuilder->replace([...])
 6 SYSTEMPATH\BaseModel.php(1140): CodeIgniter\Model->doReplace([...], false)
 7 APPPATH\Controllers\Registrasi.php(91): CodeIgniter\BaseModel->replace([...])
 8 SYSTEMPATH\CodeIgniter.php(934): App\Controllers\Registrasi->update()
 9 SYSTEMPATH\CodeIgniter.php(499): CodeIgniter\CodeIgniter->runController(Object(App\Controllers\Registrasi))
10 SYSTEMPATH\CodeIgniter.php(368): CodeIgniter\CodeIgniter->handleRequest(null, Object(Config\Cache), false)
11 FCPATH\index.php(67): CodeIgniter\CodeIgniter->run()
12 SYSTEMPATH\Commands\Server\rewrite.php(47): require_once('C:\\xampp\\htdocs\\web_deperkasa\\public\\index.php')
ERROR - 2023-08-21 14:12:22 --> mysqli_sql_exception: Column 'nama' cannot be null in C:\xampp\htdocs\web_deperkasa\system\Database\MySQLi\Connection.php:295
Stack trace:
#0 C:\xampp\htdocs\web_deperkasa\system\Database\MySQLi\Connection.php(295): mysqli->query('REPLACE INTO `r...', 0)
#1 C:\xampp\htdocs\web_deperkasa\system\Database\BaseConnection.php(692): CodeIgniter\Database\MySQLi\Connection->execute('REPLACE INTO `r...')
#2 C:\xampp\htdocs\web_deperkasa\system\Database\BaseConnection.php(606): CodeIgniter\Database\BaseConnection->simpleQuery('REPLACE INTO `r...')
#3 C:\xampp\htdocs\web_deperkasa\system\Database\BaseBuilder.php(2397): CodeIgniter\Database\BaseConnection->query('REPLACE INTO `r...', Array, false)
#4 C:\xampp\htdocs\web_deperkasa\system\Model.php(494): CodeIgniter\Database\BaseBuilder->replace(Array)
#5 C:\xampp\htdocs\web_deperkasa\system\BaseModel.php(1140): CodeIgniter\Model->doReplace(Array, false)
#6 C:\xampp\htdocs\web_deperkasa\app\Controllers\Registrasi.php(91): CodeIgniter\BaseModel->replace(Array)
#7 C:\xampp\htdocs\web_deperkasa\system\CodeIgniter.php(934): App\Controllers\Registrasi->update()
#8 C:\xampp\htdocs\web_deperkasa\system\CodeIgniter.php(499): CodeIgniter\CodeIgniter->runController(Object(App\Controllers\Registrasi))
#9 C:\xampp\htdocs\web_deperkasa\system\CodeIgniter.php(368): CodeIgniter\CodeIgniter->handleRequest(NULL, Object(Config\Cache), false)
#10 C:\xampp\htdocs\web_deperkasa\public\index.php(67): CodeIgniter\CodeIgniter->run()
#11 C:\xampp\htdocs\web_deperkasa\system\Commands\Server\rewrite.php(47): require_once('C:\\xampp\\htdocs...')
#12 {main}
CRITICAL - 2023-08-21 14:12:22 --> Column 'nama' cannot be null
in SYSTEMPATH\Database\MySQLi\Connection.php on line 295.
 1 SYSTEMPATH\Database\MySQLi\Connection.php(295): mysqli->query('REPLACE INTO `registrasi` (`id_registrasi`, `nama`, `alamat`, `tempat_lahir`, `tanggal_lahir`, `usia`, `no_ktp`, `no_telp`, `tipe_member`, `no_member`, `tgl_aktivasi`, `tgl_berakhir`, `pelatih`, `harga`) VALUES (\'6\', NULL, NULL, NULL, NULL, NULL, NULL, NULL, NULL, NULL, NULL, NULL, NULL, \'250.000\')', 0)
 2 SYSTEMPATH\Database\BaseConnection.php(692): CodeIgniter\Database\MySQLi\Connection->execute('REPLACE INTO `registrasi` (`id_registrasi`, `nama`, `alamat`, `tempat_lahir`, `tanggal_lahir`, `usia`, `no_ktp`, `no_telp`, `tipe_member`, `no_member`, `tgl_aktivasi`, `tgl_berakhir`, `pelatih`, `harga`) VALUES (\'6\', NULL, NULL, NULL, NULL, NULL, NULL, NULL, NULL, NULL, NULL, NULL, NULL, \'250.000\')')
 3 SYSTEMPATH\Database\BaseConnection.php(606): CodeIgniter\Database\BaseConnection->simpleQuery('REPLACE INTO `registrasi` (`id_registrasi`, `nama`, `alamat`, `tempat_lahir`, `tanggal_lahir`, `usia`, `no_ktp`, `no_telp`, `tipe_member`, `no_member`, `tgl_aktivasi`, `tgl_berakhir`, `pelatih`, `harga`) VALUES (\'6\', NULL, NULL, NULL, NULL, NULL, NULL, NULL, NULL, NULL, NULL, NULL, NULL, \'250.000\')')
 4 SYSTEMPATH\Database\BaseBuilder.php(2397): CodeIgniter\Database\BaseConnection->query('REPLACE INTO `registrasi` (`id_registrasi`, `nama`, `alamat`, `tempat_lahir`, `tanggal_lahir`, `usia`, `no_ktp`, `no_telp`, `tipe_member`, `no_member`, `tgl_aktivasi`, `tgl_berakhir`, `pelatih`, `harga`) VALUES (:id_registrasi:, :nama:, :alamat:, :tempat_lahir:, :tanggal_lahir:, :usia:, :no_ktp:, :no_telp:, :tipe_member:, :no_member:, :tgl_aktivasi:, :tgl_berakhir:, :pelatih:, :harga:)', [...], false)
 5 SYSTEMPATH\Model.php(494): CodeIgniter\Database\BaseBuilder->replace([...])
 6 SYSTEMPATH\BaseModel.php(1140): CodeIgniter\Model->doReplace([...], false)
 7 APPPATH\Controllers\Registrasi.php(91): CodeIgniter\BaseModel->replace([...])
 8 SYSTEMPATH\CodeIgniter.php(934): App\Controllers\Registrasi->update()
 9 SYSTEMPATH\CodeIgniter.php(499): CodeIgniter\CodeIgniter->runController(Object(App\Controllers\Registrasi))
10 SYSTEMPATH\CodeIgniter.php(368): CodeIgniter\CodeIgniter->handleRequest(null, Object(Config\Cache), false)
11 FCPATH\index.php(67): CodeIgniter\CodeIgniter->run()
12 SYSTEMPATH\Commands\Server\rewrite.php(47): require_once('C:\\xampp\\htdocs\\web_deperkasa\\public\\index.php')
ERROR - 2023-08-21 14:17:22 --> mysqli_sql_exception: Column 'nama' cannot be null in C:\xampp\htdocs\web_deperkasa\system\Database\MySQLi\Connection.php:295
Stack trace:
#0 C:\xampp\htdocs\web_deperkasa\system\Database\MySQLi\Connection.php(295): mysqli->query('REPLACE INTO `r...', 0)
#1 C:\xampp\htdocs\web_deperkasa\system\Database\BaseConnection.php(692): CodeIgniter\Database\MySQLi\Connection->execute('REPLACE INTO `r...')
#2 C:\xampp\htdocs\web_deperkasa\system\Database\BaseConnection.php(606): CodeIgniter\Database\BaseConnection->simpleQuery('REPLACE INTO `r...')
#3 C:\xampp\htdocs\web_deperkasa\system\Database\BaseBuilder.php(2397): CodeIgniter\Database\BaseConnection->query('REPLACE INTO `r...', Array, false)
#4 C:\xampp\htdocs\web_deperkasa\system\Model.php(494): CodeIgniter\Database\BaseBuilder->replace(Array)
#5 C:\xampp\htdocs\web_deperkasa\system\BaseModel.php(1140): CodeIgniter\Model->doReplace(Array, false)
#6 C:\xampp\htdocs\web_deperkasa\app\Controllers\Registrasi.php(91): CodeIgniter\BaseModel->replace(Array)
#7 C:\xampp\htdocs\web_deperkasa\system\CodeIgniter.php(934): App\Controllers\Registrasi->update()
#8 C:\xampp\htdocs\web_deperkasa\system\CodeIgniter.php(499): CodeIgniter\CodeIgniter->runController(Object(App\Controllers\Registrasi))
#9 C:\xampp\htdocs\web_deperkasa\system\CodeIgniter.php(368): CodeIgniter\CodeIgniter->handleRequest(NULL, Object(Config\Cache), false)
#10 C:\xampp\htdocs\web_deperkasa\public\index.php(67): CodeIgniter\CodeIgniter->run()
#11 C:\xampp\htdocs\web_deperkasa\system\Commands\Server\rewrite.php(47): require_once('C:\\xampp\\htdocs...')
#12 {main}
CRITICAL - 2023-08-21 14:17:22 --> Column 'nama' cannot be null
in SYSTEMPATH\Database\MySQLi\Connection.php on line 295.
 1 SYSTEMPATH\Database\MySQLi\Connection.php(295): mysqli->query('REPLACE INTO `registrasi` (`id_registrasi`, `nama`, `alamat`, `tempat_lahir`, `tanggal_lahir`, `usia`, `no_ktp`, `no_telp`, `tipe_member`, `no_member`, `tgl_aktivasi`, `tgl_berakhir`, `pelatih`, `harga`) VALUES (\'6\', NULL, NULL, NULL, NULL, NULL, NULL, NULL, NULL, NULL, NULL, NULL, NULL, \'250.000\')', 0)
 2 SYSTEMPATH\Database\BaseConnection.php(692): CodeIgniter\Database\MySQLi\Connection->execute('REPLACE INTO `registrasi` (`id_registrasi`, `nama`, `alamat`, `tempat_lahir`, `tanggal_lahir`, `usia`, `no_ktp`, `no_telp`, `tipe_member`, `no_member`, `tgl_aktivasi`, `tgl_berakhir`, `pelatih`, `harga`) VALUES (\'6\', NULL, NULL, NULL, NULL, NULL, NULL, NULL, NULL, NULL, NULL, NULL, NULL, \'250.000\')')
 3 SYSTEMPATH\Database\BaseConnection.php(606): CodeIgniter\Database\BaseConnection->simpleQuery('REPLACE INTO `registrasi` (`id_registrasi`, `nama`, `alamat`, `tempat_lahir`, `tanggal_lahir`, `usia`, `no_ktp`, `no_telp`, `tipe_member`, `no_member`, `tgl_aktivasi`, `tgl_berakhir`, `pelatih`, `harga`) VALUES (\'6\', NULL, NULL, NULL, NULL, NULL, NULL, NULL, NULL, NULL, NULL, NULL, NULL, \'250.000\')')
 4 SYSTEMPATH\Database\BaseBuilder.php(2397): CodeIgniter\Database\BaseConnection->query('REPLACE INTO `registrasi` (`id_registrasi`, `nama`, `alamat`, `tempat_lahir`, `tanggal_lahir`, `usia`, `no_ktp`, `no_telp`, `tipe_member`, `no_member`, `tgl_aktivasi`, `tgl_berakhir`, `pelatih`, `harga`) VALUES (:id_registrasi:, :nama:, :alamat:, :tempat_lahir:, :tanggal_lahir:, :usia:, :no_ktp:, :no_telp:, :tipe_member:, :no_member:, :tgl_aktivasi:, :tgl_berakhir:, :pelatih:, :harga:)', [...], false)
 5 SYSTEMPATH\Model.php(494): CodeIgniter\Database\BaseBuilder->replace([...])
 6 SYSTEMPATH\BaseModel.php(1140): CodeIgniter\Model->doReplace([...], false)
 7 APPPATH\Controllers\Registrasi.php(91): CodeIgniter\BaseModel->replace([...])
 8 SYSTEMPATH\CodeIgniter.php(934): App\Controllers\Registrasi->update()
 9 SYSTEMPATH\CodeIgniter.php(499): CodeIgniter\CodeIgniter->runController(Object(App\Controllers\Registrasi))
10 SYSTEMPATH\CodeIgniter.php(368): CodeIgniter\CodeIgniter->handleRequest(null, Object(Config\Cache), false)
11 FCPATH\index.php(67): CodeIgniter\CodeIgniter->run()
12 SYSTEMPATH\Commands\Server\rewrite.php(47): require_once('C:\\xampp\\htdocs\\web_deperkasa\\public\\index.php')
INFO - 2023-08-21 14:17:39 --> Session: Class initialized using 'CodeIgniter\Session\Handlers\FileHandler' driver.
CRITICAL - 2023-08-21 15:25:34 --> Undefined variable: minuman
in APPPATH\Views\dataminuman.php on line 99.
 1 APPPATH\Views\dataminuman.php(99): CodeIgniter\Debug\Exceptions->errorHandler(8, 'Undefined variable: minuman', 'C:\\xampp\\htdocs\\web_deperkasa\\app\\Views\\dataminuman.php', 99, [...])
 2 SYSTEMPATH\View\View.php(213): include('C:\\xampp\\htdocs\\web_deperkasa\\app\\Views\\dataminuman.php')
 3 SYSTEMPATH\View\View.php(216): CodeIgniter\View\View->CodeIgniter\View\{closure}()
 4 SYSTEMPATH\Common.php(1184): CodeIgniter\View\View->render('dataminuman', [], true)
 5 APPPATH\Controllers\Minuman.php(24): view('dataminuman')
 6 SYSTEMPATH\CodeIgniter.php(934): App\Controllers\Minuman->add()
 7 SYSTEMPATH\CodeIgniter.php(499): CodeIgniter\CodeIgniter->runController(Object(App\Controllers\Minuman))
 8 SYSTEMPATH\CodeIgniter.php(368): CodeIgniter\CodeIgniter->handleRequest(null, Object(Config\Cache), false)
 9 FCPATH\index.php(67): CodeIgniter\CodeIgniter->run()
10 SYSTEMPATH\Commands\Server\rewrite.php(47): require_once('C:\\xampp\\htdocs\\web_deperkasa\\public\\index.php')
CRITICAL - 2023-08-21 15:27:49 --> Undefined variable: minuman
in APPPATH\Views\dataminuman.php on line 99.
 1 APPPATH\Views\dataminuman.php(99): CodeIgniter\Debug\Exceptions->errorHandler(8, 'Undefined variable: minuman', 'C:\\xampp\\htdocs\\web_deperkasa\\app\\Views\\dataminuman.php', 99, [...])
 2 SYSTEMPATH\View\View.php(213): include('C:\\xampp\\htdocs\\web_deperkasa\\app\\Views\\dataminuman.php')
 3 SYSTEMPATH\View\View.php(216): CodeIgniter\View\View->CodeIgniter\View\{closure}()
 4 SYSTEMPATH\Common.php(1184): CodeIgniter\View\View->render('dataminuman', [], true)
 5 APPPATH\Controllers\Minuman.php(24): view('dataminuman')
 6 SYSTEMPATH\CodeIgniter.php(934): App\Controllers\Minuman->add()
 7 SYSTEMPATH\CodeIgniter.php(499): CodeIgniter\CodeIgniter->runController(Object(App\Controllers\Minuman))
 8 SYSTEMPATH\CodeIgniter.php(368): CodeIgniter\CodeIgniter->handleRequest(null, Object(Config\Cache), false)
 9 FCPATH\index.php(67): CodeIgniter\CodeIgniter->run()
10 SYSTEMPATH\Commands\Server\rewrite.php(47): require_once('C:\\xampp\\htdocs\\web_deperkasa\\public\\index.php')
CRITICAL - 2023-08-21 15:28:09 --> Undefined variable: minuman
in APPPATH\Views\dataminuman.php on line 99.
 1 APPPATH\Views\dataminuman.php(99): CodeIgniter\Debug\Exceptions->errorHandler(8, 'Undefined variable: minuman', 'C:\\xampp\\htdocs\\web_deperkasa\\app\\Views\\dataminuman.php', 99, [...])
 2 SYSTEMPATH\View\View.php(213): include('C:\\xampp\\htdocs\\web_deperkasa\\app\\Views\\dataminuman.php')
 3 SYSTEMPATH\View\View.php(216): CodeIgniter\View\View->CodeIgniter\View\{closure}()
 4 SYSTEMPATH\Common.php(1184): CodeIgniter\View\View->render('dataminuman', [], true)
 5 APPPATH\Controllers\Minuman.php(24): view('dataminuman')
 6 SYSTEMPATH\CodeIgniter.php(934): App\Controllers\Minuman->add()
 7 SYSTEMPATH\CodeIgniter.php(499): CodeIgniter\CodeIgniter->runController(Object(App\Controllers\Minuman))
 8 SYSTEMPATH\CodeIgniter.php(368): CodeIgniter\CodeIgniter->handleRequest(null, Object(Config\Cache), false)
 9 FCPATH\index.php(67): CodeIgniter\CodeIgniter->run()
10 SYSTEMPATH\Commands\Server\rewrite.php(47): require_once('C:\\xampp\\htdocs\\web_deperkasa\\public\\index.php')
CRITICAL - 2023-08-21 15:29:22 --> Undefined variable: minuman
in APPPATH\Views\dataminuman.php on line 99.
 1 APPPATH\Views\dataminuman.php(99): CodeIgniter\Debug\Exceptions->errorHandler(8, 'Undefined variable: minuman', 'C:\\xampp\\htdocs\\web_deperkasa\\app\\Views\\dataminuman.php', 99, [...])
 2 SYSTEMPATH\View\View.php(213): include('C:\\xampp\\htdocs\\web_deperkasa\\app\\Views\\dataminuman.php')
 3 SYSTEMPATH\View\View.php(216): CodeIgniter\View\View->CodeIgniter\View\{closure}()
 4 SYSTEMPATH\Common.php(1184): CodeIgniter\View\View->render('dataminuman', [], true)
 5 APPPATH\Controllers\Minuman.php(24): view('dataminuman')
 6 SYSTEMPATH\CodeIgniter.php(934): App\Controllers\Minuman->add()
 7 SYSTEMPATH\CodeIgniter.php(499): CodeIgniter\CodeIgniter->runController(Object(App\Controllers\Minuman))
 8 SYSTEMPATH\CodeIgniter.php(368): CodeIgniter\CodeIgniter->handleRequest(null, Object(Config\Cache), false)
 9 FCPATH\index.php(67): CodeIgniter\CodeIgniter->run()
10 SYSTEMPATH\Commands\Server\rewrite.php(47): require_once('C:\\xampp\\htdocs\\web_deperkasa\\public\\index.php')
INFO - 2023-08-21 15:29:37 --> Session: Class initialized using 'CodeIgniter\Session\Handlers\FileHandler' driver.
INFO - 2023-08-21 15:29:46 --> Session: Class initialized using 'CodeIgniter\Session\Handlers\FileHandler' driver.
CRITICAL - 2023-08-21 15:29:49 --> Undefined variable: minuman
in APPPATH\Views\dataminuman.php on line 99.
 1 APPPATH\Views\dataminuman.php(99): CodeIgniter\Debug\Exceptions->errorHandler(8, 'Undefined variable: minuman', 'C:\\xampp\\htdocs\\web_deperkasa\\app\\Views\\dataminuman.php', 99, [...])
 2 SYSTEMPATH\View\View.php(213): include('C:\\xampp\\htdocs\\web_deperkasa\\app\\Views\\dataminuman.php')
 3 SYSTEMPATH\View\View.php(216): CodeIgniter\View\View->CodeIgniter\View\{closure}()
 4 SYSTEMPATH\Common.php(1184): CodeIgniter\View\View->render('dataminuman', [], true)
 5 APPPATH\Controllers\Minuman.php(24): view('dataminuman')
 6 SYSTEMPATH\CodeIgniter.php(934): App\Controllers\Minuman->add()
 7 SYSTEMPATH\CodeIgniter.php(499): CodeIgniter\CodeIgniter->runController(Object(App\Controllers\Minuman))
 8 SYSTEMPATH\CodeIgniter.php(368): CodeIgniter\CodeIgniter->handleRequest(null, Object(Config\Cache), false)
 9 FCPATH\index.php(67): CodeIgniter\CodeIgniter->run()
10 SYSTEMPATH\Commands\Server\rewrite.php(47): require_once('C:\\xampp\\htdocs\\web_deperkasa\\public\\index.php')
CRITICAL - 2023-08-21 15:30:59 --> Undefined variable: minuman
in APPPATH\Views\dataminuman.php on line 99.
 1 APPPATH\Views\dataminuman.php(99): CodeIgniter\Debug\Exceptions->errorHandler(8, 'Undefined variable: minuman', 'C:\\xampp\\htdocs\\web_deperkasa\\app\\Views\\dataminuman.php', 99, [...])
 2 SYSTEMPATH\View\View.php(213): include('C:\\xampp\\htdocs\\web_deperkasa\\app\\Views\\dataminuman.php')
 3 SYSTEMPATH\View\View.php(216): CodeIgniter\View\View->CodeIgniter\View\{closure}()
 4 SYSTEMPATH\Common.php(1184): CodeIgniter\View\View->render('dataminuman', [], true)
 5 APPPATH\Controllers\Minuman.php(24): view('dataminuman')
 6 SYSTEMPATH\CodeIgniter.php(934): App\Controllers\Minuman->add()
 7 SYSTEMPATH\CodeIgniter.php(499): CodeIgniter\CodeIgniter->runController(Object(App\Controllers\Minuman))
 8 SYSTEMPATH\CodeIgniter.php(368): CodeIgniter\CodeIgniter->handleRequest(null, Object(Config\Cache), false)
 9 FCPATH\index.php(67): CodeIgniter\CodeIgniter->run()
10 SYSTEMPATH\Commands\Server\rewrite.php(47): require_once('C:\\xampp\\htdocs\\web_deperkasa\\public\\index.php')
INFO - 2023-08-21 15:34:57 --> Session: Class initialized using 'CodeIgniter\Session\Handlers\FileHandler' driver.
INFO - 2023-08-21 15:35:12 --> Session: Class initialized using 'CodeIgniter\Session\Handlers\FileHandler' driver.
CRITICAL - 2023-08-21 16:24:00 --> Undefined variable: minuman
in APPPATH\Views\dataminuman.php on line 99.
 1 APPPATH\Views\dataminuman.php(99): CodeIgniter\Debug\Exceptions->errorHandler(8, 'Undefined variable: minuman', 'C:\\xampp\\htdocs\\web_deperkasa\\app\\Views\\dataminuman.php', 99, [...])
 2 SYSTEMPATH\View\View.php(213): include('C:\\xampp\\htdocs\\web_deperkasa\\app\\Views\\dataminuman.php')
 3 SYSTEMPATH\View\View.php(216): CodeIgniter\View\View->CodeIgniter\View\{closure}()
 4 SYSTEMPATH\Common.php(1184): CodeIgniter\View\View->render('dataminuman', [], true)
 5 APPPATH\Controllers\Minuman.php(24): view('dataminuman')
 6 SYSTEMPATH\CodeIgniter.php(934): App\Controllers\Minuman->add()
 7 SYSTEMPATH\CodeIgniter.php(499): CodeIgniter\CodeIgniter->runController(Object(App\Controllers\Minuman))
 8 SYSTEMPATH\CodeIgniter.php(368): CodeIgniter\CodeIgniter->handleRequest(null, Object(Config\Cache), false)
 9 FCPATH\index.php(67): CodeIgniter\CodeIgniter->run()
10 SYSTEMPATH\Commands\Server\rewrite.php(47): require_once('C:\\xampp\\htdocs\\web_deperkasa\\public\\index.php')
INFO - 2023-08-21 16:28:13 --> Session: Class initialized using 'CodeIgniter\Session\Handlers\FileHandler' driver.
INFO - 2023-08-21 16:33:47 --> Session: Class initialized using 'CodeIgniter\Session\Handlers\FileHandler' driver.
CRITICAL - 2023-08-21 16:33:50 --> Undefined variable: minuman
in APPPATH\Views\dataminuman.php on line 99.
 1 APPPATH\Views\dataminuman.php(99): CodeIgniter\Debug\Exceptions->errorHandler(8, 'Undefined variable: minuman', 'C:\\xampp\\htdocs\\web_deperkasa\\app\\Views\\dataminuman.php', 99, [...])
 2 SYSTEMPATH\View\View.php(213): include('C:\\xampp\\htdocs\\web_deperkasa\\app\\Views\\dataminuman.php')
 3 SYSTEMPATH\View\View.php(216): CodeIgniter\View\View->CodeIgniter\View\{closure}()
 4 SYSTEMPATH\Common.php(1184): CodeIgniter\View\View->render('dataminuman', [], true)
 5 APPPATH\Controllers\Minuman.php(24): view('dataminuman')
 6 SYSTEMPATH\CodeIgniter.php(934): App\Controllers\Minuman->add()
 7 SYSTEMPATH\CodeIgniter.php(499): CodeIgniter\CodeIgniter->runController(Object(App\Controllers\Minuman))
 8 SYSTEMPATH\CodeIgniter.php(368): CodeIgniter\CodeIgniter->handleRequest(null, Object(Config\Cache), false)
 9 FCPATH\index.php(67): CodeIgniter\CodeIgniter->run()
10 SYSTEMPATH\Commands\Server\rewrite.php(47): require_once('C:\\xampp\\htdocs\\web_deperkasa\\public\\index.php')
INFO - 2023-08-21 16:34:16 --> Session: Class initialized using 'CodeIgniter\Session\Handlers\FileHandler' driver.
